
*** Running vivado
    with args -log sys_control_unit.vdi -applog -m64 -product Vivado -messageDb vivado.pb -mode batch -source sys_control_unit.tcl -notrace


****** Vivado v2019.2 (64-bit)
  **** SW Build 2708876 on Wed Nov  6 21:39:14 MST 2019
  **** IP Build 2700528 on Thu Nov  7 00:09:20 MST 2019
    ** Copyright 1986-2019 Xilinx, Inc. All Rights Reserved.

source sys_control_unit.tcl -notrace
Command: link_design -top sys_control_unit -part xczu7ev-ffvc1156-2-e
Design is defaulting to srcset: sources_1
Design is defaulting to constrset: constrs_1
INFO: [Device 21-403] Loading part xczu7ev-ffvc1156-2-e
Netlist sorting complete. Time (s): cpu = 00:00:00 ; elapsed = 00:00:00 . Memory (MB): peak = 2507.391 ; gain = 0.000 ; free physical = 3968 ; free virtual = 147189
INFO: [Netlist 29-17] Analyzing 12 Unisim elements for replacement
INFO: [Netlist 29-28] Unisim Transformation completed in 0 CPU seconds
INFO: [Project 1-479] Netlist was created with Vivado 2019.2
INFO: [Project 1-570] Preparing netlist for logic optimization
Parsing XDC File [/home/s1820419/LDPC_MinorResearch/GeneratedDecoders/204.33.486/RTL/BSP/DecodingProcessControl/vivado/fsm_communication/fsm_communication.srcs/constrs_1/imports/zcu104_kit/zcu104_Rev1.0_U1_01302018.xdc]
WARNING: [Vivado 12-584] No ports matched 'UART2_TXD_FPGA_RXD'. [/home/s1820419/LDPC_MinorResearch/GeneratedDecoders/204.33.486/RTL/BSP/DecodingProcessControl/vivado/fsm_communication/fsm_communication.srcs/constrs_1/imports/zcu104_kit/zcu104_Rev1.0_U1_01302018.xdc:30]
CRITICAL WARNING: [Common 17-55] 'set_property' expects at least one object. [/home/s1820419/LDPC_MinorResearch/GeneratedDecoders/204.33.486/RTL/BSP/DecodingProcessControl/vivado/fsm_communication/fsm_communication.srcs/constrs_1/imports/zcu104_kit/zcu104_Rev1.0_U1_01302018.xdc:30]
Resolution: If [get_<value>] was used to populate the object, check to make sure this command returns at least one valid object.
WARNING: [Vivado 12-584] No ports matched 'UART2_TXD_FPGA_RXD'. [/home/s1820419/LDPC_MinorResearch/GeneratedDecoders/204.33.486/RTL/BSP/DecodingProcessControl/vivado/fsm_communication/fsm_communication.srcs/constrs_1/imports/zcu104_kit/zcu104_Rev1.0_U1_01302018.xdc:31]
CRITICAL WARNING: [Common 17-55] 'set_property' expects at least one object. [/home/s1820419/LDPC_MinorResearch/GeneratedDecoders/204.33.486/RTL/BSP/DecodingProcessControl/vivado/fsm_communication/fsm_communication.srcs/constrs_1/imports/zcu104_kit/zcu104_Rev1.0_U1_01302018.xdc:31]
Resolution: If [get_<value>] was used to populate the object, check to make sure this command returns at least one valid object.
WARNING: [Vivado 12-584] No ports matched 'UART2_RXD_FPGA_TXD'. [/home/s1820419/LDPC_MinorResearch/GeneratedDecoders/204.33.486/RTL/BSP/DecodingProcessControl/vivado/fsm_communication/fsm_communication.srcs/constrs_1/imports/zcu104_kit/zcu104_Rev1.0_U1_01302018.xdc:32]
CRITICAL WARNING: [Common 17-55] 'set_property' expects at least one object. [/home/s1820419/LDPC_MinorResearch/GeneratedDecoders/204.33.486/RTL/BSP/DecodingProcessControl/vivado/fsm_communication/fsm_communication.srcs/constrs_1/imports/zcu104_kit/zcu104_Rev1.0_U1_01302018.xdc:32]
Resolution: If [get_<value>] was used to populate the object, check to make sure this command returns at least one valid object.
WARNING: [Vivado 12-584] No ports matched 'UART2_RXD_FPGA_TXD'. [/home/s1820419/LDPC_MinorResearch/GeneratedDecoders/204.33.486/RTL/BSP/DecodingProcessControl/vivado/fsm_communication/fsm_communication.srcs/constrs_1/imports/zcu104_kit/zcu104_Rev1.0_U1_01302018.xdc:33]
CRITICAL WARNING: [Common 17-55] 'set_property' expects at least one object. [/home/s1820419/LDPC_MinorResearch/GeneratedDecoders/204.33.486/RTL/BSP/DecodingProcessControl/vivado/fsm_communication/fsm_communication.srcs/constrs_1/imports/zcu104_kit/zcu104_Rev1.0_U1_01302018.xdc:33]
Resolution: If [get_<value>] was used to populate the object, check to make sure this command returns at least one valid object.
WARNING: [Vivado 12-584] No ports matched 'UART2_RTS_B'. [/home/s1820419/LDPC_MinorResearch/GeneratedDecoders/204.33.486/RTL/BSP/DecodingProcessControl/vivado/fsm_communication/fsm_communication.srcs/constrs_1/imports/zcu104_kit/zcu104_Rev1.0_U1_01302018.xdc:34]
CRITICAL WARNING: [Common 17-55] 'set_property' expects at least one object. [/home/s1820419/LDPC_MinorResearch/GeneratedDecoders/204.33.486/RTL/BSP/DecodingProcessControl/vivado/fsm_communication/fsm_communication.srcs/constrs_1/imports/zcu104_kit/zcu104_Rev1.0_U1_01302018.xdc:34]
Resolution: If [get_<value>] was used to populate the object, check to make sure this command returns at least one valid object.
WARNING: [Vivado 12-584] No ports matched 'UART2_RTS_B'. [/home/s1820419/LDPC_MinorResearch/GeneratedDecoders/204.33.486/RTL/BSP/DecodingProcessControl/vivado/fsm_communication/fsm_communication.srcs/constrs_1/imports/zcu104_kit/zcu104_Rev1.0_U1_01302018.xdc:35]
CRITICAL WARNING: [Common 17-55] 'set_property' expects at least one object. [/home/s1820419/LDPC_MinorResearch/GeneratedDecoders/204.33.486/RTL/BSP/DecodingProcessControl/vivado/fsm_communication/fsm_communication.srcs/constrs_1/imports/zcu104_kit/zcu104_Rev1.0_U1_01302018.xdc:35]
Resolution: If [get_<value>] was used to populate the object, check to make sure this command returns at least one valid object.
WARNING: [Vivado 12-584] No ports matched 'UART2_CTS_B'. [/home/s1820419/LDPC_MinorResearch/GeneratedDecoders/204.33.486/RTL/BSP/DecodingProcessControl/vivado/fsm_communication/fsm_communication.srcs/constrs_1/imports/zcu104_kit/zcu104_Rev1.0_U1_01302018.xdc:36]
CRITICAL WARNING: [Common 17-55] 'set_property' expects at least one object. [/home/s1820419/LDPC_MinorResearch/GeneratedDecoders/204.33.486/RTL/BSP/DecodingProcessControl/vivado/fsm_communication/fsm_communication.srcs/constrs_1/imports/zcu104_kit/zcu104_Rev1.0_U1_01302018.xdc:36]
Resolution: If [get_<value>] was used to populate the object, check to make sure this command returns at least one valid object.
WARNING: [Vivado 12-584] No ports matched 'UART2_CTS_B'. [/home/s1820419/LDPC_MinorResearch/GeneratedDecoders/204.33.486/RTL/BSP/DecodingProcessControl/vivado/fsm_communication/fsm_communication.srcs/constrs_1/imports/zcu104_kit/zcu104_Rev1.0_U1_01302018.xdc:37]
CRITICAL WARNING: [Common 17-55] 'set_property' expects at least one object. [/home/s1820419/LDPC_MinorResearch/GeneratedDecoders/204.33.486/RTL/BSP/DecodingProcessControl/vivado/fsm_communication/fsm_communication.srcs/constrs_1/imports/zcu104_kit/zcu104_Rev1.0_U1_01302018.xdc:37]
Resolution: If [get_<value>] was used to populate the object, check to make sure this command returns at least one valid object.
WARNING: [Vivado 12-584] No ports matched 'CLK_125_N'. [/home/s1820419/LDPC_MinorResearch/GeneratedDecoders/204.33.486/RTL/BSP/DecodingProcessControl/vivado/fsm_communication/fsm_communication.srcs/constrs_1/imports/zcu104_kit/zcu104_Rev1.0_U1_01302018.xdc:64]
CRITICAL WARNING: [Common 17-55] 'set_property' expects at least one object. [/home/s1820419/LDPC_MinorResearch/GeneratedDecoders/204.33.486/RTL/BSP/DecodingProcessControl/vivado/fsm_communication/fsm_communication.srcs/constrs_1/imports/zcu104_kit/zcu104_Rev1.0_U1_01302018.xdc:64]
Resolution: If [get_<value>] was used to populate the object, check to make sure this command returns at least one valid object.
WARNING: [Vivado 12-584] No ports matched 'CLK_125_N'. [/home/s1820419/LDPC_MinorResearch/GeneratedDecoders/204.33.486/RTL/BSP/DecodingProcessControl/vivado/fsm_communication/fsm_communication.srcs/constrs_1/imports/zcu104_kit/zcu104_Rev1.0_U1_01302018.xdc:65]
CRITICAL WARNING: [Common 17-55] 'set_property' expects at least one object. [/home/s1820419/LDPC_MinorResearch/GeneratedDecoders/204.33.486/RTL/BSP/DecodingProcessControl/vivado/fsm_communication/fsm_communication.srcs/constrs_1/imports/zcu104_kit/zcu104_Rev1.0_U1_01302018.xdc:65]
Resolution: If [get_<value>] was used to populate the object, check to make sure this command returns at least one valid object.
WARNING: [Vivado 12-584] No ports matched 'CLK_125_P'. [/home/s1820419/LDPC_MinorResearch/GeneratedDecoders/204.33.486/RTL/BSP/DecodingProcessControl/vivado/fsm_communication/fsm_communication.srcs/constrs_1/imports/zcu104_kit/zcu104_Rev1.0_U1_01302018.xdc:66]
CRITICAL WARNING: [Common 17-55] 'set_property' expects at least one object. [/home/s1820419/LDPC_MinorResearch/GeneratedDecoders/204.33.486/RTL/BSP/DecodingProcessControl/vivado/fsm_communication/fsm_communication.srcs/constrs_1/imports/zcu104_kit/zcu104_Rev1.0_U1_01302018.xdc:66]
Resolution: If [get_<value>] was used to populate the object, check to make sure this command returns at least one valid object.
WARNING: [Vivado 12-584] No ports matched 'CLK_125_P'. [/home/s1820419/LDPC_MinorResearch/GeneratedDecoders/204.33.486/RTL/BSP/DecodingProcessControl/vivado/fsm_communication/fsm_communication.srcs/constrs_1/imports/zcu104_kit/zcu104_Rev1.0_U1_01302018.xdc:67]
CRITICAL WARNING: [Common 17-55] 'set_property' expects at least one object. [/home/s1820419/LDPC_MinorResearch/GeneratedDecoders/204.33.486/RTL/BSP/DecodingProcessControl/vivado/fsm_communication/fsm_communication.srcs/constrs_1/imports/zcu104_kit/zcu104_Rev1.0_U1_01302018.xdc:67]
Resolution: If [get_<value>] was used to populate the object, check to make sure this command returns at least one valid object.
WARNING: [Vivado 12-584] No ports matched 'HDMI_TX_LVDS_OUT_N'. [/home/s1820419/LDPC_MinorResearch/GeneratedDecoders/204.33.486/RTL/BSP/DecodingProcessControl/vivado/fsm_communication/fsm_communication.srcs/constrs_1/imports/zcu104_kit/zcu104_Rev1.0_U1_01302018.xdc:68]
CRITICAL WARNING: [Common 17-55] 'set_property' expects at least one object. [/home/s1820419/LDPC_MinorResearch/GeneratedDecoders/204.33.486/RTL/BSP/DecodingProcessControl/vivado/fsm_communication/fsm_communication.srcs/constrs_1/imports/zcu104_kit/zcu104_Rev1.0_U1_01302018.xdc:68]
Resolution: If [get_<value>] was used to populate the object, check to make sure this command returns at least one valid object.
WARNING: [Vivado 12-584] No ports matched 'HDMI_TX_LVDS_OUT_N'. [/home/s1820419/LDPC_MinorResearch/GeneratedDecoders/204.33.486/RTL/BSP/DecodingProcessControl/vivado/fsm_communication/fsm_communication.srcs/constrs_1/imports/zcu104_kit/zcu104_Rev1.0_U1_01302018.xdc:69]
CRITICAL WARNING: [Common 17-55] 'set_property' expects at least one object. [/home/s1820419/LDPC_MinorResearch/GeneratedDecoders/204.33.486/RTL/BSP/DecodingProcessControl/vivado/fsm_communication/fsm_communication.srcs/constrs_1/imports/zcu104_kit/zcu104_Rev1.0_U1_01302018.xdc:69]
Resolution: If [get_<value>] was used to populate the object, check to make sure this command returns at least one valid object.
WARNING: [Vivado 12-584] No ports matched 'HDMI_TX_LVDS_OUT_P'. [/home/s1820419/LDPC_MinorResearch/GeneratedDecoders/204.33.486/RTL/BSP/DecodingProcessControl/vivado/fsm_communication/fsm_communication.srcs/constrs_1/imports/zcu104_kit/zcu104_Rev1.0_U1_01302018.xdc:70]
CRITICAL WARNING: [Common 17-55] 'set_property' expects at least one object. [/home/s1820419/LDPC_MinorResearch/GeneratedDecoders/204.33.486/RTL/BSP/DecodingProcessControl/vivado/fsm_communication/fsm_communication.srcs/constrs_1/imports/zcu104_kit/zcu104_Rev1.0_U1_01302018.xdc:70]
Resolution: If [get_<value>] was used to populate the object, check to make sure this command returns at least one valid object.
WARNING: [Vivado 12-584] No ports matched 'HDMI_TX_LVDS_OUT_P'. [/home/s1820419/LDPC_MinorResearch/GeneratedDecoders/204.33.486/RTL/BSP/DecodingProcessControl/vivado/fsm_communication/fsm_communication.srcs/constrs_1/imports/zcu104_kit/zcu104_Rev1.0_U1_01302018.xdc:71]
CRITICAL WARNING: [Common 17-55] 'set_property' expects at least one object. [/home/s1820419/LDPC_MinorResearch/GeneratedDecoders/204.33.486/RTL/BSP/DecodingProcessControl/vivado/fsm_communication/fsm_communication.srcs/constrs_1/imports/zcu104_kit/zcu104_Rev1.0_U1_01302018.xdc:71]
Resolution: If [get_<value>] was used to populate the object, check to make sure this command returns at least one valid object.
WARNING: [Vivado 12-584] No ports matched 'HDMI_REC_CLOCK_N'. [/home/s1820419/LDPC_MinorResearch/GeneratedDecoders/204.33.486/RTL/BSP/DecodingProcessControl/vivado/fsm_communication/fsm_communication.srcs/constrs_1/imports/zcu104_kit/zcu104_Rev1.0_U1_01302018.xdc:72]
CRITICAL WARNING: [Common 17-55] 'set_property' expects at least one object. [/home/s1820419/LDPC_MinorResearch/GeneratedDecoders/204.33.486/RTL/BSP/DecodingProcessControl/vivado/fsm_communication/fsm_communication.srcs/constrs_1/imports/zcu104_kit/zcu104_Rev1.0_U1_01302018.xdc:72]
Resolution: If [get_<value>] was used to populate the object, check to make sure this command returns at least one valid object.
WARNING: [Vivado 12-584] No ports matched 'HDMI_REC_CLOCK_N'. [/home/s1820419/LDPC_MinorResearch/GeneratedDecoders/204.33.486/RTL/BSP/DecodingProcessControl/vivado/fsm_communication/fsm_communication.srcs/constrs_1/imports/zcu104_kit/zcu104_Rev1.0_U1_01302018.xdc:73]
CRITICAL WARNING: [Common 17-55] 'set_property' expects at least one object. [/home/s1820419/LDPC_MinorResearch/GeneratedDecoders/204.33.486/RTL/BSP/DecodingProcessControl/vivado/fsm_communication/fsm_communication.srcs/constrs_1/imports/zcu104_kit/zcu104_Rev1.0_U1_01302018.xdc:73]
Resolution: If [get_<value>] was used to populate the object, check to make sure this command returns at least one valid object.
WARNING: [Vivado 12-584] No ports matched 'HDMI_REC_CLOCK_P'. [/home/s1820419/LDPC_MinorResearch/GeneratedDecoders/204.33.486/RTL/BSP/DecodingProcessControl/vivado/fsm_communication/fsm_communication.srcs/constrs_1/imports/zcu104_kit/zcu104_Rev1.0_U1_01302018.xdc:74]
CRITICAL WARNING: [Common 17-55] 'set_property' expects at least one object. [/home/s1820419/LDPC_MinorResearch/GeneratedDecoders/204.33.486/RTL/BSP/DecodingProcessControl/vivado/fsm_communication/fsm_communication.srcs/constrs_1/imports/zcu104_kit/zcu104_Rev1.0_U1_01302018.xdc:74]
Resolution: If [get_<value>] was used to populate the object, check to make sure this command returns at least one valid object.
WARNING: [Vivado 12-584] No ports matched 'HDMI_REC_CLOCK_P'. [/home/s1820419/LDPC_MinorResearch/GeneratedDecoders/204.33.486/RTL/BSP/DecodingProcessControl/vivado/fsm_communication/fsm_communication.srcs/constrs_1/imports/zcu104_kit/zcu104_Rev1.0_U1_01302018.xdc:75]
CRITICAL WARNING: [Common 17-55] 'set_property' expects at least one object. [/home/s1820419/LDPC_MinorResearch/GeneratedDecoders/204.33.486/RTL/BSP/DecodingProcessControl/vivado/fsm_communication/fsm_communication.srcs/constrs_1/imports/zcu104_kit/zcu104_Rev1.0_U1_01302018.xdc:75]
Resolution: If [get_<value>] was used to populate the object, check to make sure this command returns at least one valid object.
WARNING: [Vivado 12-584] No ports matched 'FMC_LPC_LA23_N'. [/home/s1820419/LDPC_MinorResearch/GeneratedDecoders/204.33.486/RTL/BSP/DecodingProcessControl/vivado/fsm_communication/fsm_communication.srcs/constrs_1/imports/zcu104_kit/zcu104_Rev1.0_U1_01302018.xdc:121]
CRITICAL WARNING: [Common 17-55] 'set_property' expects at least one object. [/home/s1820419/LDPC_MinorResearch/GeneratedDecoders/204.33.486/RTL/BSP/DecodingProcessControl/vivado/fsm_communication/fsm_communication.srcs/constrs_1/imports/zcu104_kit/zcu104_Rev1.0_U1_01302018.xdc:121]
Resolution: If [get_<value>] was used to populate the object, check to make sure this command returns at least one valid object.
WARNING: [Vivado 12-584] No ports matched 'FMC_LPC_LA23_N'. [/home/s1820419/LDPC_MinorResearch/GeneratedDecoders/204.33.486/RTL/BSP/DecodingProcessControl/vivado/fsm_communication/fsm_communication.srcs/constrs_1/imports/zcu104_kit/zcu104_Rev1.0_U1_01302018.xdc:122]
CRITICAL WARNING: [Common 17-55] 'set_property' expects at least one object. [/home/s1820419/LDPC_MinorResearch/GeneratedDecoders/204.33.486/RTL/BSP/DecodingProcessControl/vivado/fsm_communication/fsm_communication.srcs/constrs_1/imports/zcu104_kit/zcu104_Rev1.0_U1_01302018.xdc:122]
Resolution: If [get_<value>] was used to populate the object, check to make sure this command returns at least one valid object.
WARNING: [Vivado 12-584] No ports matched 'FMC_LPC_LA23_P'. [/home/s1820419/LDPC_MinorResearch/GeneratedDecoders/204.33.486/RTL/BSP/DecodingProcessControl/vivado/fsm_communication/fsm_communication.srcs/constrs_1/imports/zcu104_kit/zcu104_Rev1.0_U1_01302018.xdc:123]
CRITICAL WARNING: [Common 17-55] 'set_property' expects at least one object. [/home/s1820419/LDPC_MinorResearch/GeneratedDecoders/204.33.486/RTL/BSP/DecodingProcessControl/vivado/fsm_communication/fsm_communication.srcs/constrs_1/imports/zcu104_kit/zcu104_Rev1.0_U1_01302018.xdc:123]
Resolution: If [get_<value>] was used to populate the object, check to make sure this command returns at least one valid object.
WARNING: [Vivado 12-584] No ports matched 'FMC_LPC_LA23_P'. [/home/s1820419/LDPC_MinorResearch/GeneratedDecoders/204.33.486/RTL/BSP/DecodingProcessControl/vivado/fsm_communication/fsm_communication.srcs/constrs_1/imports/zcu104_kit/zcu104_Rev1.0_U1_01302018.xdc:124]
CRITICAL WARNING: [Common 17-55] 'set_property' expects at least one object. [/home/s1820419/LDPC_MinorResearch/GeneratedDecoders/204.33.486/RTL/BSP/DecodingProcessControl/vivado/fsm_communication/fsm_communication.srcs/constrs_1/imports/zcu104_kit/zcu104_Rev1.0_U1_01302018.xdc:124]
Resolution: If [get_<value>] was used to populate the object, check to make sure this command returns at least one valid object.
WARNING: [Vivado 12-584] No ports matched 'FMC_LPC_LA27_N'. [/home/s1820419/LDPC_MinorResearch/GeneratedDecoders/204.33.486/RTL/BSP/DecodingProcessControl/vivado/fsm_communication/fsm_communication.srcs/constrs_1/imports/zcu104_kit/zcu104_Rev1.0_U1_01302018.xdc:125]
CRITICAL WARNING: [Common 17-55] 'set_property' expects at least one object. [/home/s1820419/LDPC_MinorResearch/GeneratedDecoders/204.33.486/RTL/BSP/DecodingProcessControl/vivado/fsm_communication/fsm_communication.srcs/constrs_1/imports/zcu104_kit/zcu104_Rev1.0_U1_01302018.xdc:125]
Resolution: If [get_<value>] was used to populate the object, check to make sure this command returns at least one valid object.
WARNING: [Vivado 12-584] No ports matched 'FMC_LPC_LA27_N'. [/home/s1820419/LDPC_MinorResearch/GeneratedDecoders/204.33.486/RTL/BSP/DecodingProcessControl/vivado/fsm_communication/fsm_communication.srcs/constrs_1/imports/zcu104_kit/zcu104_Rev1.0_U1_01302018.xdc:126]
CRITICAL WARNING: [Common 17-55] 'set_property' expects at least one object. [/home/s1820419/LDPC_MinorResearch/GeneratedDecoders/204.33.486/RTL/BSP/DecodingProcessControl/vivado/fsm_communication/fsm_communication.srcs/constrs_1/imports/zcu104_kit/zcu104_Rev1.0_U1_01302018.xdc:126]
Resolution: If [get_<value>] was used to populate the object, check to make sure this command returns at least one valid object.
WARNING: [Vivado 12-584] No ports matched 'FMC_LPC_LA27_P'. [/home/s1820419/LDPC_MinorResearch/GeneratedDecoders/204.33.486/RTL/BSP/DecodingProcessControl/vivado/fsm_communication/fsm_communication.srcs/constrs_1/imports/zcu104_kit/zcu104_Rev1.0_U1_01302018.xdc:127]
CRITICAL WARNING: [Common 17-55] 'set_property' expects at least one object. [/home/s1820419/LDPC_MinorResearch/GeneratedDecoders/204.33.486/RTL/BSP/DecodingProcessControl/vivado/fsm_communication/fsm_communication.srcs/constrs_1/imports/zcu104_kit/zcu104_Rev1.0_U1_01302018.xdc:127]
Resolution: If [get_<value>] was used to populate the object, check to make sure this command returns at least one valid object.
WARNING: [Vivado 12-584] No ports matched 'FMC_LPC_LA27_P'. [/home/s1820419/LDPC_MinorResearch/GeneratedDecoders/204.33.486/RTL/BSP/DecodingProcessControl/vivado/fsm_communication/fsm_communication.srcs/constrs_1/imports/zcu104_kit/zcu104_Rev1.0_U1_01302018.xdc:128]
CRITICAL WARNING: [Common 17-55] 'set_property' expects at least one object. [/home/s1820419/LDPC_MinorResearch/GeneratedDecoders/204.33.486/RTL/BSP/DecodingProcessControl/vivado/fsm_communication/fsm_communication.srcs/constrs_1/imports/zcu104_kit/zcu104_Rev1.0_U1_01302018.xdc:128]
Resolution: If [get_<value>] was used to populate the object, check to make sure this command returns at least one valid object.
WARNING: [Vivado 12-584] No ports matched 'FMC_LPC_LA21_N'. [/home/s1820419/LDPC_MinorResearch/GeneratedDecoders/204.33.486/RTL/BSP/DecodingProcessControl/vivado/fsm_communication/fsm_communication.srcs/constrs_1/imports/zcu104_kit/zcu104_Rev1.0_U1_01302018.xdc:129]
CRITICAL WARNING: [Common 17-55] 'set_property' expects at least one object. [/home/s1820419/LDPC_MinorResearch/GeneratedDecoders/204.33.486/RTL/BSP/DecodingProcessControl/vivado/fsm_communication/fsm_communication.srcs/constrs_1/imports/zcu104_kit/zcu104_Rev1.0_U1_01302018.xdc:129]
Resolution: If [get_<value>] was used to populate the object, check to make sure this command returns at least one valid object.
WARNING: [Vivado 12-584] No ports matched 'FMC_LPC_LA21_N'. [/home/s1820419/LDPC_MinorResearch/GeneratedDecoders/204.33.486/RTL/BSP/DecodingProcessControl/vivado/fsm_communication/fsm_communication.srcs/constrs_1/imports/zcu104_kit/zcu104_Rev1.0_U1_01302018.xdc:130]
CRITICAL WARNING: [Common 17-55] 'set_property' expects at least one object. [/home/s1820419/LDPC_MinorResearch/GeneratedDecoders/204.33.486/RTL/BSP/DecodingProcessControl/vivado/fsm_communication/fsm_communication.srcs/constrs_1/imports/zcu104_kit/zcu104_Rev1.0_U1_01302018.xdc:130]
Resolution: If [get_<value>] was used to populate the object, check to make sure this command returns at least one valid object.
WARNING: [Vivado 12-584] No ports matched 'FMC_LPC_LA21_P'. [/home/s1820419/LDPC_MinorResearch/GeneratedDecoders/204.33.486/RTL/BSP/DecodingProcessControl/vivado/fsm_communication/fsm_communication.srcs/constrs_1/imports/zcu104_kit/zcu104_Rev1.0_U1_01302018.xdc:131]
CRITICAL WARNING: [Common 17-55] 'set_property' expects at least one object. [/home/s1820419/LDPC_MinorResearch/GeneratedDecoders/204.33.486/RTL/BSP/DecodingProcessControl/vivado/fsm_communication/fsm_communication.srcs/constrs_1/imports/zcu104_kit/zcu104_Rev1.0_U1_01302018.xdc:131]
Resolution: If [get_<value>] was used to populate the object, check to make sure this command returns at least one valid object.
WARNING: [Vivado 12-584] No ports matched 'FMC_LPC_LA21_P'. [/home/s1820419/LDPC_MinorResearch/GeneratedDecoders/204.33.486/RTL/BSP/DecodingProcessControl/vivado/fsm_communication/fsm_communication.srcs/constrs_1/imports/zcu104_kit/zcu104_Rev1.0_U1_01302018.xdc:132]
CRITICAL WARNING: [Common 17-55] 'set_property' expects at least one object. [/home/s1820419/LDPC_MinorResearch/GeneratedDecoders/204.33.486/RTL/BSP/DecodingProcessControl/vivado/fsm_communication/fsm_communication.srcs/constrs_1/imports/zcu104_kit/zcu104_Rev1.0_U1_01302018.xdc:132]
Resolution: If [get_<value>] was used to populate the object, check to make sure this command returns at least one valid object.
WARNING: [Vivado 12-584] No ports matched 'FMC_LPC_LA24_N'. [/home/s1820419/LDPC_MinorResearch/GeneratedDecoders/204.33.486/RTL/BSP/DecodingProcessControl/vivado/fsm_communication/fsm_communication.srcs/constrs_1/imports/zcu104_kit/zcu104_Rev1.0_U1_01302018.xdc:133]
CRITICAL WARNING: [Common 17-55] 'set_property' expects at least one object. [/home/s1820419/LDPC_MinorResearch/GeneratedDecoders/204.33.486/RTL/BSP/DecodingProcessControl/vivado/fsm_communication/fsm_communication.srcs/constrs_1/imports/zcu104_kit/zcu104_Rev1.0_U1_01302018.xdc:133]
Resolution: If [get_<value>] was used to populate the object, check to make sure this command returns at least one valid object.
WARNING: [Vivado 12-584] No ports matched 'FMC_LPC_LA24_N'. [/home/s1820419/LDPC_MinorResearch/GeneratedDecoders/204.33.486/RTL/BSP/DecodingProcessControl/vivado/fsm_communication/fsm_communication.srcs/constrs_1/imports/zcu104_kit/zcu104_Rev1.0_U1_01302018.xdc:134]
CRITICAL WARNING: [Common 17-55] 'set_property' expects at least one object. [/home/s1820419/LDPC_MinorResearch/GeneratedDecoders/204.33.486/RTL/BSP/DecodingProcessControl/vivado/fsm_communication/fsm_communication.srcs/constrs_1/imports/zcu104_kit/zcu104_Rev1.0_U1_01302018.xdc:134]
Resolution: If [get_<value>] was used to populate the object, check to make sure this command returns at least one valid object.
WARNING: [Vivado 12-584] No ports matched 'FMC_LPC_LA24_P'. [/home/s1820419/LDPC_MinorResearch/GeneratedDecoders/204.33.486/RTL/BSP/DecodingProcessControl/vivado/fsm_communication/fsm_communication.srcs/constrs_1/imports/zcu104_kit/zcu104_Rev1.0_U1_01302018.xdc:135]
CRITICAL WARNING: [Common 17-55] 'set_property' expects at least one object. [/home/s1820419/LDPC_MinorResearch/GeneratedDecoders/204.33.486/RTL/BSP/DecodingProcessControl/vivado/fsm_communication/fsm_communication.srcs/constrs_1/imports/zcu104_kit/zcu104_Rev1.0_U1_01302018.xdc:135]
Resolution: If [get_<value>] was used to populate the object, check to make sure this command returns at least one valid object.
WARNING: [Vivado 12-584] No ports matched 'FMC_LPC_LA24_P'. [/home/s1820419/LDPC_MinorResearch/GeneratedDecoders/204.33.486/RTL/BSP/DecodingProcessControl/vivado/fsm_communication/fsm_communication.srcs/constrs_1/imports/zcu104_kit/zcu104_Rev1.0_U1_01302018.xdc:136]
CRITICAL WARNING: [Common 17-55] 'set_property' expects at least one object. [/home/s1820419/LDPC_MinorResearch/GeneratedDecoders/204.33.486/RTL/BSP/DecodingProcessControl/vivado/fsm_communication/fsm_communication.srcs/constrs_1/imports/zcu104_kit/zcu104_Rev1.0_U1_01302018.xdc:136]
Resolution: If [get_<value>] was used to populate the object, check to make sure this command returns at least one valid object.
WARNING: [Vivado 12-584] No ports matched 'FMC_LPC_LA26_N'. [/home/s1820419/LDPC_MinorResearch/GeneratedDecoders/204.33.486/RTL/BSP/DecodingProcessControl/vivado/fsm_communication/fsm_communication.srcs/constrs_1/imports/zcu104_kit/zcu104_Rev1.0_U1_01302018.xdc:137]
CRITICAL WARNING: [Common 17-55] 'set_property' expects at least one object. [/home/s1820419/LDPC_MinorResearch/GeneratedDecoders/204.33.486/RTL/BSP/DecodingProcessControl/vivado/fsm_communication/fsm_communication.srcs/constrs_1/imports/zcu104_kit/zcu104_Rev1.0_U1_01302018.xdc:137]
Resolution: If [get_<value>] was used to populate the object, check to make sure this command returns at least one valid object.
WARNING: [Vivado 12-584] No ports matched 'FMC_LPC_LA26_N'. [/home/s1820419/LDPC_MinorResearch/GeneratedDecoders/204.33.486/RTL/BSP/DecodingProcessControl/vivado/fsm_communication/fsm_communication.srcs/constrs_1/imports/zcu104_kit/zcu104_Rev1.0_U1_01302018.xdc:138]
CRITICAL WARNING: [Common 17-55] 'set_property' expects at least one object. [/home/s1820419/LDPC_MinorResearch/GeneratedDecoders/204.33.486/RTL/BSP/DecodingProcessControl/vivado/fsm_communication/fsm_communication.srcs/constrs_1/imports/zcu104_kit/zcu104_Rev1.0_U1_01302018.xdc:138]
Resolution: If [get_<value>] was used to populate the object, check to make sure this command returns at least one valid object.
WARNING: [Vivado 12-584] No ports matched 'FMC_LPC_LA26_P'. [/home/s1820419/LDPC_MinorResearch/GeneratedDecoders/204.33.486/RTL/BSP/DecodingProcessControl/vivado/fsm_communication/fsm_communication.srcs/constrs_1/imports/zcu104_kit/zcu104_Rev1.0_U1_01302018.xdc:139]
CRITICAL WARNING: [Common 17-55] 'set_property' expects at least one object. [/home/s1820419/LDPC_MinorResearch/GeneratedDecoders/204.33.486/RTL/BSP/DecodingProcessControl/vivado/fsm_communication/fsm_communication.srcs/constrs_1/imports/zcu104_kit/zcu104_Rev1.0_U1_01302018.xdc:139]
Resolution: If [get_<value>] was used to populate the object, check to make sure this command returns at least one valid object.
WARNING: [Vivado 12-584] No ports matched 'FMC_LPC_LA26_P'. [/home/s1820419/LDPC_MinorResearch/GeneratedDecoders/204.33.486/RTL/BSP/DecodingProcessControl/vivado/fsm_communication/fsm_communication.srcs/constrs_1/imports/zcu104_kit/zcu104_Rev1.0_U1_01302018.xdc:140]
CRITICAL WARNING: [Common 17-55] 'set_property' expects at least one object. [/home/s1820419/LDPC_MinorResearch/GeneratedDecoders/204.33.486/RTL/BSP/DecodingProcessControl/vivado/fsm_communication/fsm_communication.srcs/constrs_1/imports/zcu104_kit/zcu104_Rev1.0_U1_01302018.xdc:140]
Resolution: If [get_<value>] was used to populate the object, check to make sure this command returns at least one valid object.
WARNING: [Vivado 12-584] No ports matched 'FMC_LPC_LA25_N'. [/home/s1820419/LDPC_MinorResearch/GeneratedDecoders/204.33.486/RTL/BSP/DecodingProcessControl/vivado/fsm_communication/fsm_communication.srcs/constrs_1/imports/zcu104_kit/zcu104_Rev1.0_U1_01302018.xdc:141]
CRITICAL WARNING: [Common 17-55] 'set_property' expects at least one object. [/home/s1820419/LDPC_MinorResearch/GeneratedDecoders/204.33.486/RTL/BSP/DecodingProcessControl/vivado/fsm_communication/fsm_communication.srcs/constrs_1/imports/zcu104_kit/zcu104_Rev1.0_U1_01302018.xdc:141]
Resolution: If [get_<value>] was used to populate the object, check to make sure this command returns at least one valid object.
WARNING: [Vivado 12-584] No ports matched 'FMC_LPC_LA25_N'. [/home/s1820419/LDPC_MinorResearch/GeneratedDecoders/204.33.486/RTL/BSP/DecodingProcessControl/vivado/fsm_communication/fsm_communication.srcs/constrs_1/imports/zcu104_kit/zcu104_Rev1.0_U1_01302018.xdc:142]
CRITICAL WARNING: [Common 17-55] 'set_property' expects at least one object. [/home/s1820419/LDPC_MinorResearch/GeneratedDecoders/204.33.486/RTL/BSP/DecodingProcessControl/vivado/fsm_communication/fsm_communication.srcs/constrs_1/imports/zcu104_kit/zcu104_Rev1.0_U1_01302018.xdc:142]
Resolution: If [get_<value>] was used to populate the object, check to make sure this command returns at least one valid object.
WARNING: [Vivado 12-584] No ports matched 'FMC_LPC_LA25_P'. [/home/s1820419/LDPC_MinorResearch/GeneratedDecoders/204.33.486/RTL/BSP/DecodingProcessControl/vivado/fsm_communication/fsm_communication.srcs/constrs_1/imports/zcu104_kit/zcu104_Rev1.0_U1_01302018.xdc:143]
CRITICAL WARNING: [Common 17-55] 'set_property' expects at least one object. [/home/s1820419/LDPC_MinorResearch/GeneratedDecoders/204.33.486/RTL/BSP/DecodingProcessControl/vivado/fsm_communication/fsm_communication.srcs/constrs_1/imports/zcu104_kit/zcu104_Rev1.0_U1_01302018.xdc:143]
Resolution: If [get_<value>] was used to populate the object, check to make sure this command returns at least one valid object.
WARNING: [Vivado 12-584] No ports matched 'FMC_LPC_LA25_P'. [/home/s1820419/LDPC_MinorResearch/GeneratedDecoders/204.33.486/RTL/BSP/DecodingProcessControl/vivado/fsm_communication/fsm_communication.srcs/constrs_1/imports/zcu104_kit/zcu104_Rev1.0_U1_01302018.xdc:144]
CRITICAL WARNING: [Common 17-55] 'set_property' expects at least one object. [/home/s1820419/LDPC_MinorResearch/GeneratedDecoders/204.33.486/RTL/BSP/DecodingProcessControl/vivado/fsm_communication/fsm_communication.srcs/constrs_1/imports/zcu104_kit/zcu104_Rev1.0_U1_01302018.xdc:144]
Resolution: If [get_<value>] was used to populate the object, check to make sure this command returns at least one valid object.
WARNING: [Vivado 12-584] No ports matched 'FMC_LPC_LA19_N'. [/home/s1820419/LDPC_MinorResearch/GeneratedDecoders/204.33.486/RTL/BSP/DecodingProcessControl/vivado/fsm_communication/fsm_communication.srcs/constrs_1/imports/zcu104_kit/zcu104_Rev1.0_U1_01302018.xdc:149]
CRITICAL WARNING: [Common 17-55] 'set_property' expects at least one object. [/home/s1820419/LDPC_MinorResearch/GeneratedDecoders/204.33.486/RTL/BSP/DecodingProcessControl/vivado/fsm_communication/fsm_communication.srcs/constrs_1/imports/zcu104_kit/zcu104_Rev1.0_U1_01302018.xdc:149]
Resolution: If [get_<value>] was used to populate the object, check to make sure this command returns at least one valid object.
WARNING: [Vivado 12-584] No ports matched 'FMC_LPC_LA19_N'. [/home/s1820419/LDPC_MinorResearch/GeneratedDecoders/204.33.486/RTL/BSP/DecodingProcessControl/vivado/fsm_communication/fsm_communication.srcs/constrs_1/imports/zcu104_kit/zcu104_Rev1.0_U1_01302018.xdc:150]
CRITICAL WARNING: [Common 17-55] 'set_property' expects at least one object. [/home/s1820419/LDPC_MinorResearch/GeneratedDecoders/204.33.486/RTL/BSP/DecodingProcessControl/vivado/fsm_communication/fsm_communication.srcs/constrs_1/imports/zcu104_kit/zcu104_Rev1.0_U1_01302018.xdc:150]
Resolution: If [get_<value>] was used to populate the object, check to make sure this command returns at least one valid object.
WARNING: [Vivado 12-584] No ports matched 'FMC_LPC_LA19_P'. [/home/s1820419/LDPC_MinorResearch/GeneratedDecoders/204.33.486/RTL/BSP/DecodingProcessControl/vivado/fsm_communication/fsm_communication.srcs/constrs_1/imports/zcu104_kit/zcu104_Rev1.0_U1_01302018.xdc:151]
CRITICAL WARNING: [Common 17-55] 'set_property' expects at least one object. [/home/s1820419/LDPC_MinorResearch/GeneratedDecoders/204.33.486/RTL/BSP/DecodingProcessControl/vivado/fsm_communication/fsm_communication.srcs/constrs_1/imports/zcu104_kit/zcu104_Rev1.0_U1_01302018.xdc:151]
Resolution: If [get_<value>] was used to populate the object, check to make sure this command returns at least one valid object.
WARNING: [Vivado 12-584] No ports matched 'FMC_LPC_LA19_P'. [/home/s1820419/LDPC_MinorResearch/GeneratedDecoders/204.33.486/RTL/BSP/DecodingProcessControl/vivado/fsm_communication/fsm_communication.srcs/constrs_1/imports/zcu104_kit/zcu104_Rev1.0_U1_01302018.xdc:152]
CRITICAL WARNING: [Common 17-55] 'set_property' expects at least one object. [/home/s1820419/LDPC_MinorResearch/GeneratedDecoders/204.33.486/RTL/BSP/DecodingProcessControl/vivado/fsm_communication/fsm_communication.srcs/constrs_1/imports/zcu104_kit/zcu104_Rev1.0_U1_01302018.xdc:152]
Resolution: If [get_<value>] was used to populate the object, check to make sure this command returns at least one valid object.
WARNING: [Vivado 12-584] No ports matched 'FMC_LPC_LA20_N'. [/home/s1820419/LDPC_MinorResearch/GeneratedDecoders/204.33.486/RTL/BSP/DecodingProcessControl/vivado/fsm_communication/fsm_communication.srcs/constrs_1/imports/zcu104_kit/zcu104_Rev1.0_U1_01302018.xdc:153]
CRITICAL WARNING: [Common 17-55] 'set_property' expects at least one object. [/home/s1820419/LDPC_MinorResearch/GeneratedDecoders/204.33.486/RTL/BSP/DecodingProcessControl/vivado/fsm_communication/fsm_communication.srcs/constrs_1/imports/zcu104_kit/zcu104_Rev1.0_U1_01302018.xdc:153]
Resolution: If [get_<value>] was used to populate the object, check to make sure this command returns at least one valid object.
WARNING: [Vivado 12-584] No ports matched 'FMC_LPC_LA20_N'. [/home/s1820419/LDPC_MinorResearch/GeneratedDecoders/204.33.486/RTL/BSP/DecodingProcessControl/vivado/fsm_communication/fsm_communication.srcs/constrs_1/imports/zcu104_kit/zcu104_Rev1.0_U1_01302018.xdc:154]
CRITICAL WARNING: [Common 17-55] 'set_property' expects at least one object. [/home/s1820419/LDPC_MinorResearch/GeneratedDecoders/204.33.486/RTL/BSP/DecodingProcessControl/vivado/fsm_communication/fsm_communication.srcs/constrs_1/imports/zcu104_kit/zcu104_Rev1.0_U1_01302018.xdc:154]
Resolution: If [get_<value>] was used to populate the object, check to make sure this command returns at least one valid object.
WARNING: [Vivado 12-584] No ports matched 'FMC_LPC_LA20_P'. [/home/s1820419/LDPC_MinorResearch/GeneratedDecoders/204.33.486/RTL/BSP/DecodingProcessControl/vivado/fsm_communication/fsm_communication.srcs/constrs_1/imports/zcu104_kit/zcu104_Rev1.0_U1_01302018.xdc:155]
CRITICAL WARNING: [Common 17-55] 'set_property' expects at least one object. [/home/s1820419/LDPC_MinorResearch/GeneratedDecoders/204.33.486/RTL/BSP/DecodingProcessControl/vivado/fsm_communication/fsm_communication.srcs/constrs_1/imports/zcu104_kit/zcu104_Rev1.0_U1_01302018.xdc:155]
Resolution: If [get_<value>] was used to populate the object, check to make sure this command returns at least one valid object.
WARNING: [Vivado 12-584] No ports matched 'FMC_LPC_LA20_P'. [/home/s1820419/LDPC_MinorResearch/GeneratedDecoders/204.33.486/RTL/BSP/DecodingProcessControl/vivado/fsm_communication/fsm_communication.srcs/constrs_1/imports/zcu104_kit/zcu104_Rev1.0_U1_01302018.xdc:156]
CRITICAL WARNING: [Common 17-55] 'set_property' expects at least one object. [/home/s1820419/LDPC_MinorResearch/GeneratedDecoders/204.33.486/RTL/BSP/DecodingProcessControl/vivado/fsm_communication/fsm_communication.srcs/constrs_1/imports/zcu104_kit/zcu104_Rev1.0_U1_01302018.xdc:156]
Resolution: If [get_<value>] was used to populate the object, check to make sure this command returns at least one valid object.
WARNING: [Vivado 12-584] No ports matched 'FMC_LPC_LA18_CC_N'. [/home/s1820419/LDPC_MinorResearch/GeneratedDecoders/204.33.486/RTL/BSP/DecodingProcessControl/vivado/fsm_communication/fsm_communication.srcs/constrs_1/imports/zcu104_kit/zcu104_Rev1.0_U1_01302018.xdc:157]
CRITICAL WARNING: [Common 17-55] 'set_property' expects at least one object. [/home/s1820419/LDPC_MinorResearch/GeneratedDecoders/204.33.486/RTL/BSP/DecodingProcessControl/vivado/fsm_communication/fsm_communication.srcs/constrs_1/imports/zcu104_kit/zcu104_Rev1.0_U1_01302018.xdc:157]
Resolution: If [get_<value>] was used to populate the object, check to make sure this command returns at least one valid object.
WARNING: [Vivado 12-584] No ports matched 'FMC_LPC_LA18_CC_N'. [/home/s1820419/LDPC_MinorResearch/GeneratedDecoders/204.33.486/RTL/BSP/DecodingProcessControl/vivado/fsm_communication/fsm_communication.srcs/constrs_1/imports/zcu104_kit/zcu104_Rev1.0_U1_01302018.xdc:158]
CRITICAL WARNING: [Common 17-55] 'set_property' expects at least one object. [/home/s1820419/LDPC_MinorResearch/GeneratedDecoders/204.33.486/RTL/BSP/DecodingProcessControl/vivado/fsm_communication/fsm_communication.srcs/constrs_1/imports/zcu104_kit/zcu104_Rev1.0_U1_01302018.xdc:158]
Resolution: If [get_<value>] was used to populate the object, check to make sure this command returns at least one valid object.
WARNING: [Vivado 12-584] No ports matched 'FMC_LPC_LA18_CC_P'. [/home/s1820419/LDPC_MinorResearch/GeneratedDecoders/204.33.486/RTL/BSP/DecodingProcessControl/vivado/fsm_communication/fsm_communication.srcs/constrs_1/imports/zcu104_kit/zcu104_Rev1.0_U1_01302018.xdc:159]
CRITICAL WARNING: [Common 17-55] 'set_property' expects at least one object. [/home/s1820419/LDPC_MinorResearch/GeneratedDecoders/204.33.486/RTL/BSP/DecodingProcessControl/vivado/fsm_communication/fsm_communication.srcs/constrs_1/imports/zcu104_kit/zcu104_Rev1.0_U1_01302018.xdc:159]
Resolution: If [get_<value>] was used to populate the object, check to make sure this command returns at least one valid object.
WARNING: [Vivado 12-584] No ports matched 'FMC_LPC_LA18_CC_P'. [/home/s1820419/LDPC_MinorResearch/GeneratedDecoders/204.33.486/RTL/BSP/DecodingProcessControl/vivado/fsm_communication/fsm_communication.srcs/constrs_1/imports/zcu104_kit/zcu104_Rev1.0_U1_01302018.xdc:160]
CRITICAL WARNING: [Common 17-55] 'set_property' expects at least one object. [/home/s1820419/LDPC_MinorResearch/GeneratedDecoders/204.33.486/RTL/BSP/DecodingProcessControl/vivado/fsm_communication/fsm_communication.srcs/constrs_1/imports/zcu104_kit/zcu104_Rev1.0_U1_01302018.xdc:160]
Resolution: If [get_<value>] was used to populate the object, check to make sure this command returns at least one valid object.
WARNING: [Vivado 12-584] No ports matched 'FMC_LPC_LA22_N'. [/home/s1820419/LDPC_MinorResearch/GeneratedDecoders/204.33.486/RTL/BSP/DecodingProcessControl/vivado/fsm_communication/fsm_communication.srcs/constrs_1/imports/zcu104_kit/zcu104_Rev1.0_U1_01302018.xdc:161]
CRITICAL WARNING: [Common 17-55] 'set_property' expects at least one object. [/home/s1820419/LDPC_MinorResearch/GeneratedDecoders/204.33.486/RTL/BSP/DecodingProcessControl/vivado/fsm_communication/fsm_communication.srcs/constrs_1/imports/zcu104_kit/zcu104_Rev1.0_U1_01302018.xdc:161]
Resolution: If [get_<value>] was used to populate the object, check to make sure this command returns at least one valid object.
WARNING: [Vivado 12-584] No ports matched 'FMC_LPC_LA22_N'. [/home/s1820419/LDPC_MinorResearch/GeneratedDecoders/204.33.486/RTL/BSP/DecodingProcessControl/vivado/fsm_communication/fsm_communication.srcs/constrs_1/imports/zcu104_kit/zcu104_Rev1.0_U1_01302018.xdc:162]
CRITICAL WARNING: [Common 17-55] 'set_property' expects at least one object. [/home/s1820419/LDPC_MinorResearch/GeneratedDecoders/204.33.486/RTL/BSP/DecodingProcessControl/vivado/fsm_communication/fsm_communication.srcs/constrs_1/imports/zcu104_kit/zcu104_Rev1.0_U1_01302018.xdc:162]
Resolution: If [get_<value>] was used to populate the object, check to make sure this command returns at least one valid object.
WARNING: [Vivado 12-584] No ports matched 'FMC_LPC_LA22_P'. [/home/s1820419/LDPC_MinorResearch/GeneratedDecoders/204.33.486/RTL/BSP/DecodingProcessControl/vivado/fsm_communication/fsm_communication.srcs/constrs_1/imports/zcu104_kit/zcu104_Rev1.0_U1_01302018.xdc:163]
CRITICAL WARNING: [Common 17-55] 'set_property' expects at least one object. [/home/s1820419/LDPC_MinorResearch/GeneratedDecoders/204.33.486/RTL/BSP/DecodingProcessControl/vivado/fsm_communication/fsm_communication.srcs/constrs_1/imports/zcu104_kit/zcu104_Rev1.0_U1_01302018.xdc:163]
Resolution: If [get_<value>] was used to populate the object, check to make sure this command returns at least one valid object.
WARNING: [Vivado 12-584] No ports matched 'FMC_LPC_LA22_P'. [/home/s1820419/LDPC_MinorResearch/GeneratedDecoders/204.33.486/RTL/BSP/DecodingProcessControl/vivado/fsm_communication/fsm_communication.srcs/constrs_1/imports/zcu104_kit/zcu104_Rev1.0_U1_01302018.xdc:164]
CRITICAL WARNING: [Common 17-55] 'set_property' expects at least one object. [/home/s1820419/LDPC_MinorResearch/GeneratedDecoders/204.33.486/RTL/BSP/DecodingProcessControl/vivado/fsm_communication/fsm_communication.srcs/constrs_1/imports/zcu104_kit/zcu104_Rev1.0_U1_01302018.xdc:164]
Resolution: If [get_<value>] was used to populate the object, check to make sure this command returns at least one valid object.
WARNING: [Vivado 12-584] No ports matched 'FMC_LPC_LA17_CC_N'. [/home/s1820419/LDPC_MinorResearch/GeneratedDecoders/204.33.486/RTL/BSP/DecodingProcessControl/vivado/fsm_communication/fsm_communication.srcs/constrs_1/imports/zcu104_kit/zcu104_Rev1.0_U1_01302018.xdc:165]
CRITICAL WARNING: [Common 17-55] 'set_property' expects at least one object. [/home/s1820419/LDPC_MinorResearch/GeneratedDecoders/204.33.486/RTL/BSP/DecodingProcessControl/vivado/fsm_communication/fsm_communication.srcs/constrs_1/imports/zcu104_kit/zcu104_Rev1.0_U1_01302018.xdc:165]
Resolution: If [get_<value>] was used to populate the object, check to make sure this command returns at least one valid object.
WARNING: [Vivado 12-584] No ports matched 'FMC_LPC_LA17_CC_N'. [/home/s1820419/LDPC_MinorResearch/GeneratedDecoders/204.33.486/RTL/BSP/DecodingProcessControl/vivado/fsm_communication/fsm_communication.srcs/constrs_1/imports/zcu104_kit/zcu104_Rev1.0_U1_01302018.xdc:166]
CRITICAL WARNING: [Common 17-55] 'set_property' expects at least one object. [/home/s1820419/LDPC_MinorResearch/GeneratedDecoders/204.33.486/RTL/BSP/DecodingProcessControl/vivado/fsm_communication/fsm_communication.srcs/constrs_1/imports/zcu104_kit/zcu104_Rev1.0_U1_01302018.xdc:166]
Resolution: If [get_<value>] was used to populate the object, check to make sure this command returns at least one valid object.
WARNING: [Vivado 12-584] No ports matched 'FMC_LPC_LA17_CC_P'. [/home/s1820419/LDPC_MinorResearch/GeneratedDecoders/204.33.486/RTL/BSP/DecodingProcessControl/vivado/fsm_communication/fsm_communication.srcs/constrs_1/imports/zcu104_kit/zcu104_Rev1.0_U1_01302018.xdc:167]
CRITICAL WARNING: [Common 17-55] 'set_property' expects at least one object. [/home/s1820419/LDPC_MinorResearch/GeneratedDecoders/204.33.486/RTL/BSP/DecodingProcessControl/vivado/fsm_communication/fsm_communication.srcs/constrs_1/imports/zcu104_kit/zcu104_Rev1.0_U1_01302018.xdc:167]
Resolution: If [get_<value>] was used to populate the object, check to make sure this command returns at least one valid object.
WARNING: [Vivado 12-584] No ports matched 'FMC_LPC_LA17_CC_P'. [/home/s1820419/LDPC_MinorResearch/GeneratedDecoders/204.33.486/RTL/BSP/DecodingProcessControl/vivado/fsm_communication/fsm_communication.srcs/constrs_1/imports/zcu104_kit/zcu104_Rev1.0_U1_01302018.xdc:168]
CRITICAL WARNING: [Common 17-55] 'set_property' expects at least one object. [/home/s1820419/LDPC_MinorResearch/GeneratedDecoders/204.33.486/RTL/BSP/DecodingProcessControl/vivado/fsm_communication/fsm_communication.srcs/constrs_1/imports/zcu104_kit/zcu104_Rev1.0_U1_01302018.xdc:168]
Resolution: If [get_<value>] was used to populate the object, check to make sure this command returns at least one valid object.
WARNING: [Vivado 12-584] No ports matched 'FMC_LPC_CLK1_M2C_N'. [/home/s1820419/LDPC_MinorResearch/GeneratedDecoders/204.33.486/RTL/BSP/DecodingProcessControl/vivado/fsm_communication/fsm_communication.srcs/constrs_1/imports/zcu104_kit/zcu104_Rev1.0_U1_01302018.xdc:173]
CRITICAL WARNING: [Common 17-55] 'set_property' expects at least one object. [/home/s1820419/LDPC_MinorResearch/GeneratedDecoders/204.33.486/RTL/BSP/DecodingProcessControl/vivado/fsm_communication/fsm_communication.srcs/constrs_1/imports/zcu104_kit/zcu104_Rev1.0_U1_01302018.xdc:173]
Resolution: If [get_<value>] was used to populate the object, check to make sure this command returns at least one valid object.
WARNING: [Vivado 12-584] No ports matched 'FMC_LPC_CLK1_M2C_N'. [/home/s1820419/LDPC_MinorResearch/GeneratedDecoders/204.33.486/RTL/BSP/DecodingProcessControl/vivado/fsm_communication/fsm_communication.srcs/constrs_1/imports/zcu104_kit/zcu104_Rev1.0_U1_01302018.xdc:174]
CRITICAL WARNING: [Common 17-55] 'set_property' expects at least one object. [/home/s1820419/LDPC_MinorResearch/GeneratedDecoders/204.33.486/RTL/BSP/DecodingProcessControl/vivado/fsm_communication/fsm_communication.srcs/constrs_1/imports/zcu104_kit/zcu104_Rev1.0_U1_01302018.xdc:174]
Resolution: If [get_<value>] was used to populate the object, check to make sure this command returns at least one valid object.
WARNING: [Vivado 12-584] No ports matched 'FMC_LPC_CLK1_M2C_P'. [/home/s1820419/LDPC_MinorResearch/GeneratedDecoders/204.33.486/RTL/BSP/DecodingProcessControl/vivado/fsm_communication/fsm_communication.srcs/constrs_1/imports/zcu104_kit/zcu104_Rev1.0_U1_01302018.xdc:175]
CRITICAL WARNING: [Common 17-55] 'set_property' expects at least one object. [/home/s1820419/LDPC_MinorResearch/GeneratedDecoders/204.33.486/RTL/BSP/DecodingProcessControl/vivado/fsm_communication/fsm_communication.srcs/constrs_1/imports/zcu104_kit/zcu104_Rev1.0_U1_01302018.xdc:175]
Resolution: If [get_<value>] was used to populate the object, check to make sure this command returns at least one valid object.
WARNING: [Vivado 12-584] No ports matched 'FMC_LPC_CLK1_M2C_P'. [/home/s1820419/LDPC_MinorResearch/GeneratedDecoders/204.33.486/RTL/BSP/DecodingProcessControl/vivado/fsm_communication/fsm_communication.srcs/constrs_1/imports/zcu104_kit/zcu104_Rev1.0_U1_01302018.xdc:176]
CRITICAL WARNING: [Common 17-55] 'set_property' expects at least one object. [/home/s1820419/LDPC_MinorResearch/GeneratedDecoders/204.33.486/RTL/BSP/DecodingProcessControl/vivado/fsm_communication/fsm_communication.srcs/constrs_1/imports/zcu104_kit/zcu104_Rev1.0_U1_01302018.xdc:176]
Resolution: If [get_<value>] was used to populate the object, check to make sure this command returns at least one valid object.
WARNING: [Vivado 12-584] No ports matched 'FMC_LPC_LA30_N'. [/home/s1820419/LDPC_MinorResearch/GeneratedDecoders/204.33.486/RTL/BSP/DecodingProcessControl/vivado/fsm_communication/fsm_communication.srcs/constrs_1/imports/zcu104_kit/zcu104_Rev1.0_U1_01302018.xdc:181]
CRITICAL WARNING: [Common 17-55] 'set_property' expects at least one object. [/home/s1820419/LDPC_MinorResearch/GeneratedDecoders/204.33.486/RTL/BSP/DecodingProcessControl/vivado/fsm_communication/fsm_communication.srcs/constrs_1/imports/zcu104_kit/zcu104_Rev1.0_U1_01302018.xdc:181]
Resolution: If [get_<value>] was used to populate the object, check to make sure this command returns at least one valid object.
WARNING: [Vivado 12-584] No ports matched 'FMC_LPC_LA30_N'. [/home/s1820419/LDPC_MinorResearch/GeneratedDecoders/204.33.486/RTL/BSP/DecodingProcessControl/vivado/fsm_communication/fsm_communication.srcs/constrs_1/imports/zcu104_kit/zcu104_Rev1.0_U1_01302018.xdc:182]
CRITICAL WARNING: [Common 17-55] 'set_property' expects at least one object. [/home/s1820419/LDPC_MinorResearch/GeneratedDecoders/204.33.486/RTL/BSP/DecodingProcessControl/vivado/fsm_communication/fsm_communication.srcs/constrs_1/imports/zcu104_kit/zcu104_Rev1.0_U1_01302018.xdc:182]
Resolution: If [get_<value>] was used to populate the object, check to make sure this command returns at least one valid object.
WARNING: [Vivado 12-584] No ports matched 'FMC_LPC_LA30_P'. [/home/s1820419/LDPC_MinorResearch/GeneratedDecoders/204.33.486/RTL/BSP/DecodingProcessControl/vivado/fsm_communication/fsm_communication.srcs/constrs_1/imports/zcu104_kit/zcu104_Rev1.0_U1_01302018.xdc:183]
CRITICAL WARNING: [Common 17-55] 'set_property' expects at least one object. [/home/s1820419/LDPC_MinorResearch/GeneratedDecoders/204.33.486/RTL/BSP/DecodingProcessControl/vivado/fsm_communication/fsm_communication.srcs/constrs_1/imports/zcu104_kit/zcu104_Rev1.0_U1_01302018.xdc:183]
Resolution: If [get_<value>] was used to populate the object, check to make sure this command returns at least one valid object.
WARNING: [Vivado 12-584] No ports matched 'FMC_LPC_LA30_P'. [/home/s1820419/LDPC_MinorResearch/GeneratedDecoders/204.33.486/RTL/BSP/DecodingProcessControl/vivado/fsm_communication/fsm_communication.srcs/constrs_1/imports/zcu104_kit/zcu104_Rev1.0_U1_01302018.xdc:184]
CRITICAL WARNING: [Common 17-55] 'set_property' expects at least one object. [/home/s1820419/LDPC_MinorResearch/GeneratedDecoders/204.33.486/RTL/BSP/DecodingProcessControl/vivado/fsm_communication/fsm_communication.srcs/constrs_1/imports/zcu104_kit/zcu104_Rev1.0_U1_01302018.xdc:184]
Resolution: If [get_<value>] was used to populate the object, check to make sure this command returns at least one valid object.
WARNING: [Vivado 12-584] No ports matched 'FMC_LPC_LA32_N'. [/home/s1820419/LDPC_MinorResearch/GeneratedDecoders/204.33.486/RTL/BSP/DecodingProcessControl/vivado/fsm_communication/fsm_communication.srcs/constrs_1/imports/zcu104_kit/zcu104_Rev1.0_U1_01302018.xdc:185]
CRITICAL WARNING: [Common 17-55] 'set_property' expects at least one object. [/home/s1820419/LDPC_MinorResearch/GeneratedDecoders/204.33.486/RTL/BSP/DecodingProcessControl/vivado/fsm_communication/fsm_communication.srcs/constrs_1/imports/zcu104_kit/zcu104_Rev1.0_U1_01302018.xdc:185]
Resolution: If [get_<value>] was used to populate the object, check to make sure this command returns at least one valid object.
WARNING: [Vivado 12-584] No ports matched 'FMC_LPC_LA32_N'. [/home/s1820419/LDPC_MinorResearch/GeneratedDecoders/204.33.486/RTL/BSP/DecodingProcessControl/vivado/fsm_communication/fsm_communication.srcs/constrs_1/imports/zcu104_kit/zcu104_Rev1.0_U1_01302018.xdc:186]
CRITICAL WARNING: [Common 17-55] 'set_property' expects at least one object. [/home/s1820419/LDPC_MinorResearch/GeneratedDecoders/204.33.486/RTL/BSP/DecodingProcessControl/vivado/fsm_communication/fsm_communication.srcs/constrs_1/imports/zcu104_kit/zcu104_Rev1.0_U1_01302018.xdc:186]
Resolution: If [get_<value>] was used to populate the object, check to make sure this command returns at least one valid object.
WARNING: [Vivado 12-584] No ports matched 'FMC_LPC_LA32_P'. [/home/s1820419/LDPC_MinorResearch/GeneratedDecoders/204.33.486/RTL/BSP/DecodingProcessControl/vivado/fsm_communication/fsm_communication.srcs/constrs_1/imports/zcu104_kit/zcu104_Rev1.0_U1_01302018.xdc:187]
CRITICAL WARNING: [Common 17-55] 'set_property' expects at least one object. [/home/s1820419/LDPC_MinorResearch/GeneratedDecoders/204.33.486/RTL/BSP/DecodingProcessControl/vivado/fsm_communication/fsm_communication.srcs/constrs_1/imports/zcu104_kit/zcu104_Rev1.0_U1_01302018.xdc:187]
Resolution: If [get_<value>] was used to populate the object, check to make sure this command returns at least one valid object.
WARNING: [Vivado 12-584] No ports matched 'FMC_LPC_LA32_P'. [/home/s1820419/LDPC_MinorResearch/GeneratedDecoders/204.33.486/RTL/BSP/DecodingProcessControl/vivado/fsm_communication/fsm_communication.srcs/constrs_1/imports/zcu104_kit/zcu104_Rev1.0_U1_01302018.xdc:188]
CRITICAL WARNING: [Common 17-55] 'set_property' expects at least one object. [/home/s1820419/LDPC_MinorResearch/GeneratedDecoders/204.33.486/RTL/BSP/DecodingProcessControl/vivado/fsm_communication/fsm_communication.srcs/constrs_1/imports/zcu104_kit/zcu104_Rev1.0_U1_01302018.xdc:188]
Resolution: If [get_<value>] was used to populate the object, check to make sure this command returns at least one valid object.
WARNING: [Vivado 12-584] No ports matched 'FMC_LPC_LA33_N'. [/home/s1820419/LDPC_MinorResearch/GeneratedDecoders/204.33.486/RTL/BSP/DecodingProcessControl/vivado/fsm_communication/fsm_communication.srcs/constrs_1/imports/zcu104_kit/zcu104_Rev1.0_U1_01302018.xdc:189]
CRITICAL WARNING: [Common 17-55] 'set_property' expects at least one object. [/home/s1820419/LDPC_MinorResearch/GeneratedDecoders/204.33.486/RTL/BSP/DecodingProcessControl/vivado/fsm_communication/fsm_communication.srcs/constrs_1/imports/zcu104_kit/zcu104_Rev1.0_U1_01302018.xdc:189]
Resolution: If [get_<value>] was used to populate the object, check to make sure this command returns at least one valid object.
WARNING: [Vivado 12-584] No ports matched 'FMC_LPC_LA33_N'. [/home/s1820419/LDPC_MinorResearch/GeneratedDecoders/204.33.486/RTL/BSP/DecodingProcessControl/vivado/fsm_communication/fsm_communication.srcs/constrs_1/imports/zcu104_kit/zcu104_Rev1.0_U1_01302018.xdc:190]
CRITICAL WARNING: [Common 17-55] 'set_property' expects at least one object. [/home/s1820419/LDPC_MinorResearch/GeneratedDecoders/204.33.486/RTL/BSP/DecodingProcessControl/vivado/fsm_communication/fsm_communication.srcs/constrs_1/imports/zcu104_kit/zcu104_Rev1.0_U1_01302018.xdc:190]
Resolution: If [get_<value>] was used to populate the object, check to make sure this command returns at least one valid object.
WARNING: [Vivado 12-584] No ports matched 'FMC_LPC_LA33_P'. [/home/s1820419/LDPC_MinorResearch/GeneratedDecoders/204.33.486/RTL/BSP/DecodingProcessControl/vivado/fsm_communication/fsm_communication.srcs/constrs_1/imports/zcu104_kit/zcu104_Rev1.0_U1_01302018.xdc:191]
CRITICAL WARNING: [Common 17-55] 'set_property' expects at least one object. [/home/s1820419/LDPC_MinorResearch/GeneratedDecoders/204.33.486/RTL/BSP/DecodingProcessControl/vivado/fsm_communication/fsm_communication.srcs/constrs_1/imports/zcu104_kit/zcu104_Rev1.0_U1_01302018.xdc:191]
Resolution: If [get_<value>] was used to populate the object, check to make sure this command returns at least one valid object.
WARNING: [Vivado 12-584] No ports matched 'FMC_LPC_LA33_P'. [/home/s1820419/LDPC_MinorResearch/GeneratedDecoders/204.33.486/RTL/BSP/DecodingProcessControl/vivado/fsm_communication/fsm_communication.srcs/constrs_1/imports/zcu104_kit/zcu104_Rev1.0_U1_01302018.xdc:192]
CRITICAL WARNING: [Common 17-55] 'set_property' expects at least one object. [/home/s1820419/LDPC_MinorResearch/GeneratedDecoders/204.33.486/RTL/BSP/DecodingProcessControl/vivado/fsm_communication/fsm_communication.srcs/constrs_1/imports/zcu104_kit/zcu104_Rev1.0_U1_01302018.xdc:192]
Resolution: If [get_<value>] was used to populate the object, check to make sure this command returns at least one valid object.
WARNING: [Vivado 12-584] No ports matched 'FMC_LPC_LA31_N'. [/home/s1820419/LDPC_MinorResearch/GeneratedDecoders/204.33.486/RTL/BSP/DecodingProcessControl/vivado/fsm_communication/fsm_communication.srcs/constrs_1/imports/zcu104_kit/zcu104_Rev1.0_U1_01302018.xdc:193]
CRITICAL WARNING: [Common 17-55] 'set_property' expects at least one object. [/home/s1820419/LDPC_MinorResearch/GeneratedDecoders/204.33.486/RTL/BSP/DecodingProcessControl/vivado/fsm_communication/fsm_communication.srcs/constrs_1/imports/zcu104_kit/zcu104_Rev1.0_U1_01302018.xdc:193]
Resolution: If [get_<value>] was used to populate the object, check to make sure this command returns at least one valid object.
WARNING: [Vivado 12-584] No ports matched 'FMC_LPC_LA31_N'. [/home/s1820419/LDPC_MinorResearch/GeneratedDecoders/204.33.486/RTL/BSP/DecodingProcessControl/vivado/fsm_communication/fsm_communication.srcs/constrs_1/imports/zcu104_kit/zcu104_Rev1.0_U1_01302018.xdc:194]
CRITICAL WARNING: [Common 17-55] 'set_property' expects at least one object. [/home/s1820419/LDPC_MinorResearch/GeneratedDecoders/204.33.486/RTL/BSP/DecodingProcessControl/vivado/fsm_communication/fsm_communication.srcs/constrs_1/imports/zcu104_kit/zcu104_Rev1.0_U1_01302018.xdc:194]
Resolution: If [get_<value>] was used to populate the object, check to make sure this command returns at least one valid object.
WARNING: [Vivado 12-584] No ports matched 'FMC_LPC_LA31_P'. [/home/s1820419/LDPC_MinorResearch/GeneratedDecoders/204.33.486/RTL/BSP/DecodingProcessControl/vivado/fsm_communication/fsm_communication.srcs/constrs_1/imports/zcu104_kit/zcu104_Rev1.0_U1_01302018.xdc:195]
CRITICAL WARNING: [Common 17-55] 'set_property' expects at least one object. [/home/s1820419/LDPC_MinorResearch/GeneratedDecoders/204.33.486/RTL/BSP/DecodingProcessControl/vivado/fsm_communication/fsm_communication.srcs/constrs_1/imports/zcu104_kit/zcu104_Rev1.0_U1_01302018.xdc:195]
Resolution: If [get_<value>] was used to populate the object, check to make sure this command returns at least one valid object.
WARNING: [Vivado 12-584] No ports matched 'FMC_LPC_LA31_P'. [/home/s1820419/LDPC_MinorResearch/GeneratedDecoders/204.33.486/RTL/BSP/DecodingProcessControl/vivado/fsm_communication/fsm_communication.srcs/constrs_1/imports/zcu104_kit/zcu104_Rev1.0_U1_01302018.xdc:196]
CRITICAL WARNING: [Common 17-55] 'set_property' expects at least one object. [/home/s1820419/LDPC_MinorResearch/GeneratedDecoders/204.33.486/RTL/BSP/DecodingProcessControl/vivado/fsm_communication/fsm_communication.srcs/constrs_1/imports/zcu104_kit/zcu104_Rev1.0_U1_01302018.xdc:196]
Resolution: If [get_<value>] was used to populate the object, check to make sure this command returns at least one valid object.
WARNING: [Vivado 12-584] No ports matched 'FMC_LPC_LA29_N'. [/home/s1820419/LDPC_MinorResearch/GeneratedDecoders/204.33.486/RTL/BSP/DecodingProcessControl/vivado/fsm_communication/fsm_communication.srcs/constrs_1/imports/zcu104_kit/zcu104_Rev1.0_U1_01302018.xdc:217]
CRITICAL WARNING: [Common 17-55] 'set_property' expects at least one object. [/home/s1820419/LDPC_MinorResearch/GeneratedDecoders/204.33.486/RTL/BSP/DecodingProcessControl/vivado/fsm_communication/fsm_communication.srcs/constrs_1/imports/zcu104_kit/zcu104_Rev1.0_U1_01302018.xdc:217]
Resolution: If [get_<value>] was used to populate the object, check to make sure this command returns at least one valid object.
WARNING: [Vivado 12-584] No ports matched 'FMC_LPC_LA29_N'. [/home/s1820419/LDPC_MinorResearch/GeneratedDecoders/204.33.486/RTL/BSP/DecodingProcessControl/vivado/fsm_communication/fsm_communication.srcs/constrs_1/imports/zcu104_kit/zcu104_Rev1.0_U1_01302018.xdc:218]
CRITICAL WARNING: [Common 17-55] 'set_property' expects at least one object. [/home/s1820419/LDPC_MinorResearch/GeneratedDecoders/204.33.486/RTL/BSP/DecodingProcessControl/vivado/fsm_communication/fsm_communication.srcs/constrs_1/imports/zcu104_kit/zcu104_Rev1.0_U1_01302018.xdc:218]
Resolution: If [get_<value>] was used to populate the object, check to make sure this command returns at least one valid object.
WARNING: [Vivado 12-584] No ports matched 'FMC_LPC_LA29_P'. [/home/s1820419/LDPC_MinorResearch/GeneratedDecoders/204.33.486/RTL/BSP/DecodingProcessControl/vivado/fsm_communication/fsm_communication.srcs/constrs_1/imports/zcu104_kit/zcu104_Rev1.0_U1_01302018.xdc:219]
CRITICAL WARNING: [Common 17-55] 'set_property' expects at least one object. [/home/s1820419/LDPC_MinorResearch/GeneratedDecoders/204.33.486/RTL/BSP/DecodingProcessControl/vivado/fsm_communication/fsm_communication.srcs/constrs_1/imports/zcu104_kit/zcu104_Rev1.0_U1_01302018.xdc:219]
Resolution: If [get_<value>] was used to populate the object, check to make sure this command returns at least one valid object.
WARNING: [Vivado 12-584] No ports matched 'FMC_LPC_LA29_P'. [/home/s1820419/LDPC_MinorResearch/GeneratedDecoders/204.33.486/RTL/BSP/DecodingProcessControl/vivado/fsm_communication/fsm_communication.srcs/constrs_1/imports/zcu104_kit/zcu104_Rev1.0_U1_01302018.xdc:220]
CRITICAL WARNING: [Common 17-55] 'set_property' expects at least one object. [/home/s1820419/LDPC_MinorResearch/GeneratedDecoders/204.33.486/RTL/BSP/DecodingProcessControl/vivado/fsm_communication/fsm_communication.srcs/constrs_1/imports/zcu104_kit/zcu104_Rev1.0_U1_01302018.xdc:220]
Resolution: If [get_<value>] was used to populate the object, check to make sure this command returns at least one valid object.
WARNING: [Vivado 12-584] No ports matched 'FMC_LPC_LA28_N'. [/home/s1820419/LDPC_MinorResearch/GeneratedDecoders/204.33.486/RTL/BSP/DecodingProcessControl/vivado/fsm_communication/fsm_communication.srcs/constrs_1/imports/zcu104_kit/zcu104_Rev1.0_U1_01302018.xdc:221]
CRITICAL WARNING: [Common 17-55] 'set_property' expects at least one object. [/home/s1820419/LDPC_MinorResearch/GeneratedDecoders/204.33.486/RTL/BSP/DecodingProcessControl/vivado/fsm_communication/fsm_communication.srcs/constrs_1/imports/zcu104_kit/zcu104_Rev1.0_U1_01302018.xdc:221]
Resolution: If [get_<value>] was used to populate the object, check to make sure this command returns at least one valid object.
WARNING: [Vivado 12-584] No ports matched 'FMC_LPC_LA28_N'. [/home/s1820419/LDPC_MinorResearch/GeneratedDecoders/204.33.486/RTL/BSP/DecodingProcessControl/vivado/fsm_communication/fsm_communication.srcs/constrs_1/imports/zcu104_kit/zcu104_Rev1.0_U1_01302018.xdc:222]
CRITICAL WARNING: [Common 17-55] 'set_property' expects at least one object. [/home/s1820419/LDPC_MinorResearch/GeneratedDecoders/204.33.486/RTL/BSP/DecodingProcessControl/vivado/fsm_communication/fsm_communication.srcs/constrs_1/imports/zcu104_kit/zcu104_Rev1.0_U1_01302018.xdc:222]
Resolution: If [get_<value>] was used to populate the object, check to make sure this command returns at least one valid object.
WARNING: [Vivado 12-584] No ports matched 'FMC_LPC_LA28_P'. [/home/s1820419/LDPC_MinorResearch/GeneratedDecoders/204.33.486/RTL/BSP/DecodingProcessControl/vivado/fsm_communication/fsm_communication.srcs/constrs_1/imports/zcu104_kit/zcu104_Rev1.0_U1_01302018.xdc:223]
CRITICAL WARNING: [Common 17-55] 'set_property' expects at least one object. [/home/s1820419/LDPC_MinorResearch/GeneratedDecoders/204.33.486/RTL/BSP/DecodingProcessControl/vivado/fsm_communication/fsm_communication.srcs/constrs_1/imports/zcu104_kit/zcu104_Rev1.0_U1_01302018.xdc:223]
Resolution: If [get_<value>] was used to populate the object, check to make sure this command returns at least one valid object.
WARNING: [Vivado 12-584] No ports matched 'FMC_LPC_LA28_P'. [/home/s1820419/LDPC_MinorResearch/GeneratedDecoders/204.33.486/RTL/BSP/DecodingProcessControl/vivado/fsm_communication/fsm_communication.srcs/constrs_1/imports/zcu104_kit/zcu104_Rev1.0_U1_01302018.xdc:224]
CRITICAL WARNING: [Common 17-55] 'set_property' expects at least one object. [/home/s1820419/LDPC_MinorResearch/GeneratedDecoders/204.33.486/RTL/BSP/DecodingProcessControl/vivado/fsm_communication/fsm_communication.srcs/constrs_1/imports/zcu104_kit/zcu104_Rev1.0_U1_01302018.xdc:224]
Resolution: If [get_<value>] was used to populate the object, check to make sure this command returns at least one valid object.
WARNING: [Vivado 12-584] No ports matched 'FMC_LPC_LA04_N'. [/home/s1820419/LDPC_MinorResearch/GeneratedDecoders/204.33.486/RTL/BSP/DecodingProcessControl/vivado/fsm_communication/fsm_communication.srcs/constrs_1/imports/zcu104_kit/zcu104_Rev1.0_U1_01302018.xdc:226]
CRITICAL WARNING: [Common 17-55] 'set_property' expects at least one object. [/home/s1820419/LDPC_MinorResearch/GeneratedDecoders/204.33.486/RTL/BSP/DecodingProcessControl/vivado/fsm_communication/fsm_communication.srcs/constrs_1/imports/zcu104_kit/zcu104_Rev1.0_U1_01302018.xdc:226]
Resolution: If [get_<value>] was used to populate the object, check to make sure this command returns at least one valid object.
WARNING: [Vivado 12-584] No ports matched 'FMC_LPC_LA04_N'. [/home/s1820419/LDPC_MinorResearch/GeneratedDecoders/204.33.486/RTL/BSP/DecodingProcessControl/vivado/fsm_communication/fsm_communication.srcs/constrs_1/imports/zcu104_kit/zcu104_Rev1.0_U1_01302018.xdc:227]
CRITICAL WARNING: [Common 17-55] 'set_property' expects at least one object. [/home/s1820419/LDPC_MinorResearch/GeneratedDecoders/204.33.486/RTL/BSP/DecodingProcessControl/vivado/fsm_communication/fsm_communication.srcs/constrs_1/imports/zcu104_kit/zcu104_Rev1.0_U1_01302018.xdc:227]
Resolution: If [get_<value>] was used to populate the object, check to make sure this command returns at least one valid object.
WARNING: [Vivado 12-584] No ports matched 'FMC_LPC_LA04_P'. [/home/s1820419/LDPC_MinorResearch/GeneratedDecoders/204.33.486/RTL/BSP/DecodingProcessControl/vivado/fsm_communication/fsm_communication.srcs/constrs_1/imports/zcu104_kit/zcu104_Rev1.0_U1_01302018.xdc:228]
CRITICAL WARNING: [Common 17-55] 'set_property' expects at least one object. [/home/s1820419/LDPC_MinorResearch/GeneratedDecoders/204.33.486/RTL/BSP/DecodingProcessControl/vivado/fsm_communication/fsm_communication.srcs/constrs_1/imports/zcu104_kit/zcu104_Rev1.0_U1_01302018.xdc:228]
Resolution: If [get_<value>] was used to populate the object, check to make sure this command returns at least one valid object.
WARNING: [Vivado 12-584] No ports matched 'FMC_LPC_LA04_P'. [/home/s1820419/LDPC_MinorResearch/GeneratedDecoders/204.33.486/RTL/BSP/DecodingProcessControl/vivado/fsm_communication/fsm_communication.srcs/constrs_1/imports/zcu104_kit/zcu104_Rev1.0_U1_01302018.xdc:229]
CRITICAL WARNING: [Common 17-55] 'set_property' expects at least one object. [/home/s1820419/LDPC_MinorResearch/GeneratedDecoders/204.33.486/RTL/BSP/DecodingProcessControl/vivado/fsm_communication/fsm_communication.srcs/constrs_1/imports/zcu104_kit/zcu104_Rev1.0_U1_01302018.xdc:229]
Resolution: If [get_<value>] was used to populate the object, check to make sure this command returns at least one valid object.
WARNING: [Vivado 12-584] No ports matched 'FMC_LPC_LA03_N'. [/home/s1820419/LDPC_MinorResearch/GeneratedDecoders/204.33.486/RTL/BSP/DecodingProcessControl/vivado/fsm_communication/fsm_communication.srcs/constrs_1/imports/zcu104_kit/zcu104_Rev1.0_U1_01302018.xdc:230]
CRITICAL WARNING: [Common 17-55] 'set_property' expects at least one object. [/home/s1820419/LDPC_MinorResearch/GeneratedDecoders/204.33.486/RTL/BSP/DecodingProcessControl/vivado/fsm_communication/fsm_communication.srcs/constrs_1/imports/zcu104_kit/zcu104_Rev1.0_U1_01302018.xdc:230]
Resolution: If [get_<value>] was used to populate the object, check to make sure this command returns at least one valid object.
WARNING: [Vivado 12-584] No ports matched 'FMC_LPC_LA03_N'. [/home/s1820419/LDPC_MinorResearch/GeneratedDecoders/204.33.486/RTL/BSP/DecodingProcessControl/vivado/fsm_communication/fsm_communication.srcs/constrs_1/imports/zcu104_kit/zcu104_Rev1.0_U1_01302018.xdc:231]
CRITICAL WARNING: [Common 17-55] 'set_property' expects at least one object. [/home/s1820419/LDPC_MinorResearch/GeneratedDecoders/204.33.486/RTL/BSP/DecodingProcessControl/vivado/fsm_communication/fsm_communication.srcs/constrs_1/imports/zcu104_kit/zcu104_Rev1.0_U1_01302018.xdc:231]
Resolution: If [get_<value>] was used to populate the object, check to make sure this command returns at least one valid object.
WARNING: [Vivado 12-584] No ports matched 'FMC_LPC_LA03_P'. [/home/s1820419/LDPC_MinorResearch/GeneratedDecoders/204.33.486/RTL/BSP/DecodingProcessControl/vivado/fsm_communication/fsm_communication.srcs/constrs_1/imports/zcu104_kit/zcu104_Rev1.0_U1_01302018.xdc:232]
CRITICAL WARNING: [Common 17-55] 'set_property' expects at least one object. [/home/s1820419/LDPC_MinorResearch/GeneratedDecoders/204.33.486/RTL/BSP/DecodingProcessControl/vivado/fsm_communication/fsm_communication.srcs/constrs_1/imports/zcu104_kit/zcu104_Rev1.0_U1_01302018.xdc:232]
Resolution: If [get_<value>] was used to populate the object, check to make sure this command returns at least one valid object.
WARNING: [Vivado 12-584] No ports matched 'FMC_LPC_LA03_P'. [/home/s1820419/LDPC_MinorResearch/GeneratedDecoders/204.33.486/RTL/BSP/DecodingProcessControl/vivado/fsm_communication/fsm_communication.srcs/constrs_1/imports/zcu104_kit/zcu104_Rev1.0_U1_01302018.xdc:233]
INFO: [Common 17-14] Message 'Vivado 12-584' appears 100 times and further instances of the messages will be disabled. Use the Tcl command set_msg_config to change the current settings. [/home/s1820419/LDPC_MinorResearch/GeneratedDecoders/204.33.486/RTL/BSP/DecodingProcessControl/vivado/fsm_communication/fsm_communication.srcs/constrs_1/imports/zcu104_kit/zcu104_Rev1.0_U1_01302018.xdc:233]
CRITICAL WARNING: [Common 17-55] 'set_property' expects at least one object. [/home/s1820419/LDPC_MinorResearch/GeneratedDecoders/204.33.486/RTL/BSP/DecodingProcessControl/vivado/fsm_communication/fsm_communication.srcs/constrs_1/imports/zcu104_kit/zcu104_Rev1.0_U1_01302018.xdc:233]
Resolution: If [get_<value>] was used to populate the object, check to make sure this command returns at least one valid object.
INFO: [Common 17-14] Message 'Common 17-55' appears 100 times and further instances of the messages will be disabled. Use the Tcl command set_msg_config to change the current settings. [/home/s1820419/LDPC_MinorResearch/GeneratedDecoders/204.33.486/RTL/BSP/DecodingProcessControl/vivado/fsm_communication/fsm_communication.srcs/constrs_1/imports/zcu104_kit/zcu104_Rev1.0_U1_01302018.xdc:233]
CRITICAL WARNING: [Common 17-163] Missing value for option 'objects', please type 'set_property -help' for usage info. [/home/s1820419/LDPC_MinorResearch/GeneratedDecoders/204.33.486/RTL/BSP/DecodingProcessControl/vivado/fsm_communication/fsm_communication.srcs/constrs_1/imports/zcu104_kit/zcu104_Rev1.0_U1_01302018.xdc:475]
CRITICAL WARNING: [Designutils 20-1307] Command '3set_property' is not supported in the xdc constraint file. [/home/s1820419/LDPC_MinorResearch/GeneratedDecoders/204.33.486/RTL/BSP/DecodingProcessControl/vivado/fsm_communication/fsm_communication.srcs/constrs_1/imports/zcu104_kit/zcu104_Rev1.0_U1_01302018.xdc:620]
Finished Parsing XDC File [/home/s1820419/LDPC_MinorResearch/GeneratedDecoders/204.33.486/RTL/BSP/DecodingProcessControl/vivado/fsm_communication/fsm_communication.srcs/constrs_1/imports/zcu104_kit/zcu104_Rev1.0_U1_01302018.xdc]
INFO: [Opt 31-138] Pushed 0 inverter(s) to 0 load pin(s).
Netlist sorting complete. Time (s): cpu = 00:00:00 ; elapsed = 00:00:00 . Memory (MB): peak = 2563.336 ; gain = 0.000 ; free physical = 3885 ; free virtual = 147105
INFO: [Project 1-111] Unisim Transformation Summary:
  A total of 12 instances were transformed.
  IBUF => IBUF (IBUFCTRL, INBUF): 12 instances

9 Infos, 100 Warnings, 102 Critical Warnings and 0 Errors encountered.
link_design completed successfully
link_design: Time (s): cpu = 00:00:16 ; elapsed = 00:00:37 . Memory (MB): peak = 2563.336 ; gain = 1077.941 ; free physical = 3885 ; free virtual = 147105
Command: opt_design
Attempting to get a license for feature 'Implementation' and/or device 'xczu7ev'
INFO: [Common 17-349] Got license for feature 'Implementation' and/or device 'xczu7ev'
Running DRC as a precondition to command opt_design

Starting DRC Task
INFO: [DRC 23-27] Running DRC with 8 threads
INFO: [Project 1-461] DRC finished with 0 Errors
INFO: [Project 1-462] Please refer to the DRC report (report_drc) for more information.

Time (s): cpu = 00:00:02 ; elapsed = 00:00:03 . Memory (MB): peak = 2627.367 ; gain = 64.031 ; free physical = 3872 ; free virtual = 147093

Starting Cache Timing Information Task
INFO: [Timing 38-35] Done setting XDC timing constraints.
Ending Cache Timing Information Task | Checksum: 142778fc8

Time (s): cpu = 00:00:05 ; elapsed = 00:00:10 . Memory (MB): peak = 2865.945 ; gain = 238.578 ; free physical = 3718 ; free virtual = 146834

Starting Logic Optimization Task

Phase 1 Retarget
INFO: [Opt 31-138] Pushed 2 inverter(s) to 111 load pin(s).
INFO: [Opt 31-49] Retargeted 0 cell(s).
Phase 1 Retarget | Checksum: 13b4f06df

Time (s): cpu = 00:00:00.09 ; elapsed = 00:00:00.04 . Memory (MB): peak = 3036.789 ; gain = 0.000 ; free physical = 3762 ; free virtual = 146685
INFO: [Opt 31-389] Phase Retarget created 0 cells and removed 2 cells

Phase 2 Constant propagation
INFO: [Opt 31-138] Pushed 0 inverter(s) to 0 load pin(s).
Phase 2 Constant propagation | Checksum: 13b4f06df

Time (s): cpu = 00:00:00.09 ; elapsed = 00:00:00.04 . Memory (MB): peak = 3036.789 ; gain = 0.000 ; free physical = 3762 ; free virtual = 146685
INFO: [Opt 31-389] Phase Constant propagation created 0 cells and removed 0 cells

Phase 3 Sweep
Phase 3 Sweep | Checksum: 179b5fcfb

Time (s): cpu = 00:00:00.10 ; elapsed = 00:00:00.04 . Memory (MB): peak = 3036.789 ; gain = 0.000 ; free physical = 3762 ; free virtual = 146685
INFO: [Opt 31-389] Phase Sweep created 4 cells and removed 0 cells

Phase 4 BUFG optimization
INFO: [Opt 31-1077] Phase BUFG optimization inserted 0 global clock buffer(s) for CLOCK_LOW_FANOUT.
INFO: [Opt 31-1112] Starts optimizing BUFG(s) with a common MMCM/DPLL/XPLL driver.
INFO: [Opt 31-1112] Starts optimizing BUFG(s) with a common driver.
INFO: [Opt 31-1092] Phase BUFG optimization transformed 0 BUFG(s) to MBUFG(s).
Phase 4 BUFG optimization | Checksum: 179b5fcfb

Time (s): cpu = 00:00:00.11 ; elapsed = 00:00:00.05 . Memory (MB): peak = 3036.789 ; gain = 0.000 ; free physical = 3762 ; free virtual = 146685
INFO: [Opt 31-662] Phase BUFG optimization created 0 cells of which 0 are BUFGs and removed 0 cells.

Phase 5 Shift Register Optimization
INFO: [Opt 31-1064] SRL Remap converted 0 SRLs to 0 registers and converted 0 registers of register chains to 0 SRLs
Phase 5 Shift Register Optimization | Checksum: 179b5fcfb

Time (s): cpu = 00:00:00.11 ; elapsed = 00:00:00.06 . Memory (MB): peak = 3036.789 ; gain = 0.000 ; free physical = 3762 ; free virtual = 146685
INFO: [Opt 31-389] Phase Shift Register Optimization created 0 cells and removed 0 cells

Phase 6 Post Processing Netlist
Phase 6 Post Processing Netlist | Checksum: 179b5fcfb

Time (s): cpu = 00:00:00.11 ; elapsed = 00:00:00.06 . Memory (MB): peak = 3036.789 ; gain = 0.000 ; free physical = 3762 ; free virtual = 146685
INFO: [Opt 31-389] Phase Post Processing Netlist created 0 cells and removed 0 cells
Opt_design Change Summary
=========================


-------------------------------------------------------------------------------------------------------------------------
|  Phase                        |  #Cells created  |  #Cells Removed  |  #Constrained objects preventing optimizations  |
-------------------------------------------------------------------------------------------------------------------------
|  Retarget                     |               0  |               2  |                                              0  |
|  Constant propagation         |               0  |               0  |                                              0  |
|  Sweep                        |               4  |               0  |                                              0  |
|  BUFG optimization            |               0  |               0  |                                              0  |
|  Shift Register Optimization  |               0  |               0  |                                              0  |
|  Post Processing Netlist      |               0  |               0  |                                              0  |
-------------------------------------------------------------------------------------------------------------------------



Starting Connectivity Check Task

Time (s): cpu = 00:00:00 ; elapsed = 00:00:00 . Memory (MB): peak = 3036.789 ; gain = 0.000 ; free physical = 3762 ; free virtual = 146685
Ending Logic Optimization Task | Checksum: 138a66a78

Time (s): cpu = 00:00:00.12 ; elapsed = 00:00:00.06 . Memory (MB): peak = 3036.789 ; gain = 0.000 ; free physical = 3762 ; free virtual = 146685

Starting Power Optimization Task
INFO: [Pwropt 34-132] Skipping clock gating for clocks with a period < 2.00 ns.
Ending Power Optimization Task | Checksum: 138a66a78

Time (s): cpu = 00:00:00.01 ; elapsed = 00:00:00.02 . Memory (MB): peak = 3036.789 ; gain = 0.000 ; free physical = 3760 ; free virtual = 146684

Starting Final Cleanup Task
Ending Final Cleanup Task | Checksum: 138a66a78

Time (s): cpu = 00:00:00 ; elapsed = 00:00:00 . Memory (MB): peak = 3036.789 ; gain = 0.000 ; free physical = 3760 ; free virtual = 146684

Starting Netlist Obfuscation Task
Netlist sorting complete. Time (s): cpu = 00:00:00 ; elapsed = 00:00:00 . Memory (MB): peak = 3036.789 ; gain = 0.000 ; free physical = 3761 ; free virtual = 146684
Ending Netlist Obfuscation Task | Checksum: 138a66a78

Time (s): cpu = 00:00:00 ; elapsed = 00:00:00 . Memory (MB): peak = 3036.789 ; gain = 0.000 ; free physical = 3761 ; free virtual = 146684
INFO: [Common 17-83] Releasing license: Implementation
30 Infos, 100 Warnings, 102 Critical Warnings and 0 Errors encountered.
opt_design completed successfully
opt_design: Time (s): cpu = 00:00:10 ; elapsed = 00:00:15 . Memory (MB): peak = 3036.789 ; gain = 473.453 ; free physical = 3761 ; free virtual = 146684
Netlist sorting complete. Time (s): cpu = 00:00:00 ; elapsed = 00:00:00 . Memory (MB): peak = 3036.789 ; gain = 0.000 ; free physical = 3761 ; free virtual = 146685
INFO: [Timing 38-480] Writing timing data to binary archive.
INFO: [Common 17-1381] The checkpoint '/home/s1820419/LDPC_MinorResearch/GeneratedDecoders/204.33.486/RTL/BSP/DecodingProcessControl/vivado/fsm_communication/fsm_communication.runs/impl_1/sys_control_unit_opt.dcp' has been generated.
INFO: [runtcl-4] Executing : report_drc -file sys_control_unit_drc_opted.rpt -pb sys_control_unit_drc_opted.pb -rpx sys_control_unit_drc_opted.rpx
Command: report_drc -file sys_control_unit_drc_opted.rpt -pb sys_control_unit_drc_opted.pb -rpx sys_control_unit_drc_opted.rpx
INFO: [IP_Flow 19-234] Refreshing IP repositories
INFO: [IP_Flow 19-1704] No user IP repositories specified
INFO: [IP_Flow 19-2313] Loaded Vivado IP repository '/home/s1820419/Xilinx/Vivado/2019.2/data/ip'.
INFO: [DRC 23-27] Running DRC with 8 threads
INFO: [Coretcl 2-168] The results of DRC are in file /home/s1820419/LDPC_MinorResearch/GeneratedDecoders/204.33.486/RTL/BSP/DecodingProcessControl/vivado/fsm_communication/fsm_communication.runs/impl_1/sys_control_unit_drc_opted.rpt.
report_drc completed successfully
Command: place_design
Attempting to get a license for feature 'Implementation' and/or device 'xczu7ev'
INFO: [Common 17-349] Got license for feature 'Implementation' and/or device 'xczu7ev'
INFO: [DRC 23-27] Running DRC with 8 threads
INFO: [Vivado_Tcl 4-198] DRC finished with 0 Errors
INFO: [Vivado_Tcl 4-199] Please refer to the DRC report (report_drc) for more information.
Running DRC as a precondition to command place_design
INFO: [DRC 23-27] Running DRC with 8 threads
INFO: [Vivado_Tcl 4-198] DRC finished with 0 Errors
INFO: [Vivado_Tcl 4-199] Please refer to the DRC report (report_drc) for more information.

Starting Placer Task
INFO: [Place 30-611] Multithreading enabled for place_design using a maximum of 8 CPUs

Phase 1 Placer Initialization

Phase 1.1 Placer Initialization Netlist Sorting
Netlist sorting complete. Time (s): cpu = 00:00:00 ; elapsed = 00:00:00 . Memory (MB): peak = 3140.445 ; gain = 0.000 ; free physical = 3733 ; free virtual = 146657
Phase 1.1 Placer Initialization Netlist Sorting | Checksum: 413bd0e9

Time (s): cpu = 00:00:00.02 ; elapsed = 00:00:00.02 . Memory (MB): peak = 3140.445 ; gain = 0.000 ; free physical = 3733 ; free virtual = 146657
Netlist sorting complete. Time (s): cpu = 00:00:00 ; elapsed = 00:00:00 . Memory (MB): peak = 3140.445 ; gain = 0.000 ; free physical = 3733 ; free virtual = 146657

Phase 1.2 IO Placement/ Clock Placement/ Build Placer Device
INFO: [Timing 38-35] Done setting XDC timing constraints.
Phase 1.2 IO Placement/ Clock Placement/ Build Placer Device | Checksum: 16fe21b83

Time (s): cpu = 00:00:01 ; elapsed = 00:00:00.74 . Memory (MB): peak = 3140.445 ; gain = 0.000 ; free physical = 3724 ; free virtual = 146647

Phase 1.3 Build Placer Netlist Model
Phase 1.3 Build Placer Netlist Model | Checksum: 1d8202261

Time (s): cpu = 00:00:28 ; elapsed = 00:00:48 . Memory (MB): peak = 3500.320 ; gain = 359.875 ; free physical = 3607 ; free virtual = 146200

Phase 1.4 Constrain Clocks/Macros
Phase 1.4 Constrain Clocks/Macros | Checksum: 1d8202261

Time (s): cpu = 00:00:28 ; elapsed = 00:00:48 . Memory (MB): peak = 3500.320 ; gain = 359.875 ; free physical = 3607 ; free virtual = 146200
Phase 1 Placer Initialization | Checksum: 1d8202261

Time (s): cpu = 00:00:28 ; elapsed = 00:00:48 . Memory (MB): peak = 3500.320 ; gain = 359.875 ; free physical = 3605 ; free virtual = 146198

Phase 2 Global Placement

Phase 2.1 Floorplanning
Phase 2.1 Floorplanning | Checksum: 1d8202261

Time (s): cpu = 00:00:28 ; elapsed = 00:00:48 . Memory (MB): peak = 3509.309 ; gain = 368.863 ; free physical = 3579 ; free virtual = 146142

Phase 2.2 Global Placement Core
WARNING: [Place 46-29] place_design is not in timing mode. Skip physical synthesis in placer
Phase 2.2 Global Placement Core | Checksum: 242fe477c

Time (s): cpu = 00:00:31 ; elapsed = 00:00:49 . Memory (MB): peak = 3607.766 ; gain = 467.320 ; free physical = 3610 ; free virtual = 146117
Phase 2 Global Placement | Checksum: 242fe477c

Time (s): cpu = 00:00:31 ; elapsed = 00:00:49 . Memory (MB): peak = 3607.766 ; gain = 467.320 ; free physical = 3610 ; free virtual = 146117

Phase 3 Detail Placement

Phase 3.1 Commit Multi Column Macros
Phase 3.1 Commit Multi Column Macros | Checksum: 242fe477c

Time (s): cpu = 00:00:31 ; elapsed = 00:00:49 . Memory (MB): peak = 3607.766 ; gain = 467.320 ; free physical = 3610 ; free virtual = 146117

Phase 3.2 Commit Most Macros & LUTRAMs
Phase 3.2 Commit Most Macros & LUTRAMs | Checksum: 242fe477c

Time (s): cpu = 00:00:31 ; elapsed = 00:00:49 . Memory (MB): peak = 3607.766 ; gain = 467.320 ; free physical = 3608 ; free virtual = 146115

Phase 3.3 Area Swap Optimization
Phase 3.3 Area Swap Optimization | Checksum: 20a636f5a

Time (s): cpu = 00:00:31 ; elapsed = 00:00:49 . Memory (MB): peak = 3607.766 ; gain = 467.320 ; free physical = 3607 ; free virtual = 146114

Phase 3.4 Small Shape DP

Phase 3.4.1 Small Shape Clustering
Phase 3.4.1 Small Shape Clustering | Checksum: 220988aad

Time (s): cpu = 00:00:31 ; elapsed = 00:00:49 . Memory (MB): peak = 3607.766 ; gain = 467.320 ; free physical = 3602 ; free virtual = 146109

Phase 3.4.2 Flow Legalize Slice Clusters
Phase 3.4.2 Flow Legalize Slice Clusters | Checksum: 1ccee0390

Time (s): cpu = 00:00:31 ; elapsed = 00:00:49 . Memory (MB): peak = 3607.766 ; gain = 467.320 ; free physical = 3599 ; free virtual = 146106

Phase 3.4.3 Slice Area Swap
Phase 3.4.3 Slice Area Swap | Checksum: 1f082ed63

Time (s): cpu = 00:00:31 ; elapsed = 00:00:49 . Memory (MB): peak = 3607.766 ; gain = 467.320 ; free physical = 3583 ; free virtual = 146090

Phase 3.4.4 Commit Slice Clusters
Phase 3.4.4 Commit Slice Clusters | Checksum: 25ea9811d

Time (s): cpu = 00:00:32 ; elapsed = 00:00:49 . Memory (MB): peak = 3607.766 ; gain = 467.320 ; free physical = 3598 ; free virtual = 146105
Phase 3.4 Small Shape DP | Checksum: 25ea9811d

Time (s): cpu = 00:00:32 ; elapsed = 00:00:49 . Memory (MB): peak = 3607.766 ; gain = 467.320 ; free physical = 3600 ; free virtual = 146107

Phase 3.5 Re-assign LUT pins
Phase 3.5 Re-assign LUT pins | Checksum: 25ea9811d

Time (s): cpu = 00:00:32 ; elapsed = 00:00:49 . Memory (MB): peak = 3607.766 ; gain = 467.320 ; free physical = 3601 ; free virtual = 146108

Phase 3.6 Pipeline Register Optimization
Phase 3.6 Pipeline Register Optimization | Checksum: 25ea9811d

Time (s): cpu = 00:00:32 ; elapsed = 00:00:49 . Memory (MB): peak = 3607.766 ; gain = 467.320 ; free physical = 3601 ; free virtual = 146108
Phase 3 Detail Placement | Checksum: 25ea9811d

Time (s): cpu = 00:00:32 ; elapsed = 00:00:49 . Memory (MB): peak = 3607.766 ; gain = 467.320 ; free physical = 3601 ; free virtual = 146108

Phase 4 Post Placement Optimization and Clean-Up

Phase 4.1 Post Commit Optimization
Phase 4.1 Post Commit Optimization | Checksum: 25ea9811d

Time (s): cpu = 00:00:32 ; elapsed = 00:00:49 . Memory (MB): peak = 3607.766 ; gain = 467.320 ; free physical = 3600 ; free virtual = 146107

Phase 4.2 Post Placement Cleanup
Phase 4.2 Post Placement Cleanup | Checksum: 25ea9811d

Time (s): cpu = 00:00:32 ; elapsed = 00:00:49 . Memory (MB): peak = 3607.766 ; gain = 467.320 ; free physical = 3611 ; free virtual = 146118
Netlist sorting complete. Time (s): cpu = 00:00:00 ; elapsed = 00:00:00 . Memory (MB): peak = 3607.766 ; gain = 0.000 ; free physical = 3607 ; free virtual = 146114

Phase 4.3 Placer Reporting
Phase 4.3 Placer Reporting | Checksum: 30346d05e

Time (s): cpu = 00:00:38 ; elapsed = 00:00:55 . Memory (MB): peak = 3607.766 ; gain = 467.320 ; free physical = 3606 ; free virtual = 146113

Phase 4.4 Final Placement Cleanup
Netlist sorting complete. Time (s): cpu = 00:00:00 ; elapsed = 00:00:00 . Memory (MB): peak = 3607.766 ; gain = 0.000 ; free physical = 3606 ; free virtual = 146113
Phase 4.4 Final Placement Cleanup | Checksum: 22f388ff2

Time (s): cpu = 00:00:38 ; elapsed = 00:00:55 . Memory (MB): peak = 3607.766 ; gain = 467.320 ; free physical = 3606 ; free virtual = 146113
Phase 4 Post Placement Optimization and Clean-Up | Checksum: 22f388ff2

Time (s): cpu = 00:00:38 ; elapsed = 00:00:55 . Memory (MB): peak = 3607.766 ; gain = 467.320 ; free physical = 3606 ; free virtual = 146113
Ending Placer Task | Checksum: 1463f1a6e

Time (s): cpu = 00:00:38 ; elapsed = 00:00:55 . Memory (MB): peak = 3607.766 ; gain = 467.320 ; free physical = 3606 ; free virtual = 146114
INFO: [Common 17-83] Releasing license: Implementation
48 Infos, 101 Warnings, 102 Critical Warnings and 0 Errors encountered.
place_design completed successfully
place_design: Time (s): cpu = 00:00:41 ; elapsed = 00:00:58 . Memory (MB): peak = 3607.766 ; gain = 470.289 ; free physical = 3674 ; free virtual = 146181
Netlist sorting complete. Time (s): cpu = 00:00:00 ; elapsed = 00:00:00 . Memory (MB): peak = 3607.766 ; gain = 0.000 ; free physical = 3674 ; free virtual = 146181
INFO: [Timing 38-480] Writing timing data to binary archive.
Writing placer database...
Writing XDEF routing.
Writing XDEF routing logical nets.
Writing XDEF routing special nets.
Write XDEF Complete: Time (s): cpu = 00:00:00.12 ; elapsed = 00:00:00.05 . Memory (MB): peak = 3617.078 ; gain = 0.000 ; free physical = 3670 ; free virtual = 146181
INFO: [Common 17-1381] The checkpoint '/home/s1820419/LDPC_MinorResearch/GeneratedDecoders/204.33.486/RTL/BSP/DecodingProcessControl/vivado/fsm_communication/fsm_communication.runs/impl_1/sys_control_unit_placed.dcp' has been generated.
INFO: [runtcl-4] Executing : report_io -file sys_control_unit_io_placed.rpt
report_io: Time (s): cpu = 00:00:00.20 ; elapsed = 00:00:00.31 . Memory (MB): peak = 3617.078 ; gain = 0.000 ; free physical = 3646 ; free virtual = 146154
INFO: [runtcl-4] Executing : report_utilization -file sys_control_unit_utilization_placed.rpt -pb sys_control_unit_utilization_placed.pb
INFO: [runtcl-4] Executing : report_control_sets -verbose -file sys_control_unit_control_sets_placed.rpt
report_control_sets: Time (s): cpu = 00:00:00.01 ; elapsed = 00:00:00.10 . Memory (MB): peak = 3617.078 ; gain = 0.000 ; free physical = 3672 ; free virtual = 146180
Command: route_design
Attempting to get a license for feature 'Implementation' and/or device 'xczu7ev'
INFO: [Common 17-349] Got license for feature 'Implementation' and/or device 'xczu7ev'
Running DRC as a precondition to command route_design
INFO: [DRC 23-27] Running DRC with 8 threads
INFO: [Vivado_Tcl 4-198] DRC finished with 0 Errors
INFO: [Vivado_Tcl 4-199] Please refer to the DRC report (report_drc) for more information.


Starting Routing Task
INFO: [Route 35-254] Multithreading enabled for route_design using a maximum of 8 CPUs
Checksum: PlaceDB: 8c631a74 ConstDB: 0 ShapeSum: 153eb0b9 RouteDB: a49d4f41

Phase 1 Build RT Design
Phase 1 Build RT Design | Checksum: e2cbad88

Time (s): cpu = 00:01:45 ; elapsed = 00:01:36 . Memory (MB): peak = 4023.875 ; gain = 343.094 ; free physical = 3943 ; free virtual = 145935
Post Restoration Checksum: NetGraph: f932a1fa NumContArr: d5804a59 Constraints: 664a897b Timing: 0

Phase 2 Router Initialization
INFO: [Route 35-64] No timing constraints were detected. The router will operate in resource-optimization mode.

Phase 2.1 Fix Topology Constraints
Phase 2.1 Fix Topology Constraints | Checksum: 234fd75ce

Time (s): cpu = 00:01:45 ; elapsed = 00:01:36 . Memory (MB): peak = 4038.996 ; gain = 358.215 ; free physical = 3886 ; free virtual = 145877

Phase 2.2 Pre Route Cleanup
Phase 2.2 Pre Route Cleanup | Checksum: 234fd75ce

Time (s): cpu = 00:01:45 ; elapsed = 00:01:36 . Memory (MB): peak = 4038.996 ; gain = 358.215 ; free physical = 3886 ; free virtual = 145877

Phase 2.3 Global Clock Net Routing
 Number of Nodes with overlaps = 0
Phase 2.3 Global Clock Net Routing | Checksum: 17816bc81

Time (s): cpu = 00:01:46 ; elapsed = 00:01:37 . Memory (MB): peak = 4075.613 ; gain = 394.832 ; free physical = 3879 ; free virtual = 145871
Phase 2 Router Initialization | Checksum: 17816bc81

Time (s): cpu = 00:01:46 ; elapsed = 00:01:37 . Memory (MB): peak = 4075.613 ; gain = 394.832 ; free physical = 3879 ; free virtual = 145871

Router Utilization Summary
  Global Vertical Routing Utilization    = 0 %
  Global Horizontal Routing Utilization  = 0 %
  Routable Net Status*
  *Does not include unroutable nets such as driverless and loadless.
  Run report_route_status for detailed report.
  Number of Failed Nets               = 195
    (Failed Nets is the sum of unrouted and partially routed nets)
  Number of Unrouted Nets             = 180
  Number of Partially Routed Nets     = 15
  Number of Node Overlaps             = 0


Phase 3 Initial Routing
Phase 3 Initial Routing | Checksum: 1875b91ef

Time (s): cpu = 00:01:49 ; elapsed = 00:01:39 . Memory (MB): peak = 4076.617 ; gain = 395.836 ; free physical = 3859 ; free virtual = 145852

Phase 4 Rip-up And Reroute

Phase 4.1 Global Iteration 0
 Number of Nodes with overlaps = 11
 Number of Nodes with overlaps = 0
Phase 4.1 Global Iteration 0 | Checksum: 24710bf2f

Time (s): cpu = 00:01:49 ; elapsed = 00:01:39 . Memory (MB): peak = 4076.617 ; gain = 395.836 ; free physical = 3862 ; free virtual = 145854
Phase 4 Rip-up And Reroute | Checksum: 24710bf2f

Time (s): cpu = 00:01:49 ; elapsed = 00:01:39 . Memory (MB): peak = 4076.617 ; gain = 395.836 ; free physical = 3862 ; free virtual = 145855

Phase 5 Delay and Skew Optimization
Phase 5 Delay and Skew Optimization | Checksum: 24710bf2f

Time (s): cpu = 00:01:49 ; elapsed = 00:01:39 . Memory (MB): peak = 4076.617 ; gain = 395.836 ; free physical = 3866 ; free virtual = 145859

Phase 6 Post Hold Fix

Phase 6.1 Hold Fix Iter
Phase 6.1 Hold Fix Iter | Checksum: 24710bf2f

Time (s): cpu = 00:01:49 ; elapsed = 00:01:39 . Memory (MB): peak = 4076.617 ; gain = 395.836 ; free physical = 3866 ; free virtual = 145859
Phase 6 Post Hold Fix | Checksum: 24710bf2f

Time (s): cpu = 00:01:49 ; elapsed = 00:01:39 . Memory (MB): peak = 4076.617 ; gain = 395.836 ; free physical = 3866 ; free virtual = 145859

Phase 7 Route finalize

Router Utilization Summary
  Global Vertical Routing Utilization    = 0.0146717 %
  Global Horizontal Routing Utilization  = 0.00477675 %
  Routable Net Status*
  *Does not include unroutable nets such as driverless and loadless.
  Run report_route_status for detailed report.
  Number of Failed Nets               = 0
    (Failed Nets is the sum of unrouted and partially routed nets)
  Number of Unrouted Nets             = 0
  Number of Partially Routed Nets     = 0
  Number of Node Overlaps             = 0

Congestion Report
North Dir 1x1 Area, Max Cong = 11.2676%, No Congested Regions.
South Dir 1x1 Area, Max Cong = 12.3223%, No Congested Regions.
East Dir 1x1 Area, Max Cong = 8.65385%, No Congested Regions.
West Dir 1x1 Area, Max Cong = 6.73077%, No Congested Regions.

------------------------------
Reporting congestion hotspots
------------------------------
Direction: North
----------------
Congested clusters found at Level 0
Effective congestion level: 0 Aspect Ratio: 1 Sparse Ratio: 0
Direction: South
----------------
Congested clusters found at Level 0
Effective congestion level: 0 Aspect Ratio: 1 Sparse Ratio: 0
Direction: East
----------------
Congested clusters found at Level 0
Effective congestion level: 0 Aspect Ratio: 1 Sparse Ratio: 0
Direction: West
----------------
Congested clusters found at Level 0
Effective congestion level: 0 Aspect Ratio: 1 Sparse Ratio: 0

Phase 7 Route finalize | Checksum: 24710bf2f

Time (s): cpu = 00:01:50 ; elapsed = 00:01:39 . Memory (MB): peak = 4076.617 ; gain = 395.836 ; free physical = 3863 ; free virtual = 145855

Phase 8 Verifying routed nets

 Verification completed successfully
Phase 8 Verifying routed nets | Checksum: 24710bf2f

Time (s): cpu = 00:01:50 ; elapsed = 00:01:39 . Memory (MB): peak = 4076.617 ; gain = 395.836 ; free physical = 3862 ; free virtual = 145854

Phase 9 Depositing Routes
Phase 9 Depositing Routes | Checksum: 24710bf2f

Time (s): cpu = 00:01:50 ; elapsed = 00:01:39 . Memory (MB): peak = 4076.617 ; gain = 395.836 ; free physical = 3862 ; free virtual = 145854
INFO: [Route 35-16] Router Completed Successfully

Time (s): cpu = 00:01:50 ; elapsed = 00:01:39 . Memory (MB): peak = 4076.617 ; gain = 395.836 ; free physical = 3938 ; free virtual = 145930

Routing Is Done.
INFO: [Common 17-83] Releasing license: Implementation
61 Infos, 101 Warnings, 102 Critical Warnings and 0 Errors encountered.
route_design completed successfully
route_design: Time (s): cpu = 00:01:53 ; elapsed = 00:01:42 . Memory (MB): peak = 4076.617 ; gain = 459.539 ; free physical = 3937 ; free virtual = 145930
Netlist sorting complete. Time (s): cpu = 00:00:00 ; elapsed = 00:00:00 . Memory (MB): peak = 4076.617 ; gain = 0.000 ; free physical = 3937 ; free virtual = 145930
INFO: [Timing 38-480] Writing timing data to binary archive.
Writing placer database...
Writing XDEF routing.
Writing XDEF routing logical nets.
Writing XDEF routing special nets.
Write XDEF Complete: Time (s): cpu = 00:00:00.13 ; elapsed = 00:00:00.04 . Memory (MB): peak = 4076.617 ; gain = 0.000 ; free physical = 3936 ; free virtual = 145932
INFO: [Common 17-1381] The checkpoint '/home/s1820419/LDPC_MinorResearch/GeneratedDecoders/204.33.486/RTL/BSP/DecodingProcessControl/vivado/fsm_communication/fsm_communication.runs/impl_1/sys_control_unit_routed.dcp' has been generated.
INFO: [runtcl-4] Executing : report_drc -file sys_control_unit_drc_routed.rpt -pb sys_control_unit_drc_routed.pb -rpx sys_control_unit_drc_routed.rpx
Command: report_drc -file sys_control_unit_drc_routed.rpt -pb sys_control_unit_drc_routed.pb -rpx sys_control_unit_drc_routed.rpx
INFO: [IP_Flow 19-1839] IP Catalog is up to date.
INFO: [DRC 23-27] Running DRC with 8 threads
INFO: [Coretcl 2-168] The results of DRC are in file /home/s1820419/LDPC_MinorResearch/GeneratedDecoders/204.33.486/RTL/BSP/DecodingProcessControl/vivado/fsm_communication/fsm_communication.runs/impl_1/sys_control_unit_drc_routed.rpt.
report_drc completed successfully
INFO: [runtcl-4] Executing : report_methodology -file sys_control_unit_methodology_drc_routed.rpt -pb sys_control_unit_methodology_drc_routed.pb -rpx sys_control_unit_methodology_drc_routed.rpx
Command: report_methodology -file sys_control_unit_methodology_drc_routed.rpt -pb sys_control_unit_methodology_drc_routed.pb -rpx sys_control_unit_methodology_drc_routed.rpx
INFO: [Timing 38-35] Done setting XDC timing constraints.
INFO: [DRC 23-133] Running Methodology with 8 threads
INFO: [Coretcl 2-1520] The results of Report Methodology are in file /home/s1820419/LDPC_MinorResearch/GeneratedDecoders/204.33.486/RTL/BSP/DecodingProcessControl/vivado/fsm_communication/fsm_communication.runs/impl_1/sys_control_unit_methodology_drc_routed.rpt.
report_methodology completed successfully
report_methodology: Time (s): cpu = 00:00:04 ; elapsed = 00:00:06 . Memory (MB): peak = 4190.914 ; gain = 15.578 ; free physical = 3855 ; free virtual = 145849
INFO: [runtcl-4] Executing : report_power -file sys_control_unit_power_routed.rpt -pb sys_control_unit_power_summary_routed.pb -rpx sys_control_unit_power_routed.rpx
Command: report_power -file sys_control_unit_power_routed.rpt -pb sys_control_unit_power_summary_routed.pb -rpx sys_control_unit_power_routed.rpx
INFO: [Timing 38-35] Done setting XDC timing constraints.
WARNING: [Power 33-232] No user defined clocks were found in the design! Power estimation will be inaccurate until this is corrected.
Resolution: Please specify clocks using create_clock/create_generated_clock for sequential elements. For pure combinatorial circuits, please specify a virtual clock, otherwise the vectorless estimation might be inaccurate
Running Vector-less Activity Propagation...

Finished Running Vector-less Activity Propagation
73 Infos, 102 Warnings, 102 Critical Warnings and 0 Errors encountered.
report_power completed successfully
report_power: Time (s): cpu = 00:00:06 ; elapsed = 00:00:07 . Memory (MB): peak = 4218.020 ; gain = 27.105 ; free physical = 3839 ; free virtual = 145834
INFO: [runtcl-4] Executing : report_route_status -file sys_control_unit_route_status.rpt -pb sys_control_unit_route_status.pb
INFO: [runtcl-4] Executing : report_timing_summary -max_paths 10 -file sys_control_unit_timing_summary_routed.rpt -pb sys_control_unit_timing_summary_routed.pb -rpx sys_control_unit_timing_summary_routed.rpx -warn_on_violation 
INFO: [Timing 38-91] UpdateTimingParams: Speed grade: -2, Temperature grade: E, Delay Type: min_max.
INFO: [Timing 38-191] Multithreading enabled for timing update using a maximum of 8 CPUs
WARNING: [Timing 38-313] There are no user specified timing constraints. Timing constraints are needed for proper timing analysis.
INFO: [runtcl-4] Executing : report_incremental_reuse -file sys_control_unit_incremental_reuse_routed.rpt
INFO: [Vivado_Tcl 4-1062] Incremental flow is disabled. No incremental reuse Info to report.
INFO: [runtcl-4] Executing : report_clock_utilization -file sys_control_unit_clock_utilization_routed.rpt
INFO: [runtcl-4] Executing : report_bus_skew -warn_on_violation -file sys_control_unit_bus_skew_routed.rpt -pb sys_control_unit_bus_skew_routed.pb -rpx sys_control_unit_bus_skew_routed.rpx
INFO: [Timing 38-91] UpdateTimingParams: Speed grade: -2, Temperature grade: E, Delay Type: min_max.
INFO: [Timing 38-191] Multithreading enabled for timing update using a maximum of 8 CPUs
INFO: [Common 17-206] Exiting Vivado at Wed Nov 11 10:27:32 2020...
