Copyright 1986-2019 Xilinx, Inc. All Rights Reserved.
----------------------------------------------------------------------------------------------------------------------------------------------------------------------
| Tool Version     : Vivado v.2019.2 (lin64) Build 2708876 Wed Nov  6 21:39:14 MST 2019
| Date             : Wed Nov 11 10:27:29 2020
| Host             : lmpcc running 64-bit SUSE Linux Enterprise Server 15 SP1
| Command          : report_power -file sys_control_unit_power_routed.rpt -pb sys_control_unit_power_summary_routed.pb -rpx sys_control_unit_power_routed.rpx
| Design           : sys_control_unit
| Device           : xczu7ev-ffvc1156-2-e
| Design State     : routed
| Grade            : extended
| Process          : typical
| Characterization : Production
----------------------------------------------------------------------------------------------------------------------------------------------------------------------

Power Report

Table of Contents
-----------------
1. Summary
1.1 On-Chip Components
1.2 Power Supply Summary
1.3 Confidence Level
2. Settings
2.1 Environment
2.2 Clock Constraints
3. Detailed Reports
3.1 By Hierarchy

1. Summary
----------

+--------------------------+--------------+
| Total On-Chip Power (W)  | 7.234        |
| Design Power Budget (W)  | Unspecified* |
| Power Budget Margin (W)  | NA           |
| Dynamic (W)              | 6.604        |
| Device Static (W)        | 0.630        |
| Effective TJA (C/W)      | 1.0          |
| Max Ambient (C)          | 92.9         |
| Junction Temperature (C) | 32.1         |
| Confidence Level         | Low          |
| Setting File             | ---          |
| Simulation Activity File | ---          |
| Design Nets Matched      | NA           |
+--------------------------+--------------+
* Specify Design Power Budget using, set_operating_conditions -design_power_budget <value in Watts>


1.1 On-Chip Components
----------------------

+----------------+-----------+----------+-----------+-----------------+
| On-Chip        | Power (W) | Used     | Available | Utilization (%) |
+----------------+-----------+----------+-----------+-----------------+
| CLB Logic      |     0.542 |      275 |       --- |             --- |
|   LUT as Logic |     0.476 |       94 |    230400 |            0.04 |
|   Register     |     0.065 |      132 |    460800 |            0.03 |
|   BUFG         |    <0.001 |        1 |        64 |            1.56 |
|   Others       |     0.000 |       10 |       --- |             --- |
| Signals        |     0.456 |      194 |       --- |             --- |
| I/O            |     5.606 |       45 |       360 |           12.50 |
| Static Power   |     0.630 |          |           |                 |
| Total          |     7.234 |          |           |                 |
+----------------+-----------+----------+-----------+-----------------+


1.2 Power Supply Summary
------------------------

+-----------------+-------------+-----------+-------------+------------+
| Source          | Voltage (V) | Total (A) | Dynamic (A) | Static (A) |
+-----------------+-------------+-----------+-------------+------------+
| Vccint          |       0.850 |     1.410 |       1.233 |      0.177 |
| Vccint_io       |       0.850 |     0.072 |       0.000 |      0.072 |
| Vccbram         |       0.850 |     0.002 |       0.000 |      0.002 |
| Vccaux          |       1.800 |     0.146 |       0.000 |      0.146 |
| Vccaux_io       |       1.800 |     0.779 |       0.724 |      0.055 |
| Vcco33          |       3.300 |     0.000 |       0.000 |      0.000 |
| Vcco25          |       2.500 |     0.000 |       0.000 |      0.000 |
| Vcco18          |       1.800 |     2.362 |       2.362 |      0.000 |
| Vcco15          |       1.500 |     0.000 |       0.000 |      0.000 |
| Vcco135         |       1.350 |     0.000 |       0.000 |      0.000 |
| Vcco12          |       1.200 |     0.000 |       0.000 |      0.000 |
| Vcco10          |       1.000 |     0.000 |       0.000 |      0.000 |
| Vccadc          |       1.800 |     0.008 |       0.000 |      0.008 |
| VCC_PSINTFP     |       0.850 |     0.000 |       0.000 |      0.000 |
| VCC_PSINTLP     |       0.850 |     0.006 |       0.000 |      0.006 |
| VPS_MGTRAVCC    |       0.850 |     0.000 |       0.000 |      0.000 |
| VCC_PSINTFP_DDR |       0.850 |     0.000 |       0.000 |      0.000 |
| VCC_PSPLL       |       1.200 |     0.002 |       0.000 |      0.002 |
| VPS_MGTRAVTT    |       1.800 |     0.000 |       0.000 |      0.000 |
| VCCO_PSDDR_504  |       1.200 |     0.000 |       0.000 |      0.000 |
| VCC_PSAUX       |       1.800 |     0.002 |       0.000 |      0.002 |
| VCC_PSBATT      |       1.200 |     0.000 |       0.000 |      0.000 |
| VCC_PSDDR_PLL   |       1.800 |     0.000 |       0.000 |      0.000 |
| VCCO_PSIO0_500  |       3.300 |     0.000 |       0.000 |      0.000 |
| VCCO_PSIO1_501  |       3.300 |     0.000 |       0.000 |      0.000 |
| VCCO_PSIO2_502  |       3.300 |     0.000 |       0.000 |      0.000 |
| VCCO_PSIO3_503  |       3.300 |     0.000 |       0.000 |      0.000 |
| VCC_PSADC       |       1.800 |     0.002 |       0.000 |      0.002 |
| VCCINT_VCU      |       0.900 |     0.030 |       0.000 |      0.030 |
| MGTAVcc         |       0.900 |     0.000 |       0.000 |      0.000 |
| MGTAVtt         |       1.200 |     0.000 |       0.000 |      0.000 |
| MGTVccaux       |       1.800 |     0.000 |       0.000 |      0.000 |
+-----------------+-------------+-----------+-------------+------------+


1.3 Confidence Level
--------------------

+-----------------------------+------------+--------------------------------------------------------+--------------------------------------------------------------------------------------------------------------------+
| User Input Data             | Confidence | Details                                                | Action                                                                                                             |
+-----------------------------+------------+--------------------------------------------------------+--------------------------------------------------------------------------------------------------------------------+
| Design implementation state | High       | Design is routed                                       |                                                                                                                    |
| Clock nodes activity        | Low        | User specified less than 75% of clocks                 | Provide missing clock activity with a constraint file, simulation results or by editing the "By Clock Domain" view |
| I/O nodes activity          | Low        | More than 75% of inputs are missing user specification | Provide missing input activity with simulation results or by editing the "By Resource Type -> I/Os" view           |
| Internal nodes activity     | Medium     | User specified less than 25% of internal nodes         | Provide missing internal nodes activity with simulation results or by editing the "By Resource Type" views         |
| Device models               | High       | Device models are Production                           |                                                                                                                    |
|                             |            |                                                        |                                                                                                                    |
| Overall confidence level    | Low        |                                                        |                                                                                                                    |
+-----------------------------+------------+--------------------------------------------------------+--------------------------------------------------------------------------------------------------------------------+


2. Settings
-----------

2.1 Environment
---------------

+-----------------------+--------------------------+
| Ambient Temp (C)      | 25.0                     |
| ThetaJA (C/W)         | 1.0                      |
| Airflow (LFM)         | 250                      |
| Heat Sink             | medium (Medium Profile)  |
| ThetaSA (C/W)         | 1.5                      |
| Board Selection       | medium (10"x10")         |
| # of Board Layers     | 12to15 (12 to 15 Layers) |
| Board Temperature (C) | 25.0                     |
+-----------------------+--------------------------+


2.2 Clock Constraints
---------------------

+-------+--------+-----------------+
| Clock | Domain | Constraint (ns) |
+-------+--------+-----------------+


3. Detailed Reports
-------------------

3.1 By Hierarchy
----------------

+-------------------------------------------------+-----------+
| Name                                            | Power (W) |
+-------------------------------------------------+-----------+
| sys_control_unit                                |     6.604 |
|   cn_iter_update_IBUF[0]_inst                   |     0.008 |
|   cn_iter_update_IBUF[1]_inst                   |     0.007 |
|   cn_iter_update_IBUF[2]_inst                   |     0.007 |
|   cn_iter_update_IBUF[3]_inst                   |     0.009 |
|   cn_slave_wr_handshake_inst[0].cn_wr_handshake |     0.070 |
|   cn_slave_wr_handshake_inst[1].cn_wr_handshake |     0.077 |
|   cn_slave_wr_handshake_inst[2].cn_wr_handshake |     0.070 |
|   cn_slave_wr_handshake_inst[3].cn_wr_handshake |     0.081 |
|   dn_iter_update_IBUF_inst                      |     0.007 |
|   dn_wr_handshake                               |     0.048 |
|   inter_frame_align_IBUF_inst                   |     0.005 |
|   read_clk_IBUF_inst                            |     0.004 |
|   termination_IBUF_inst                         |     0.006 |
|   vn_iter_update_IBUF[0]_inst                   |     0.008 |
|   vn_iter_update_IBUF[1]_inst                   |     0.007 |
|   vn_slave_wr_handshake_inst[0].vn_wr_handshake |     0.055 |
|   vn_slave_wr_handshake_inst[1].vn_wr_handshake |     0.046 |
+-------------------------------------------------+-----------+


