Copyright 1986-2019 Xilinx, Inc. All Rights Reserved.
---------------------------------------------------------------------------------------------------------------------
| Tool Version : Vivado v.2019.2 (lin64) Build 2708876 Wed Nov  6 21:39:14 MST 2019
| Date         : Thu Aug  6 16:08:53 2020
| Host         : lmpcc running 64-bit SUSE Linux Enterprise Server 15 SP1
| Command      : report_utilization -file cnu6_204_102_utilization_placed.rpt -pb cnu6_204_102_utilization_placed.pb
| Design       : cnu6_204_102
| Device       : xczu7evffvc1156-2
| Design State : Fully Placed
---------------------------------------------------------------------------------------------------------------------

Utilization Design Information

Table of Contents
-----------------
1. CLB Logic
1.1 Summary of Registers by Type
2. CLB Logic Distribution
3. BLOCKRAM
4. ARITHMETIC
5. I/O
6. CLOCK
7. ADVANCED
8. CONFIGURATION
9. Primitives
10. Black Boxes
11. Instantiated Netlists

1. CLB Logic
------------

+----------------------------+-------+-------+-----------+-------+
|          Site Type         |  Used | Fixed | Available | Util% |
+----------------------------+-------+-------+-----------+-------+
| CLB LUTs                   | 13717 |     0 |    230400 |  5.95 |
|   LUT as Logic             |  5149 |     0 |    230400 |  2.23 |
|   LUT as Memory            |  8568 |     0 |    101760 |  8.42 |
|     LUT as Distributed RAM |  8568 |     0 |           |       |
|     LUT as Shift Register  |     0 |     0 |           |       |
| CLB Registers              |  9573 |     0 |    460800 |  2.08 |
|   Register as Flip Flop    |  9573 |     0 |    460800 |  2.08 |
|   Register as Latch        |     0 |     0 |    460800 |  0.00 |
| CARRY8                     |     0 |     0 |     28800 |  0.00 |
| F7 Muxes                   |     0 |     0 |    115200 |  0.00 |
| F8 Muxes                   |     0 |     0 |     57600 |  0.00 |
| F9 Muxes                   |     0 |     0 |     28800 |  0.00 |
+----------------------------+-------+-------+-----------+-------+


1.1 Summary of Registers by Type
--------------------------------

+-------+--------------+-------------+--------------+
| Total | Clock Enable | Synchronous | Asynchronous |
+-------+--------------+-------------+--------------+
| 0     |            _ |           - |            - |
| 0     |            _ |           - |          Set |
| 0     |            _ |           - |        Reset |
| 0     |            _ |         Set |            - |
| 0     |            _ |       Reset |            - |
| 0     |          Yes |           - |            - |
| 0     |          Yes |           - |          Set |
| 0     |          Yes |           - |        Reset |
| 0     |          Yes |         Set |            - |
| 9573  |          Yes |       Reset |            - |
+-------+--------------+-------------+--------------+


2. CLB Logic Distribution
-------------------------

+--------------------------------------------+------+-------+-----------+-------+
|                  Site Type                 | Used | Fixed | Available | Util% |
+--------------------------------------------+------+-------+-----------+-------+
| CLB                                        | 2894 |     0 |     28800 | 10.05 |
|   CLBL                                     | 1270 |     0 |           |       |
|   CLBM                                     | 1624 |     0 |           |       |
| LUT as Logic                               | 5149 |     0 |    230400 |  2.23 |
|   using O5 output only                     |    5 |       |           |       |
|   using O6 output only                     | 2204 |       |           |       |
|   using O5 and O6                          | 2940 |       |           |       |
| LUT as Memory                              | 8568 |     0 |    101760 |  8.42 |
|   LUT as Distributed RAM                   | 8568 |     0 |           |       |
|     using O5 output only                   |    0 |       |           |       |
|     using O6 output only                   | 8568 |       |           |       |
|     using O5 and O6                        |    0 |       |           |       |
|   LUT as Shift Register                    |    0 |     0 |           |       |
| CLB Registers                              | 9573 |     0 |    460800 |  2.08 |
|   Register driven from within the CLB      | 7087 |       |           |       |
|   Register driven from outside the CLB     | 2486 |       |           |       |
|     LUT in front of the register is unused | 2383 |       |           |       |
|     LUT in front of the register is used   |  103 |       |           |       |
| Unique Control Sets                        |    8 |       |     57600 |  0.01 |
+--------------------------------------------+------+-------+-----------+-------+
* Note: Available Control Sets calculated as CLB Registers / 8, Review the Control Sets Report for more information regarding control sets.


3. BLOCKRAM
-----------

+----------------+------+-------+-----------+-------+
|    Site Type   | Used | Fixed | Available | Util% |
+----------------+------+-------+-----------+-------+
| Block RAM Tile |    0 |     0 |       312 |  0.00 |
|   RAMB36/FIFO* |    0 |     0 |       312 |  0.00 |
|   RAMB18       |    0 |     0 |       624 |  0.00 |
| URAM           |    0 |     0 |        96 |  0.00 |
+----------------+------+-------+-----------+-------+
* Note: Each Block RAM Tile only has one FIFO logic available and therefore can accommodate only one FIFO36E2 or one FIFO18E2. However, if a FIFO18E2 occupies a Block RAM Tile, that tile can still accommodate a RAMB18E2


4. ARITHMETIC
-------------

+-----------+------+-------+-----------+-------+
| Site Type | Used | Fixed | Available | Util% |
+-----------+------+-------+-----------+-------+
| DSPs      |    0 |     0 |      1728 |  0.00 |
+-----------+------+-------+-----------+-------+


5. I/O
------

+------------------+------+-------+-----------+-------+
|     Site Type    | Used | Fixed | Available | Util% |
+------------------+------+-------+-----------+-------+
| Bonded IOB       |  189 |     3 |       360 | 52.50 |
| HPIOB_M          |   77 |     1 |       144 | 53.47 |
|   INPUT          |   30 |       |           |       |
|   OUTPUT         |   47 |       |           |       |
|   BIDIR          |    0 |       |           |       |
| HPIOB_S          |   77 |     1 |       144 | 53.47 |
|   INPUT          |   30 |       |           |       |
|   OUTPUT         |   47 |       |           |       |
|   BIDIR          |    0 |       |           |       |
| HDIOB_M          |   12 |     0 |        24 | 50.00 |
|   INPUT          |   12 |       |           |       |
|   OUTPUT         |    0 |       |           |       |
|   BIDIR          |    0 |       |           |       |
| HDIOB_S          |   13 |     1 |        24 | 54.17 |
|   INPUT          |   13 |       |           |       |
|   OUTPUT         |    0 |       |           |       |
|   BIDIR          |    0 |       |           |       |
| HPIOB_SNGL       |   10 |     0 |        24 | 41.67 |
|   INPUT          |    1 |       |           |       |
|   OUTPUT         |    9 |       |           |       |
|   BIDIR          |    0 |       |           |       |
| HPIOBDIFFINBUF   |    1 |     1 |       192 |  0.52 |
|   DIFFINBUF      |    1 |     1 |           |       |
| HPIOBDIFFOUTBUF  |    0 |     0 |       192 |  0.00 |
| HDIOBDIFFINBUF   |    0 |     0 |        48 |  0.00 |
| BITSLICE_CONTROL |    0 |     0 |        64 |  0.00 |
| BITSLICE_RX_TX   |    0 |     0 |       416 |  0.00 |
| BITSLICE_TX      |    0 |     0 |        64 |  0.00 |
| RIU_OR           |    0 |     0 |        32 |  0.00 |
+------------------+------+-------+-----------+-------+


6. CLOCK
--------

+----------------------+------+-------+-----------+-------+
|       Site Type      | Used | Fixed | Available | Util% |
+----------------------+------+-------+-----------+-------+
| GLOBAL CLOCK BUFFERs |    4 |     0 |       544 |  0.74 |
|   BUFGCE             |    4 |     0 |       208 |  1.92 |
|   BUFGCE_DIV         |    0 |     0 |        32 |  0.00 |
|   BUFG_GT            |    0 |     0 |       144 |  0.00 |
|   BUFG_PS            |    0 |     0 |        96 |  0.00 |
|   BUFGCTRL*          |    0 |     0 |        64 |  0.00 |
| PLL                  |    0 |     0 |        16 |  0.00 |
| MMCM                 |    1 |     0 |         8 | 12.50 |
+----------------------+------+-------+-----------+-------+
* Note: Each used BUFGCTRL counts as two GLOBAL CLOCK BUFFERs. This table does not include global clocking resources, only buffer cell usage. See the Clock Utilization Report (report_clock_utilization) for detailed accounting of global clocking resource availability.


7. ADVANCED
-----------

+-----------------+------+-------+-----------+-------+
|    Site Type    | Used | Fixed | Available | Util% |
+-----------------+------+-------+-----------+-------+
| GTHE4_CHANNEL   |    0 |     0 |        20 |  0.00 |
| GTHE4_COMMON    |    0 |     0 |         5 |  0.00 |
| OBUFDS_GTE4     |    0 |     0 |        10 |  0.00 |
| OBUFDS_GTE4_ADV |    0 |     0 |        10 |  0.00 |
| PCIE40E4        |    0 |     0 |         2 |  0.00 |
| PS8             |    0 |     0 |         1 |  0.00 |
| SYSMONE4        |    0 |     0 |         1 |  0.00 |
| VCU             |    0 |     0 |         1 |  0.00 |
+-----------------+------+-------+-----------+-------+


8. CONFIGURATION
----------------

+-------------+------+-------+-----------+-------+
|  Site Type  | Used | Fixed | Available | Util% |
+-------------+------+-------+-----------+-------+
| BSCANE2     |    0 |     0 |         4 |  0.00 |
| DNA_PORTE2  |    0 |     0 |         1 |  0.00 |
| EFUSE_USR   |    0 |     0 |         1 |  0.00 |
| FRAME_ECCE4 |    0 |     0 |         1 |  0.00 |
| ICAPE3      |    0 |     0 |         2 |  0.00 |
| MASTER_JTAG |    0 |     0 |         1 |  0.00 |
| STARTUPE3   |    0 |     0 |         1 |  0.00 |
+-------------+------+-------+-----------+-------+


9. Primitives
-------------

+------------+------+---------------------+
|  Ref Name  | Used | Functional Category |
+------------+------+---------------------+
| FDRE       | 9573 |            Register |
| RAMD64E    | 8568 |                 CLB |
| LUT3       | 5981 |                 CLB |
| LUT4       | 1740 |                 CLB |
| LUT2       |  296 |                 CLB |
| OBUFT      |  102 |                 I/O |
| IBUFCTRL   |   85 |              Others |
| INBUF      |   84 |                 I/O |
| LUT6       |   46 |                 CLB |
| LUT5       |   25 |                 CLB |
| BUFGCE     |    4 |               Clock |
| OBUF       |    1 |                 I/O |
| MMCME4_ADV |    1 |               Clock |
| LUT1       |    1 |                 CLB |
| DIFFINBUF  |    1 |                 I/O |
+------------+------+---------------------+


10. Black Boxes
---------------

+----------+------+
| Ref Name | Used |
+----------+------+


11. Instantiated Netlists
-------------------------

+--------------------------+------+
|         Ref Name         | Used |
+--------------------------+------+
| clock_domain_clk_wiz_0_0 |    1 |
+--------------------------+------+


