Copyright 1986-2019 Xilinx, Inc. All Rights Reserved.
-----------------------------------------------------------------------------------------
| Tool Version : Vivado v.2019.2 (lin64) Build 2708876 Wed Nov  6 21:39:14 MST 2019
| Date         : Thu Aug  6 16:08:54 2020
| Host         : lmpcc running 64-bit SUSE Linux Enterprise Server 15 SP1
| Command      : report_control_sets -verbose -file cnu6_204_102_control_sets_placed.rpt
| Design       : cnu6_204_102
| Device       : xczu7ev
-----------------------------------------------------------------------------------------

Control Set Information

Table of Contents
-----------------
1. Summary
2. Histogram
3. Flip-Flop Distribution
4. Detailed Control Set Information

1. Summary
----------

+----------------------------------------------------------+-------+
|                          Status                          | Count |
+----------------------------------------------------------+-------+
| Total control sets                                       |     8 |
|    Minimum number of control sets                        |     8 |
|    Addition due to synthesis replication                 |     0 |
|    Addition due to physical synthesis replication        |     0 |
| Unused register locations in slices containing registers |     7 |
+----------------------------------------------------------+-------+
* Control sets can be merged at opt_design using control_set_merge or merge_equivalent_drivers
** Run report_qor_suggestions for automated merging and remapping suggestions


2. Histogram
------------

+--------------------+-------+
|       Fanout       | Count |
+--------------------+-------+
| Total control sets |     8 |
| >= 0 to < 4        |     0 |
| >= 4 to < 6        |     0 |
| >= 6 to < 8        |     0 |
| >= 8 to < 10       |     0 |
| >= 10 to < 12      |     0 |
| >= 12 to < 14      |     0 |
| >= 14 to < 16      |     1 |
| >= 16              |     7 |
+--------------------+-------+
* Control sets can be remapped at either synth_design or opt_design


3. Flip-Flop Distribution
-------------------------

+--------------+-----------------------+------------------------+-----------------+--------------+
| Clock Enable | Synchronous Set/Reset | Asynchronous Set/Reset | Total Registers | Total Slices |
+--------------+-----------------------+------------------------+-----------------+--------------+
| No           | No                    | No                     |            9471 |         1771 |
| No           | No                    | Yes                    |               0 |            0 |
| No           | Yes                   | No                     |             102 |           73 |
| Yes          | No                    | No                     |               0 |            0 |
| Yes          | No                    | Yes                    |               0 |            0 |
| Yes          | Yes                   | No                     |               0 |            0 |
+--------------+-----------------------+------------------------+-----------------+--------------+


4. Detailed Control Set Information
-----------------------------------

+-----------------+--------------------------+------------------------------------------------+------------------+----------------+
|   Clock Signal  |       Enable Signal      |                Set/Reset Signal                | Slice Load Count | Bel Load Count |
+-----------------+--------------------------+------------------------------------------------+------------------+----------------+
|  read_clk_BUFG  |                          | cnu6_204_102_inst[27].cnu0_c2v_fifo[0]_i_1_n_0 |               10 |             14 |
|  read_clk_BUFG  |                          | cnu6_204_102_inst[34].cnu0_c2v_fifo[0]_i_1_n_0 |               26 |             37 |
|  read_clk_BUFG  |                          | cnu6_204_102_inst[26].cnu1_c2v_fifo[0]_i_1_n_0 |               39 |             51 |
|  write_clk_BUFG | ib_ram_we_IBUF[0]_inst/O |                                                |              153 |           1224 |
|  write_clk_BUFG | ib_ram_we_IBUF[1]_inst/O |                                                |              153 |           1224 |
|  write_clk_BUFG | ib_ram_we_IBUF[2]_inst/O |                                                |              306 |           2448 |
|  write_clk_BUFG | ib_ram_we_IBUF[3]_inst/O |                                                |              459 |           3672 |
|  read_clk_BUFG  |                          |                                                |             1771 |           9471 |
+-----------------+--------------------------+------------------------------------------------+------------------+----------------+


