#-----------------------------------------------------------
# xsim v2019.2 (64-bit)
# SW Build 2708876 on Wed Nov  6 21:39:14 MST 2019
# IP Build 2700528 on Thu Nov  7 00:09:20 MST 2019
# Start of session at: Sun Jun 13 17:25:48 2021
# Process ID: 52511
# Current directory: /home/s1820419/LDPC_MinorResearch/GeneratedDecoders/layer_decoder/765.girth_10.c1/RTL/ib_layered_decoder_4bits.rev0/ib_layered_decoder_4bits/ib_layered_decoder_4bits.sim/cui_sim_0/xsim
# Command line: xsim -log simulate.log -mode tcl -source {xsim.dir/tb_mem_subsystem_top_submatrix_1/xsim_script.tcl}
# Log file: /home/s1820419/LDPC_MinorResearch/GeneratedDecoders/layer_decoder/765.girth_10.c1/RTL/ib_layered_decoder_4bits.rev0/ib_layered_decoder_4bits/ib_layered_decoder_4bits.sim/cui_sim_0/xsim/simulate.log
# Journal file: /home/s1820419/LDPC_MinorResearch/GeneratedDecoders/layer_decoder/765.girth_10.c1/RTL/ib_layered_decoder_4bits.rev0/ib_layered_decoder_4bits/ib_layered_decoder_4bits.sim/cui_sim_0/xsim/xsim.jou
#-----------------------------------------------------------
source xsim.dir/tb_mem_subsystem_top_submatrix_1/xsim_script.tcl
# xsim {tb_mem_subsystem_top_submatrix_1} -autoloadwcfg -tclbatch {cmd.tcl} -key {Behavioral:msg_pass_with_memWr_sim2:Functional:tb_mem_subsystem_top_submatrix_1} -protoinst {protoinst_files/mem_subsys.protoinst} -protoinst {protoinst_files/mem_subsys_frag.protoinst}
Vivado Simulator 2019.2
INFO: [Wavedata 42-565] Reading protoinst file protoinst_files/mem_subsys.protoinst
WARNING: [Wavedata 42-558] Couldn't load one or more protocol instances from protoinst file protoinst_files/mem_subsys.protoinst for the following reason(s):
There are no instances of module "mem_subsys" in the design.

INFO: [Wavedata 42-565] Reading protoinst file protoinst_files/mem_subsys_frag.protoinst
WARNING: [Wavedata 42-558] Couldn't load one or more protocol instances from protoinst file protoinst_files/mem_subsys_frag.protoinst for the following reason(s):
There are no instances of module "mem_subsys_frag" in the design.

Time resolution is 1 ps
source cmd.tcl
## set curr_wave [current_wave_config]
## if { [string length $curr_wave] == 0 } {
##   if { [llength [get_objects]] > 0} {
##     add_wave /
##     set_property needs_save false [current_wave_config]
##   } else {
##      send_msg_id Add_Wave-1 WARNING "No top level signals found. Simulator will start without a wave window. If you want to open a wave window go to 'File->New Waveform Configuration' or type 'create_wave_config' in the TCL console."
##   }
## }
## run -all
$finish called at time : 2250 ns : File "/home/s1820419/LDPC_MinorResearch/GeneratedDecoders/layer_decoder/765.girth_10.c1/RTL/BSP/testbench/tb_mem_subsystem_top_submatrix_1.sv" Line 1210
## quit
INFO: [Common 17-206] Exiting xsim at Sun Jun 13 17:25:56 2021...
