INFO: [VRFC 10-2263] Analyzing Verilog file "/home/s1820419/LDPC_MinorResearch/GeneratedDecoders/204.33.486/RTL/IB_LUT/IB_LUT.sim/sim_1/impl/func/xsim/top_func_impl.v" into library xil_defaultlib
INFO: [VRFC 10-311] analyzing module IB_RAM
INFO: [VRFC 10-311] analyzing module IB_RAM_blk_mem_gen_1_0
INFO: [VRFC 10-311] analyzing module IB_RAM_wrapper
INFO: [VRFC 10-311] analyzing module c6ibAddr_ram_sel
INFO: [VRFC 10-311] analyzing module c6ibm_port_shifter
INFO: [VRFC 10-311] analyzing module clock_domain
INFO: [VRFC 10-311] analyzing module clock_domain_clk_wiz_0_0
INFO: [VRFC 10-311] analyzing module clock_domain_clk_wiz_0_0_clock_domain_clk_wiz_0_0_clk_wiz
INFO: [VRFC 10-311] analyzing module clock_domain_wrapper
INFO: [VRFC 10-311] analyzing module cnu6_ib_map
INFO: [VRFC 10-311] analyzing module decomp_clk_gen
INFO: [VRFC 10-311] analyzing module ib_distributed_ram_bank
INFO: [VRFC 10-311] analyzing module ib_distributed_ram_bank_10
INFO: [VRFC 10-311] analyzing module ib_distributed_ram_bank_11
INFO: [VRFC 10-311] analyzing module ib_distributed_ram_bank_12
INFO: [VRFC 10-311] analyzing module ib_distributed_ram_bank_13
INFO: [VRFC 10-311] analyzing module ib_distributed_ram_bank_14
INFO: [VRFC 10-311] analyzing module ib_distributed_ram_bank_15
INFO: [VRFC 10-311] analyzing module ib_distributed_ram_bank_16
INFO: [VRFC 10-311] analyzing module ib_distributed_ram_bank_17
INFO: [VRFC 10-311] analyzing module ib_distributed_ram_bank_18
INFO: [VRFC 10-311] analyzing module ib_distributed_ram_bank_19
INFO: [VRFC 10-311] analyzing module ib_distributed_ram_bank_20
INFO: [VRFC 10-311] analyzing module ib_distributed_ram_bank_21
INFO: [VRFC 10-311] analyzing module ib_distributed_ram_bank_22
INFO: [VRFC 10-311] analyzing module ib_distributed_ram_bank_23
INFO: [VRFC 10-311] analyzing module ib_distributed_ram_bank_24
INFO: [VRFC 10-311] analyzing module ib_distributed_ram_bank_25
INFO: [VRFC 10-311] analyzing module ib_distributed_ram_bank_26
INFO: [VRFC 10-311] analyzing module ib_distributed_ram_bank_27
INFO: [VRFC 10-311] analyzing module ib_distributed_ram_bank_28
INFO: [VRFC 10-311] analyzing module ib_distributed_ram_bank_29
INFO: [VRFC 10-311] analyzing module ib_distributed_ram_bank_3
INFO: [VRFC 10-311] analyzing module ib_distributed_ram_bank_30
INFO: [VRFC 10-311] analyzing module ib_distributed_ram_bank_31
INFO: [VRFC 10-311] analyzing module ib_distributed_ram_bank_32
INFO: [VRFC 10-311] analyzing module ib_distributed_ram_bank_33
INFO: [VRFC 10-311] analyzing module ib_distributed_ram_bank_4
INFO: [VRFC 10-311] analyzing module ib_distributed_ram_bank_5
INFO: [VRFC 10-311] analyzing module ib_distributed_ram_bank_6
INFO: [VRFC 10-311] analyzing module ib_distributed_ram_bank_7
INFO: [VRFC 10-311] analyzing module ib_distributed_ram_bank_8
INFO: [VRFC 10-311] analyzing module ib_distributed_ram_bank_9
INFO: [VRFC 10-311] analyzing module ib_lut_ram
INFO: [VRFC 10-311] analyzing module ib_lut_ram_0
INFO: [VRFC 10-311] analyzing module ib_lut_ram_1
INFO: [VRFC 10-311] analyzing module ib_lut_ram_2
INFO: [VRFC 10-311] analyzing module ram_sel_counter
INFO: [VRFC 10-311] analyzing module top
INFO: [VRFC 10-311] analyzing module IB_RAM_blk_mem_gen_1_0_blk_mem_gen_generic_cstr
INFO: [VRFC 10-311] analyzing module IB_RAM_blk_mem_gen_1_0_blk_mem_gen_prim_width
INFO: [VRFC 10-311] analyzing module IB_RAM_blk_mem_gen_1_0_blk_mem_gen_prim_wrapper_init
INFO: [VRFC 10-311] analyzing module IB_RAM_blk_mem_gen_1_0_blk_mem_gen_top
INFO: [VRFC 10-311] analyzing module IB_RAM_blk_mem_gen_1_0_blk_mem_gen_v8_4_4
INFO: [VRFC 10-311] analyzing module IB_RAM_blk_mem_gen_1_0_blk_mem_gen_v8_4_4_synth
INFO: [VRFC 10-311] analyzing module glbl
