#
# An unexpected error has occurred (11)
#
Stack:
/lib64/libc.so.6(+0x35270) [0x7fd6eefa4270]
/home/s1820419/Xilinx/Vivado/2019.2/lib/lnx64.o/libverific.so(+0x5e4500) [0x7fd6f05d2500]
/home/s1820419/Xilinx/Vivado/2019.2/lib/lnx64.o/libverific.so(Verific::hdl_file_sort::QuickParseVerilog(char const*)+0x952) [0x7fd6f05e5fe2]
/home/s1820419/Xilinx/Vivado/2019.2/lib/lnx64.o/libverific.so(Verific::hdl_file_sort::QuickAnalyze(char const*, char const*)+0x79) [0x7fd6f05efde9]
/home/s1820419/Xilinx/Vivado/2019.2/lib/lnx64.o/libverific.so(Verific::hdl_file_sort::CreateNode(char const*, char const*)+0x37) [0x7fd6f05f0677]
/home/s1820419/Xilinx/Vivado/2019.2/lib/lnx64.o/libverific.so(Verific::hdl_file_sort::RegisterFileInternal(char const*, char const*, unsigned int, unsigned int, unsigned int)+0x5a) [0x7fd6f05f1bea]
srcscanner() [0x49b510]
srcscanner() [0x4a37ff]
srcscanner() [0x4a397e]
srcscanner() [0x4506ea]
srcscanner() [0x47c0f8]
/home/s1820419/Xilinx/Vivado/2019.2/lib/lnx64.o/libtcl8.5.so(TclInvokeStringCommand+0x76) [0x7fd6f1106f66]
/home/s1820419/Xilinx/Vivado/2019.2/lib/lnx64.o/libtcl8.5.so(+0x334af) [0x7fd6f110b4af]
/home/s1820419/Xilinx/Vivado/2019.2/lib/lnx64.o/libtcl8.5.so(+0x34b38) [0x7fd6f110cb38]
/home/s1820419/Xilinx/Vivado/2019.2/lib/lnx64.o/libtcl8.5.so(Tcl_EvalEx+0x13) [0x7fd6f110d0a3]
/home/s1820419/Xilinx/Vivado/2019.2/lib/lnx64.o/libtcl8.5.so(Tcl_Eval+0x15) [0x7fd6f110d0c5]
srcscanner(main+0x293) [0x43b993]
/lib64/libc.so.6(__libc_start_main+0xf5) [0x7fd6eef90c05]
srcscanner() [0x43e9b7]
