#-----------------------------------------------------------
# Vivado v2019.2 (64-bit)
# SW Build 2708876 on Wed Nov  6 21:39:14 MST 2019
# IP Build 2700528 on Thu Nov  7 00:09:20 MST 2019
# Start of session at: Sun Feb 16 20:37:23 2020
# Process ID: 9247
# Current directory: /home/s1820419/LDPC_MinorResearch/GeneratedDecoders/Reconf_LUT.beta/RTL
# Command line: vivado ^
# Log file: /home/s1820419/LDPC_MinorResearch/GeneratedDecoders/Reconf_LUT.beta/RTL/vivado.log
# Journal file: /home/s1820419/LDPC_MinorResearch/GeneratedDecoders/Reconf_LUT.beta/RTL/vivado.jou
#-----------------------------------------------------------
start_gui
open_project /home/s1820419/LDPC_MinorResearch/GeneratedDecoders/Reconf_LUT.beta/RTL/reconfigurable_mux/reconfigurable_mux.xpr
Scanning sources...
Finished scanning sources
INFO: [IP_Flow 19-234] Refreshing IP repositories
INFO: [IP_Flow 19-1704] No user IP repositories specified
INFO: [IP_Flow 19-2313] Loaded Vivado IP repository '/home/s1820419/Xilinx/Vivado/2019.2/data/ip'.
open_project: Time (s): cpu = 00:00:14 ; elapsed = 00:00:05 . Memory (MB): peak = 6653.125 ; gain = 104.691 ; free physical = 1807 ; free virtual = 19925
update_compile_order -fileset sources_1
set_property top reconf_ib_lut2 [current_fileset]
update_compile_order -fileset sources_1
reset_run synth_1
launch_runs synth_1 -jobs 8
[Sun Feb 16 20:52:58 2020] Launched synth_1...
Run output will be captured here: /home/s1820419/LDPC_MinorResearch/GeneratedDecoders/Reconf_LUT.beta/RTL/reconfigurable_mux/reconfigurable_mux.runs/synth_1/runme.log
launch_runs impl_1 -jobs 8
[Sun Feb 16 20:54:23 2020] Launched impl_1...
Run output will be captured here: /home/s1820419/LDPC_MinorResearch/GeneratedDecoders/Reconf_LUT.beta/RTL/reconfigurable_mux/reconfigurable_mux.runs/impl_1/runme.log
open_run impl_1
INFO: [Device 21-403] Loading part xc7z020clg484-1
Netlist sorting complete. Time (s): cpu = 00:00:00 ; elapsed = 00:00:00 . Memory (MB): peak = 6985.781 ; gain = 0.000 ; free physical = 1553 ; free virtual = 19682
INFO: [Project 1-479] Netlist was created with Vivado 2019.2
INFO: [Project 1-570] Preparing netlist for logic optimization
Reading XDEF placement.
Reading placer database...
Reading XDEF routing.
Read XDEF File: Time (s): cpu = 00:00:00.03 ; elapsed = 00:00:00.04 . Memory (MB): peak = 7041.648 ; gain = 0.000 ; free physical = 1469 ; free virtual = 19598
Restored from archive | CPU: 0.030000 secs | Memory: 0.066200 MB |
Finished XDEF File Restore: Time (s): cpu = 00:00:00.03 ; elapsed = 00:00:00.04 . Memory (MB): peak = 7041.648 ; gain = 0.000 ; free physical = 1469 ; free virtual = 19598
Netlist sorting complete. Time (s): cpu = 00:00:00 ; elapsed = 00:00:00 . Memory (MB): peak = 7041.648 ; gain = 0.000 ; free physical = 1469 ; free virtual = 19598
INFO: [Project 1-111] Unisim Transformation Summary:
No Unisim elements were transformed.

open_run: Time (s): cpu = 00:00:20 ; elapsed = 00:00:33 . Memory (MB): peak = 7251.309 ; gain = 431.566 ; free physical = 1378 ; free virtual = 19508
WARNING: [Timing 38-313] There are no user specified timing constraints. Timing constraints are needed for proper timing analysis.
reset_run synth_1
launch_runs synth_1 -jobs 8
[Sun Feb 16 21:12:45 2020] Launched synth_1...
Run output will be captured here: /home/s1820419/LDPC_MinorResearch/GeneratedDecoders/Reconf_LUT.beta/RTL/reconfigurable_mux/reconfigurable_mux.runs/synth_1/runme.log
launch_runs impl_1 -jobs 8
[Sun Feb 16 21:14:22 2020] Launched impl_1...
Run output will be captured here: /home/s1820419/LDPC_MinorResearch/GeneratedDecoders/Reconf_LUT.beta/RTL/reconfigurable_mux/reconfigurable_mux.runs/impl_1/runme.log
reset_run synth_1
launch_runs synth_1 -jobs 8
[Sun Feb 16 21:20:55 2020] Launched synth_1...
Run output will be captured here: /home/s1820419/LDPC_MinorResearch/GeneratedDecoders/Reconf_LUT.beta/RTL/reconfigurable_mux/reconfigurable_mux.runs/synth_1/runme.log
open_run synth_1 -name synth_1
Design is defaulting to impl run constrset: constrs_1
Design is defaulting to synth run part: xc7z020clg484-1
Netlist sorting complete. Time (s): cpu = 00:00:00 ; elapsed = 00:00:00 . Memory (MB): peak = 7674.496 ; gain = 0.000 ; free physical = 990 ; free virtual = 19119
INFO: [Netlist 29-17] Analyzing 1 Unisim elements for replacement
INFO: [Netlist 29-28] Unisim Transformation completed in 0 CPU seconds
INFO: [Project 1-479] Netlist was created with Vivado 2019.2
INFO: [Project 1-570] Preparing netlist for logic optimization
INFO: [Opt 31-138] Pushed 0 inverter(s) to 0 load pin(s).
Netlist sorting complete. Time (s): cpu = 00:00:00 ; elapsed = 00:00:00 . Memory (MB): peak = 7684.492 ; gain = 0.000 ; free physical = 917 ; free virtual = 19046
INFO: [Project 1-111] Unisim Transformation Summary:
No Unisim elements were transformed.

close [ open /home/s1820419/LDPC_MinorResearch/GeneratedDecoders/Reconf_LUT.beta/RTL/reconfigurable_mux/reconfigurable_mux.srcs/sources_1/new/ib_distributed_ram.v w ]
add_files /home/s1820419/LDPC_MinorResearch/GeneratedDecoders/Reconf_LUT.beta/RTL/reconfigurable_mux/reconfigurable_mux.srcs/sources_1/new/ib_distributed_ram.v
update_compile_order -fileset sources_1
ERROR: [Common 17-179] Fork failed: Cannot allocate memory
update_compile_order -fileset sources_1
ERROR: [Common 17-179] Fork failed: Cannot allocate memory
update_compile_order -fileset sources_1
ERROR: [Common 17-179] Fork failed: Cannot allocate memory
ERROR: [Common 17-179] Fork failed: Cannot allocate memory
export_ip_user_files -of_objects  [get_files /home/s1820419/LDPC_MinorResearch/GeneratedDecoders/Reconf_LUT.beta/RTL/reconfigurable_mux/reconfigurable_mux.srcs/sources_1/new/ib_distributed_ram.v] -no_script -reset -force -quiet
remove_files  /home/s1820419/LDPC_MinorResearch/GeneratedDecoders/Reconf_LUT.beta/RTL/reconfigurable_mux/reconfigurable_mux.srcs/sources_1/new/ib_distributed_ram.v
ERROR: [Common 17-179] Fork failed: Cannot allocate memory
add_files -norecurse /home/s1820419/LDPC_MinorResearch/GeneratedDecoders/Reconf_LUT.beta/RTL/reconfigurable_mux/reconfigurable_mux.srcs/sources_1/new/ib_distributed_ram_bank.v
ERROR: [Common 17-179] Fork failed: Cannot allocate memory
update_compile_order -fileset sources_1
ERROR: [Common 17-179] Fork failed: Cannot allocate memory
update_compile_order -fileset sources_1
ERROR: [Common 17-179] Fork failed: Cannot allocate memory
close [ open /home/s1820419/LDPC_MinorResearch/GeneratedDecoders/Reconf_LUT.beta/RTL/reconfigurable_mux/reconfigurable_mux.srcs/sources_1/new/cnu_ib_ram.v w ]
add_files /home/s1820419/LDPC_MinorResearch/GeneratedDecoders/Reconf_LUT.beta/RTL/reconfigurable_mux/reconfigurable_mux.srcs/sources_1/new/cnu_ib_ram.v
ERROR: [Common 17-179] Fork failed: Cannot allocate memory
update_compile_order -fileset sources_1
ERROR: [Common 17-179] Fork failed: Cannot allocate memory
ERROR: [Common 17-179] Fork failed: Cannot allocate memory
update_compile_order -fileset sources_1
ERROR: [Common 17-179] Fork failed: Cannot allocate memory
update_compile_order -fileset sources_1
ERROR: [Common 17-179] Fork failed: Cannot allocate memory
ERROR: [Common 17-179] Fork failed: Cannot allocate memory
ERROR: [Common 17-179] Fork failed: Cannot allocate memory
update_compile_order -fileset sources_1
ERROR: [Common 17-179] Fork failed: Cannot allocate memory
ERROR: [Common 17-179] Fork failed: Cannot allocate memory
ERROR: [Common 17-179] Fork failed: Cannot allocate memory
update_compile_order -fileset sources_1
ERROR: [Common 17-179] Fork failed: Cannot allocate memory
ERROR: [Common 17-179] Fork failed: Cannot allocate memory
ERROR: [Common 17-179] Fork failed: Cannot allocate memory
ERROR: [Common 17-179] Fork failed: Cannot allocate memory
ERROR: [Common 17-179] Fork failed: Cannot allocate memory
ERROR: [Common 17-179] Fork failed: Cannot allocate memory
ERROR: [Common 17-179] Fork failed: Cannot allocate memory
ERROR: [Common 17-179] Fork failed: Cannot allocate memory
reset_run synth_1
launch_runs synth_1 -jobs 8
[Sun Feb 16 22:39:07 2020] Launched synth_1...
Run output will be captured here: /home/s1820419/LDPC_MinorResearch/GeneratedDecoders/Reconf_LUT.beta/RTL/reconfigurable_mux/reconfigurable_mux.runs/synth_1/runme.log
report_utilization -name utilization_1
export_ip_user_files -of_objects  [get_files /home/s1820419/LDPC_MinorResearch/GeneratedDecoders/Reconf_LUT.beta/RTL/reconfigurable_mux/reconfigurable_mux.srcs/sources_1/new/cnu_ib_ram.v] -no_script -reset -force -quiet
remove_files  /home/s1820419/LDPC_MinorResearch/GeneratedDecoders/Reconf_LUT.beta/RTL/reconfigurable_mux/reconfigurable_mux.srcs/sources_1/new/cnu_ib_ram.v
export_ip_user_files -of_objects  [get_files /home/s1820419/LDPC_MinorResearch/GeneratedDecoders/Reconf_LUT.beta/RTL/reconf_ib_lut.v] -no_script -reset -force -quiet
remove_files  /home/s1820419/LDPC_MinorResearch/GeneratedDecoders/Reconf_LUT.beta/RTL/reconf_ib_lut.v
ERROR: [Common 17-179] Fork failed: Cannot allocate memory
reset_run synth_1
launch_runs synth_1 -jobs 8
[Sun Feb 16 22:42:16 2020] Launched synth_1...
Run output will be captured here: /home/s1820419/LDPC_MinorResearch/GeneratedDecoders/Reconf_LUT.beta/RTL/reconfigurable_mux/reconfigurable_mux.runs/synth_1/runme.log
close_design
close_design
launch_runs impl_1 -jobs 8
[Sun Feb 16 22:52:34 2020] Launched impl_1...
Run output will be captured here: /home/s1820419/LDPC_MinorResearch/GeneratedDecoders/Reconf_LUT.beta/RTL/reconfigurable_mux/reconfigurable_mux.runs/impl_1/runme.log
open_run impl_1
Netlist sorting complete. Time (s): cpu = 00:00:00 ; elapsed = 00:00:00 . Memory (MB): peak = 8435.789 ; gain = 0.000 ; free physical = 236 ; free virtual = 17713
INFO: [Netlist 29-17] Analyzing 2 Unisim elements for replacement
INFO: [Netlist 29-28] Unisim Transformation completed in 0 CPU seconds
INFO: [Project 1-479] Netlist was created with Vivado 2019.2
INFO: [Project 1-570] Preparing netlist for logic optimization
Reading XDEF placement.
Reading placer database...
Reading XDEF routing.
Read XDEF File: Time (s): cpu = 00:00:00.03 ; elapsed = 00:00:00.03 . Memory (MB): peak = 8435.789 ; gain = 0.000 ; free physical = 202 ; free virtual = 17649
Restored from archive | CPU: 0.030000 secs | Memory: 0.045151 MB |
Finished XDEF File Restore: Time (s): cpu = 00:00:00.03 ; elapsed = 00:00:00.03 . Memory (MB): peak = 8435.789 ; gain = 0.000 ; free physical = 202 ; free virtual = 17649
Netlist sorting complete. Time (s): cpu = 00:00:00 ; elapsed = 00:00:00 . Memory (MB): peak = 8435.789 ; gain = 0.000 ; free physical = 201 ; free virtual = 17648
INFO: [Project 1-111] Unisim Transformation Summary:
  A total of 2 instances were transformed.
  RAM32M => RAM32M (RAMD32(x6), RAMS32(x2)): 2 instances

WARNING: [Timing 38-313] There are no user specified timing constraints. Timing constraints are needed for proper timing analysis.
ERROR: [Common 17-179] Fork failed: Cannot allocate memory
ERROR: [Common 17-179] Fork failed: Cannot allocate memory
reset_run synth_1
launch_runs impl_1 -jobs 8
[Sun Feb 16 23:08:16 2020] Launched synth_1...
Run output will be captured here: /home/s1820419/LDPC_MinorResearch/GeneratedDecoders/Reconf_LUT.beta/RTL/reconfigurable_mux/reconfigurable_mux.runs/synth_1/runme.log
[Sun Feb 16 23:08:16 2020] Launched impl_1...
Run output will be captured here: /home/s1820419/LDPC_MinorResearch/GeneratedDecoders/Reconf_LUT.beta/RTL/reconfigurable_mux/reconfigurable_mux.runs/impl_1/runme.log
refresh_design
Netlist sorting complete. Time (s): cpu = 00:00:00 ; elapsed = 00:00:00 . Memory (MB): peak = 8507.812 ; gain = 0.000 ; free physical = 1577 ; free virtual = 19025
INFO: [Netlist 29-17] Analyzing 2 Unisim elements for replacement
INFO: [Netlist 29-28] Unisim Transformation completed in 0 CPU seconds
INFO: [Project 1-479] Netlist was created with Vivado 2019.2
INFO: [Project 1-570] Preparing netlist for logic optimization
Reading XDEF placement.
Reading placer database...
Reading XDEF routing.
Read XDEF File: Time (s): cpu = 00:00:00.03 ; elapsed = 00:00:00.03 . Memory (MB): peak = 8507.812 ; gain = 0.000 ; free physical = 1523 ; free virtual = 18971
Restored from archive | CPU: 0.030000 secs | Memory: 0.045151 MB |
Finished XDEF File Restore: Time (s): cpu = 00:00:00.03 ; elapsed = 00:00:00.03 . Memory (MB): peak = 8507.812 ; gain = 0.000 ; free physical = 1523 ; free virtual = 18971
refresh_design: Time (s): cpu = 00:00:10 ; elapsed = 00:00:07 . Memory (MB): peak = 8521.812 ; gain = 14.000 ; free physical = 1412 ; free virtual = 18860
WARNING: [Timing 38-313] There are no user specified timing constraints. Timing constraints are needed for proper timing analysis.
ERROR: [Common 17-179] Fork failed: Cannot allocate memory
reset_run synth_1
launch_runs impl_1 -jobs 8
[Sun Feb 16 23:20:05 2020] Launched synth_1...
Run output will be captured here: /home/s1820419/LDPC_MinorResearch/GeneratedDecoders/Reconf_LUT.beta/RTL/reconfigurable_mux/reconfigurable_mux.runs/synth_1/runme.log
[Sun Feb 16 23:20:05 2020] Launched impl_1...
Run output will be captured here: /home/s1820419/LDPC_MinorResearch/GeneratedDecoders/Reconf_LUT.beta/RTL/reconfigurable_mux/reconfigurable_mux.runs/impl_1/runme.log
ERROR: [Common 17-179] Fork failed: Cannot allocate memory
reset_run synth_1
launch_runs impl_1 -jobs 8
[Sun Feb 16 23:24:32 2020] Launched synth_1...
Run output will be captured here: /home/s1820419/LDPC_MinorResearch/GeneratedDecoders/Reconf_LUT.beta/RTL/reconfigurable_mux/reconfigurable_mux.runs/synth_1/runme.log
[Sun Feb 16 23:24:32 2020] Launched impl_1...
Run output will be captured here: /home/s1820419/LDPC_MinorResearch/GeneratedDecoders/Reconf_LUT.beta/RTL/reconfigurable_mux/reconfigurable_mux.runs/impl_1/runme.log
refresh_design
Netlist sorting complete. Time (s): cpu = 00:00:00 ; elapsed = 00:00:00 . Memory (MB): peak = 8521.812 ; gain = 0.000 ; free physical = 1780 ; free virtual = 19038
INFO: [Netlist 29-17] Analyzing 20 Unisim elements for replacement
INFO: [Netlist 29-28] Unisim Transformation completed in 0 CPU seconds
INFO: [Project 1-479] Netlist was created with Vivado 2019.2
INFO: [Project 1-570] Preparing netlist for logic optimization
Reading XDEF placement.
Reading placer database...
Reading XDEF routing.
Read XDEF File: Time (s): cpu = 00:00:00.04 ; elapsed = 00:00:00.04 . Memory (MB): peak = 8521.812 ; gain = 0.000 ; free physical = 1719 ; free virtual = 18977
Restored from archive | CPU: 0.040000 secs | Memory: 0.190353 MB |
Finished XDEF File Restore: Time (s): cpu = 00:00:00.04 ; elapsed = 00:00:00.04 . Memory (MB): peak = 8521.812 ; gain = 0.000 ; free physical = 1719 ; free virtual = 18977
refresh_design: Time (s): cpu = 00:00:10 ; elapsed = 00:00:08 . Memory (MB): peak = 8553.828 ; gain = 32.016 ; free physical = 1578 ; free virtual = 18835
WARNING: [Timing 38-313] There are no user specified timing constraints. Timing constraints are needed for proper timing analysis.
report_utilization -name utilization_1
close [ open /home/s1820419/LDPC_MinorResearch/GeneratedDecoders/Reconf_LUT.beta/RTL/reconfigurable_mux/reconfigurable_mux.srcs/sources_1/new/ib_lut_ram.v w ]
add_files /home/s1820419/LDPC_MinorResearch/GeneratedDecoders/Reconf_LUT.beta/RTL/reconfigurable_mux/reconfigurable_mux.srcs/sources_1/new/ib_lut_ram.v
ERROR: [Common 17-179] Fork failed: Cannot allocate memory
update_compile_order -fileset sources_1
ERROR: [Common 17-179] Fork failed: Cannot allocate memory
ERROR: [Common 17-179] Fork failed: Cannot allocate memory
update_compile_order -fileset sources_1
ERROR: [Common 17-179] Fork failed: Cannot allocate memory
ERROR: [Common 17-179] Fork failed: Cannot allocate memory
ERROR: [Common 17-179] Fork failed: Cannot allocate memory
update_compile_order -fileset sources_1
ERROR: [Common 17-179] Fork failed: Cannot allocate memory
ERROR: [Common 17-179] Fork failed: Cannot allocate memory
update_compile_order -fileset sources_1
ERROR: [Common 17-179] Fork failed: Cannot allocate memory
update_compile_order -fileset sources_1
ERROR: [Common 17-179] Fork failed: Cannot allocate memory
close [ open /home/s1820419/LDPC_MinorResearch/GeneratedDecoders/Reconf_LUT.beta/RTL/reconfigurable_mux/reconfigurable_mux.srcs/sources_1/new/top.v w ]
add_files /home/s1820419/LDPC_MinorResearch/GeneratedDecoders/Reconf_LUT.beta/RTL/reconfigurable_mux/reconfigurable_mux.srcs/sources_1/new/top.v
ERROR: [Common 17-179] Fork failed: Cannot allocate memory
update_compile_order -fileset sources_1
ERROR: [Common 17-179] Fork failed: Cannot allocate memory
ERROR: [Common 17-179] Fork failed: Cannot allocate memory
ERROR: [Common 17-179] Fork failed: Cannot allocate memory
ERROR: [Common 17-179] Fork failed: Cannot allocate memory
ERROR: [Common 17-179] Fork failed: Cannot allocate memory
ERROR: [Common 17-179] Fork failed: Cannot allocate memory
ERROR: [Common 17-179] Fork failed: Cannot allocate memory
update_compile_order -fileset sources_1
ERROR: [Common 17-179] Fork failed: Cannot allocate memory
ERROR: [Common 17-179] Fork failed: Cannot allocate memory
ERROR: [Common 17-179] Fork failed: Cannot allocate memory
ERROR: [Common 17-179] Fork failed: Cannot allocate memory
ERROR: [Common 17-179] Fork failed: Cannot allocate memory
ERROR: [Common 17-179] Fork failed: Cannot allocate memory
ERROR: [Common 17-179] Fork failed: Cannot allocate memory
update_compile_order -fileset sources_1
ERROR: [Common 17-179] Fork failed: Cannot allocate memory
ERROR: [Common 17-179] Fork failed: Cannot allocate memory
ERROR: [Common 17-179] Fork failed: Cannot allocate memory
ERROR: [Common 17-179] Fork failed: Cannot allocate memory
ERROR: [Common 17-179] Fork failed: Cannot allocate memory
ERROR: [Common 17-179] Fork failed: Cannot allocate memory
ERROR: [Common 17-179] Fork failed: Cannot allocate memory
ERROR: [Common 17-179] Fork failed: Cannot allocate memory
ERROR: [Common 17-179] Fork failed: Cannot allocate memory
ERROR: [Common 17-179] Fork failed: Cannot allocate memory
ERROR: [Common 17-179] Fork failed: Cannot allocate memory
ERROR: [Common 17-179] Fork failed: Cannot allocate memory
ERROR: [Common 17-179] Fork failed: Cannot allocate memory
ERROR: [Common 17-179] Fork failed: Cannot allocate memory
ERROR: [Common 17-179] Fork failed: Cannot allocate memory
ERROR: [Common 17-179] Fork failed: Cannot allocate memory
ERROR: [Common 17-179] Fork failed: Cannot allocate memory
ERROR: [Common 17-179] Fork failed: Cannot allocate memory
ERROR: [Common 17-179] Fork failed: Cannot allocate memory
ERROR: [Common 17-179] Fork failed: Cannot allocate memory
ERROR: [Common 17-179] Fork failed: Cannot allocate memory
ERROR: [Common 17-179] Fork failed: Cannot allocate memory
ERROR: [Common 17-179] Fork failed: Cannot allocate memory
ERROR: [Common 17-179] Fork failed: Cannot allocate memory
ERROR: [Common 17-179] Fork failed: Cannot allocate memory
ERROR: [Common 17-179] Fork failed: Cannot allocate memory
ERROR: [Common 17-179] Fork failed: Cannot allocate memory
ERROR: [Common 17-179] Fork failed: Cannot allocate memory
ERROR: [Common 17-179] Fork failed: Cannot allocate memory
ERROR: [Common 17-179] Fork failed: Cannot allocate memory
ERROR: [Common 17-179] Fork failed: Cannot allocate memory
ERROR: [Common 17-179] Fork failed: Cannot allocate memory
ERROR: [Common 17-179] Fork failed: Cannot allocate memory
ERROR: [Common 17-179] Fork failed: Cannot allocate memory
ERROR: [Common 17-179] Fork failed: Cannot allocate memory
ERROR: [Common 17-179] Fork failed: Cannot allocate memory
ERROR: [Common 17-179] Fork failed: Cannot allocate memory
ERROR: [Common 17-179] Fork failed: Cannot allocate memory
ERROR: [Common 17-179] Fork failed: Cannot allocate memory
ERROR: [Common 17-179] Fork failed: Cannot allocate memory
ERROR: [Common 17-179] Fork failed: Cannot allocate memory
ERROR: [Common 17-179] Fork failed: Cannot allocate memory
ERROR: [Common 17-179] Fork failed: Cannot allocate memory
ERROR: [Common 17-179] Fork failed: Cannot allocate memory
ERROR: [Common 17-179] Fork failed: Cannot allocate memory
ERROR: [Common 17-179] Fork failed: Cannot allocate memory
ERROR: [Common 17-179] Fork failed: Cannot allocate memory
ERROR: [Common 17-179] Fork failed: Cannot allocate memory
ERROR: [Common 17-179] Fork failed: Cannot allocate memory
ERROR: [Common 17-179] Fork failed: Cannot allocate memory
set_property is_global_include true [get_files  /home/s1820419/LDPC_MinorResearch/GeneratedDecoders/Reconf_LUT.beta/RTL/reconfigurable_mux/reconfigurable_mux.srcs/sources_1/new/top.v]
ERROR: [Common 17-179] Fork failed: Cannot allocate memory
ERROR: [Common 17-179] Fork failed: Cannot allocate memory
update_compile_order -fileset sources_1
set_property is_global_include true [get_files  /home/s1820419/LDPC_MinorResearch/GeneratedDecoders/Reconf_LUT.beta/RTL/reconfigurable_mux/reconfigurable_mux.srcs/sources_1/imports/RTL/define.v]
ERROR: [Common 17-179] Fork failed: Cannot allocate memory
ERROR: [Common 17-179] Fork failed: Cannot allocate memory
set_property is_global_include false [get_files  /home/s1820419/LDPC_MinorResearch/GeneratedDecoders/Reconf_LUT.beta/RTL/reconfigurable_mux/reconfigurable_mux.srcs/sources_1/new/top.v]
ERROR: [Common 17-179] Fork failed: Cannot allocate memory
ERROR: [Common 17-179] Fork failed: Cannot allocate memory
update_compile_order -fileset sources_1
ERROR: [Common 17-179] Fork failed: Cannot allocate memory
ERROR: [Common 17-179] Fork failed: Cannot allocate memory
close_project
open_project /home/s1820419/LDPC_MinorResearch/GeneratedDecoders/Reconf_LUT.beta/RTL/reconfigurable_mux/reconfigurable_mux.xpr
Scanning sources...
Finished scanning sources
INFO: [IP_Flow 19-234] Refreshing IP repositories
INFO: [IP_Flow 19-1704] No user IP repositories specified
INFO: [IP_Flow 19-2313] Loaded Vivado IP repository '/home/s1820419/Xilinx/Vivado/2019.2/data/ip'.
update_compile_order -fileset sources_1
ERROR: [Common 17-179] Fork failed: Cannot allocate memory
update_compile_order -fileset sources_1
ERROR: [Common 17-179] Fork failed: Cannot allocate memory
ERROR: [Common 17-179] Fork failed: Cannot allocate memory
ERROR: [Common 17-179] Fork failed: Cannot allocate memory
update_compile_order -fileset sources_1
ERROR: [Common 17-179] Fork failed: Cannot allocate memory
reset_run synth_1
launch_runs impl_1 -jobs 8
[Sun Feb 16 23:59:41 2020] Launched synth_1...
Run output will be captured here: /home/s1820419/LDPC_MinorResearch/GeneratedDecoders/Reconf_LUT.beta/RTL/reconfigurable_mux/reconfigurable_mux.runs/synth_1/runme.log
[Sun Feb 16 23:59:41 2020] Launched impl_1...
Run output will be captured here: /home/s1820419/LDPC_MinorResearch/GeneratedDecoders/Reconf_LUT.beta/RTL/reconfigurable_mux/reconfigurable_mux.runs/impl_1/runme.log
ERROR: [Common 17-179] Fork failed: Cannot allocate memory
reset_run synth_1
launch_runs impl_1 -jobs 8
[Mon Feb 17 00:01:27 2020] Launched synth_1...
Run output will be captured here: /home/s1820419/LDPC_MinorResearch/GeneratedDecoders/Reconf_LUT.beta/RTL/reconfigurable_mux/reconfigurable_mux.runs/synth_1/runme.log
[Mon Feb 17 00:01:27 2020] Launched impl_1...
Run output will be captured here: /home/s1820419/LDPC_MinorResearch/GeneratedDecoders/Reconf_LUT.beta/RTL/reconfigurable_mux/reconfigurable_mux.runs/impl_1/runme.log
open_run impl_1
Netlist sorting complete. Time (s): cpu = 00:00:00 ; elapsed = 00:00:00.01 . Memory (MB): peak = 8938.023 ; gain = 0.000 ; free physical = 1706 ; free virtual = 18974
INFO: [Netlist 29-17] Analyzing 20 Unisim elements for replacement
INFO: [Netlist 29-28] Unisim Transformation completed in 0 CPU seconds
INFO: [Project 1-479] Netlist was created with Vivado 2019.2
INFO: [Project 1-570] Preparing netlist for logic optimization
Reading XDEF placement.
Reading placer database...
Reading XDEF routing.
Read XDEF File: Time (s): cpu = 00:00:00.04 ; elapsed = 00:00:00.04 . Memory (MB): peak = 8938.023 ; gain = 0.000 ; free physical = 1653 ; free virtual = 18921
Restored from archive | CPU: 0.040000 secs | Memory: 0.190414 MB |
Finished XDEF File Restore: Time (s): cpu = 00:00:00.04 ; elapsed = 00:00:00.04 . Memory (MB): peak = 8938.023 ; gain = 0.000 ; free physical = 1653 ; free virtual = 18921
Netlist sorting complete. Time (s): cpu = 00:00:00 ; elapsed = 00:00:00 . Memory (MB): peak = 8938.023 ; gain = 0.000 ; free physical = 1653 ; free virtual = 18921
INFO: [Project 1-111] Unisim Transformation Summary:
  A total of 16 instances were transformed.
  RAM32M => RAM32M (RAMD32(x6), RAMS32(x2)): 16 instances

WARNING: [Timing 38-313] There are no user specified timing constraints. Timing constraints are needed for proper timing analysis.
report_utilization -name utilization_1
set_property source_mgmt_mode DisplayOnly [current_project]
set_property top tb [get_filesets sim_1]
ERROR: [Common 17-179] Fork failed: Cannot allocate memory
set_property top top [get_filesets sim_1]
set_property top_lib xil_defaultlib [get_filesets sim_1]
report_utilization -name utilization_2
ERROR: [Common 17-179] Fork failed: Cannot allocate memory
ERROR: [Common 17-179] Fork failed: Cannot allocate memory
ERROR: [Common 17-179] Fork failed: Cannot allocate memory
ERROR: [Common 17-179] Fork failed: Cannot allocate memory
ERROR: [Common 17-179] Fork failed: Cannot allocate memory
ERROR: [Common 17-179] Fork failed: Cannot allocate memory
ERROR: [Common 17-179] Fork failed: Cannot allocate memory
ERROR: [Common 17-179] Fork failed: Cannot allocate memory
ERROR: [Common 17-179] Fork failed: Cannot allocate memory
ERROR: [Common 17-179] Fork failed: Cannot allocate memory
ERROR: [Common 17-179] Fork failed: Cannot allocate memory
reset_run synth_1
launch_runs impl_1 -jobs 8
[Mon Feb 17 00:29:55 2020] Launched synth_1...
Run output will be captured here: /home/s1820419/LDPC_MinorResearch/GeneratedDecoders/Reconf_LUT.beta/RTL/reconfigurable_mux/reconfigurable_mux.runs/synth_1/runme.log
[Mon Feb 17 00:29:55 2020] Launched impl_1...
Run output will be captured here: /home/s1820419/LDPC_MinorResearch/GeneratedDecoders/Reconf_LUT.beta/RTL/reconfigurable_mux/reconfigurable_mux.runs/impl_1/runme.log
refresh_design
Netlist sorting complete. Time (s): cpu = 00:00:00 ; elapsed = 00:00:00 . Memory (MB): peak = 8938.023 ; gain = 0.000 ; free physical = 1728 ; free virtual = 18998
INFO: [Netlist 29-17] Analyzing 80 Unisim elements for replacement
INFO: [Netlist 29-28] Unisim Transformation completed in 0 CPU seconds
INFO: [Project 1-479] Netlist was created with Vivado 2019.2
INFO: [Project 1-570] Preparing netlist for logic optimization
Reading XDEF placement.
Reading placer database...
Reading XDEF routing.
Read XDEF File: Time (s): cpu = 00:00:00.07 ; elapsed = 00:00:00.07 . Memory (MB): peak = 8938.023 ; gain = 0.000 ; free physical = 1683 ; free virtual = 18952
Restored from archive | CPU: 0.070000 secs | Memory: 0.694199 MB |
Finished XDEF File Restore: Time (s): cpu = 00:00:00.07 ; elapsed = 00:00:00.07 . Memory (MB): peak = 8938.023 ; gain = 0.000 ; free physical = 1683 ; free virtual = 18952
refresh_design: Time (s): cpu = 00:00:12 ; elapsed = 00:00:08 . Memory (MB): peak = 8938.023 ; gain = 0.000 ; free physical = 1533 ; free virtual = 18803
WARNING: [Timing 38-313] There are no user specified timing constraints. Timing constraints are needed for proper timing analysis.
report_utilization -name utilization_1
exit
INFO: [Common 17-206] Exiting Vivado at Mon Feb 17 00:39:48 2020...
