Vivado Simulator 2019.2
Time resolution is 1 ps
 Block Memory Generator module loading initial data...
 Block Memory Generator data initialization complete.
Block Memory Generator module top.IB_CNU_ROM32.IB_RAM_i.blk_mem_gen_0.inst.native_mem_module.blk_mem_gen_v8_4_4_inst is using a behavioral model for simulation which will not precisely model memory collision behavior.
WARNING: File/Multi-channel descriptor (-20000) passed to $fclose in file /home/s1820419/LDPC_MinorResearch/GeneratedDecoders/204.33.486/RTL/IB_CNU_BRAM32/IB_CNU_BRAM32/IB_CNU_BRAM32.srcs/sources_1/imports/sources_1/imports/Reconf_IB_MUX/top.v at line 388 is not valid.
WARNING: File/Multi-channel descriptor (-20000) passed to $fclose in file /home/s1820419/LDPC_MinorResearch/GeneratedDecoders/204.33.486/RTL/IB_CNU_BRAM32/IB_CNU_BRAM32/IB_CNU_BRAM32.srcs/sources_1/imports/sources_1/imports/Reconf_IB_MUX/top.v at line 388 is not valid.
WARNING: File/Multi-channel descriptor (-20000) passed to $fclose in file /home/s1820419/LDPC_MinorResearch/GeneratedDecoders/204.33.486/RTL/IB_CNU_BRAM32/IB_CNU_BRAM32/IB_CNU_BRAM32.srcs/sources_1/imports/sources_1/imports/Reconf_IB_MUX/top.v at line 388 is not valid.
WARNING: File/Multi-channel descriptor (-20000) passed to $fclose in file /home/s1820419/LDPC_MinorResearch/GeneratedDecoders/204.33.486/RTL/IB_CNU_BRAM32/IB_CNU_BRAM32/IB_CNU_BRAM32.srcs/sources_1/imports/sources_1/imports/Reconf_IB_MUX/top.v at line 388 is not valid.
WARNING: File/Multi-channel descriptor (-20000) passed to $fclose in file /home/s1820419/LDPC_MinorResearch/GeneratedDecoders/204.33.486/RTL/IB_CNU_BRAM32/IB_CNU_BRAM32/IB_CNU_BRAM32.srcs/sources_1/imports/sources_1/imports/Reconf_IB_MUX/top.v at line 388 is not valid.
WARNING: File/Multi-channel descriptor (-20000) passed to $fclose in file /home/s1820419/LDPC_MinorResearch/GeneratedDecoders/204.33.486/RTL/IB_CNU_BRAM32/IB_CNU_BRAM32/IB_CNU_BRAM32.srcs/sources_1/imports/sources_1/imports/Reconf_IB_MUX/top.v at line 388 is not valid.
WARNING: File/Multi-channel descriptor (-20000) passed to $fclose in file /home/s1820419/LDPC_MinorResearch/GeneratedDecoders/204.33.486/RTL/IB_CNU_BRAM32/IB_CNU_BRAM32/IB_CNU_BRAM32.srcs/sources_1/imports/sources_1/imports/Reconf_IB_MUX/top.v at line 388 is not valid.
WARNING: File/Multi-channel descriptor (-20000) passed to $fclose in file /home/s1820419/LDPC_MinorResearch/GeneratedDecoders/204.33.486/RTL/IB_CNU_BRAM32/IB_CNU_BRAM32/IB_CNU_BRAM32.srcs/sources_1/imports/sources_1/imports/Reconf_IB_MUX/top.v at line 388 is not valid.
WARNING: File/Multi-channel descriptor (-20000) passed to $fclose in file /home/s1820419/LDPC_MinorResearch/GeneratedDecoders/204.33.486/RTL/IB_CNU_BRAM32/IB_CNU_BRAM32/IB_CNU_BRAM32.srcs/sources_1/imports/sources_1/imports/Reconf_IB_MUX/top.v at line 388 is not valid.
WARNING: File/Multi-channel descriptor (-20000) passed to $fclose in file /home/s1820419/LDPC_MinorResearch/GeneratedDecoders/204.33.486/RTL/IB_CNU_BRAM32/IB_CNU_BRAM32/IB_CNU_BRAM32.srcs/sources_1/imports/sources_1/imports/Reconf_IB_MUX/top.v at line 388 is not valid.
WARNING: File/Multi-channel descriptor (-20000) passed to $fclose in file /home/s1820419/LDPC_MinorResearch/GeneratedDecoders/204.33.486/RTL/IB_CNU_BRAM32/IB_CNU_BRAM32/IB_CNU_BRAM32.srcs/sources_1/imports/sources_1/imports/Reconf_IB_MUX/top.v at line 388 is not valid.
WARNING: File/Multi-channel descriptor (-20000) passed to $fclose in file /home/s1820419/LDPC_MinorResearch/GeneratedDecoders/204.33.486/RTL/IB_CNU_BRAM32/IB_CNU_BRAM32/IB_CNU_BRAM32.srcs/sources_1/imports/sources_1/imports/Reconf_IB_MUX/top.v at line 388 is not valid.
WARNING: File/Multi-channel descriptor (-20000) passed to $fclose in file /home/s1820419/LDPC_MinorResearch/GeneratedDecoders/204.33.486/RTL/IB_CNU_BRAM32/IB_CNU_BRAM32/IB_CNU_BRAM32.srcs/sources_1/imports/sources_1/imports/Reconf_IB_MUX/top.v at line 388 is not valid.
WARNING: File/Multi-channel descriptor (-20000) passed to $fclose in file /home/s1820419/LDPC_MinorResearch/GeneratedDecoders/204.33.486/RTL/IB_CNU_BRAM32/IB_CNU_BRAM32/IB_CNU_BRAM32.srcs/sources_1/imports/sources_1/imports/Reconf_IB_MUX/top.v at line 388 is not valid.
WARNING: File/Multi-channel descriptor (-20000) passed to $fclose in file /home/s1820419/LDPC_MinorResearch/GeneratedDecoders/204.33.486/RTL/IB_CNU_BRAM32/IB_CNU_BRAM32/IB_CNU_BRAM32.srcs/sources_1/imports/sources_1/imports/Reconf_IB_MUX/top.v at line 388 is not valid.
WARNING: File/Multi-channel descriptor (-20000) passed to $fclose in file /home/s1820419/LDPC_MinorResearch/GeneratedDecoders/204.33.486/RTL/IB_CNU_BRAM32/IB_CNU_BRAM32/IB_CNU_BRAM32.srcs/sources_1/imports/sources_1/imports/Reconf_IB_MUX/top.v at line 388 is not valid.
WARNING: File/Multi-channel descriptor (-20000) passed to $fclose in file /home/s1820419/LDPC_MinorResearch/GeneratedDecoders/204.33.486/RTL/IB_CNU_BRAM32/IB_CNU_BRAM32/IB_CNU_BRAM32.srcs/sources_1/imports/sources_1/imports/Reconf_IB_MUX/top.v at line 388 is not valid.
WARNING: File/Multi-channel descriptor (-20000) passed to $fclose in file /home/s1820419/LDPC_MinorResearch/GeneratedDecoders/204.33.486/RTL/IB_CNU_BRAM32/IB_CNU_BRAM32/IB_CNU_BRAM32.srcs/sources_1/imports/sources_1/imports/Reconf_IB_MUX/top.v at line 388 is not valid.
WARNING: File/Multi-channel descriptor (-20000) passed to $fclose in file /home/s1820419/LDPC_MinorResearch/GeneratedDecoders/204.33.486/RTL/IB_CNU_BRAM32/IB_CNU_BRAM32/IB_CNU_BRAM32.srcs/sources_1/imports/sources_1/imports/Reconf_IB_MUX/top.v at line 388 is not valid.
WARNING: File/Multi-channel descriptor (-20000) passed to $fclose in file /home/s1820419/LDPC_MinorResearch/GeneratedDecoders/204.33.486/RTL/IB_CNU_BRAM32/IB_CNU_BRAM32/IB_CNU_BRAM32.srcs/sources_1/imports/sources_1/imports/Reconf_IB_MUX/top.v at line 388 is not valid.
WARNING: File/Multi-channel descriptor (-20000) passed to $fclose in file /home/s1820419/LDPC_MinorResearch/GeneratedDecoders/204.33.486/RTL/IB_CNU_BRAM32/IB_CNU_BRAM32/IB_CNU_BRAM32.srcs/sources_1/imports/sources_1/imports/Reconf_IB_MUX/top.v at line 388 is not valid.
WARNING: File/Multi-channel descriptor (-20000) passed to $fclose in file /home/s1820419/LDPC_MinorResearch/GeneratedDecoders/204.33.486/RTL/IB_CNU_BRAM32/IB_CNU_BRAM32/IB_CNU_BRAM32.srcs/sources_1/imports/sources_1/imports/Reconf_IB_MUX/top.v at line 388 is not valid.
WARNING: File/Multi-channel descriptor (-20000) passed to $fclose in file /home/s1820419/LDPC_MinorResearch/GeneratedDecoders/204.33.486/RTL/IB_CNU_BRAM32/IB_CNU_BRAM32/IB_CNU_BRAM32.srcs/sources_1/imports/sources_1/imports/Reconf_IB_MUX/top.v at line 388 is not valid.
WARNING: File/Multi-channel descriptor (-20000) passed to $fclose in file /home/s1820419/LDPC_MinorResearch/GeneratedDecoders/204.33.486/RTL/IB_CNU_BRAM32/IB_CNU_BRAM32/IB_CNU_BRAM32.srcs/sources_1/imports/sources_1/imports/Reconf_IB_MUX/top.v at line 388 is not valid.
WARNING: File/Multi-channel descriptor (-20000) passed to $fclose in file /home/s1820419/LDPC_MinorResearch/GeneratedDecoders/204.33.486/RTL/IB_CNU_BRAM32/IB_CNU_BRAM32/IB_CNU_BRAM32.srcs/sources_1/imports/sources_1/imports/Reconf_IB_MUX/top.v at line 388 is not valid.
WARNING: File/Multi-channel descriptor (-20000) passed to $fclose in file /home/s1820419/LDPC_MinorResearch/GeneratedDecoders/204.33.486/RTL/IB_CNU_BRAM32/IB_CNU_BRAM32/IB_CNU_BRAM32.srcs/sources_1/imports/sources_1/imports/Reconf_IB_MUX/top.v at line 388 is not valid.
WARNING: File/Multi-channel descriptor (-20000) passed to $fclose in file /home/s1820419/LDPC_MinorResearch/GeneratedDecoders/204.33.486/RTL/IB_CNU_BRAM32/IB_CNU_BRAM32/IB_CNU_BRAM32.srcs/sources_1/imports/sources_1/imports/Reconf_IB_MUX/top.v at line 388 is not valid.
WARNING: File/Multi-channel descriptor (-20000) passed to $fclose in file /home/s1820419/LDPC_MinorResearch/GeneratedDecoders/204.33.486/RTL/IB_CNU_BRAM32/IB_CNU_BRAM32/IB_CNU_BRAM32.srcs/sources_1/imports/sources_1/imports/Reconf_IB_MUX/top.v at line 388 is not valid.
WARNING: File/Multi-channel descriptor (-20000) passed to $fclose in file /home/s1820419/LDPC_MinorResearch/GeneratedDecoders/204.33.486/RTL/IB_CNU_BRAM32/IB_CNU_BRAM32/IB_CNU_BRAM32.srcs/sources_1/imports/sources_1/imports/Reconf_IB_MUX/top.v at line 388 is not valid.
WARNING: File/Multi-channel descriptor (-20000) passed to $fclose in file /home/s1820419/LDPC_MinorResearch/GeneratedDecoders/204.33.486/RTL/IB_CNU_BRAM32/IB_CNU_BRAM32/IB_CNU_BRAM32.srcs/sources_1/imports/sources_1/imports/Reconf_IB_MUX/top.v at line 388 is not valid.
WARNING: File/Multi-channel descriptor (-20000) passed to $fclose in file /home/s1820419/LDPC_MinorResearch/GeneratedDecoders/204.33.486/RTL/IB_CNU_BRAM32/IB_CNU_BRAM32/IB_CNU_BRAM32.srcs/sources_1/imports/sources_1/imports/Reconf_IB_MUX/top.v at line 388 is not valid.
WARNING: File/Multi-channel descriptor (-20000) passed to $fclose in file /home/s1820419/LDPC_MinorResearch/GeneratedDecoders/204.33.486/RTL/IB_CNU_BRAM32/IB_CNU_BRAM32/IB_CNU_BRAM32.srcs/sources_1/imports/sources_1/imports/Reconf_IB_MUX/top.v at line 388 is not valid.
WARNING: File/Multi-channel descriptor (-20000) passed to $fclose in file /home/s1820419/LDPC_MinorResearch/GeneratedDecoders/204.33.486/RTL/IB_CNU_BRAM32/IB_CNU_BRAM32/IB_CNU_BRAM32.srcs/sources_1/imports/sources_1/imports/Reconf_IB_MUX/top.v at line 388 is not valid.
WARNING: File/Multi-channel descriptor (-20000) passed to $fclose in file /home/s1820419/LDPC_MinorResearch/GeneratedDecoders/204.33.486/RTL/IB_CNU_BRAM32/IB_CNU_BRAM32/IB_CNU_BRAM32.srcs/sources_1/imports/sources_1/imports/Reconf_IB_MUX/top.v at line 388 is not valid.
WARNING: File/Multi-channel descriptor (-20000) passed to $fclose in file /home/s1820419/LDPC_MinorResearch/GeneratedDecoders/204.33.486/RTL/IB_CNU_BRAM32/IB_CNU_BRAM32/IB_CNU_BRAM32.srcs/sources_1/imports/sources_1/imports/Reconf_IB_MUX/top.v at line 388 is not valid.
WARNING: File/Multi-channel descriptor (-20000) passed to $fclose in file /home/s1820419/LDPC_MinorResearch/GeneratedDecoders/204.33.486/RTL/IB_CNU_BRAM32/IB_CNU_BRAM32/IB_CNU_BRAM32.srcs/sources_1/imports/sources_1/imports/Reconf_IB_MUX/top.v at line 388 is not valid.
WARNING: File/Multi-channel descriptor (-20000) passed to $fclose in file /home/s1820419/LDPC_MinorResearch/GeneratedDecoders/204.33.486/RTL/IB_CNU_BRAM32/IB_CNU_BRAM32/IB_CNU_BRAM32.srcs/sources_1/imports/sources_1/imports/Reconf_IB_MUX/top.v at line 388 is not valid.
WARNING: File/Multi-channel descriptor (-20000) passed to $fclose in file /home/s1820419/LDPC_MinorResearch/GeneratedDecoders/204.33.486/RTL/IB_CNU_BRAM32/IB_CNU_BRAM32/IB_CNU_BRAM32.srcs/sources_1/imports/sources_1/imports/Reconf_IB_MUX/top.v at line 388 is not valid.
WARNING: File/Multi-channel descriptor (-20000) passed to $fclose in file /home/s1820419/LDPC_MinorResearch/GeneratedDecoders/204.33.486/RTL/IB_CNU_BRAM32/IB_CNU_BRAM32/IB_CNU_BRAM32.srcs/sources_1/imports/sources_1/imports/Reconf_IB_MUX/top.v at line 388 is not valid.
WARNING: File/Multi-channel descriptor (-20000) passed to $fclose in file /home/s1820419/LDPC_MinorResearch/GeneratedDecoders/204.33.486/RTL/IB_CNU_BRAM32/IB_CNU_BRAM32/IB_CNU_BRAM32.srcs/sources_1/imports/sources_1/imports/Reconf_IB_MUX/top.v at line 388 is not valid.
WARNING: File/Multi-channel descriptor (-20000) passed to $fclose in file /home/s1820419/LDPC_MinorResearch/GeneratedDecoders/204.33.486/RTL/IB_CNU_BRAM32/IB_CNU_BRAM32/IB_CNU_BRAM32.srcs/sources_1/imports/sources_1/imports/Reconf_IB_MUX/top.v at line 388 is not valid.
WARNING: File/Multi-channel descriptor (-20000) passed to $fclose in file /home/s1820419/LDPC_MinorResearch/GeneratedDecoders/204.33.486/RTL/IB_CNU_BRAM32/IB_CNU_BRAM32/IB_CNU_BRAM32.srcs/sources_1/imports/sources_1/imports/Reconf_IB_MUX/top.v at line 388 is not valid.
WARNING: File/Multi-channel descriptor (-20000) passed to $fclose in file /home/s1820419/LDPC_MinorResearch/GeneratedDecoders/204.33.486/RTL/IB_CNU_BRAM32/IB_CNU_BRAM32/IB_CNU_BRAM32.srcs/sources_1/imports/sources_1/imports/Reconf_IB_MUX/top.v at line 388 is not valid.
WARNING: File/Multi-channel descriptor (-20000) passed to $fclose in file /home/s1820419/LDPC_MinorResearch/GeneratedDecoders/204.33.486/RTL/IB_CNU_BRAM32/IB_CNU_BRAM32/IB_CNU_BRAM32.srcs/sources_1/imports/sources_1/imports/Reconf_IB_MUX/top.v at line 388 is not valid.
WARNING: File/Multi-channel descriptor (-20000) passed to $fclose in file /home/s1820419/LDPC_MinorResearch/GeneratedDecoders/204.33.486/RTL/IB_CNU_BRAM32/IB_CNU_BRAM32/IB_CNU_BRAM32.srcs/sources_1/imports/sources_1/imports/Reconf_IB_MUX/top.v at line 388 is not valid.
WARNING: File/Multi-channel descriptor (-20000) passed to $fclose in file /home/s1820419/LDPC_MinorResearch/GeneratedDecoders/204.33.486/RTL/IB_CNU_BRAM32/IB_CNU_BRAM32/IB_CNU_BRAM32.srcs/sources_1/imports/sources_1/imports/Reconf_IB_MUX/top.v at line 388 is not valid.
WARNING: File/Multi-channel descriptor (-20000) passed to $fclose in file /home/s1820419/LDPC_MinorResearch/GeneratedDecoders/204.33.486/RTL/IB_CNU_BRAM32/IB_CNU_BRAM32/IB_CNU_BRAM32.srcs/sources_1/imports/sources_1/imports/Reconf_IB_MUX/top.v at line 388 is not valid.
WARNING: File/Multi-channel descriptor (-20000) passed to $fclose in file /home/s1820419/LDPC_MinorResearch/GeneratedDecoders/204.33.486/RTL/IB_CNU_BRAM32/IB_CNU_BRAM32/IB_CNU_BRAM32.srcs/sources_1/imports/sources_1/imports/Reconf_IB_MUX/top.v at line 388 is not valid.
WARNING: File/Multi-channel descriptor (-20000) passed to $fclose in file /home/s1820419/LDPC_MinorResearch/GeneratedDecoders/204.33.486/RTL/IB_CNU_BRAM32/IB_CNU_BRAM32/IB_CNU_BRAM32.srcs/sources_1/imports/sources_1/imports/Reconf_IB_MUX/top.v at line 388 is not valid.
WARNING: File/Multi-channel descriptor (-20000) passed to $fclose in file /home/s1820419/LDPC_MinorResearch/GeneratedDecoders/204.33.486/RTL/IB_CNU_BRAM32/IB_CNU_BRAM32/IB_CNU_BRAM32.srcs/sources_1/imports/sources_1/imports/Reconf_IB_MUX/top.v at line 388 is not valid.
WARNING: File/Multi-channel descriptor (-20000) passed to $fclose in file /home/s1820419/LDPC_MinorResearch/GeneratedDecoders/204.33.486/RTL/IB_CNU_BRAM32/IB_CNU_BRAM32/IB_CNU_BRAM32.srcs/sources_1/imports/sources_1/imports/Reconf_IB_MUX/top.v at line 388 is not valid.
WARNING: File/Multi-channel descriptor (-20000) passed to $fclose in file /home/s1820419/LDPC_MinorResearch/GeneratedDecoders/204.33.486/RTL/IB_CNU_BRAM32/IB_CNU_BRAM32/IB_CNU_BRAM32.srcs/sources_1/imports/sources_1/imports/Reconf_IB_MUX/top.v at line 388 is not valid.
WARNING: File/Multi-channel descriptor (-20000) passed to $fclose in file /home/s1820419/LDPC_MinorResearch/GeneratedDecoders/204.33.486/RTL/IB_CNU_BRAM32/IB_CNU_BRAM32/IB_CNU_BRAM32.srcs/sources_1/imports/sources_1/imports/Reconf_IB_MUX/top.v at line 388 is not valid.
WARNING: File/Multi-channel descriptor (-20000) passed to $fclose in file /home/s1820419/LDPC_MinorResearch/GeneratedDecoders/204.33.486/RTL/IB_CNU_BRAM32/IB_CNU_BRAM32/IB_CNU_BRAM32.srcs/sources_1/imports/sources_1/imports/Reconf_IB_MUX/top.v at line 388 is not valid.
WARNING: File/Multi-channel descriptor (-20000) passed to $fclose in file /home/s1820419/LDPC_MinorResearch/GeneratedDecoders/204.33.486/RTL/IB_CNU_BRAM32/IB_CNU_BRAM32/IB_CNU_BRAM32.srcs/sources_1/imports/sources_1/imports/Reconf_IB_MUX/top.v at line 388 is not valid.
WARNING: File/Multi-channel descriptor (-20000) passed to $fclose in file /home/s1820419/LDPC_MinorResearch/GeneratedDecoders/204.33.486/RTL/IB_CNU_BRAM32/IB_CNU_BRAM32/IB_CNU_BRAM32.srcs/sources_1/imports/sources_1/imports/Reconf_IB_MUX/top.v at line 388 is not valid.
WARNING: File/Multi-channel descriptor (-20000) passed to $fclose in file /home/s1820419/LDPC_MinorResearch/GeneratedDecoders/204.33.486/RTL/IB_CNU_BRAM32/IB_CNU_BRAM32/IB_CNU_BRAM32.srcs/sources_1/imports/sources_1/imports/Reconf_IB_MUX/top.v at line 388 is not valid.
WARNING: File/Multi-channel descriptor (-20000) passed to $fclose in file /home/s1820419/LDPC_MinorResearch/GeneratedDecoders/204.33.486/RTL/IB_CNU_BRAM32/IB_CNU_BRAM32/IB_CNU_BRAM32.srcs/sources_1/imports/sources_1/imports/Reconf_IB_MUX/top.v at line 388 is not valid.
WARNING: File/Multi-channel descriptor (-20000) passed to $fclose in file /home/s1820419/LDPC_MinorResearch/GeneratedDecoders/204.33.486/RTL/IB_CNU_BRAM32/IB_CNU_BRAM32/IB_CNU_BRAM32.srcs/sources_1/imports/sources_1/imports/Reconf_IB_MUX/top.v at line 388 is not valid.
WARNING: File/Multi-channel descriptor (-20000) passed to $fclose in file /home/s1820419/LDPC_MinorResearch/GeneratedDecoders/204.33.486/RTL/IB_CNU_BRAM32/IB_CNU_BRAM32/IB_CNU_BRAM32.srcs/sources_1/imports/sources_1/imports/Reconf_IB_MUX/top.v at line 388 is not valid.
WARNING: File/Multi-channel descriptor (-20000) passed to $fclose in file /home/s1820419/LDPC_MinorResearch/GeneratedDecoders/204.33.486/RTL/IB_CNU_BRAM32/IB_CNU_BRAM32/IB_CNU_BRAM32.srcs/sources_1/imports/sources_1/imports/Reconf_IB_MUX/top.v at line 388 is not valid.
WARNING: File/Multi-channel descriptor (-20000) passed to $fclose in file /home/s1820419/LDPC_MinorResearch/GeneratedDecoders/204.33.486/RTL/IB_CNU_BRAM32/IB_CNU_BRAM32/IB_CNU_BRAM32.srcs/sources_1/imports/sources_1/imports/Reconf_IB_MUX/top.v at line 388 is not valid.
WARNING: File/Multi-channel descriptor (-20000) passed to $fclose in file /home/s1820419/LDPC_MinorResearch/GeneratedDecoders/204.33.486/RTL/IB_CNU_BRAM32/IB_CNU_BRAM32/IB_CNU_BRAM32.srcs/sources_1/imports/sources_1/imports/Reconf_IB_MUX/top.v at line 388 is not valid.
WARNING: File/Multi-channel descriptor (-20000) passed to $fclose in file /home/s1820419/LDPC_MinorResearch/GeneratedDecoders/204.33.486/RTL/IB_CNU_BRAM32/IB_CNU_BRAM32/IB_CNU_BRAM32.srcs/sources_1/imports/sources_1/imports/Reconf_IB_MUX/top.v at line 388 is not valid.
WARNING: File/Multi-channel descriptor (-20000) passed to $fclose in file /home/s1820419/LDPC_MinorResearch/GeneratedDecoders/204.33.486/RTL/IB_CNU_BRAM32/IB_CNU_BRAM32/IB_CNU_BRAM32.srcs/sources_1/imports/sources_1/imports/Reconf_IB_MUX/top.v at line 388 is not valid.
WARNING: File/Multi-channel descriptor (-20000) passed to $fclose in file /home/s1820419/LDPC_MinorResearch/GeneratedDecoders/204.33.486/RTL/IB_CNU_BRAM32/IB_CNU_BRAM32/IB_CNU_BRAM32.srcs/sources_1/imports/sources_1/imports/Reconf_IB_MUX/top.v at line 388 is not valid.
WARNING: File/Multi-channel descriptor (-20000) passed to $fclose in file /home/s1820419/LDPC_MinorResearch/GeneratedDecoders/204.33.486/RTL/IB_CNU_BRAM32/IB_CNU_BRAM32/IB_CNU_BRAM32.srcs/sources_1/imports/sources_1/imports/Reconf_IB_MUX/top.v at line 388 is not valid.
WARNING: File/Multi-channel descriptor (-20000) passed to $fclose in file /home/s1820419/LDPC_MinorResearch/GeneratedDecoders/204.33.486/RTL/IB_CNU_BRAM32/IB_CNU_BRAM32/IB_CNU_BRAM32.srcs/sources_1/imports/sources_1/imports/Reconf_IB_MUX/top.v at line 388 is not valid.
WARNING: File/Multi-channel descriptor (-20000) passed to $fclose in file /home/s1820419/LDPC_MinorResearch/GeneratedDecoders/204.33.486/RTL/IB_CNU_BRAM32/IB_CNU_BRAM32/IB_CNU_BRAM32.srcs/sources_1/imports/sources_1/imports/Reconf_IB_MUX/top.v at line 388 is not valid.
WARNING: File/Multi-channel descriptor (-20000) passed to $fclose in file /home/s1820419/LDPC_MinorResearch/GeneratedDecoders/204.33.486/RTL/IB_CNU_BRAM32/IB_CNU_BRAM32/IB_CNU_BRAM32.srcs/sources_1/imports/sources_1/imports/Reconf_IB_MUX/top.v at line 388 is not valid.
WARNING: File/Multi-channel descriptor (-20000) passed to $fclose in file /home/s1820419/LDPC_MinorResearch/GeneratedDecoders/204.33.486/RTL/IB_CNU_BRAM32/IB_CNU_BRAM32/IB_CNU_BRAM32.srcs/sources_1/imports/sources_1/imports/Reconf_IB_MUX/top.v at line 388 is not valid.
WARNING: File/Multi-channel descriptor (-20000) passed to $fclose in file /home/s1820419/LDPC_MinorResearch/GeneratedDecoders/204.33.486/RTL/IB_CNU_BRAM32/IB_CNU_BRAM32/IB_CNU_BRAM32.srcs/sources_1/imports/sources_1/imports/Reconf_IB_MUX/top.v at line 388 is not valid.
WARNING: File/Multi-channel descriptor (-20000) passed to $fclose in file /home/s1820419/LDPC_MinorResearch/GeneratedDecoders/204.33.486/RTL/IB_CNU_BRAM32/IB_CNU_BRAM32/IB_CNU_BRAM32.srcs/sources_1/imports/sources_1/imports/Reconf_IB_MUX/top.v at line 388 is not valid.
WARNING: File/Multi-channel descriptor (-20000) passed to $fclose in file /home/s1820419/LDPC_MinorResearch/GeneratedDecoders/204.33.486/RTL/IB_CNU_BRAM32/IB_CNU_BRAM32/IB_CNU_BRAM32.srcs/sources_1/imports/sources_1/imports/Reconf_IB_MUX/top.v at line 388 is not valid.
WARNING: File/Multi-channel descriptor (-20000) passed to $fclose in file /home/s1820419/LDPC_MinorResearch/GeneratedDecoders/204.33.486/RTL/IB_CNU_BRAM32/IB_CNU_BRAM32/IB_CNU_BRAM32.srcs/sources_1/imports/sources_1/imports/Reconf_IB_MUX/top.v at line 388 is not valid.
WARNING: File/Multi-channel descriptor (-20000) passed to $fclose in file /home/s1820419/LDPC_MinorResearch/GeneratedDecoders/204.33.486/RTL/IB_CNU_BRAM32/IB_CNU_BRAM32/IB_CNU_BRAM32.srcs/sources_1/imports/sources_1/imports/Reconf_IB_MUX/top.v at line 388 is not valid.
WARNING: File/Multi-channel descriptor (-20000) passed to $fclose in file /home/s1820419/LDPC_MinorResearch/GeneratedDecoders/204.33.486/RTL/IB_CNU_BRAM32/IB_CNU_BRAM32/IB_CNU_BRAM32.srcs/sources_1/imports/sources_1/imports/Reconf_IB_MUX/top.v at line 388 is not valid.
WARNING: File/Multi-channel descriptor (-20000) passed to $fclose in file /home/s1820419/LDPC_MinorResearch/GeneratedDecoders/204.33.486/RTL/IB_CNU_BRAM32/IB_CNU_BRAM32/IB_CNU_BRAM32.srcs/sources_1/imports/sources_1/imports/Reconf_IB_MUX/top.v at line 388 is not valid.
WARNING: File/Multi-channel descriptor (-20000) passed to $fclose in file /home/s1820419/LDPC_MinorResearch/GeneratedDecoders/204.33.486/RTL/IB_CNU_BRAM32/IB_CNU_BRAM32/IB_CNU_BRAM32.srcs/sources_1/imports/sources_1/imports/Reconf_IB_MUX/top.v at line 388 is not valid.
WARNING: File/Multi-channel descriptor (-20000) passed to $fclose in file /home/s1820419/LDPC_MinorResearch/GeneratedDecoders/204.33.486/RTL/IB_CNU_BRAM32/IB_CNU_BRAM32/IB_CNU_BRAM32.srcs/sources_1/imports/sources_1/imports/Reconf_IB_MUX/top.v at line 388 is not valid.
WARNING: File/Multi-channel descriptor (-20000) passed to $fclose in file /home/s1820419/LDPC_MinorResearch/GeneratedDecoders/204.33.486/RTL/IB_CNU_BRAM32/IB_CNU_BRAM32/IB_CNU_BRAM32.srcs/sources_1/imports/sources_1/imports/Reconf_IB_MUX/top.v at line 388 is not valid.
WARNING: File/Multi-channel descriptor (-20000) passed to $fclose in file /home/s1820419/LDPC_MinorResearch/GeneratedDecoders/204.33.486/RTL/IB_CNU_BRAM32/IB_CNU_BRAM32/IB_CNU_BRAM32.srcs/sources_1/imports/sources_1/imports/Reconf_IB_MUX/top.v at line 388 is not valid.
WARNING: File/Multi-channel descriptor (-20000) passed to $fclose in file /home/s1820419/LDPC_MinorResearch/GeneratedDecoders/204.33.486/RTL/IB_CNU_BRAM32/IB_CNU_BRAM32/IB_CNU_BRAM32.srcs/sources_1/imports/sources_1/imports/Reconf_IB_MUX/top.v at line 388 is not valid.
WARNING: File/Multi-channel descriptor (-20000) passed to $fclose in file /home/s1820419/LDPC_MinorResearch/GeneratedDecoders/204.33.486/RTL/IB_CNU_BRAM32/IB_CNU_BRAM32/IB_CNU_BRAM32.srcs/sources_1/imports/sources_1/imports/Reconf_IB_MUX/top.v at line 388 is not valid.
WARNING: File/Multi-channel descriptor (-20000) passed to $fclose in file /home/s1820419/LDPC_MinorResearch/GeneratedDecoders/204.33.486/RTL/IB_CNU_BRAM32/IB_CNU_BRAM32/IB_CNU_BRAM32.srcs/sources_1/imports/sources_1/imports/Reconf_IB_MUX/top.v at line 388 is not valid.
WARNING: File/Multi-channel descriptor (-20000) passed to $fclose in file /home/s1820419/LDPC_MinorResearch/GeneratedDecoders/204.33.486/RTL/IB_CNU_BRAM32/IB_CNU_BRAM32/IB_CNU_BRAM32.srcs/sources_1/imports/sources_1/imports/Reconf_IB_MUX/top.v at line 388 is not valid.
WARNING: File/Multi-channel descriptor (-20000) passed to $fclose in file /home/s1820419/LDPC_MinorResearch/GeneratedDecoders/204.33.486/RTL/IB_CNU_BRAM32/IB_CNU_BRAM32/IB_CNU_BRAM32.srcs/sources_1/imports/sources_1/imports/Reconf_IB_MUX/top.v at line 388 is not valid.
WARNING: File/Multi-channel descriptor (-20000) passed to $fclose in file /home/s1820419/LDPC_MinorResearch/GeneratedDecoders/204.33.486/RTL/IB_CNU_BRAM32/IB_CNU_BRAM32/IB_CNU_BRAM32.srcs/sources_1/imports/sources_1/imports/Reconf_IB_MUX/top.v at line 388 is not valid.
WARNING: File/Multi-channel descriptor (-20000) passed to $fclose in file /home/s1820419/LDPC_MinorResearch/GeneratedDecoders/204.33.486/RTL/IB_CNU_BRAM32/IB_CNU_BRAM32/IB_CNU_BRAM32.srcs/sources_1/imports/sources_1/imports/Reconf_IB_MUX/top.v at line 388 is not valid.
WARNING: File/Multi-channel descriptor (-20000) passed to $fclose in file /home/s1820419/LDPC_MinorResearch/GeneratedDecoders/204.33.486/RTL/IB_CNU_BRAM32/IB_CNU_BRAM32/IB_CNU_BRAM32.srcs/sources_1/imports/sources_1/imports/Reconf_IB_MUX/top.v at line 388 is not valid.
WARNING: File/Multi-channel descriptor (-20000) passed to $fclose in file /home/s1820419/LDPC_MinorResearch/GeneratedDecoders/204.33.486/RTL/IB_CNU_BRAM32/IB_CNU_BRAM32/IB_CNU_BRAM32.srcs/sources_1/imports/sources_1/imports/Reconf_IB_MUX/top.v at line 388 is not valid.
WARNING: File/Multi-channel descriptor (-20000) passed to $fclose in file /home/s1820419/LDPC_MinorResearch/GeneratedDecoders/204.33.486/RTL/IB_CNU_BRAM32/IB_CNU_BRAM32/IB_CNU_BRAM32.srcs/sources_1/imports/sources_1/imports/Reconf_IB_MUX/top.v at line 388 is not valid.
WARNING: File/Multi-channel descriptor (-20000) passed to $fclose in file /home/s1820419/LDPC_MinorResearch/GeneratedDecoders/204.33.486/RTL/IB_CNU_BRAM32/IB_CNU_BRAM32/IB_CNU_BRAM32.srcs/sources_1/imports/sources_1/imports/Reconf_IB_MUX/top.v at line 388 is not valid.
WARNING: File/Multi-channel descriptor (-20000) passed to $fclose in file /home/s1820419/LDPC_MinorResearch/GeneratedDecoders/204.33.486/RTL/IB_CNU_BRAM32/IB_CNU_BRAM32/IB_CNU_BRAM32.srcs/sources_1/imports/sources_1/imports/Reconf_IB_MUX/top.v at line 388 is not valid.
WARNING: File/Multi-channel descriptor (-20000) passed to $fclose in file /home/s1820419/LDPC_MinorResearch/GeneratedDecoders/204.33.486/RTL/IB_CNU_BRAM32/IB_CNU_BRAM32/IB_CNU_BRAM32.srcs/sources_1/imports/sources_1/imports/Reconf_IB_MUX/top.v at line 388 is not valid.
WARNING: File/Multi-channel descriptor (-20000) passed to $fclose in file /home/s1820419/LDPC_MinorResearch/GeneratedDecoders/204.33.486/RTL/IB_CNU_BRAM32/IB_CNU_BRAM32/IB_CNU_BRAM32.srcs/sources_1/imports/sources_1/imports/Reconf_IB_MUX/top.v at line 388 is not valid.
WARNING: File/Multi-channel descriptor (-20000) passed to $fclose in file /home/s1820419/LDPC_MinorResearch/GeneratedDecoders/204.33.486/RTL/IB_CNU_BRAM32/IB_CNU_BRAM32/IB_CNU_BRAM32.srcs/sources_1/imports/sources_1/imports/Reconf_IB_MUX/top.v at line 388 is not valid.
WARNING: File/Multi-channel descriptor (-20000) passed to $fclose in file /home/s1820419/LDPC_MinorResearch/GeneratedDecoders/204.33.486/RTL/IB_CNU_BRAM32/IB_CNU_BRAM32/IB_CNU_BRAM32.srcs/sources_1/imports/sources_1/imports/Reconf_IB_MUX/top.v at line 388 is not valid.
WARNING: File/Multi-channel descriptor (-20000) passed to $fclose in file /home/s1820419/LDPC_MinorResearch/GeneratedDecoders/204.33.486/RTL/IB_CNU_BRAM32/IB_CNU_BRAM32/IB_CNU_BRAM32.srcs/sources_1/imports/sources_1/imports/Reconf_IB_MUX/top.v at line 388 is not valid.
WARNING: File/Multi-channel descriptor (-20000) passed to $fclose in file /home/s1820419/LDPC_MinorResearch/GeneratedDecoders/204.33.486/RTL/IB_CNU_BRAM32/IB_CNU_BRAM32/IB_CNU_BRAM32.srcs/sources_1/imports/sources_1/imports/Reconf_IB_MUX/top.v at line 388 is not valid.
WARNING: File/Multi-channel descriptor (-20000) passed to $fclose in file /home/s1820419/LDPC_MinorResearch/GeneratedDecoders/204.33.486/RTL/IB_CNU_BRAM32/IB_CNU_BRAM32/IB_CNU_BRAM32.srcs/sources_1/imports/sources_1/imports/Reconf_IB_MUX/top.v at line 388 is not valid.
WARNING: File/Multi-channel descriptor (-20000) passed to $fclose in file /home/s1820419/LDPC_MinorResearch/GeneratedDecoders/204.33.486/RTL/IB_CNU_BRAM32/IB_CNU_BRAM32/IB_CNU_BRAM32.srcs/sources_1/imports/sources_1/imports/Reconf_IB_MUX/top.v at line 388 is not valid.
WARNING: File/Multi-channel descriptor (-20000) passed to $fclose in file /home/s1820419/LDPC_MinorResearch/GeneratedDecoders/204.33.486/RTL/IB_CNU_BRAM32/IB_CNU_BRAM32/IB_CNU_BRAM32.srcs/sources_1/imports/sources_1/imports/Reconf_IB_MUX/top.v at line 388 is not valid.
WARNING: File/Multi-channel descriptor (-20000) passed to $fclose in file /home/s1820419/LDPC_MinorResearch/GeneratedDecoders/204.33.486/RTL/IB_CNU_BRAM32/IB_CNU_BRAM32/IB_CNU_BRAM32.srcs/sources_1/imports/sources_1/imports/Reconf_IB_MUX/top.v at line 388 is not valid.
WARNING: File/Multi-channel descriptor (-20000) passed to $fclose in file /home/s1820419/LDPC_MinorResearch/GeneratedDecoders/204.33.486/RTL/IB_CNU_BRAM32/IB_CNU_BRAM32/IB_CNU_BRAM32.srcs/sources_1/imports/sources_1/imports/Reconf_IB_MUX/top.v at line 388 is not valid.
WARNING: File/Multi-channel descriptor (-20000) passed to $fclose in file /home/s1820419/LDPC_MinorResearch/GeneratedDecoders/204.33.486/RTL/IB_CNU_BRAM32/IB_CNU_BRAM32/IB_CNU_BRAM32.srcs/sources_1/imports/sources_1/imports/Reconf_IB_MUX/top.v at line 388 is not valid.
WARNING: File/Multi-channel descriptor (-20000) passed to $fclose in file /home/s1820419/LDPC_MinorResearch/GeneratedDecoders/204.33.486/RTL/IB_CNU_BRAM32/IB_CNU_BRAM32/IB_CNU_BRAM32.srcs/sources_1/imports/sources_1/imports/Reconf_IB_MUX/top.v at line 388 is not valid.
WARNING: File/Multi-channel descriptor (-20000) passed to $fclose in file /home/s1820419/LDPC_MinorResearch/GeneratedDecoders/204.33.486/RTL/IB_CNU_BRAM32/IB_CNU_BRAM32/IB_CNU_BRAM32.srcs/sources_1/imports/sources_1/imports/Reconf_IB_MUX/top.v at line 388 is not valid.
WARNING: File/Multi-channel descriptor (-20000) passed to $fclose in file /home/s1820419/LDPC_MinorResearch/GeneratedDecoders/204.33.486/RTL/IB_CNU_BRAM32/IB_CNU_BRAM32/IB_CNU_BRAM32.srcs/sources_1/imports/sources_1/imports/Reconf_IB_MUX/top.v at line 388 is not valid.
WARNING: File/Multi-channel descriptor (-20000) passed to $fclose in file /home/s1820419/LDPC_MinorResearch/GeneratedDecoders/204.33.486/RTL/IB_CNU_BRAM32/IB_CNU_BRAM32/IB_CNU_BRAM32.srcs/sources_1/imports/sources_1/imports/Reconf_IB_MUX/top.v at line 388 is not valid.
WARNING: File/Multi-channel descriptor (-20000) passed to $fclose in file /home/s1820419/LDPC_MinorResearch/GeneratedDecoders/204.33.486/RTL/IB_CNU_BRAM32/IB_CNU_BRAM32/IB_CNU_BRAM32.srcs/sources_1/imports/sources_1/imports/Reconf_IB_MUX/top.v at line 388 is not valid.
WARNING: File/Multi-channel descriptor (-20000) passed to $fclose in file /home/s1820419/LDPC_MinorResearch/GeneratedDecoders/204.33.486/RTL/IB_CNU_BRAM32/IB_CNU_BRAM32/IB_CNU_BRAM32.srcs/sources_1/imports/sources_1/imports/Reconf_IB_MUX/top.v at line 388 is not valid.
WARNING: File/Multi-channel descriptor (-20000) passed to $fclose in file /home/s1820419/LDPC_MinorResearch/GeneratedDecoders/204.33.486/RTL/IB_CNU_BRAM32/IB_CNU_BRAM32/IB_CNU_BRAM32.srcs/sources_1/imports/sources_1/imports/Reconf_IB_MUX/top.v at line 388 is not valid.
WARNING: File/Multi-channel descriptor (-20000) passed to $fclose in file /home/s1820419/LDPC_MinorResearch/GeneratedDecoders/204.33.486/RTL/IB_CNU_BRAM32/IB_CNU_BRAM32/IB_CNU_BRAM32.srcs/sources_1/imports/sources_1/imports/Reconf_IB_MUX/top.v at line 388 is not valid.
WARNING: File/Multi-channel descriptor (-20000) passed to $fclose in file /home/s1820419/LDPC_MinorResearch/GeneratedDecoders/204.33.486/RTL/IB_CNU_BRAM32/IB_CNU_BRAM32/IB_CNU_BRAM32.srcs/sources_1/imports/sources_1/imports/Reconf_IB_MUX/top.v at line 388 is not valid.
WARNING: File/Multi-channel descriptor (-20000) passed to $fclose in file /home/s1820419/LDPC_MinorResearch/GeneratedDecoders/204.33.486/RTL/IB_CNU_BRAM32/IB_CNU_BRAM32/IB_CNU_BRAM32.srcs/sources_1/imports/sources_1/imports/Reconf_IB_MUX/top.v at line 388 is not valid.
WARNING: File/Multi-channel descriptor (-20000) passed to $fclose in file /home/s1820419/LDPC_MinorResearch/GeneratedDecoders/204.33.486/RTL/IB_CNU_BRAM32/IB_CNU_BRAM32/IB_CNU_BRAM32.srcs/sources_1/imports/sources_1/imports/Reconf_IB_MUX/top.v at line 388 is not valid.
WARNING: File/Multi-channel descriptor (-20000) passed to $fclose in file /home/s1820419/LDPC_MinorResearch/GeneratedDecoders/204.33.486/RTL/IB_CNU_BRAM32/IB_CNU_BRAM32/IB_CNU_BRAM32.srcs/sources_1/imports/sources_1/imports/Reconf_IB_MUX/top.v at line 388 is not valid.
WARNING: File/Multi-channel descriptor (-20000) passed to $fclose in file /home/s1820419/LDPC_MinorResearch/GeneratedDecoders/204.33.486/RTL/IB_CNU_BRAM32/IB_CNU_BRAM32/IB_CNU_BRAM32.srcs/sources_1/imports/sources_1/imports/Reconf_IB_MUX/top.v at line 388 is not valid.
WARNING: File/Multi-channel descriptor (-20000) passed to $fclose in file /home/s1820419/LDPC_MinorResearch/GeneratedDecoders/204.33.486/RTL/IB_CNU_BRAM32/IB_CNU_BRAM32/IB_CNU_BRAM32.srcs/sources_1/imports/sources_1/imports/Reconf_IB_MUX/top.v at line 388 is not valid.
WARNING: File/Multi-channel descriptor (-20000) passed to $fclose in file /home/s1820419/LDPC_MinorResearch/GeneratedDecoders/204.33.486/RTL/IB_CNU_BRAM32/IB_CNU_BRAM32/IB_CNU_BRAM32.srcs/sources_1/imports/sources_1/imports/Reconf_IB_MUX/top.v at line 388 is not valid.
WARNING: File/Multi-channel descriptor (-20000) passed to $fclose in file /home/s1820419/LDPC_MinorResearch/GeneratedDecoders/204.33.486/RTL/IB_CNU_BRAM32/IB_CNU_BRAM32/IB_CNU_BRAM32.srcs/sources_1/imports/sources_1/imports/Reconf_IB_MUX/top.v at line 388 is not valid.
WARNING: File/Multi-channel descriptor (-20000) passed to $fclose in file /home/s1820419/LDPC_MinorResearch/GeneratedDecoders/204.33.486/RTL/IB_CNU_BRAM32/IB_CNU_BRAM32/IB_CNU_BRAM32.srcs/sources_1/imports/sources_1/imports/Reconf_IB_MUX/top.v at line 388 is not valid.
WARNING: File/Multi-channel descriptor (-20000) passed to $fclose in file /home/s1820419/LDPC_MinorResearch/GeneratedDecoders/204.33.486/RTL/IB_CNU_BRAM32/IB_CNU_BRAM32/IB_CNU_BRAM32.srcs/sources_1/imports/sources_1/imports/Reconf_IB_MUX/top.v at line 388 is not valid.
WARNING: File/Multi-channel descriptor (-20000) passed to $fclose in file /home/s1820419/LDPC_MinorResearch/GeneratedDecoders/204.33.486/RTL/IB_CNU_BRAM32/IB_CNU_BRAM32/IB_CNU_BRAM32.srcs/sources_1/imports/sources_1/imports/Reconf_IB_MUX/top.v at line 388 is not valid.
WARNING: File/Multi-channel descriptor (-20000) passed to $fclose in file /home/s1820419/LDPC_MinorResearch/GeneratedDecoders/204.33.486/RTL/IB_CNU_BRAM32/IB_CNU_BRAM32/IB_CNU_BRAM32.srcs/sources_1/imports/sources_1/imports/Reconf_IB_MUX/top.v at line 388 is not valid.
WARNING: File/Multi-channel descriptor (-20000) passed to $fclose in file /home/s1820419/LDPC_MinorResearch/GeneratedDecoders/204.33.486/RTL/IB_CNU_BRAM32/IB_CNU_BRAM32/IB_CNU_BRAM32.srcs/sources_1/imports/sources_1/imports/Reconf_IB_MUX/top.v at line 388 is not valid.
WARNING: File/Multi-channel descriptor (-20000) passed to $fclose in file /home/s1820419/LDPC_MinorResearch/GeneratedDecoders/204.33.486/RTL/IB_CNU_BRAM32/IB_CNU_BRAM32/IB_CNU_BRAM32.srcs/sources_1/imports/sources_1/imports/Reconf_IB_MUX/top.v at line 388 is not valid.
WARNING: File/Multi-channel descriptor (-20000) passed to $fclose in file /home/s1820419/LDPC_MinorResearch/GeneratedDecoders/204.33.486/RTL/IB_CNU_BRAM32/IB_CNU_BRAM32/IB_CNU_BRAM32.srcs/sources_1/imports/sources_1/imports/Reconf_IB_MUX/top.v at line 388 is not valid.
WARNING: File/Multi-channel descriptor (-20000) passed to $fclose in file /home/s1820419/LDPC_MinorResearch/GeneratedDecoders/204.33.486/RTL/IB_CNU_BRAM32/IB_CNU_BRAM32/IB_CNU_BRAM32.srcs/sources_1/imports/sources_1/imports/Reconf_IB_MUX/top.v at line 388 is not valid.
WARNING: File/Multi-channel descriptor (-20000) passed to $fclose in file /home/s1820419/LDPC_MinorResearch/GeneratedDecoders/204.33.486/RTL/IB_CNU_BRAM32/IB_CNU_BRAM32/IB_CNU_BRAM32.srcs/sources_1/imports/sources_1/imports/Reconf_IB_MUX/top.v at line 388 is not valid.
WARNING: File/Multi-channel descriptor (-20000) passed to $fclose in file /home/s1820419/LDPC_MinorResearch/GeneratedDecoders/204.33.486/RTL/IB_CNU_BRAM32/IB_CNU_BRAM32/IB_CNU_BRAM32.srcs/sources_1/imports/sources_1/imports/Reconf_IB_MUX/top.v at line 388 is not valid.
WARNING: File/Multi-channel descriptor (-20000) passed to $fclose in file /home/s1820419/LDPC_MinorResearch/GeneratedDecoders/204.33.486/RTL/IB_CNU_BRAM32/IB_CNU_BRAM32/IB_CNU_BRAM32.srcs/sources_1/imports/sources_1/imports/Reconf_IB_MUX/top.v at line 388 is not valid.
WARNING: File/Multi-channel descriptor (-20000) passed to $fclose in file /home/s1820419/LDPC_MinorResearch/GeneratedDecoders/204.33.486/RTL/IB_CNU_BRAM32/IB_CNU_BRAM32/IB_CNU_BRAM32.srcs/sources_1/imports/sources_1/imports/Reconf_IB_MUX/top.v at line 388 is not valid.
WARNING: File/Multi-channel descriptor (-20000) passed to $fclose in file /home/s1820419/LDPC_MinorResearch/GeneratedDecoders/204.33.486/RTL/IB_CNU_BRAM32/IB_CNU_BRAM32/IB_CNU_BRAM32.srcs/sources_1/imports/sources_1/imports/Reconf_IB_MUX/top.v at line 388 is not valid.
WARNING: File/Multi-channel descriptor (-20000) passed to $fclose in file /home/s1820419/LDPC_MinorResearch/GeneratedDecoders/204.33.486/RTL/IB_CNU_BRAM32/IB_CNU_BRAM32/IB_CNU_BRAM32.srcs/sources_1/imports/sources_1/imports/Reconf_IB_MUX/top.v at line 388 is not valid.
WARNING: File/Multi-channel descriptor (-20000) passed to $fclose in file /home/s1820419/LDPC_MinorResearch/GeneratedDecoders/204.33.486/RTL/IB_CNU_BRAM32/IB_CNU_BRAM32/IB_CNU_BRAM32.srcs/sources_1/imports/sources_1/imports/Reconf_IB_MUX/top.v at line 388 is not valid.
WARNING: File/Multi-channel descriptor (-20000) passed to $fclose in file /home/s1820419/LDPC_MinorResearch/GeneratedDecoders/204.33.486/RTL/IB_CNU_BRAM32/IB_CNU_BRAM32/IB_CNU_BRAM32.srcs/sources_1/imports/sources_1/imports/Reconf_IB_MUX/top.v at line 388 is not valid.
WARNING: File/Multi-channel descriptor (-20000) passed to $fclose in file /home/s1820419/LDPC_MinorResearch/GeneratedDecoders/204.33.486/RTL/IB_CNU_BRAM32/IB_CNU_BRAM32/IB_CNU_BRAM32.srcs/sources_1/imports/sources_1/imports/Reconf_IB_MUX/top.v at line 388 is not valid.
WARNING: File/Multi-channel descriptor (-20000) passed to $fclose in file /home/s1820419/LDPC_MinorResearch/GeneratedDecoders/204.33.486/RTL/IB_CNU_BRAM32/IB_CNU_BRAM32/IB_CNU_BRAM32.srcs/sources_1/imports/sources_1/imports/Reconf_IB_MUX/top.v at line 388 is not valid.
WARNING: File/Multi-channel descriptor (-20000) passed to $fclose in file /home/s1820419/LDPC_MinorResearch/GeneratedDecoders/204.33.486/RTL/IB_CNU_BRAM32/IB_CNU_BRAM32/IB_CNU_BRAM32.srcs/sources_1/imports/sources_1/imports/Reconf_IB_MUX/top.v at line 388 is not valid.
WARNING: File/Multi-channel descriptor (-20000) passed to $fclose in file /home/s1820419/LDPC_MinorResearch/GeneratedDecoders/204.33.486/RTL/IB_CNU_BRAM32/IB_CNU_BRAM32/IB_CNU_BRAM32.srcs/sources_1/imports/sources_1/imports/Reconf_IB_MUX/top.v at line 388 is not valid.
WARNING: File/Multi-channel descriptor (-20000) passed to $fclose in file /home/s1820419/LDPC_MinorResearch/GeneratedDecoders/204.33.486/RTL/IB_CNU_BRAM32/IB_CNU_BRAM32/IB_CNU_BRAM32.srcs/sources_1/imports/sources_1/imports/Reconf_IB_MUX/top.v at line 388 is not valid.
WARNING: File/Multi-channel descriptor (-20000) passed to $fclose in file /home/s1820419/LDPC_MinorResearch/GeneratedDecoders/204.33.486/RTL/IB_CNU_BRAM32/IB_CNU_BRAM32/IB_CNU_BRAM32.srcs/sources_1/imports/sources_1/imports/Reconf_IB_MUX/top.v at line 388 is not valid.
WARNING: File/Multi-channel descriptor (-20000) passed to $fclose in file /home/s1820419/LDPC_MinorResearch/GeneratedDecoders/204.33.486/RTL/IB_CNU_BRAM32/IB_CNU_BRAM32/IB_CNU_BRAM32.srcs/sources_1/imports/sources_1/imports/Reconf_IB_MUX/top.v at line 388 is not valid.
WARNING: File/Multi-channel descriptor (-20000) passed to $fclose in file /home/s1820419/LDPC_MinorResearch/GeneratedDecoders/204.33.486/RTL/IB_CNU_BRAM32/IB_CNU_BRAM32/IB_CNU_BRAM32.srcs/sources_1/imports/sources_1/imports/Reconf_IB_MUX/top.v at line 388 is not valid.
WARNING: File/Multi-channel descriptor (-20000) passed to $fclose in file /home/s1820419/LDPC_MinorResearch/GeneratedDecoders/204.33.486/RTL/IB_CNU_BRAM32/IB_CNU_BRAM32/IB_CNU_BRAM32.srcs/sources_1/imports/sources_1/imports/Reconf_IB_MUX/top.v at line 388 is not valid.
WARNING: File/Multi-channel descriptor (-20000) passed to $fclose in file /home/s1820419/LDPC_MinorResearch/GeneratedDecoders/204.33.486/RTL/IB_CNU_BRAM32/IB_CNU_BRAM32/IB_CNU_BRAM32.srcs/sources_1/imports/sources_1/imports/Reconf_IB_MUX/top.v at line 388 is not valid.
WARNING: File/Multi-channel descriptor (-20000) passed to $fclose in file /home/s1820419/LDPC_MinorResearch/GeneratedDecoders/204.33.486/RTL/IB_CNU_BRAM32/IB_CNU_BRAM32/IB_CNU_BRAM32.srcs/sources_1/imports/sources_1/imports/Reconf_IB_MUX/top.v at line 388 is not valid.
WARNING: File/Multi-channel descriptor (-20000) passed to $fclose in file /home/s1820419/LDPC_MinorResearch/GeneratedDecoders/204.33.486/RTL/IB_CNU_BRAM32/IB_CNU_BRAM32/IB_CNU_BRAM32.srcs/sources_1/imports/sources_1/imports/Reconf_IB_MUX/top.v at line 388 is not valid.
WARNING: File/Multi-channel descriptor (-20000) passed to $fclose in file /home/s1820419/LDPC_MinorResearch/GeneratedDecoders/204.33.486/RTL/IB_CNU_BRAM32/IB_CNU_BRAM32/IB_CNU_BRAM32.srcs/sources_1/imports/sources_1/imports/Reconf_IB_MUX/top.v at line 388 is not valid.
WARNING: File/Multi-channel descriptor (-20000) passed to $fclose in file /home/s1820419/LDPC_MinorResearch/GeneratedDecoders/204.33.486/RTL/IB_CNU_BRAM32/IB_CNU_BRAM32/IB_CNU_BRAM32.srcs/sources_1/imports/sources_1/imports/Reconf_IB_MUX/top.v at line 388 is not valid.
WARNING: File/Multi-channel descriptor (-20000) passed to $fclose in file /home/s1820419/LDPC_MinorResearch/GeneratedDecoders/204.33.486/RTL/IB_CNU_BRAM32/IB_CNU_BRAM32/IB_CNU_BRAM32.srcs/sources_1/imports/sources_1/imports/Reconf_IB_MUX/top.v at line 388 is not valid.
WARNING: File/Multi-channel descriptor (-20000) passed to $fclose in file /home/s1820419/LDPC_MinorResearch/GeneratedDecoders/204.33.486/RTL/IB_CNU_BRAM32/IB_CNU_BRAM32/IB_CNU_BRAM32.srcs/sources_1/imports/sources_1/imports/Reconf_IB_MUX/top.v at line 388 is not valid.
WARNING: File/Multi-channel descriptor (-20000) passed to $fclose in file /home/s1820419/LDPC_MinorResearch/GeneratedDecoders/204.33.486/RTL/IB_CNU_BRAM32/IB_CNU_BRAM32/IB_CNU_BRAM32.srcs/sources_1/imports/sources_1/imports/Reconf_IB_MUX/top.v at line 388 is not valid.
WARNING: File/Multi-channel descriptor (-20000) passed to $fclose in file /home/s1820419/LDPC_MinorResearch/GeneratedDecoders/204.33.486/RTL/IB_CNU_BRAM32/IB_CNU_BRAM32/IB_CNU_BRAM32.srcs/sources_1/imports/sources_1/imports/Reconf_IB_MUX/top.v at line 388 is not valid.
WARNING: File/Multi-channel descriptor (-20000) passed to $fclose in file /home/s1820419/LDPC_MinorResearch/GeneratedDecoders/204.33.486/RTL/IB_CNU_BRAM32/IB_CNU_BRAM32/IB_CNU_BRAM32.srcs/sources_1/imports/sources_1/imports/Reconf_IB_MUX/top.v at line 388 is not valid.
WARNING: File/Multi-channel descriptor (-20000) passed to $fclose in file /home/s1820419/LDPC_MinorResearch/GeneratedDecoders/204.33.486/RTL/IB_CNU_BRAM32/IB_CNU_BRAM32/IB_CNU_BRAM32.srcs/sources_1/imports/sources_1/imports/Reconf_IB_MUX/top.v at line 388 is not valid.
WARNING: File/Multi-channel descriptor (-20000) passed to $fclose in file /home/s1820419/LDPC_MinorResearch/GeneratedDecoders/204.33.486/RTL/IB_CNU_BRAM32/IB_CNU_BRAM32/IB_CNU_BRAM32.srcs/sources_1/imports/sources_1/imports/Reconf_IB_MUX/top.v at line 388 is not valid.
WARNING: File/Multi-channel descriptor (-20000) passed to $fclose in file /home/s1820419/LDPC_MinorResearch/GeneratedDecoders/204.33.486/RTL/IB_CNU_BRAM32/IB_CNU_BRAM32/IB_CNU_BRAM32.srcs/sources_1/imports/sources_1/imports/Reconf_IB_MUX/top.v at line 388 is not valid.
WARNING: File/Multi-channel descriptor (-20000) passed to $fclose in file /home/s1820419/LDPC_MinorResearch/GeneratedDecoders/204.33.486/RTL/IB_CNU_BRAM32/IB_CNU_BRAM32/IB_CNU_BRAM32.srcs/sources_1/imports/sources_1/imports/Reconf_IB_MUX/top.v at line 388 is not valid.
WARNING: File/Multi-channel descriptor (-20000) passed to $fclose in file /home/s1820419/LDPC_MinorResearch/GeneratedDecoders/204.33.486/RTL/IB_CNU_BRAM32/IB_CNU_BRAM32/IB_CNU_BRAM32.srcs/sources_1/imports/sources_1/imports/Reconf_IB_MUX/top.v at line 388 is not valid.
WARNING: File/Multi-channel descriptor (-20000) passed to $fclose in file /home/s1820419/LDPC_MinorResearch/GeneratedDecoders/204.33.486/RTL/IB_CNU_BRAM32/IB_CNU_BRAM32/IB_CNU_BRAM32.srcs/sources_1/imports/sources_1/imports/Reconf_IB_MUX/top.v at line 388 is not valid.
WARNING: File/Multi-channel descriptor (-20000) passed to $fclose in file /home/s1820419/LDPC_MinorResearch/GeneratedDecoders/204.33.486/RTL/IB_CNU_BRAM32/IB_CNU_BRAM32/IB_CNU_BRAM32.srcs/sources_1/imports/sources_1/imports/Reconf_IB_MUX/top.v at line 388 is not valid.
WARNING: File/Multi-channel descriptor (-20000) passed to $fclose in file /home/s1820419/LDPC_MinorResearch/GeneratedDecoders/204.33.486/RTL/IB_CNU_BRAM32/IB_CNU_BRAM32/IB_CNU_BRAM32.srcs/sources_1/imports/sources_1/imports/Reconf_IB_MUX/top.v at line 388 is not valid.
WARNING: File/Multi-channel descriptor (-20000) passed to $fclose in file /home/s1820419/LDPC_MinorResearch/GeneratedDecoders/204.33.486/RTL/IB_CNU_BRAM32/IB_CNU_BRAM32/IB_CNU_BRAM32.srcs/sources_1/imports/sources_1/imports/Reconf_IB_MUX/top.v at line 388 is not valid.
WARNING: File/Multi-channel descriptor (-20000) passed to $fclose in file /home/s1820419/LDPC_MinorResearch/GeneratedDecoders/204.33.486/RTL/IB_CNU_BRAM32/IB_CNU_BRAM32/IB_CNU_BRAM32.srcs/sources_1/imports/sources_1/imports/Reconf_IB_MUX/top.v at line 388 is not valid.
WARNING: File/Multi-channel descriptor (-20000) passed to $fclose in file /home/s1820419/LDPC_MinorResearch/GeneratedDecoders/204.33.486/RTL/IB_CNU_BRAM32/IB_CNU_BRAM32/IB_CNU_BRAM32.srcs/sources_1/imports/sources_1/imports/Reconf_IB_MUX/top.v at line 388 is not valid.
WARNING: File/Multi-channel descriptor (-20000) passed to $fclose in file /home/s1820419/LDPC_MinorResearch/GeneratedDecoders/204.33.486/RTL/IB_CNU_BRAM32/IB_CNU_BRAM32/IB_CNU_BRAM32.srcs/sources_1/imports/sources_1/imports/Reconf_IB_MUX/top.v at line 388 is not valid.
WARNING: File/Multi-channel descriptor (-20000) passed to $fclose in file /home/s1820419/LDPC_MinorResearch/GeneratedDecoders/204.33.486/RTL/IB_CNU_BRAM32/IB_CNU_BRAM32/IB_CNU_BRAM32.srcs/sources_1/imports/sources_1/imports/Reconf_IB_MUX/top.v at line 388 is not valid.
WARNING: File/Multi-channel descriptor (-20000) passed to $fclose in file /home/s1820419/LDPC_MinorResearch/GeneratedDecoders/204.33.486/RTL/IB_CNU_BRAM32/IB_CNU_BRAM32/IB_CNU_BRAM32.srcs/sources_1/imports/sources_1/imports/Reconf_IB_MUX/top.v at line 388 is not valid.
WARNING: File/Multi-channel descriptor (-20000) passed to $fclose in file /home/s1820419/LDPC_MinorResearch/GeneratedDecoders/204.33.486/RTL/IB_CNU_BRAM32/IB_CNU_BRAM32/IB_CNU_BRAM32.srcs/sources_1/imports/sources_1/imports/Reconf_IB_MUX/top.v at line 388 is not valid.
WARNING: File/Multi-channel descriptor (-20000) passed to $fclose in file /home/s1820419/LDPC_MinorResearch/GeneratedDecoders/204.33.486/RTL/IB_CNU_BRAM32/IB_CNU_BRAM32/IB_CNU_BRAM32.srcs/sources_1/imports/sources_1/imports/Reconf_IB_MUX/top.v at line 388 is not valid.
WARNING: File/Multi-channel descriptor (-20000) passed to $fclose in file /home/s1820419/LDPC_MinorResearch/GeneratedDecoders/204.33.486/RTL/IB_CNU_BRAM32/IB_CNU_BRAM32/IB_CNU_BRAM32.srcs/sources_1/imports/sources_1/imports/Reconf_IB_MUX/top.v at line 388 is not valid.
WARNING: File/Multi-channel descriptor (-20000) passed to $fclose in file /home/s1820419/LDPC_MinorResearch/GeneratedDecoders/204.33.486/RTL/IB_CNU_BRAM32/IB_CNU_BRAM32/IB_CNU_BRAM32.srcs/sources_1/imports/sources_1/imports/Reconf_IB_MUX/top.v at line 388 is not valid.
WARNING: File/Multi-channel descriptor (-20000) passed to $fclose in file /home/s1820419/LDPC_MinorResearch/GeneratedDecoders/204.33.486/RTL/IB_CNU_BRAM32/IB_CNU_BRAM32/IB_CNU_BRAM32.srcs/sources_1/imports/sources_1/imports/Reconf_IB_MUX/top.v at line 388 is not valid.
WARNING: File/Multi-channel descriptor (-20000) passed to $fclose in file /home/s1820419/LDPC_MinorResearch/GeneratedDecoders/204.33.486/RTL/IB_CNU_BRAM32/IB_CNU_BRAM32/IB_CNU_BRAM32.srcs/sources_1/imports/sources_1/imports/Reconf_IB_MUX/top.v at line 388 is not valid.
WARNING: File/Multi-channel descriptor (-20000) passed to $fclose in file /home/s1820419/LDPC_MinorResearch/GeneratedDecoders/204.33.486/RTL/IB_CNU_BRAM32/IB_CNU_BRAM32/IB_CNU_BRAM32.srcs/sources_1/imports/sources_1/imports/Reconf_IB_MUX/top.v at line 388 is not valid.
WARNING: File/Multi-channel descriptor (-20000) passed to $fclose in file /home/s1820419/LDPC_MinorResearch/GeneratedDecoders/204.33.486/RTL/IB_CNU_BRAM32/IB_CNU_BRAM32/IB_CNU_BRAM32.srcs/sources_1/imports/sources_1/imports/Reconf_IB_MUX/top.v at line 388 is not valid.
WARNING: File/Multi-channel descriptor (-20000) passed to $fclose in file /home/s1820419/LDPC_MinorResearch/GeneratedDecoders/204.33.486/RTL/IB_CNU_BRAM32/IB_CNU_BRAM32/IB_CNU_BRAM32.srcs/sources_1/imports/sources_1/imports/Reconf_IB_MUX/top.v at line 388 is not valid.
WARNING: File/Multi-channel descriptor (-20000) passed to $fclose in file /home/s1820419/LDPC_MinorResearch/GeneratedDecoders/204.33.486/RTL/IB_CNU_BRAM32/IB_CNU_BRAM32/IB_CNU_BRAM32.srcs/sources_1/imports/sources_1/imports/Reconf_IB_MUX/top.v at line 388 is not valid.
WARNING: File/Multi-channel descriptor (-20000) passed to $fclose in file /home/s1820419/LDPC_MinorResearch/GeneratedDecoders/204.33.486/RTL/IB_CNU_BRAM32/IB_CNU_BRAM32/IB_CNU_BRAM32.srcs/sources_1/imports/sources_1/imports/Reconf_IB_MUX/top.v at line 388 is not valid.
WARNING: File/Multi-channel descriptor (-20000) passed to $fclose in file /home/s1820419/LDPC_MinorResearch/GeneratedDecoders/204.33.486/RTL/IB_CNU_BRAM32/IB_CNU_BRAM32/IB_CNU_BRAM32.srcs/sources_1/imports/sources_1/imports/Reconf_IB_MUX/top.v at line 388 is not valid.
WARNING: File/Multi-channel descriptor (-20000) passed to $fclose in file /home/s1820419/LDPC_MinorResearch/GeneratedDecoders/204.33.486/RTL/IB_CNU_BRAM32/IB_CNU_BRAM32/IB_CNU_BRAM32.srcs/sources_1/imports/sources_1/imports/Reconf_IB_MUX/top.v at line 388 is not valid.
WARNING: File/Multi-channel descriptor (-20000) passed to $fclose in file /home/s1820419/LDPC_MinorResearch/GeneratedDecoders/204.33.486/RTL/IB_CNU_BRAM32/IB_CNU_BRAM32/IB_CNU_BRAM32.srcs/sources_1/imports/sources_1/imports/Reconf_IB_MUX/top.v at line 388 is not valid.
WARNING: File/Multi-channel descriptor (-20000) passed to $fclose in file /home/s1820419/LDPC_MinorResearch/GeneratedDecoders/204.33.486/RTL/IB_CNU_BRAM32/IB_CNU_BRAM32/IB_CNU_BRAM32.srcs/sources_1/imports/sources_1/imports/Reconf_IB_MUX/top.v at line 388 is not valid.
WARNING: File/Multi-channel descriptor (-20000) passed to $fclose in file /home/s1820419/LDPC_MinorResearch/GeneratedDecoders/204.33.486/RTL/IB_CNU_BRAM32/IB_CNU_BRAM32/IB_CNU_BRAM32.srcs/sources_1/imports/sources_1/imports/Reconf_IB_MUX/top.v at line 388 is not valid.
WARNING: File/Multi-channel descriptor (-20000) passed to $fclose in file /home/s1820419/LDPC_MinorResearch/GeneratedDecoders/204.33.486/RTL/IB_CNU_BRAM32/IB_CNU_BRAM32/IB_CNU_BRAM32.srcs/sources_1/imports/sources_1/imports/Reconf_IB_MUX/top.v at line 388 is not valid.
WARNING: File/Multi-channel descriptor (-20000) passed to $fclose in file /home/s1820419/LDPC_MinorResearch/GeneratedDecoders/204.33.486/RTL/IB_CNU_BRAM32/IB_CNU_BRAM32/IB_CNU_BRAM32.srcs/sources_1/imports/sources_1/imports/Reconf_IB_MUX/top.v at line 388 is not valid.
WARNING: File/Multi-channel descriptor (-20000) passed to $fclose in file /home/s1820419/LDPC_MinorResearch/GeneratedDecoders/204.33.486/RTL/IB_CNU_BRAM32/IB_CNU_BRAM32/IB_CNU_BRAM32.srcs/sources_1/imports/sources_1/imports/Reconf_IB_MUX/top.v at line 388 is not valid.
WARNING: File/Multi-channel descriptor (-20000) passed to $fclose in file /home/s1820419/LDPC_MinorResearch/GeneratedDecoders/204.33.486/RTL/IB_CNU_BRAM32/IB_CNU_BRAM32/IB_CNU_BRAM32.srcs/sources_1/imports/sources_1/imports/Reconf_IB_MUX/top.v at line 388 is not valid.
WARNING: File/Multi-channel descriptor (-20000) passed to $fclose in file /home/s1820419/LDPC_MinorResearch/GeneratedDecoders/204.33.486/RTL/IB_CNU_BRAM32/IB_CNU_BRAM32/IB_CNU_BRAM32.srcs/sources_1/imports/sources_1/imports/Reconf_IB_MUX/top.v at line 388 is not valid.
WARNING: File/Multi-channel descriptor (-20000) passed to $fclose in file /home/s1820419/LDPC_MinorResearch/GeneratedDecoders/204.33.486/RTL/IB_CNU_BRAM32/IB_CNU_BRAM32/IB_CNU_BRAM32.srcs/sources_1/imports/sources_1/imports/Reconf_IB_MUX/top.v at line 388 is not valid.
WARNING: File/Multi-channel descriptor (-20000) passed to $fclose in file /home/s1820419/LDPC_MinorResearch/GeneratedDecoders/204.33.486/RTL/IB_CNU_BRAM32/IB_CNU_BRAM32/IB_CNU_BRAM32.srcs/sources_1/imports/sources_1/imports/Reconf_IB_MUX/top.v at line 388 is not valid.
WARNING: File/Multi-channel descriptor (-20000) passed to $fclose in file /home/s1820419/LDPC_MinorResearch/GeneratedDecoders/204.33.486/RTL/IB_CNU_BRAM32/IB_CNU_BRAM32/IB_CNU_BRAM32.srcs/sources_1/imports/sources_1/imports/Reconf_IB_MUX/top.v at line 388 is not valid.
WARNING: File/Multi-channel descriptor (-20000) passed to $fclose in file /home/s1820419/LDPC_MinorResearch/GeneratedDecoders/204.33.486/RTL/IB_CNU_BRAM32/IB_CNU_BRAM32/IB_CNU_BRAM32.srcs/sources_1/imports/sources_1/imports/Reconf_IB_MUX/top.v at line 388 is not valid.
WARNING: File/Multi-channel descriptor (-20000) passed to $fclose in file /home/s1820419/LDPC_MinorResearch/GeneratedDecoders/204.33.486/RTL/IB_CNU_BRAM32/IB_CNU_BRAM32/IB_CNU_BRAM32.srcs/sources_1/imports/sources_1/imports/Reconf_IB_MUX/top.v at line 388 is not valid.
WARNING: File/Multi-channel descriptor (-20000) passed to $fclose in file /home/s1820419/LDPC_MinorResearch/GeneratedDecoders/204.33.486/RTL/IB_CNU_BRAM32/IB_CNU_BRAM32/IB_CNU_BRAM32.srcs/sources_1/imports/sources_1/imports/Reconf_IB_MUX/top.v at line 388 is not valid.
WARNING: File/Multi-channel descriptor (-20000) passed to $fclose in file /home/s1820419/LDPC_MinorResearch/GeneratedDecoders/204.33.486/RTL/IB_CNU_BRAM32/IB_CNU_BRAM32/IB_CNU_BRAM32.srcs/sources_1/imports/sources_1/imports/Reconf_IB_MUX/top.v at line 388 is not valid.
WARNING: File/Multi-channel descriptor (-20000) passed to $fclose in file /home/s1820419/LDPC_MinorResearch/GeneratedDecoders/204.33.486/RTL/IB_CNU_BRAM32/IB_CNU_BRAM32/IB_CNU_BRAM32.srcs/sources_1/imports/sources_1/imports/Reconf_IB_MUX/top.v at line 388 is not valid.
WARNING: File/Multi-channel descriptor (-20000) passed to $fclose in file /home/s1820419/LDPC_MinorResearch/GeneratedDecoders/204.33.486/RTL/IB_CNU_BRAM32/IB_CNU_BRAM32/IB_CNU_BRAM32.srcs/sources_1/imports/sources_1/imports/Reconf_IB_MUX/top.v at line 388 is not valid.
WARNING: File/Multi-channel descriptor (-20000) passed to $fclose in file /home/s1820419/LDPC_MinorResearch/GeneratedDecoders/204.33.486/RTL/IB_CNU_BRAM32/IB_CNU_BRAM32/IB_CNU_BRAM32.srcs/sources_1/imports/sources_1/imports/Reconf_IB_MUX/top.v at line 388 is not valid.
WARNING: File/Multi-channel descriptor (-20000) passed to $fclose in file /home/s1820419/LDPC_MinorResearch/GeneratedDecoders/204.33.486/RTL/IB_CNU_BRAM32/IB_CNU_BRAM32/IB_CNU_BRAM32.srcs/sources_1/imports/sources_1/imports/Reconf_IB_MUX/top.v at line 388 is not valid.
WARNING: File/Multi-channel descriptor (-20000) passed to $fclose in file /home/s1820419/LDPC_MinorResearch/GeneratedDecoders/204.33.486/RTL/IB_CNU_BRAM32/IB_CNU_BRAM32/IB_CNU_BRAM32.srcs/sources_1/imports/sources_1/imports/Reconf_IB_MUX/top.v at line 388 is not valid.
WARNING: File/Multi-channel descriptor (-20000) passed to $fclose in file /home/s1820419/LDPC_MinorResearch/GeneratedDecoders/204.33.486/RTL/IB_CNU_BRAM32/IB_CNU_BRAM32/IB_CNU_BRAM32.srcs/sources_1/imports/sources_1/imports/Reconf_IB_MUX/top.v at line 388 is not valid.
WARNING: File/Multi-channel descriptor (-20000) passed to $fclose in file /home/s1820419/LDPC_MinorResearch/GeneratedDecoders/204.33.486/RTL/IB_CNU_BRAM32/IB_CNU_BRAM32/IB_CNU_BRAM32.srcs/sources_1/imports/sources_1/imports/Reconf_IB_MUX/top.v at line 388 is not valid.
WARNING: File/Multi-channel descriptor (-20000) passed to $fclose in file /home/s1820419/LDPC_MinorResearch/GeneratedDecoders/204.33.486/RTL/IB_CNU_BRAM32/IB_CNU_BRAM32/IB_CNU_BRAM32.srcs/sources_1/imports/sources_1/imports/Reconf_IB_MUX/top.v at line 388 is not valid.
WARNING: File/Multi-channel descriptor (-20000) passed to $fclose in file /home/s1820419/LDPC_MinorResearch/GeneratedDecoders/204.33.486/RTL/IB_CNU_BRAM32/IB_CNU_BRAM32/IB_CNU_BRAM32.srcs/sources_1/imports/sources_1/imports/Reconf_IB_MUX/top.v at line 388 is not valid.
WARNING: File/Multi-channel descriptor (-20000) passed to $fclose in file /home/s1820419/LDPC_MinorResearch/GeneratedDecoders/204.33.486/RTL/IB_CNU_BRAM32/IB_CNU_BRAM32/IB_CNU_BRAM32.srcs/sources_1/imports/sources_1/imports/Reconf_IB_MUX/top.v at line 388 is not valid.
WARNING: File/Multi-channel descriptor (-20000) passed to $fclose in file /home/s1820419/LDPC_MinorResearch/GeneratedDecoders/204.33.486/RTL/IB_CNU_BRAM32/IB_CNU_BRAM32/IB_CNU_BRAM32.srcs/sources_1/imports/sources_1/imports/Reconf_IB_MUX/top.v at line 388 is not valid.
WARNING: File/Multi-channel descriptor (-20000) passed to $fclose in file /home/s1820419/LDPC_MinorResearch/GeneratedDecoders/204.33.486/RTL/IB_CNU_BRAM32/IB_CNU_BRAM32/IB_CNU_BRAM32.srcs/sources_1/imports/sources_1/imports/Reconf_IB_MUX/top.v at line 388 is not valid.
WARNING: File/Multi-channel descriptor (-20000) passed to $fclose in file /home/s1820419/LDPC_MinorResearch/GeneratedDecoders/204.33.486/RTL/IB_CNU_BRAM32/IB_CNU_BRAM32/IB_CNU_BRAM32.srcs/sources_1/imports/sources_1/imports/Reconf_IB_MUX/top.v at line 388 is not valid.
WARNING: File/Multi-channel descriptor (-20000) passed to $fclose in file /home/s1820419/LDPC_MinorResearch/GeneratedDecoders/204.33.486/RTL/IB_CNU_BRAM32/IB_CNU_BRAM32/IB_CNU_BRAM32.srcs/sources_1/imports/sources_1/imports/Reconf_IB_MUX/top.v at line 388 is not valid.
WARNING: File/Multi-channel descriptor (-20000) passed to $fclose in file /home/s1820419/LDPC_MinorResearch/GeneratedDecoders/204.33.486/RTL/IB_CNU_BRAM32/IB_CNU_BRAM32/IB_CNU_BRAM32.srcs/sources_1/imports/sources_1/imports/Reconf_IB_MUX/top.v at line 388 is not valid.
WARNING: File/Multi-channel descriptor (-20000) passed to $fclose in file /home/s1820419/LDPC_MinorResearch/GeneratedDecoders/204.33.486/RTL/IB_CNU_BRAM32/IB_CNU_BRAM32/IB_CNU_BRAM32.srcs/sources_1/imports/sources_1/imports/Reconf_IB_MUX/top.v at line 388 is not valid.
WARNING: File/Multi-channel descriptor (-20000) passed to $fclose in file /home/s1820419/LDPC_MinorResearch/GeneratedDecoders/204.33.486/RTL/IB_CNU_BRAM32/IB_CNU_BRAM32/IB_CNU_BRAM32.srcs/sources_1/imports/sources_1/imports/Reconf_IB_MUX/top.v at line 388 is not valid.
WARNING: File/Multi-channel descriptor (-20000) passed to $fclose in file /home/s1820419/LDPC_MinorResearch/GeneratedDecoders/204.33.486/RTL/IB_CNU_BRAM32/IB_CNU_BRAM32/IB_CNU_BRAM32.srcs/sources_1/imports/sources_1/imports/Reconf_IB_MUX/top.v at line 388 is not valid.
WARNING: File/Multi-channel descriptor (-20000) passed to $fclose in file /home/s1820419/LDPC_MinorResearch/GeneratedDecoders/204.33.486/RTL/IB_CNU_BRAM32/IB_CNU_BRAM32/IB_CNU_BRAM32.srcs/sources_1/imports/sources_1/imports/Reconf_IB_MUX/top.v at line 388 is not valid.
WARNING: File/Multi-channel descriptor (-20000) passed to $fclose in file /home/s1820419/LDPC_MinorResearch/GeneratedDecoders/204.33.486/RTL/IB_CNU_BRAM32/IB_CNU_BRAM32/IB_CNU_BRAM32.srcs/sources_1/imports/sources_1/imports/Reconf_IB_MUX/top.v at line 388 is not valid.
WARNING: File/Multi-channel descriptor (-20000) passed to $fclose in file /home/s1820419/LDPC_MinorResearch/GeneratedDecoders/204.33.486/RTL/IB_CNU_BRAM32/IB_CNU_BRAM32/IB_CNU_BRAM32.srcs/sources_1/imports/sources_1/imports/Reconf_IB_MUX/top.v at line 388 is not valid.
WARNING: File/Multi-channel descriptor (-20000) passed to $fclose in file /home/s1820419/LDPC_MinorResearch/GeneratedDecoders/204.33.486/RTL/IB_CNU_BRAM32/IB_CNU_BRAM32/IB_CNU_BRAM32.srcs/sources_1/imports/sources_1/imports/Reconf_IB_MUX/top.v at line 388 is not valid.
WARNING: File/Multi-channel descriptor (-20000) passed to $fclose in file /home/s1820419/LDPC_MinorResearch/GeneratedDecoders/204.33.486/RTL/IB_CNU_BRAM32/IB_CNU_BRAM32/IB_CNU_BRAM32.srcs/sources_1/imports/sources_1/imports/Reconf_IB_MUX/top.v at line 388 is not valid.
WARNING: File/Multi-channel descriptor (-20000) passed to $fclose in file /home/s1820419/LDPC_MinorResearch/GeneratedDecoders/204.33.486/RTL/IB_CNU_BRAM32/IB_CNU_BRAM32/IB_CNU_BRAM32.srcs/sources_1/imports/sources_1/imports/Reconf_IB_MUX/top.v at line 388 is not valid.
WARNING: File/Multi-channel descriptor (-20000) passed to $fclose in file /home/s1820419/LDPC_MinorResearch/GeneratedDecoders/204.33.486/RTL/IB_CNU_BRAM32/IB_CNU_BRAM32/IB_CNU_BRAM32.srcs/sources_1/imports/sources_1/imports/Reconf_IB_MUX/top.v at line 388 is not valid.
WARNING: File/Multi-channel descriptor (-20000) passed to $fclose in file /home/s1820419/LDPC_MinorResearch/GeneratedDecoders/204.33.486/RTL/IB_CNU_BRAM32/IB_CNU_BRAM32/IB_CNU_BRAM32.srcs/sources_1/imports/sources_1/imports/Reconf_IB_MUX/top.v at line 388 is not valid.
WARNING: File/Multi-channel descriptor (-20000) passed to $fclose in file /home/s1820419/LDPC_MinorResearch/GeneratedDecoders/204.33.486/RTL/IB_CNU_BRAM32/IB_CNU_BRAM32/IB_CNU_BRAM32.srcs/sources_1/imports/sources_1/imports/Reconf_IB_MUX/top.v at line 388 is not valid.
WARNING: File/Multi-channel descriptor (-20000) passed to $fclose in file /home/s1820419/LDPC_MinorResearch/GeneratedDecoders/204.33.486/RTL/IB_CNU_BRAM32/IB_CNU_BRAM32/IB_CNU_BRAM32.srcs/sources_1/imports/sources_1/imports/Reconf_IB_MUX/top.v at line 388 is not valid.
WARNING: File/Multi-channel descriptor (-20000) passed to $fclose in file /home/s1820419/LDPC_MinorResearch/GeneratedDecoders/204.33.486/RTL/IB_CNU_BRAM32/IB_CNU_BRAM32/IB_CNU_BRAM32.srcs/sources_1/imports/sources_1/imports/Reconf_IB_MUX/top.v at line 388 is not valid.
WARNING: File/Multi-channel descriptor (-20000) passed to $fclose in file /home/s1820419/LDPC_MinorResearch/GeneratedDecoders/204.33.486/RTL/IB_CNU_BRAM32/IB_CNU_BRAM32/IB_CNU_BRAM32.srcs/sources_1/imports/sources_1/imports/Reconf_IB_MUX/top.v at line 388 is not valid.
WARNING: File/Multi-channel descriptor (-20000) passed to $fclose in file /home/s1820419/LDPC_MinorResearch/GeneratedDecoders/204.33.486/RTL/IB_CNU_BRAM32/IB_CNU_BRAM32/IB_CNU_BRAM32.srcs/sources_1/imports/sources_1/imports/Reconf_IB_MUX/top.v at line 388 is not valid.
WARNING: File/Multi-channel descriptor (-20000) passed to $fclose in file /home/s1820419/LDPC_MinorResearch/GeneratedDecoders/204.33.486/RTL/IB_CNU_BRAM32/IB_CNU_BRAM32/IB_CNU_BRAM32.srcs/sources_1/imports/sources_1/imports/Reconf_IB_MUX/top.v at line 388 is not valid.
WARNING: File/Multi-channel descriptor (-20000) passed to $fclose in file /home/s1820419/LDPC_MinorResearch/GeneratedDecoders/204.33.486/RTL/IB_CNU_BRAM32/IB_CNU_BRAM32/IB_CNU_BRAM32.srcs/sources_1/imports/sources_1/imports/Reconf_IB_MUX/top.v at line 388 is not valid.
WARNING: File/Multi-channel descriptor (-20000) passed to $fclose in file /home/s1820419/LDPC_MinorResearch/GeneratedDecoders/204.33.486/RTL/IB_CNU_BRAM32/IB_CNU_BRAM32/IB_CNU_BRAM32.srcs/sources_1/imports/sources_1/imports/Reconf_IB_MUX/top.v at line 388 is not valid.
WARNING: File/Multi-channel descriptor (-20000) passed to $fclose in file /home/s1820419/LDPC_MinorResearch/GeneratedDecoders/204.33.486/RTL/IB_CNU_BRAM32/IB_CNU_BRAM32/IB_CNU_BRAM32.srcs/sources_1/imports/sources_1/imports/Reconf_IB_MUX/top.v at line 388 is not valid.
WARNING: File/Multi-channel descriptor (-20000) passed to $fclose in file /home/s1820419/LDPC_MinorResearch/GeneratedDecoders/204.33.486/RTL/IB_CNU_BRAM32/IB_CNU_BRAM32/IB_CNU_BRAM32.srcs/sources_1/imports/sources_1/imports/Reconf_IB_MUX/top.v at line 388 is not valid.
WARNING: File/Multi-channel descriptor (-20000) passed to $fclose in file /home/s1820419/LDPC_MinorResearch/GeneratedDecoders/204.33.486/RTL/IB_CNU_BRAM32/IB_CNU_BRAM32/IB_CNU_BRAM32.srcs/sources_1/imports/sources_1/imports/Reconf_IB_MUX/top.v at line 388 is not valid.
WARNING: File/Multi-channel descriptor (-20000) passed to $fclose in file /home/s1820419/LDPC_MinorResearch/GeneratedDecoders/204.33.486/RTL/IB_CNU_BRAM32/IB_CNU_BRAM32/IB_CNU_BRAM32.srcs/sources_1/imports/sources_1/imports/Reconf_IB_MUX/top.v at line 388 is not valid.
WARNING: File/Multi-channel descriptor (-20000) passed to $fclose in file /home/s1820419/LDPC_MinorResearch/GeneratedDecoders/204.33.486/RTL/IB_CNU_BRAM32/IB_CNU_BRAM32/IB_CNU_BRAM32.srcs/sources_1/imports/sources_1/imports/Reconf_IB_MUX/top.v at line 388 is not valid.
WARNING: File/Multi-channel descriptor (-20000) passed to $fclose in file /home/s1820419/LDPC_MinorResearch/GeneratedDecoders/204.33.486/RTL/IB_CNU_BRAM32/IB_CNU_BRAM32/IB_CNU_BRAM32.srcs/sources_1/imports/sources_1/imports/Reconf_IB_MUX/top.v at line 388 is not valid.
WARNING: File/Multi-channel descriptor (-20000) passed to $fclose in file /home/s1820419/LDPC_MinorResearch/GeneratedDecoders/204.33.486/RTL/IB_CNU_BRAM32/IB_CNU_BRAM32/IB_CNU_BRAM32.srcs/sources_1/imports/sources_1/imports/Reconf_IB_MUX/top.v at line 388 is not valid.
WARNING: File/Multi-channel descriptor (-20000) passed to $fclose in file /home/s1820419/LDPC_MinorResearch/GeneratedDecoders/204.33.486/RTL/IB_CNU_BRAM32/IB_CNU_BRAM32/IB_CNU_BRAM32.srcs/sources_1/imports/sources_1/imports/Reconf_IB_MUX/top.v at line 388 is not valid.
WARNING: File/Multi-channel descriptor (-20000) passed to $fclose in file /home/s1820419/LDPC_MinorResearch/GeneratedDecoders/204.33.486/RTL/IB_CNU_BRAM32/IB_CNU_BRAM32/IB_CNU_BRAM32.srcs/sources_1/imports/sources_1/imports/Reconf_IB_MUX/top.v at line 388 is not valid.
WARNING: File/Multi-channel descriptor (-20000) passed to $fclose in file /home/s1820419/LDPC_MinorResearch/GeneratedDecoders/204.33.486/RTL/IB_CNU_BRAM32/IB_CNU_BRAM32/IB_CNU_BRAM32.srcs/sources_1/imports/sources_1/imports/Reconf_IB_MUX/top.v at line 388 is not valid.
WARNING: File/Multi-channel descriptor (-20000) passed to $fclose in file /home/s1820419/LDPC_MinorResearch/GeneratedDecoders/204.33.486/RTL/IB_CNU_BRAM32/IB_CNU_BRAM32/IB_CNU_BRAM32.srcs/sources_1/imports/sources_1/imports/Reconf_IB_MUX/top.v at line 388 is not valid.
WARNING: File/Multi-channel descriptor (-20000) passed to $fclose in file /home/s1820419/LDPC_MinorResearch/GeneratedDecoders/204.33.486/RTL/IB_CNU_BRAM32/IB_CNU_BRAM32/IB_CNU_BRAM32.srcs/sources_1/imports/sources_1/imports/Reconf_IB_MUX/top.v at line 388 is not valid.
WARNING: File/Multi-channel descriptor (-20000) passed to $fclose in file /home/s1820419/LDPC_MinorResearch/GeneratedDecoders/204.33.486/RTL/IB_CNU_BRAM32/IB_CNU_BRAM32/IB_CNU_BRAM32.srcs/sources_1/imports/sources_1/imports/Reconf_IB_MUX/top.v at line 388 is not valid.
WARNING: File/Multi-channel descriptor (-20000) passed to $fclose in file /home/s1820419/LDPC_MinorResearch/GeneratedDecoders/204.33.486/RTL/IB_CNU_BRAM32/IB_CNU_BRAM32/IB_CNU_BRAM32.srcs/sources_1/imports/sources_1/imports/Reconf_IB_MUX/top.v at line 388 is not valid.
WARNING: File/Multi-channel descriptor (-20000) passed to $fclose in file /home/s1820419/LDPC_MinorResearch/GeneratedDecoders/204.33.486/RTL/IB_CNU_BRAM32/IB_CNU_BRAM32/IB_CNU_BRAM32.srcs/sources_1/imports/sources_1/imports/Reconf_IB_MUX/top.v at line 388 is not valid.
WARNING: File/Multi-channel descriptor (-20000) passed to $fclose in file /home/s1820419/LDPC_MinorResearch/GeneratedDecoders/204.33.486/RTL/IB_CNU_BRAM32/IB_CNU_BRAM32/IB_CNU_BRAM32.srcs/sources_1/imports/sources_1/imports/Reconf_IB_MUX/top.v at line 388 is not valid.
WARNING: File/Multi-channel descriptor (-20000) passed to $fclose in file /home/s1820419/LDPC_MinorResearch/GeneratedDecoders/204.33.486/RTL/IB_CNU_BRAM32/IB_CNU_BRAM32/IB_CNU_BRAM32.srcs/sources_1/imports/sources_1/imports/Reconf_IB_MUX/top.v at line 388 is not valid.
WARNING: File/Multi-channel descriptor (-20000) passed to $fclose in file /home/s1820419/LDPC_MinorResearch/GeneratedDecoders/204.33.486/RTL/IB_CNU_BRAM32/IB_CNU_BRAM32/IB_CNU_BRAM32.srcs/sources_1/imports/sources_1/imports/Reconf_IB_MUX/top.v at line 388 is not valid.
WARNING: File/Multi-channel descriptor (-20000) passed to $fclose in file /home/s1820419/LDPC_MinorResearch/GeneratedDecoders/204.33.486/RTL/IB_CNU_BRAM32/IB_CNU_BRAM32/IB_CNU_BRAM32.srcs/sources_1/imports/sources_1/imports/Reconf_IB_MUX/top.v at line 388 is not valid.
WARNING: File/Multi-channel descriptor (-20000) passed to $fclose in file /home/s1820419/LDPC_MinorResearch/GeneratedDecoders/204.33.486/RTL/IB_CNU_BRAM32/IB_CNU_BRAM32/IB_CNU_BRAM32.srcs/sources_1/imports/sources_1/imports/Reconf_IB_MUX/top.v at line 388 is not valid.
WARNING: File/Multi-channel descriptor (-20000) passed to $fclose in file /home/s1820419/LDPC_MinorResearch/GeneratedDecoders/204.33.486/RTL/IB_CNU_BRAM32/IB_CNU_BRAM32/IB_CNU_BRAM32.srcs/sources_1/imports/sources_1/imports/Reconf_IB_MUX/top.v at line 388 is not valid.
WARNING: File/Multi-channel descriptor (-20000) passed to $fclose in file /home/s1820419/LDPC_MinorResearch/GeneratedDecoders/204.33.486/RTL/IB_CNU_BRAM32/IB_CNU_BRAM32/IB_CNU_BRAM32.srcs/sources_1/imports/sources_1/imports/Reconf_IB_MUX/top.v at line 388 is not valid.
WARNING: File/Multi-channel descriptor (-20000) passed to $fclose in file /home/s1820419/LDPC_MinorResearch/GeneratedDecoders/204.33.486/RTL/IB_CNU_BRAM32/IB_CNU_BRAM32/IB_CNU_BRAM32.srcs/sources_1/imports/sources_1/imports/Reconf_IB_MUX/top.v at line 388 is not valid.
$finish called at time : 1688671 ps : File "/home/s1820419/LDPC_MinorResearch/GeneratedDecoders/204.33.486/RTL/IB_CNU_BRAM32/IB_CNU_BRAM32/IB_CNU_BRAM32.srcs/sources_1/imports/sources_1/imports/Reconf_IB_MUX/top.v" Line 480
