#-----------------------------------------------------------
# Vivado v2019.2 (64-bit)
# SW Build 2708876 on Wed Nov  6 21:39:14 MST 2019
# IP Build 2700528 on Thu Nov  7 00:09:20 MST 2019
# Start of session at: Sat Feb 15 23:17:47 2020
# Process ID: 13397
# Current directory: /home/s1820419/LDPC_MinorResearch/GeneratedDecoders/204.33.486/RTL
# Command line: vivado
# Log file: /home/s1820419/LDPC_MinorResearch/GeneratedDecoders/204.33.486/RTL/vivado.log
# Journal file: /home/s1820419/LDPC_MinorResearch/GeneratedDecoders/204.33.486/RTL/vivado.jou
#-----------------------------------------------------------
start_gui
open_project /home/s1820419/LDPC_MinorResearch/GeneratedDecoders/204.33.486/RTL/IB_LUT/IB_LUT.xpr
Scanning sources...
Finished scanning sources
INFO: [IP_Flow 19-234] Refreshing IP repositories
INFO: [IP_Flow 19-1704] No user IP repositories specified
INFO: [IP_Flow 19-2313] Loaded Vivado IP repository '/home/s1820419/Xilinx/Vivado/2019.2/data/ip'.
open_project: Time (s): cpu = 00:00:14 ; elapsed = 00:00:07 . Memory (MB): peak = 6625.254 ; gain = 87.762 ; free physical = 2216 ; free virtual = 19976
update_compile_order -fileset sources_1
