set ucliGUI::state
set ucliGUI::state
ucliCore::getToolPID
synopsys::env hasTB
trigger_hier_stack_context_switch 0
synopsys::xml set_array_limit <data limit="50" />
synopsys::xml set_depth_limit <data limit="100" />
synopsys::xml set_string_limit <data limit="1000" />
synopsys::xml set_only_active_frame <data value="1" />
synopsys::xml set_variable_frame_id <data value="1" />
synUtils::setDVEInitPhase 1
synopsys::dump -type VPD -file /mnt/fs800/home/s1610105/Documents/research/Doctor/LDPC_MinorResearch/DecodingProcessControl/inter.vpd -locking
synopsys::dump -autoflush on -fid VPD0
set ::dve_fid VPD0
synUtils::setDVEInitPhase 0
ucliCore::getToolPID
synUtils::sendTool -active _icl_setToolSocket /tmp/smlnpm9yDm3
synUtils::sendTool -active {_icl_start_rpc -version "N-2017.12-SP2_Full64" -sync_file /tmp/vcs_dve_rpc.s1610105.11469}
synUtils::sendTool -active {_icl_createSharedMemory /tmp/vcs_dve_general.s1610105.11469}
ucliGUI::getSignalValues -scope cnu_wr_update_handshake_tb -radix {binary binary binary binary binary binary binary binary binary } -list {read_clk write_clk rstn cnu_wr_o iter_update_i cnu_rd_finish_i init_load_o pipe_load_o cnu_init_load_en_i }
config endofsim noexit
config onfail enable all
config syscaddplainmembers
config syscaddsourcenames
config syscaddstructtypes
synopsys::listing -disable
if [catch {gui_sim_terminate}] {gui_sim_terminate -kill}
synopsys::finish
set ucliGUI::state
set ucliGUI::state
ucli_exit
