# Preference setting overrides
gui_create_pref_key -category {Globals} -key {load_detail_for_funcov} -value_type {bool} -value {false}
gui_set_pref_value -category {Source} -key {value_annotate} -value {true}
gui_create_pref_category -category {schem_obj_name}
gui_create_pref_key -category {schem_obj_name} -key {show_cell_and_pin_with_symbol_name} -value_type {bool} -value {false}
gui_create_pref_key -category {schem_pin_hc} -key {textExtFont} -value_type {string} -value {Helvetica,10,-1,5,50,0,0,0,0,0}

# State setting overrides
gui_state_default_create -off -ini
gui_set_state_value -category Layout -key child_console_size_x -value 1918
gui_set_state_value -category Layout -key child_console_size_y -value 171
gui_set_state_value -category Layout -key child_data_colvariable -value 159
gui_set_state_value -category Layout -key child_data_size_x -value 232
gui_set_state_value -category Layout -key child_data_size_y -value 785
gui_set_state_value -category Layout -key child_hier_col3 -value {-1}
gui_set_state_value -category Layout -key child_hier_colhier -value 174
gui_set_state_value -category Layout -key child_hier_colpd -value 0
gui_set_state_value -category Layout -key child_hier_coltype -value 20
gui_set_state_value -category Layout -key child_hier_size_x -value 182
gui_set_state_value -category Layout -key child_hier_size_y -value 785
gui_set_state_value -category Layout -key child_list_down -value 785
gui_set_state_value -category Layout -key child_list_right -value 1764
gui_set_state_value -category Layout -key child_schematic_docknewline -value false
gui_set_state_value -category Layout -key child_schematic_pos_x -value {-2}
gui_set_state_value -category Layout -key child_schematic_pos_y -value {-15}
gui_set_state_value -category Layout -key child_schematic_size_x -value 3108
gui_set_state_value -category Layout -key child_schematic_size_y -value 440
gui_set_state_value -category Layout -key child_source_docknewline -value false
gui_set_state_value -category Layout -key child_source_pos_x -value {-2}
gui_set_state_value -category Layout -key child_source_pos_y -value {-15}
gui_set_state_value -category Layout -key child_source_size_x -value 1507
gui_set_state_value -category Layout -key child_source_size_y -value 780
gui_set_state_value -category Layout -key child_wave_colname -value 276
gui_set_state_value -category Layout -key child_wave_colvalue -value 276
gui_set_state_value -category Layout -key child_wave_left -value 556
gui_set_state_value -category Layout -key child_wave_right -value 1357
gui_set_state_value -category Layout -key main_pos_x -value 2736
gui_set_state_value -category Layout -key main_pos_y -value 31
gui_set_state_value -category Layout -key main_size_x -value 4654
gui_set_state_value -category Layout -key main_size_y -value 1086
gui_set_state_value -category Layout -key stand_list_child_docknewline -value false
gui_set_state_value -category Layout -key stand_list_child_pos_x -value {-2}
gui_set_state_value -category Layout -key stand_list_child_pos_y -value {-15}
gui_set_state_value -category Layout -key stand_list_child_size_x -value 1924
gui_set_state_value -category Layout -key stand_list_child_size_y -value 930
gui_set_state_value -category Layout -key stand_list_top_pos_x -value 0
gui_set_state_value -category Layout -key stand_list_top_pos_y -value 37
gui_set_state_value -category Layout -key stand_list_top_size_x -value 1919
gui_set_state_value -category Layout -key stand_list_top_size_y -value 1079
gui_set_state_value -category Layout -key stand_schematic_child_docknewline -value false
gui_set_state_value -category Layout -key stand_schematic_child_pos_x -value {-2}
gui_set_state_value -category Layout -key stand_schematic_child_pos_y -value {-15}
gui_set_state_value -category Layout -key stand_schematic_child_size_x -value 1924
gui_set_state_value -category Layout -key stand_schematic_child_size_y -value 930
gui_set_state_value -category Layout -key stand_schematic_top_pos_x -value 1951
gui_set_state_value -category Layout -key stand_schematic_top_pos_y -value 355
gui_set_state_value -category Layout -key stand_schematic_top_size_x -value 3870
gui_set_state_value -category Layout -key stand_schematic_top_size_y -value 1397
gui_set_state_value -category Layout -key stand_source_child_docknewline -value false
gui_set_state_value -category Layout -key stand_source_child_pos_x -value {-2}
gui_set_state_value -category Layout -key stand_source_child_pos_y -value {-15}
gui_set_state_value -category Layout -key stand_source_child_size_x -value 504
gui_set_state_value -category Layout -key stand_source_child_size_y -value 186
gui_set_state_value -category Layout -key stand_source_top_pos_x -value 2130
gui_set_state_value -category Layout -key stand_source_top_pos_y -value 334
gui_set_state_value -category Layout -key stand_source_top_size_x -value 2629
gui_set_state_value -category Layout -key stand_source_top_size_y -value 733
gui_set_state_value -category Layout -key stand_wave_child_docknewline -value false
gui_set_state_value -category Layout -key stand_wave_child_pos_x -value {-2}
gui_set_state_value -category Layout -key stand_wave_child_pos_y -value {-15}
gui_set_state_value -category Layout -key stand_wave_child_size_x -value 1923
gui_set_state_value -category Layout -key stand_wave_child_size_y -value 895
gui_set_state_value -category Layout -key stand_wave_top_pos_x -value 2736
gui_set_state_value -category Layout -key stand_wave_top_pos_y -value 31
gui_set_state_value -category Layout -key stand_wave_top_size_x -value 4654
gui_set_state_value -category Layout -key stand_wave_top_size_y -value 1030
gui_create_state_key -category FindDialog -key m_pMatchCase -value_type bool -value false
gui_create_state_key -category FindDialog -key m_pMatchWord -value_type bool -value false
gui_create_state_key -category FindDialog -key m_pUseCombo -value_type string -value {}
gui_create_state_key -category FindDialog -key m_pWrapAround -value_type bool -value true
gui_create_state_key -category SearchDialog -key MatchCase -value_type bool -value false
gui_create_state_key -category SearchDialog -key MatchWord -value_type bool -value true
gui_create_state_key -category SearchDialog -key SearchMode -value_type string -value Wildcards
gui_create_state_key -category SearchDialog -key UseCombo -value_type bool -value true
gui_create_state_key -category Widget_History -key {dlgSimSetup|m_setupTab|tab pages|SimTab|m_VPDCombo} -value_type string -value inter.vpd
gui_create_state_key -category Widget_History -key {dlgSimSetup|m_setupTab|tab pages|SimTab|m_argsCombo} -value_type string -value {{-ucligui }}
gui_create_state_key -category Widget_History -key {dlgSimSetup|m_setupTab|tab pages|SimTab|m_curDirCombo} -value_type string -value {/mnt/fs800/home/s1610105/Documents/research/Doctor/LDPC_MinorResearch/DecodingProcessControl /mnt/fs800/home/s1610105/LDPC_MinorResearch/tb_test /mnt/fs800/home/s1610105/LDPC_MinorResearch/Modules/ALU/minimum /mnt/fs800/home/s1610105/Documents/research/Doctor/Practice/DRAM/DDR4/DDR4-RTL-Model/protected_vcs}
gui_create_state_key -category Widget_History -key {dlgSimSetup|m_setupTab|tab pages|SimTab|m_exeCombo} -value_type string -value {/mnt/fs800/home/s1610105/Documents/research/Doctor/LDPC_MinorResearch/DecodingProcessControl/wr_update_handshake tb /mnt/fs800/home/s1610105/Documents/research/Doctor/Practice/DRAM/DDR4/DDR4-RTL-Model/protected_vcs/simv ./simv}
gui_state_default_create -off

# Begin command logging
gui_set_pref_value -category {Globals} -key {smart_resize} -value {false}
gui_set_pref_value -category {Globals} -key {smart_resize} -value {true}
gui_sim_run Ucli -exe ./wr_update_handshake -args {-ucligui  } -dir .
