#
# An unexpected error has occurred (6)
#
Stack:
/lib64/libc.so.6(+0x361e0) [0x2afdb62db1e0]
/lib64/libc.so.6(gsignal+0x110) [0x2afdb62db160]
/lib64/libc.so.6(abort+0x151) [0x2afdb62dc741]
/home/s1820419/Xilinx/Vivado/2019.2/lib/lnx64.o/SuSE/libstdc++.so.6(_ZN9__gnu_cxx27__verbose_terminate_handlerEv+0x15d) [0x2afdb5d9f33d]
/home/s1820419/Xilinx/Vivado/2019.2/lib/lnx64.o/SuSE/libstdc++.so.6(+0x8e316) [0x2afdb5d9d316]
/home/s1820419/Xilinx/Vivado/2019.2/lib/lnx64.o/SuSE/libstdc++.so.6(+0x8e361) [0x2afdb5d9d361]
/home/s1820419/Xilinx/Vivado/2019.2/lib/lnx64.o/librdi_simbridge_kernel.so(SimBridge::WdbLiveReader::~WdbLiveReader()+0x2d7) [0x2afdfbef9607]
/home/s1820419/Xilinx/Vivado/2019.2/lib/lnx64.o/librdi_simbridge_kernel.so(SimBridge::WdbLiveReader::~WdbLiveReader()+0x9) [0x2afdfbef9639]
/home/s1820419/Xilinx/Vivado/2019.2/lib/lnx64.o/librdi_wavedata.so(SimBridge::DataObjMgr::~DataObjMgr()+0x33) [0x2afdf288ee23]
/home/s1820419/Xilinx/Vivado/2019.2/lib/lnx64.o/librdi_wavedata.so(SimBridge::DataReader::~DataReader()+0x49e) [0x2afdf28a115e]
/home/s1820419/Xilinx/Vivado/2019.2/lib/lnx64.o/librdi_wavedata.so(+0x28eeca) [0x2afdf2901eca]
/home/s1820419/Xilinx/Vivado/2019.2/lib/lnx64.o/librdi_wavedata.so(SimBridge::LiveSimClient::~LiveSimClient()+0x9) [0x2afdf29004f9]
/home/s1820419/Xilinx/Vivado/2019.2/lib/lnx64.o/librdi_simdata.so(RSDData::RSDLiveSimulationObject::closeLiveSimClient()+0x6b) [0x2afdee7c3cdb]
/home/s1820419/Xilinx/Vivado/2019.2/lib/lnx64.o/librdi_simdata.so(RSDData::RSDLiveSimulationObject::~RSDLiveSimulationObject()+0x2c) [0x2afdee7c3e9c]
/home/s1820419/Xilinx/Vivado/2019.2/lib/lnx64.o/librdi_simdata.so(RSDData::RSDLiveSimulationObject::~RSDLiveSimulationObject()+0x9) [0x2afdee7c3ed9]
/home/s1820419/Xilinx/Vivado/2019.2/lib/lnx64.o/librdi_simtcltasks.so(+0x1d4939) [0x2afe41954939]
/home/s1820419/Xilinx/Vivado/2019.2/lib/lnx64.o/librdi_common.so(+0x86eca2) [0x2afdb5261ca2]
/home/s1820419/Xilinx/Vivado/2019.2/lib/lnx64.o/libtcl8.5.so(+0x334af) [0x2afdbae814af]
/home/s1820419/Xilinx/Vivado/2019.2/lib/lnx64.o/libtcl8.5.so(+0x76875) [0x2afdbaec4875]
/home/s1820419/Xilinx/Vivado/2019.2/lib/lnx64.o/libtcl8.5.so(+0x7e029) [0x2afdbaecc029]
/home/s1820419/Xilinx/Vivado/2019.2/lib/lnx64.o/libtcl8.5.so(TclEvalObjEx+0x76) [0x2afdbae83156]
/home/s1820419/Xilinx/Vivado/2019.2/lib/lnx64.o/librdi_common.so(+0x86d1b1) [0x2afdb52601b1]
/home/s1820419/Xilinx/Vivado/2019.2/lib/lnx64.o/libtcl8.5.so(Tcl_ServiceEvent+0x7f) [0x2afdbaef5b0f]
/home/s1820419/Xilinx/Vivado/2019.2/lib/lnx64.o/libtcl8.5.so(Tcl_DoOneEvent+0x154) [0x2afdbaef5e44]
/home/s1820419/Xilinx/Vivado/2019.2/lib/lnx64.o/librdi_commontasks.so(+0x2da555) [0x2afdbfff5555]
/home/s1820419/Xilinx/Vivado/2019.2/lib/lnx64.o/librdi_commontasks.so(+0x2df101) [0x2afdbfffa101]
/home/s1820419/Xilinx/Vivado/2019.2/lib/lnx64.o/librdi_commontasks.so(+0x2e011e) [0x2afdbfffb11e]
/home/s1820419/Xilinx/Vivado/2019.2/lib/lnx64.o/librdi_common.so(+0x86eca2) [0x2afdb5261ca2]
/home/s1820419/Xilinx/Vivado/2019.2/lib/lnx64.o/libtcl8.5.so(+0x334af) [0x2afdbae814af]
/home/s1820419/Xilinx/Vivado/2019.2/lib/lnx64.o/libtcl8.5.so(+0x76875) [0x2afdbaec4875]
/home/s1820419/Xilinx/Vivado/2019.2/lib/lnx64.o/libtcl8.5.so(+0x7e029) [0x2afdbaecc029]
/home/s1820419/Xilinx/Vivado/2019.2/lib/lnx64.o/libtcl8.5.so(TclEvalObjEx+0x76) [0x2afdbae83156]
/home/s1820419/Xilinx/Vivado/2019.2/lib/lnx64.o/librdi_commonmain.so(+0x7af3) [0x2afdb5b08af3]
/home/s1820419/Xilinx/Vivado/2019.2/lib/lnx64.o/libtcl8.5.so(Tcl_Main+0x1d0) [0x2afdbaeee210]
/home/s1820419/Xilinx/Vivado/2019.2/lib/lnx64.o/librdi_common.so(+0x8b30cb) [0x2afdb52a60cb]
/lib64/libpthread.so.0(+0x7569) [0x2afdb6666569]
/lib64/libc.so.6(clone+0x3f) [0x2afdb639d9ef]
