Vivado Simulator 2019.2
Copyright 1986-1999, 2001-2019 Xilinx, Inc. All Rights Reserved.
Running: /home/s1820419/Xilinx/Vivado/2019.2/bin/unwrapped/lnx64.o/xelab -wto bc7896355b3d4b4caaf88166cc137be7 --incr --debug typical --relax --mt 8 -L blk_mem_gen_v8_4_4 -L xil_defaultlib -L unisims_ver -L unimacro_ver -L secureip -L xpm --snapshot cnu_ib_lut_ram_behav xil_defaultlib.cnu_ib_lut_ram xil_defaultlib.glbl -log elaborate.log 
Using 8 slave threads.
WARNING: [XSIM 43-3431] One or more environment variables have been detected which affect the operation of the C compiler. These are typically not set in standard installations and are not tested by Xilinx, however they may be appropriate for your system, so the flow will attempt to continue.  If errors occur, try running xelab with the "-mt off -v 1" switches to see more information from the C compiler. The following environment variables have been detected:
Starting static elaboration
Pass Through NonSizing Optimizer
WARNING: [VRFC 10-3091] actual bit length 1024 differs from formal bit length 128 for port 'BRAM_PORTA_0_we' [/home/s1820419/LDPC_MinorResearch/GeneratedDecoders/204.33.486/RTL/IB_LUT/IB_LUT.srcs/sources_1/new/cnu_ib_lut_ram.v:39]
WARNING: [VRFC 10-3091] actual bit length 1024 differs from formal bit length 128 for port 'BRAM_PORTB_0_we' [/home/s1820419/LDPC_MinorResearch/GeneratedDecoders/204.33.486/RTL/IB_LUT/IB_LUT.srcs/sources_1/new/cnu_ib_lut_ram.v:47]
Completed static elaboration
Starting simulation data flow analysis
Completed simulation data flow analysis
Time Resolution for simulation is 1ps
Compiling module blk_mem_gen_v8_4_4.blk_mem_gen_v8_4_4_output_stage(...
Compiling module blk_mem_gen_v8_4_4.blk_mem_gen_v8_4_4_softecc_outpu...
Compiling module blk_mem_gen_v8_4_4.blk_mem_gen_v8_4_4_mem_module(C_...
Compiling module blk_mem_gen_v8_4_4.blk_mem_axi_regs_fwd_v8_4(C_DATA...
Compiling module blk_mem_gen_v8_4_4.blk_mem_gen_v8_4_4(C_FAMILY="zyn...
Compiling module xil_defaultlib.IB_RAM_blk_mem_gen_0_0
Compiling module xil_defaultlib.IB_RAM
Compiling module xil_defaultlib.IB_RAM_wrapper
Compiling module xil_defaultlib.cnu_ib_lut_ram
Compiling module xil_defaultlib.glbl
Built simulation snapshot cnu_ib_lut_ram_behav
