Copyright 1986-2019 Xilinx, Inc. All Rights Reserved.
----------------------------------------------------------------------------------------------------------------------------------------------------------
| Tool Version     : Vivado v.2019.2 (lin64) Build 2708876 Wed Nov  6 21:39:14 MST 2019
| Date             : Mon Aug 17 01:28:45 2020
| Host             : lmpcc running 64-bit SUSE Linux Enterprise Server 15 SP1
| Command          : report_power -file vnu3_204_102_power_routed.rpt -pb vnu3_204_102_power_summary_routed.pb -rpx vnu3_204_102_power_routed.rpx
| Design           : vnu3_204_102
| Device           : xczu7ev-ffvc1156-2-e
| Design State     : routed
| Grade            : extended
| Process          : typical
| Characterization : Production
----------------------------------------------------------------------------------------------------------------------------------------------------------

Power Report

Table of Contents
-----------------
1. Summary
1.1 On-Chip Components
1.2 Power Supply Summary
1.3 Confidence Level
2. Settings
2.1 Environment
2.2 Clock Constraints
3. Detailed Reports
3.1 By Hierarchy

1. Summary
----------

+--------------------------+--------------+
| Total On-Chip Power (W)  | 1.985        |
| Design Power Budget (W)  | Unspecified* |
| Power Budget Margin (W)  | NA           |
| Dynamic (W)              | 1.386        |
| Device Static (W)        | 0.599        |
| Effective TJA (C/W)      | 1.0          |
| Max Ambient (C)          | 98.1         |
| Junction Temperature (C) | 26.9         |
| Confidence Level         | Low          |
| Setting File             | ---          |
| Simulation Activity File | ---          |
| Design Nets Matched      | NA           |
+--------------------------+--------------+
* Specify Design Power Budget using, set_operating_conditions -design_power_budget <value in Watts>


1.1 On-Chip Components
----------------------

+--------------------------+-----------+----------+-----------+-----------------+
| On-Chip                  | Power (W) | Used     | Available | Utilization (%) |
+--------------------------+-----------+----------+-----------+-----------------+
| Clocks                   |     0.136 |        5 |       --- |             --- |
| CLB Logic                |     0.838 |    51797 |       --- |             --- |
|   LUT as Distributed RAM |     0.744 |    17136 |    101760 |           16.84 |
|   LUT as Logic           |     0.082 |     9956 |    230400 |            4.32 |
|   Register               |     0.012 |    11713 |    460800 |            2.54 |
|   CARRY8                 |    <0.001 |        9 |     28800 |            0.03 |
|   Others                 |     0.000 |     1234 |       --- |             --- |
|   F7/F8 Muxes            |     0.000 |     8568 |    230400 |            3.72 |
| Signals                  |     0.294 |    24431 |       --- |             --- |
| MMCM                     |     0.114 |        0 |       --- |             --- |
| I/O                      |     0.005 |      288 |       360 |           80.00 |
| Static Power             |     0.599 |          |           |                 |
| Total                    |     1.985 |          |           |                 |
+--------------------------+-----------+----------+-----------+-----------------+


1.2 Power Supply Summary
------------------------

+-----------------+-------------+-----------+-------------+------------+
| Source          | Voltage (V) | Total (A) | Dynamic (A) | Static (A) |
+-----------------+-------------+-----------+-------------+------------+
| Vccint          |       0.850 |     1.636 |       1.492 |      0.143 |
| Vccint_io       |       0.850 |     0.071 |       0.001 |      0.070 |
| Vccbram         |       0.850 |     0.002 |       0.000 |      0.002 |
| Vccaux          |       1.800 |     0.211 |       0.063 |      0.148 |
| Vccaux_io       |       1.800 |     0.057 |       0.002 |      0.055 |
| Vcco33          |       3.300 |     0.000 |       0.000 |      0.000 |
| Vcco25          |       2.500 |     0.000 |       0.000 |      0.000 |
| Vcco18          |       1.800 |     0.000 |       0.000 |      0.000 |
| Vcco15          |       1.500 |     0.000 |       0.000 |      0.000 |
| Vcco135         |       1.350 |     0.000 |       0.000 |      0.000 |
| Vcco12          |       1.200 |     0.000 |       0.000 |      0.000 |
| Vcco10          |       1.000 |     0.000 |       0.000 |      0.000 |
| Vccadc          |       1.800 |     0.008 |       0.000 |      0.008 |
| VCC_PSINTFP     |       0.850 |     0.000 |       0.000 |      0.000 |
| VCC_PSINTLP     |       0.850 |     0.005 |       0.000 |      0.005 |
| VPS_MGTRAVCC    |       0.850 |     0.000 |       0.000 |      0.000 |
| VCC_PSINTFP_DDR |       0.850 |     0.000 |       0.000 |      0.000 |
| VCC_PSPLL       |       1.200 |     0.002 |       0.000 |      0.002 |
| VPS_MGTRAVTT    |       1.800 |     0.000 |       0.000 |      0.000 |
| VCCO_PSDDR_504  |       1.200 |     0.000 |       0.000 |      0.000 |
| VCC_PSAUX       |       1.800 |     0.002 |       0.000 |      0.002 |
| VCC_PSBATT      |       1.200 |     0.000 |       0.000 |      0.000 |
| VCC_PSDDR_PLL   |       1.800 |     0.000 |       0.000 |      0.000 |
| VCCO_PSIO0_500  |       3.300 |     0.000 |       0.000 |      0.000 |
| VCCO_PSIO1_501  |       3.300 |     0.000 |       0.000 |      0.000 |
| VCCO_PSIO2_502  |       3.300 |     0.000 |       0.000 |      0.000 |
| VCCO_PSIO3_503  |       3.300 |     0.000 |       0.000 |      0.000 |
| VCC_PSADC       |       1.800 |     0.002 |       0.000 |      0.002 |
| VCCINT_VCU      |       0.900 |     0.026 |       0.000 |      0.026 |
| MGTAVcc         |       0.900 |     0.000 |       0.000 |      0.000 |
| MGTAVtt         |       1.200 |     0.000 |       0.000 |      0.000 |
| MGTVccaux       |       1.800 |     0.000 |       0.000 |      0.000 |
+-----------------+-------------+-----------+-------------+------------+


1.3 Confidence Level
--------------------

+-----------------------------+------------+--------------------------------------------------------+------------------------------------------------------------------------------------------------------------+
| User Input Data             | Confidence | Details                                                | Action                                                                                                     |
+-----------------------------+------------+--------------------------------------------------------+------------------------------------------------------------------------------------------------------------+
| Design implementation state | High       | Design is routed                                       |                                                                                                            |
| Clock nodes activity        | High       | User specified more than 95% of clocks                 |                                                                                                            |
| I/O nodes activity          | Low        | More than 75% of inputs are missing user specification | Provide missing input activity with simulation results or by editing the "By Resource Type -> I/Os" view   |
| Internal nodes activity     | Medium     | User specified less than 25% of internal nodes         | Provide missing internal nodes activity with simulation results or by editing the "By Resource Type" views |
| Device models               | High       | Device models are Production                           |                                                                                                            |
|                             |            |                                                        |                                                                                                            |
| Overall confidence level    | Low        |                                                        |                                                                                                            |
+-----------------------------+------------+--------------------------------------------------------+------------------------------------------------------------------------------------------------------------+


2. Settings
-----------

2.1 Environment
---------------

+-----------------------+--------------------------+
| Ambient Temp (C)      | 25.0                     |
| ThetaJA (C/W)         | 1.0                      |
| Airflow (LFM)         | 250                      |
| Heat Sink             | medium (Medium Profile)  |
| ThetaSA (C/W)         | 1.5                      |
| Board Selection       | medium (10"x10")         |
| # of Board Layers     | 12to15 (12 to 15 Layers) |
| Board Temperature (C) | 25.0                     |
+-----------------------+--------------------------+


2.2 Clock Constraints
---------------------

+------------------------------------+-------------------------------------------------------------------------------+-----------------+
| Clock                              | Domain                                                                        | Constraint (ns) |
+------------------------------------+-------------------------------------------------------------------------------+-----------------+
| CLK_300_P                          | CLK_300_P                                                                     |             3.3 |
| read_clk_clock_domain_clk_wiz_0_0  | system_clock/clock_domain_i/clk_wiz_0/inst/read_clk_clock_domain_clk_wiz_0_0  |             6.7 |
| write_clk_clock_domain_clk_wiz_0_0 | system_clock/clock_domain_i/clk_wiz_0/inst/write_clk_clock_domain_clk_wiz_0_0 |             4.0 |
+------------------------------------+-------------------------------------------------------------------------------+-----------------+


3. Detailed Reports
-------------------

3.1 By Hierarchy
----------------

+---------------------------------+-----------+
| Name                            | Power (W) |
+---------------------------------+-----------+
| vnu3_204_102                    |     1.386 |
|   ram_write_data_0_IBUF[0]_inst |     0.001 |
|   ram_write_data_0_IBUF[1]_inst |     0.001 |
|   ram_write_data_0_IBUF[2]_inst |     0.001 |
|   ram_write_data_0_IBUF[3]_inst |     0.001 |
|   ram_write_data_0_IBUF[4]_inst |     0.001 |
|   ram_write_data_0_IBUF[5]_inst |     0.001 |
|   ram_write_data_0_IBUF[6]_inst |     0.001 |
|   ram_write_data_0_IBUF[7]_inst |     0.001 |
|   ram_write_data_1_IBUF[0]_inst |     0.002 |
|   ram_write_data_1_IBUF[1]_inst |     0.002 |
|   ram_write_data_1_IBUF[2]_inst |     0.002 |
|   ram_write_data_1_IBUF[3]_inst |     0.002 |
|   ram_write_data_1_IBUF[4]_inst |     0.002 |
|   ram_write_data_1_IBUF[5]_inst |     0.002 |
|   ram_write_data_1_IBUF[6]_inst |     0.002 |
|   ram_write_data_1_IBUF[7]_inst |     0.002 |
|   system_clock                  |     0.118 |
|     clock_domain_i              |     0.117 |
|       clk_wiz_0                 |     0.117 |
|   vnu3_204_102_inst[0].u_f0     |     0.007 |
|     func_ram_00                 |     0.003 |
|       rank_m                    |     0.003 |
|     func_ram_01                 |     0.003 |
|       rank_m                    |     0.003 |
|   vnu3_204_102_inst[0].u_f1     |     0.013 |
|     func_ram_10                 |     0.005 |
|       rank_m                    |     0.004 |
|     func_ram_11                 |     0.004 |
|       rank_m                    |     0.003 |
|     func_ram_12                 |     0.004 |
|       rank_m                    |     0.003 |
|   vnu3_204_102_inst[0].u_f2     |     0.002 |
|     func_ram_10                 |     0.002 |
|   vnu3_204_102_inst[10].u_f0    |     0.007 |
|     func_ram_00                 |     0.003 |
|       rank_m                    |     0.003 |
|     func_ram_01                 |     0.003 |
|       rank_m                    |     0.003 |
|   vnu3_204_102_inst[10].u_f1    |     0.013 |
|     func_ram_10                 |     0.004 |
|       rank_m                    |     0.003 |
|     func_ram_11                 |     0.004 |
|       rank_m                    |     0.003 |
|     func_ram_12                 |     0.004 |
|       rank_m                    |     0.003 |
|   vnu3_204_102_inst[10].u_f2    |     0.002 |
|     func_ram_10                 |     0.002 |
|   vnu3_204_102_inst[11].u_f0    |     0.014 |
|     func_ram_00                 |     0.010 |
|       rank_m                    |     0.007 |
|     func_ram_01                 |     0.003 |
|       rank_m                    |     0.003 |
|   vnu3_204_102_inst[11].u_f1    |     0.017 |
|     func_ram_10                 |     0.008 |
|       rank_m                    |     0.004 |
|     func_ram_11                 |     0.004 |
|       rank_m                    |     0.003 |
|     func_ram_12                 |     0.004 |
|       rank_m                    |     0.003 |
|   vnu3_204_102_inst[11].u_f2    |     0.002 |
|     func_ram_10                 |     0.002 |
|   vnu3_204_102_inst[12].u_f0    |     0.007 |
|     func_ram_00                 |     0.003 |
|       rank_m                    |     0.003 |
|     func_ram_01                 |     0.003 |
|       rank_m                    |     0.003 |
|   vnu3_204_102_inst[12].u_f1    |     0.013 |
|     func_ram_10                 |     0.005 |
|       rank_m                    |     0.004 |
|     func_ram_11                 |     0.004 |
|       rank_m                    |     0.003 |
|     func_ram_12                 |     0.004 |
|       rank_m                    |     0.003 |
|   vnu3_204_102_inst[12].u_f2    |     0.002 |
|     func_ram_10                 |     0.002 |
|   vnu3_204_102_inst[13].u_f0    |     0.007 |
|     func_ram_00                 |     0.003 |
|       rank_m                    |     0.003 |
|     func_ram_01                 |     0.003 |
|       rank_m                    |     0.003 |
|   vnu3_204_102_inst[13].u_f1    |     0.014 |
|     func_ram_10                 |     0.005 |
|       rank_m                    |     0.004 |
|     func_ram_11                 |     0.004 |
|       rank_m                    |     0.003 |
|     func_ram_12                 |     0.004 |
|       rank_m                    |     0.003 |
|   vnu3_204_102_inst[13].u_f2    |     0.002 |
|     func_ram_10                 |     0.002 |
|   vnu3_204_102_inst[14].u_f0    |     0.007 |
|     func_ram_00                 |     0.003 |
|       rank_m                    |     0.003 |
|     func_ram_01                 |     0.003 |
|       rank_m                    |     0.003 |
|   vnu3_204_102_inst[14].u_f1    |     0.014 |
|     func_ram_10                 |     0.005 |
|       rank_m                    |     0.004 |
|     func_ram_11                 |     0.004 |
|       rank_m                    |     0.003 |
|     func_ram_12                 |     0.005 |
|       rank_m                    |     0.003 |
|   vnu3_204_102_inst[14].u_f2    |     0.002 |
|     func_ram_10                 |     0.002 |
|   vnu3_204_102_inst[15].u_f0    |     0.007 |
|     func_ram_00                 |     0.003 |
|       rank_m                    |     0.003 |
|     func_ram_01                 |     0.003 |
|       rank_m                    |     0.003 |
|   vnu3_204_102_inst[15].u_f1    |     0.014 |
|     func_ram_10                 |     0.005 |
|       rank_m                    |     0.004 |
|     func_ram_11                 |     0.004 |
|       rank_m                    |     0.003 |
|     func_ram_12                 |     0.005 |
|       rank_m                    |     0.003 |
|   vnu3_204_102_inst[15].u_f2    |     0.002 |
|     func_ram_10                 |     0.002 |
|   vnu3_204_102_inst[16].u_f0    |     0.007 |
|     func_ram_00                 |     0.003 |
|       rank_m                    |     0.003 |
|     func_ram_01                 |     0.003 |
|       rank_m                    |     0.003 |
|   vnu3_204_102_inst[16].u_f1    |     0.013 |
|     func_ram_10                 |     0.005 |
|       rank_m                    |     0.004 |
|     func_ram_11                 |     0.004 |
|       rank_m                    |     0.003 |
|     func_ram_12                 |     0.004 |
|       rank_m                    |     0.003 |
|   vnu3_204_102_inst[16].u_f2    |     0.002 |
|     func_ram_10                 |     0.002 |
|   vnu3_204_102_inst[17].u_f0    |     0.007 |
|     func_ram_00                 |     0.003 |
|       rank_m                    |     0.003 |
|     func_ram_01                 |     0.003 |
|       rank_m                    |     0.003 |
|   vnu3_204_102_inst[17].u_f1    |     0.013 |
|     func_ram_10                 |     0.004 |
|       rank_m                    |     0.004 |
|     func_ram_11                 |     0.004 |
|       rank_m                    |     0.003 |
|     func_ram_12                 |     0.004 |
|       rank_m                    |     0.003 |
|   vnu3_204_102_inst[17].u_f2    |     0.002 |
|     func_ram_10                 |     0.002 |
|   vnu3_204_102_inst[18].u_f0    |     0.007 |
|     func_ram_00                 |     0.003 |
|       rank_m                    |     0.003 |
|     func_ram_01                 |     0.003 |
|       rank_m                    |     0.003 |
|   vnu3_204_102_inst[18].u_f1    |     0.013 |
|     func_ram_10                 |     0.005 |
|       rank_m                    |     0.004 |
|     func_ram_11                 |     0.004 |
|       rank_m                    |     0.003 |
|     func_ram_12                 |     0.004 |
|       rank_m                    |     0.003 |
|   vnu3_204_102_inst[18].u_f2    |     0.002 |
|     func_ram_10                 |     0.002 |
|   vnu3_204_102_inst[19].u_f0    |     0.007 |
|     func_ram_00                 |     0.003 |
|       rank_m                    |     0.003 |
|     func_ram_01                 |     0.003 |
|       rank_m                    |     0.003 |
|   vnu3_204_102_inst[19].u_f1    |     0.013 |
|     func_ram_10                 |     0.004 |
|       rank_m                    |     0.004 |
|     func_ram_11                 |     0.004 |
|       rank_m                    |     0.003 |
|     func_ram_12                 |     0.004 |
|       rank_m                    |     0.003 |
|   vnu3_204_102_inst[19].u_f2    |     0.002 |
|     func_ram_10                 |     0.002 |
|   vnu3_204_102_inst[1].u_f0     |     0.007 |
|     func_ram_00                 |     0.003 |
|       rank_m                    |     0.003 |
|     func_ram_01                 |     0.003 |
|       rank_m                    |     0.003 |
|   vnu3_204_102_inst[1].u_f1     |     0.014 |
|     func_ram_10                 |     0.005 |
|       rank_m                    |     0.004 |
|     func_ram_11                 |     0.004 |
|       rank_m                    |     0.003 |
|     func_ram_12                 |     0.004 |
|       rank_m                    |     0.003 |
|   vnu3_204_102_inst[1].u_f2     |     0.002 |
|     func_ram_10                 |     0.002 |
|   vnu3_204_102_inst[20].u_f0    |     0.007 |
|     func_ram_00                 |     0.003 |
|       rank_m                    |     0.003 |
|     func_ram_01                 |     0.003 |
|       rank_m                    |     0.003 |
|   vnu3_204_102_inst[20].u_f1    |     0.014 |
|     func_ram_10                 |     0.005 |
|       rank_m                    |     0.004 |
|     func_ram_11                 |     0.004 |
|       rank_m                    |     0.003 |
|     func_ram_12                 |     0.005 |
|       rank_m                    |     0.004 |
|   vnu3_204_102_inst[20].u_f2    |     0.002 |
|     func_ram_10                 |     0.002 |
|   vnu3_204_102_inst[21].u_f0    |     0.007 |
|     func_ram_00                 |     0.003 |
|       rank_m                    |     0.003 |
|     func_ram_01                 |     0.003 |
|       rank_m                    |     0.003 |
|   vnu3_204_102_inst[21].u_f1    |     0.013 |
|     func_ram_10                 |     0.005 |
|       rank_m                    |     0.004 |
|     func_ram_11                 |     0.004 |
|       rank_m                    |     0.003 |
|     func_ram_12                 |     0.004 |
|       rank_m                    |     0.003 |
|   vnu3_204_102_inst[21].u_f2    |     0.002 |
|     func_ram_10                 |     0.002 |
|   vnu3_204_102_inst[22].u_f0    |     0.007 |
|     func_ram_00                 |     0.003 |
|       rank_m                    |     0.003 |
|     func_ram_01                 |     0.003 |
|       rank_m                    |     0.003 |
|   vnu3_204_102_inst[22].u_f1    |     0.013 |
|     func_ram_10                 |     0.004 |
|       rank_m                    |     0.004 |
|     func_ram_11                 |     0.004 |
|       rank_m                    |     0.003 |
|     func_ram_12                 |     0.004 |
|       rank_m                    |     0.003 |
|   vnu3_204_102_inst[22].u_f2    |     0.002 |
|     func_ram_10                 |     0.002 |
|   vnu3_204_102_inst[23].u_f0    |     0.007 |
|     func_ram_00                 |     0.003 |
|       rank_m                    |     0.003 |
|     func_ram_01                 |     0.003 |
|       rank_m                    |     0.003 |
|   vnu3_204_102_inst[23].u_f1    |     0.013 |
|     func_ram_10                 |     0.005 |
|       rank_m                    |     0.004 |
|     func_ram_11                 |     0.004 |
|       rank_m                    |     0.003 |
|     func_ram_12                 |     0.004 |
|       rank_m                    |     0.003 |
|   vnu3_204_102_inst[23].u_f2    |     0.002 |
|     func_ram_10                 |     0.002 |
|   vnu3_204_102_inst[24].u_f0    |     0.007 |
|     func_ram_00                 |     0.003 |
|       rank_m                    |     0.003 |
|     func_ram_01                 |     0.003 |
|       rank_m                    |     0.003 |
|   vnu3_204_102_inst[24].u_f1    |     0.013 |
|     func_ram_10                 |     0.005 |
|       rank_m                    |     0.003 |
|     func_ram_11                 |     0.004 |
|       rank_m                    |     0.003 |
|     func_ram_12                 |     0.004 |
|       rank_m                    |     0.003 |
|   vnu3_204_102_inst[24].u_f2    |     0.002 |
|     func_ram_10                 |     0.002 |
|   vnu3_204_102_inst[25].u_f0    |     0.007 |
|     func_ram_00                 |     0.003 |
|       rank_m                    |     0.003 |
|     func_ram_01                 |     0.003 |
|       rank_m                    |     0.003 |
|   vnu3_204_102_inst[25].u_f1    |     0.013 |
|     func_ram_10                 |     0.005 |
|       rank_m                    |     0.004 |
|     func_ram_11                 |     0.004 |
|       rank_m                    |     0.003 |
|     func_ram_12                 |     0.004 |
|       rank_m                    |     0.003 |
|   vnu3_204_102_inst[25].u_f2    |     0.002 |
|     func_ram_10                 |     0.002 |
|   vnu3_204_102_inst[26].u_f0    |     0.007 |
|     func_ram_00                 |     0.003 |
|       rank_m                    |     0.003 |
|     func_ram_01                 |     0.003 |
|       rank_m                    |     0.003 |
|   vnu3_204_102_inst[26].u_f1    |     0.013 |
|     func_ram_10                 |     0.005 |
|       rank_m                    |     0.004 |
|     func_ram_11                 |     0.004 |
|       rank_m                    |     0.003 |
|     func_ram_12                 |     0.004 |
|       rank_m                    |     0.003 |
|   vnu3_204_102_inst[26].u_f2    |     0.002 |
|     func_ram_10                 |     0.002 |
|   vnu3_204_102_inst[27].u_f0    |     0.007 |
|     func_ram_00                 |     0.003 |
|       rank_m                    |     0.003 |
|     func_ram_01                 |     0.003 |
|       rank_m                    |     0.003 |
|   vnu3_204_102_inst[27].u_f1    |     0.013 |
|     func_ram_10                 |     0.004 |
|       rank_m                    |     0.004 |
|     func_ram_11                 |     0.004 |
|       rank_m                    |     0.003 |
|     func_ram_12                 |     0.004 |
|       rank_m                    |     0.003 |
|   vnu3_204_102_inst[27].u_f2    |     0.002 |
|     func_ram_10                 |     0.002 |
|   vnu3_204_102_inst[28].u_f0    |     0.007 |
|     func_ram_00                 |     0.003 |
|       rank_m                    |     0.003 |
|     func_ram_01                 |     0.003 |
|       rank_m                    |     0.003 |
|   vnu3_204_102_inst[28].u_f1    |     0.013 |
|     func_ram_10                 |     0.005 |
|       rank_m                    |     0.004 |
|     func_ram_11                 |     0.004 |
|       rank_m                    |     0.003 |
|     func_ram_12                 |     0.004 |
|       rank_m                    |     0.003 |
|   vnu3_204_102_inst[28].u_f2    |     0.002 |
|     func_ram_10                 |     0.002 |
|   vnu3_204_102_inst[29].u_f0    |     0.007 |
|     func_ram_00                 |     0.003 |
|       rank_m                    |     0.003 |
|     func_ram_01                 |     0.003 |
|       rank_m                    |     0.003 |
|   vnu3_204_102_inst[29].u_f1    |     0.013 |
|     func_ram_10                 |     0.004 |
|       rank_m                    |     0.004 |
|     func_ram_11                 |     0.004 |
|       rank_m                    |     0.003 |
|     func_ram_12                 |     0.004 |
|       rank_m                    |     0.003 |
|   vnu3_204_102_inst[29].u_f2    |     0.002 |
|     func_ram_10                 |     0.002 |
|   vnu3_204_102_inst[2].u_f0     |     0.007 |
|     func_ram_00                 |     0.003 |
|       rank_m                    |     0.003 |
|     func_ram_01                 |     0.003 |
|       rank_m                    |     0.003 |
|   vnu3_204_102_inst[2].u_f1     |     0.013 |
|     func_ram_10                 |     0.005 |
|       rank_m                    |     0.004 |
|     func_ram_11                 |     0.004 |
|       rank_m                    |     0.003 |
|     func_ram_12                 |     0.004 |
|       rank_m                    |     0.003 |
|   vnu3_204_102_inst[2].u_f2     |     0.002 |
|     func_ram_10                 |     0.002 |
|   vnu3_204_102_inst[30].u_f0    |     0.007 |
|     func_ram_00                 |     0.003 |
|       rank_m                    |     0.003 |
|     func_ram_01                 |     0.003 |
|       rank_m                    |     0.003 |
|   vnu3_204_102_inst[30].u_f1    |     0.013 |
|     func_ram_10                 |     0.005 |
|       rank_m                    |     0.004 |
|     func_ram_11                 |     0.004 |
|       rank_m                    |     0.003 |
|     func_ram_12                 |     0.004 |
|       rank_m                    |     0.003 |
|   vnu3_204_102_inst[30].u_f2    |     0.002 |
|     func_ram_10                 |     0.002 |
|   vnu3_204_102_inst[31].u_f0    |     0.007 |
|     func_ram_00                 |     0.003 |
|       rank_m                    |     0.003 |
|     func_ram_01                 |     0.003 |
|       rank_m                    |     0.003 |
|   vnu3_204_102_inst[31].u_f1    |     0.013 |
|     func_ram_10                 |     0.005 |
|       rank_m                    |     0.004 |
|     func_ram_11                 |     0.004 |
|       rank_m                    |     0.003 |
|     func_ram_12                 |     0.004 |
|       rank_m                    |     0.003 |
|   vnu3_204_102_inst[31].u_f2    |     0.002 |
|     func_ram_10                 |     0.002 |
|   vnu3_204_102_inst[32].u_f0    |     0.007 |
|     func_ram_00                 |     0.003 |
|       rank_m                    |     0.003 |
|     func_ram_01                 |     0.003 |
|       rank_m                    |     0.003 |
|   vnu3_204_102_inst[32].u_f1    |     0.013 |
|     func_ram_10                 |     0.005 |
|       rank_m                    |     0.004 |
|     func_ram_11                 |     0.004 |
|       rank_m                    |     0.003 |
|     func_ram_12                 |     0.004 |
|       rank_m                    |     0.003 |
|   vnu3_204_102_inst[32].u_f2    |     0.002 |
|     func_ram_10                 |     0.002 |
|   vnu3_204_102_inst[33].u_f0    |     0.007 |
|     func_ram_00                 |     0.003 |
|       rank_m                    |     0.003 |
|     func_ram_01                 |     0.003 |
|       rank_m                    |     0.003 |
|   vnu3_204_102_inst[33].u_f1    |     0.013 |
|     func_ram_10                 |     0.005 |
|       rank_m                    |     0.004 |
|     func_ram_11                 |     0.004 |
|       rank_m                    |     0.003 |
|     func_ram_12                 |     0.004 |
|       rank_m                    |     0.003 |
|   vnu3_204_102_inst[33].u_f2    |     0.002 |
|     func_ram_10                 |     0.002 |
|   vnu3_204_102_inst[34].u_f0    |     0.007 |
|     func_ram_00                 |     0.003 |
|       rank_m                    |     0.003 |
|     func_ram_01                 |     0.003 |
|       rank_m                    |     0.003 |
|   vnu3_204_102_inst[34].u_f1    |     0.013 |
|     func_ram_10                 |     0.004 |
|       rank_m                    |     0.003 |
|     func_ram_11                 |     0.004 |
|       rank_m                    |     0.003 |
|     func_ram_12                 |     0.004 |
|       rank_m                    |     0.003 |
|   vnu3_204_102_inst[34].u_f2    |     0.002 |
|     func_ram_10                 |     0.002 |
|   vnu3_204_102_inst[35].u_f0    |     0.007 |
|     func_ram_00                 |     0.003 |
|       rank_m                    |     0.003 |
|     func_ram_01                 |     0.003 |
|       rank_m                    |     0.003 |
|   vnu3_204_102_inst[35].u_f1    |     0.013 |
|     func_ram_10                 |     0.004 |
|       rank_m                    |     0.004 |
|     func_ram_11                 |     0.004 |
|       rank_m                    |     0.003 |
|     func_ram_12                 |     0.004 |
|       rank_m                    |     0.003 |
|   vnu3_204_102_inst[35].u_f2    |     0.002 |
|     func_ram_10                 |     0.002 |
|   vnu3_204_102_inst[36].u_f0    |     0.007 |
|     func_ram_00                 |     0.003 |
|       rank_m                    |     0.003 |
|     func_ram_01                 |     0.003 |
|       rank_m                    |     0.003 |
|   vnu3_204_102_inst[36].u_f1    |     0.013 |
|     func_ram_10                 |     0.005 |
|       rank_m                    |     0.004 |
|     func_ram_11                 |     0.004 |
|       rank_m                    |     0.003 |
|     func_ram_12                 |     0.004 |
|       rank_m                    |     0.003 |
|   vnu3_204_102_inst[36].u_f2    |     0.002 |
|     func_ram_10                 |     0.002 |
|   vnu3_204_102_inst[37].u_f0    |     0.007 |
|     func_ram_00                 |     0.003 |
|       rank_m                    |     0.003 |
|     func_ram_01                 |     0.003 |
|       rank_m                    |     0.003 |
|   vnu3_204_102_inst[37].u_f1    |     0.013 |
|     func_ram_10                 |     0.005 |
|       rank_m                    |     0.004 |
|     func_ram_11                 |     0.004 |
|       rank_m                    |     0.003 |
|     func_ram_12                 |     0.004 |
|       rank_m                    |     0.003 |
|   vnu3_204_102_inst[37].u_f2    |     0.002 |
|     func_ram_10                 |     0.002 |
|   vnu3_204_102_inst[38].u_f0    |     0.007 |
|     func_ram_00                 |     0.003 |
|       rank_m                    |     0.003 |
|     func_ram_01                 |     0.003 |
|       rank_m                    |     0.003 |
|   vnu3_204_102_inst[38].u_f1    |     0.013 |
|     func_ram_10                 |     0.004 |
|       rank_m                    |     0.004 |
|     func_ram_11                 |     0.004 |
|       rank_m                    |     0.003 |
|     func_ram_12                 |     0.004 |
|       rank_m                    |     0.003 |
|   vnu3_204_102_inst[38].u_f2    |     0.002 |
|     func_ram_10                 |     0.002 |
|   vnu3_204_102_inst[39].u_f0    |     0.007 |
|     func_ram_00                 |     0.003 |
|       rank_m                    |     0.003 |
|     func_ram_01                 |     0.003 |
|       rank_m                    |     0.003 |
|   vnu3_204_102_inst[39].u_f1    |     0.013 |
|     func_ram_10                 |     0.005 |
|       rank_m                    |     0.004 |
|     func_ram_11                 |     0.004 |
|       rank_m                    |     0.003 |
|     func_ram_12                 |     0.004 |
|       rank_m                    |     0.003 |
|   vnu3_204_102_inst[39].u_f2    |     0.002 |
|     func_ram_10                 |     0.002 |
|   vnu3_204_102_inst[3].u_f0     |     0.007 |
|     func_ram_00                 |     0.003 |
|       rank_m                    |     0.003 |
|     func_ram_01                 |     0.003 |
|       rank_m                    |     0.003 |
|   vnu3_204_102_inst[3].u_f1     |     0.014 |
|     func_ram_10                 |     0.005 |
|       rank_m                    |     0.004 |
|     func_ram_11                 |     0.004 |
|       rank_m                    |     0.003 |
|     func_ram_12                 |     0.005 |
|       rank_m                    |     0.003 |
|   vnu3_204_102_inst[3].u_f2     |     0.002 |
|     func_ram_10                 |     0.002 |
|   vnu3_204_102_inst[40].u_f0    |     0.007 |
|     func_ram_00                 |     0.003 |
|       rank_m                    |     0.003 |
|     func_ram_01                 |     0.003 |
|       rank_m                    |     0.003 |
|   vnu3_204_102_inst[40].u_f1    |     0.013 |
|     func_ram_10                 |     0.004 |
|       rank_m                    |     0.004 |
|     func_ram_11                 |     0.004 |
|       rank_m                    |     0.003 |
|     func_ram_12                 |     0.004 |
|       rank_m                    |     0.003 |
|   vnu3_204_102_inst[40].u_f2    |     0.002 |
|     func_ram_10                 |     0.002 |
|   vnu3_204_102_inst[41].u_f0    |     0.007 |
|     func_ram_00                 |     0.003 |
|       rank_m                    |     0.003 |
|     func_ram_01                 |     0.003 |
|       rank_m                    |     0.003 |
|   vnu3_204_102_inst[41].u_f1    |     0.013 |
|     func_ram_10                 |     0.005 |
|       rank_m                    |     0.004 |
|     func_ram_11                 |     0.004 |
|       rank_m                    |     0.003 |
|     func_ram_12                 |     0.004 |
|       rank_m                    |     0.003 |
|   vnu3_204_102_inst[41].u_f2    |     0.002 |
|     func_ram_10                 |     0.002 |
|   vnu3_204_102_inst[42].u_f0    |     0.007 |
|     func_ram_00                 |     0.003 |
|       rank_m                    |     0.003 |
|     func_ram_01                 |     0.003 |
|       rank_m                    |     0.003 |
|   vnu3_204_102_inst[42].u_f1    |     0.014 |
|     func_ram_10                 |     0.005 |
|       rank_m                    |     0.004 |
|     func_ram_11                 |     0.004 |
|       rank_m                    |     0.003 |
|     func_ram_12                 |     0.005 |
|       rank_m                    |     0.004 |
|   vnu3_204_102_inst[42].u_f2    |     0.002 |
|     func_ram_10                 |     0.002 |
|   vnu3_204_102_inst[43].u_f0    |     0.007 |
|     func_ram_00                 |     0.003 |
|       rank_m                    |     0.003 |
|     func_ram_01                 |     0.003 |
|       rank_m                    |     0.003 |
|   vnu3_204_102_inst[43].u_f1    |     0.013 |
|     func_ram_10                 |     0.005 |
|       rank_m                    |     0.004 |
|     func_ram_11                 |     0.004 |
|       rank_m                    |     0.003 |
|     func_ram_12                 |     0.004 |
|       rank_m                    |     0.003 |
|   vnu3_204_102_inst[43].u_f2    |     0.002 |
|     func_ram_10                 |     0.002 |
|   vnu3_204_102_inst[44].u_f0    |     0.007 |
|     func_ram_00                 |     0.003 |
|       rank_m                    |     0.003 |
|     func_ram_01                 |     0.003 |
|       rank_m                    |     0.003 |
|   vnu3_204_102_inst[44].u_f1    |     0.013 |
|     func_ram_10                 |     0.005 |
|       rank_m                    |     0.003 |
|     func_ram_11                 |     0.004 |
|       rank_m                    |     0.003 |
|     func_ram_12                 |     0.004 |
|       rank_m                    |     0.003 |
|   vnu3_204_102_inst[44].u_f2    |     0.002 |
|     func_ram_10                 |     0.002 |
|   vnu3_204_102_inst[45].u_f0    |     0.007 |
|     func_ram_00                 |     0.003 |
|       rank_m                    |     0.003 |
|     func_ram_01                 |     0.003 |
|       rank_m                    |     0.003 |
|   vnu3_204_102_inst[45].u_f1    |     0.013 |
|     func_ram_10                 |     0.005 |
|       rank_m                    |     0.004 |
|     func_ram_11                 |     0.004 |
|       rank_m                    |     0.003 |
|     func_ram_12                 |     0.004 |
|       rank_m                    |     0.003 |
|   vnu3_204_102_inst[45].u_f2    |     0.002 |
|     func_ram_10                 |     0.002 |
|   vnu3_204_102_inst[46].u_f0    |     0.007 |
|     func_ram_00                 |     0.003 |
|       rank_m                    |     0.003 |
|     func_ram_01                 |     0.003 |
|       rank_m                    |     0.003 |
|   vnu3_204_102_inst[46].u_f1    |     0.013 |
|     func_ram_10                 |     0.005 |
|       rank_m                    |     0.004 |
|     func_ram_11                 |     0.004 |
|       rank_m                    |     0.003 |
|     func_ram_12                 |     0.004 |
|       rank_m                    |     0.003 |
|   vnu3_204_102_inst[46].u_f2    |     0.002 |
|     func_ram_10                 |     0.002 |
|   vnu3_204_102_inst[47].u_f0    |     0.007 |
|     func_ram_00                 |     0.003 |
|       rank_m                    |     0.003 |
|     func_ram_01                 |     0.003 |
|       rank_m                    |     0.003 |
|   vnu3_204_102_inst[47].u_f1    |     0.013 |
|     func_ram_10                 |     0.005 |
|       rank_m                    |     0.004 |
|     func_ram_11                 |     0.004 |
|       rank_m                    |     0.003 |
|     func_ram_12                 |     0.004 |
|       rank_m                    |     0.003 |
|   vnu3_204_102_inst[47].u_f2    |     0.002 |
|     func_ram_10                 |     0.002 |
|   vnu3_204_102_inst[48].u_f0    |     0.007 |
|     func_ram_00                 |     0.003 |
|       rank_m                    |     0.003 |
|     func_ram_01                 |     0.003 |
|       rank_m                    |     0.003 |
|   vnu3_204_102_inst[48].u_f1    |     0.014 |
|     func_ram_10                 |     0.005 |
|       rank_m                    |     0.004 |
|     func_ram_11                 |     0.004 |
|       rank_m                    |     0.003 |
|     func_ram_12                 |     0.004 |
|       rank_m                    |     0.003 |
|   vnu3_204_102_inst[48].u_f2    |     0.002 |
|     func_ram_10                 |     0.002 |
|   vnu3_204_102_inst[49].u_f0    |     0.007 |
|     func_ram_00                 |     0.003 |
|       rank_m                    |     0.003 |
|     func_ram_01                 |     0.003 |
|       rank_m                    |     0.003 |
|   vnu3_204_102_inst[49].u_f1    |     0.013 |
|     func_ram_10                 |     0.005 |
|       rank_m                    |     0.004 |
|     func_ram_11                 |     0.004 |
|       rank_m                    |     0.003 |
|     func_ram_12                 |     0.004 |
|       rank_m                    |     0.003 |
|   vnu3_204_102_inst[49].u_f2    |     0.002 |
|     func_ram_10                 |     0.002 |
|   vnu3_204_102_inst[4].u_f0     |     0.007 |
|     func_ram_00                 |     0.003 |
|       rank_m                    |     0.003 |
|     func_ram_01                 |     0.003 |
|       rank_m                    |     0.003 |
|   vnu3_204_102_inst[4].u_f1     |     0.014 |
|     func_ram_10                 |     0.005 |
|       rank_m                    |     0.004 |
|     func_ram_11                 |     0.004 |
|       rank_m                    |     0.003 |
|     func_ram_12                 |     0.004 |
|       rank_m                    |     0.003 |
|   vnu3_204_102_inst[4].u_f2     |     0.002 |
|     func_ram_10                 |     0.002 |
|   vnu3_204_102_inst[50].u_f0    |     0.072 |
|     func_ram_00                 |     0.023 |
|       rank_m                    |     0.012 |
|     func_ram_01                 |     0.049 |
|       rank_m                    |     0.023 |
|   vnu3_204_102_inst[50].u_f1    |     0.013 |
|     func_ram_10                 |     0.005 |
|       rank_m                    |     0.004 |
|     func_ram_11                 |     0.004 |
|       rank_m                    |     0.003 |
|     func_ram_12                 |     0.004 |
|       rank_m                    |     0.003 |
|   vnu3_204_102_inst[50].u_f2    |     0.001 |
|     func_ram_10                 |     0.001 |
|   vnu3_204_102_inst[5].u_f0     |     0.007 |
|     func_ram_00                 |     0.003 |
|       rank_m                    |     0.003 |
|     func_ram_01                 |     0.003 |
|       rank_m                    |     0.003 |
|   vnu3_204_102_inst[5].u_f1     |     0.013 |
|     func_ram_10                 |     0.005 |
|       rank_m                    |     0.004 |
|     func_ram_11                 |     0.004 |
|       rank_m                    |     0.003 |
|     func_ram_12                 |     0.004 |
|       rank_m                    |     0.003 |
|   vnu3_204_102_inst[5].u_f2     |     0.002 |
|     func_ram_10                 |     0.002 |
|   vnu3_204_102_inst[6].u_f0     |     0.007 |
|     func_ram_00                 |     0.003 |
|       rank_m                    |     0.003 |
|     func_ram_01                 |     0.003 |
|       rank_m                    |     0.003 |
|   vnu3_204_102_inst[6].u_f1     |     0.013 |
|     func_ram_10                 |     0.005 |
|       rank_m                    |     0.004 |
|     func_ram_11                 |     0.004 |
|       rank_m                    |     0.003 |
|     func_ram_12                 |     0.004 |
|       rank_m                    |     0.003 |
|   vnu3_204_102_inst[6].u_f2     |     0.002 |
|     func_ram_10                 |     0.002 |
|   vnu3_204_102_inst[7].u_f0     |     0.007 |
|     func_ram_00                 |     0.003 |
|       rank_m                    |     0.003 |
|     func_ram_01                 |     0.003 |
|       rank_m                    |     0.003 |
|   vnu3_204_102_inst[7].u_f1     |     0.013 |
|     func_ram_10                 |     0.004 |
|       rank_m                    |     0.004 |
|     func_ram_11                 |     0.004 |
|       rank_m                    |     0.003 |
|     func_ram_12                 |     0.004 |
|       rank_m                    |     0.003 |
|   vnu3_204_102_inst[7].u_f2     |     0.002 |
|     func_ram_10                 |     0.002 |
|   vnu3_204_102_inst[8].u_f0     |     0.007 |
|     func_ram_00                 |     0.003 |
|       rank_m                    |     0.003 |
|     func_ram_01                 |     0.003 |
|       rank_m                    |     0.003 |
|   vnu3_204_102_inst[8].u_f1     |     0.013 |
|     func_ram_10                 |     0.004 |
|       rank_m                    |     0.003 |
|     func_ram_11                 |     0.004 |
|       rank_m                    |     0.003 |
|     func_ram_12                 |     0.004 |
|       rank_m                    |     0.003 |
|   vnu3_204_102_inst[8].u_f2     |     0.002 |
|     func_ram_10                 |     0.002 |
|   vnu3_204_102_inst[9].u_f0     |     0.007 |
|     func_ram_00                 |     0.003 |
|       rank_m                    |     0.003 |
|     func_ram_01                 |     0.003 |
|       rank_m                    |     0.003 |
|   vnu3_204_102_inst[9].u_f1     |     0.013 |
|     func_ram_10                 |     0.005 |
|       rank_m                    |     0.004 |
|     func_ram_11                 |     0.004 |
|       rank_m                    |     0.003 |
|     func_ram_12                 |     0.004 |
|       rank_m                    |     0.003 |
|   vnu3_204_102_inst[9].u_f2     |     0.002 |
|     func_ram_10                 |     0.002 |
+---------------------------------+-----------+


