Copyright 1986-2019 Xilinx, Inc. All Rights Reserved.
------------------------------------------------------------------------------------------------------------------------------
| Tool Version : Vivado v.2019.2 (lin64) Build 2708876 Wed Nov  6 21:39:14 MST 2019
| Date         : Mon Aug 17 01:28:14 2020
| Host         : lmpcc running 64-bit SUSE Linux Enterprise Server 15 SP1
| Command      : report_drc -file vnu3_204_102_drc_routed.rpt -pb vnu3_204_102_drc_routed.pb -rpx vnu3_204_102_drc_routed.rpx
| Design       : vnu3_204_102
| Device       : xczu7ev-ffvc1156-2-e
| Speed File   : -2
| Design State : Fully Routed
------------------------------------------------------------------------------------------------------------------------------

Report DRC

Table of Contents
-----------------
1. REPORT SUMMARY
2. REPORT DETAILS

1. REPORT SUMMARY
-----------------
            Netlist: netlist
          Floorplan: design_1
      Design limits: <entire design considered>
           Ruledeck: default
             Max violations: <unlimited>
             Violations found: 2
+--------+------------------+----------------------------+------------+
| Rule   | Severity         | Description                | Violations |
+--------+------------------+----------------------------+------------+
| NSTD-1 | Critical Warning | Unspecified I/O Standard   | 1          |
| UCIO-1 | Critical Warning | Unconstrained Logical Port | 1          |
+--------+------------------+----------------------------+------------+

2. REPORT DETAILS
-----------------
NSTD-1#1 Critical Warning
Unspecified I/O Standard  
285 out of 288 logical ports use I/O standard (IOSTANDARD) value 'DEFAULT', instead of a user assigned specific value. This may cause I/O contention or incompatibility with the board power or connectivity affecting performance, signal integrity or in extreme cases cause damage to the device or the components to which it is connected. To correct this violation, specify all I/O standards. This design will fail to generate a bitstream unless all logical ports have a user specified I/O standard value defined. To allow bitstream creation with unspecified I/O standard values (not recommended), use this command: set_property SEVERITY {Warning} [get_drc_checks NSTD-1].  NOTE: When using the Vivado Runs infrastructure (e.g. launch_runs Tcl command), add this command to a .tcl file and add that file as a pre-hook for write_bitstream step for the implementation run. Problem ports: dnu_page_addr_ram[6:0], dnu_ram_write_data[1:0], ib_ram_we[1:0], page_addr_ram_0[6:0], page_addr_ram_1[6:0], ram_write_data_0[7:0], ram_write_data_1[7:0], vnu0_0[3:0], vnu0_2[3:0], vnu0_ch_llr[3:0], vnu1_0[3:0], vnu1_2[3:0], vnu2_0[3:0], vnu2_2[3:0], vnu3_0[3:0] (the first 15 of 21 listed).
Related violations: <none>

UCIO-1#1 Critical Warning
Unconstrained Logical Port  
285 out of 288 logical ports have no user assigned specific location constraint (LOC). This may cause I/O contention or incompatibility with the board power or connectivity affecting performance, signal integrity or in extreme cases cause damage to the device or the components to which it is connected. To correct this violation, specify all pin locations. This design will fail to generate a bitstream unless all logical ports have a user specified site LOC constraint defined.  To allow bitstream creation with unspecified pin locations (not recommended), use this command: set_property SEVERITY {Warning} [get_drc_checks UCIO-1].  NOTE: When using the Vivado Runs infrastructure (e.g. launch_runs Tcl command), add this command to a .tcl file and add that file as a pre-hook for write_bitstream step for the implementation run.  Problem ports: dnu_page_addr_ram[6:0], dnu_ram_write_data[1:0], ib_ram_we[1:0], page_addr_ram_0[6:0], page_addr_ram_1[6:0], ram_write_data_0[7:0], ram_write_data_1[7:0], vnu0_0[3:0], vnu0_2[3:0], vnu0_ch_llr[3:0], vnu1_0[3:0], vnu1_2[3:0], vnu2_0[3:0], vnu2_2[3:0], vnu3_0[3:0] (the first 15 of 21 listed).
Related violations: <none>


