
*** Running vivado
    with args -log vn_top.vds -m64 -product Vivado -mode batch -messageDb vivado.pb -notrace -source vn_top.tcl


****** Vivado v2019.2 (64-bit)
  **** SW Build 2708876 on Wed Nov  6 21:39:14 MST 2019
  **** IP Build 2700528 on Thu Nov  7 00:09:20 MST 2019
    ** Copyright 1986-2019 Xilinx, Inc. All Rights Reserved.

source vn_top.tcl -notrace
INFO: [IP_Flow 19-234] Refreshing IP repositories
INFO: [IP_Flow 19-1704] No user IP repositories specified
INFO: [IP_Flow 19-2313] Loaded Vivado IP repository '/home/s1820419/Xilinx/Vivado/2019.2/data/ip'.
add_files: Time (s): cpu = 00:00:03 ; elapsed = 00:00:06 . Memory (MB): peak = 1522.082 ; gain = 40.688 ; free physical = 4480 ; free virtual = 116184
Command: synth_design -top vn_top -part xczu7ev-ffvc1156-2-e
Starting synth_design
Attempting to get a license for feature 'Synthesis' and/or device 'xczu7ev'
INFO: [Common 17-349] Got license for feature 'Synthesis' and/or device 'xczu7ev'
INFO: [Device 21-403] Loading part xczu7ev-ffvc1156-2-e
INFO: Launching helper process for spawning children vivado processes
INFO: Helper process launched with PID 32837 
---------------------------------------------------------------------------------
Starting RTL Elaboration : Time (s): cpu = 00:00:03 ; elapsed = 00:00:05 . Memory (MB): peak = 2513.852 ; gain = 0.000 ; free physical = 3364 ; free virtual = 115069
---------------------------------------------------------------------------------
INFO: [Synth 8-6157] synthesizing module 'vn_top' [/home/s1820419/LDPC_MinorResearch/GeneratedDecoders/204.33.486/RTL/symmetry_ib_lut_structure/symmetry_ib_lut_structure.srcs/sources_1/new/vn_top.v:21]
INFO: [Synth 8-6157] synthesizing module 'clock_domain_wrapper' [/home/s1820419/LDPC_MinorResearch/GeneratedDecoders/204.33.486/RTL/symmetry_ib_lut_structure/symmetry_ib_lut_structure.srcs/sources_1/bd/clock_domain/hdl/clock_domain_wrapper.v:12]
INFO: [Synth 8-6157] synthesizing module 'clock_domain' [/home/s1820419/LDPC_MinorResearch/GeneratedDecoders/204.33.486/RTL/symmetry_ib_lut_structure/symmetry_ib_lut_structure.srcs/sources_1/bd/clock_domain/synth/clock_domain.v:13]
INFO: [Synth 8-6157] synthesizing module 'clock_domain_clk_wiz_0_0' [/home/s1820419/LDPC_MinorResearch/GeneratedDecoders/204.33.486/RTL/symmetry_ib_lut_structure/symmetry_ib_lut_structure.runs/VN/.Xil/Vivado-32617-lmpcc/realtime/clock_domain_clk_wiz_0_0_stub.v:5]
INFO: [Synth 8-6155] done synthesizing module 'clock_domain_clk_wiz_0_0' (1#1) [/home/s1820419/LDPC_MinorResearch/GeneratedDecoders/204.33.486/RTL/symmetry_ib_lut_structure/symmetry_ib_lut_structure.runs/VN/.Xil/Vivado-32617-lmpcc/realtime/clock_domain_clk_wiz_0_0_stub.v:5]
INFO: [Synth 8-6155] done synthesizing module 'clock_domain' (2#1) [/home/s1820419/LDPC_MinorResearch/GeneratedDecoders/204.33.486/RTL/symmetry_ib_lut_structure/symmetry_ib_lut_structure.srcs/sources_1/bd/clock_domain/synth/clock_domain.v:13]
INFO: [Synth 8-6155] done synthesizing module 'clock_domain_wrapper' (3#1) [/home/s1820419/LDPC_MinorResearch/GeneratedDecoders/204.33.486/RTL/symmetry_ib_lut_structure/symmetry_ib_lut_structure.srcs/sources_1/bd/clock_domain/hdl/clock_domain_wrapper.v:12]
INFO: [Synth 8-6157] synthesizing module 'sym_vn_lut_in' [/home/s1820419/LDPC_MinorResearch/GeneratedDecoders/204.33.486/RTL/symmetry_ib_lut_structure/symmetry_ib_lut_structure.srcs/sources_1/new/sym_vn_lut_in.v:1]
INFO: [Synth 8-6157] synthesizing module 'sym_vn_rank' [/home/s1820419/LDPC_MinorResearch/GeneratedDecoders/204.33.486/RTL/symmetry_ib_lut_structure/symmetry_ib_lut_structure.srcs/sources_1/new/sym_vn_rank.v:1]
INFO: [Synth 8-6157] synthesizing module 'sym_vn_lut' [/home/s1820419/LDPC_MinorResearch/GeneratedDecoders/204.33.486/RTL/symmetry_ib_lut_structure/symmetry_ib_lut_structure.srcs/sources_1/new/sym_vn_lut.v:1]
INFO: [Synth 8-6157] synthesizing module 'RAM128X1D' [/home/s1820419/Xilinx/Vivado/2019.2/scripts/rt/data/unisim_comp.v:69998]
	Parameter INIT bound to: 128'b00000000000000000000000000000000000000000000000000000000000000000000000000000000000000000000000000000000000000000000000000000000 
	Parameter IS_WCLK_INVERTED bound to: 1'b0 
INFO: [Synth 8-6155] done synthesizing module 'RAM128X1D' (4#1) [/home/s1820419/Xilinx/Vivado/2019.2/scripts/rt/data/unisim_comp.v:69998]
INFO: [Synth 8-6155] done synthesizing module 'sym_vn_lut' (5#1) [/home/s1820419/LDPC_MinorResearch/GeneratedDecoders/204.33.486/RTL/symmetry_ib_lut_structure/symmetry_ib_lut_structure.srcs/sources_1/new/sym_vn_lut.v:1]
INFO: [Synth 8-6155] done synthesizing module 'sym_vn_rank' (6#1) [/home/s1820419/LDPC_MinorResearch/GeneratedDecoders/204.33.486/RTL/symmetry_ib_lut_structure/symmetry_ib_lut_structure.srcs/sources_1/new/sym_vn_rank.v:1]
INFO: [Synth 8-6155] done synthesizing module 'sym_vn_lut_in' (7#1) [/home/s1820419/LDPC_MinorResearch/GeneratedDecoders/204.33.486/RTL/symmetry_ib_lut_structure/symmetry_ib_lut_structure.srcs/sources_1/new/sym_vn_lut_in.v:1]
INFO: [Synth 8-6157] synthesizing module 'sym_vn_lut_internal' [/home/s1820419/LDPC_MinorResearch/GeneratedDecoders/204.33.486/RTL/symmetry_ib_lut_structure/symmetry_ib_lut_structure.srcs/sources_1/new/sym_vn_lut_internal.v:1]
INFO: [Synth 8-6155] done synthesizing module 'sym_vn_lut_internal' (8#1) [/home/s1820419/LDPC_MinorResearch/GeneratedDecoders/204.33.486/RTL/symmetry_ib_lut_structure/symmetry_ib_lut_structure.srcs/sources_1/new/sym_vn_lut_internal.v:1]
INFO: [Synth 8-6157] synthesizing module 'sym_vn_lut_out' [/home/s1820419/LDPC_MinorResearch/GeneratedDecoders/204.33.486/RTL/symmetry_ib_lut_structure/symmetry_ib_lut_structure.srcs/sources_1/new/sym_vn_lut_out.v:1]
INFO: [Synth 8-6155] done synthesizing module 'sym_vn_lut_out' (9#1) [/home/s1820419/LDPC_MinorResearch/GeneratedDecoders/204.33.486/RTL/symmetry_ib_lut_structure/symmetry_ib_lut_structure.srcs/sources_1/new/sym_vn_lut_out.v:1]
WARNING: [Synth 8-689] width (1) of port connection 't_c_D' does not match port width (4) of module 'sym_vn_lut_out' [/home/s1820419/LDPC_MinorResearch/GeneratedDecoders/204.33.486/RTL/symmetry_ib_lut_structure/symmetry_ib_lut_structure.srcs/sources_1/new/vn_top.v:189]
WARNING: [Synth 8-3848] Net read_addr_offset_out2 in module/entity vn_top does not have driver. [/home/s1820419/LDPC_MinorResearch/GeneratedDecoders/204.33.486/RTL/symmetry_ib_lut_structure/symmetry_ib_lut_structure.srcs/sources_1/new/vn_top.v:85]
INFO: [Synth 8-6155] done synthesizing module 'vn_top' (10#1) [/home/s1820419/LDPC_MinorResearch/GeneratedDecoders/204.33.486/RTL/symmetry_ib_lut_structure/symmetry_ib_lut_structure.srcs/sources_1/new/vn_top.v:21]
WARNING: [Synth 8-3331] design sym_vn_lut has unconnected port read_addr3[6]
WARNING: [Synth 8-3331] design sym_vn_lut has unconnected port read_addr3[5]
WARNING: [Synth 8-3331] design sym_vn_lut has unconnected port read_addr3[4]
WARNING: [Synth 8-3331] design sym_vn_lut has unconnected port read_addr3[3]
WARNING: [Synth 8-3331] design sym_vn_lut has unconnected port read_addr3[2]
WARNING: [Synth 8-3331] design sym_vn_lut has unconnected port read_addr3[1]
WARNING: [Synth 8-3331] design sym_vn_lut has unconnected port read_addr3[0]
---------------------------------------------------------------------------------
Finished RTL Elaboration : Time (s): cpu = 00:00:05 ; elapsed = 00:00:07 . Memory (MB): peak = 2572.551 ; gain = 58.699 ; free physical = 3396 ; free virtual = 115101
---------------------------------------------------------------------------------

Report Check Netlist: 
+------+------------------+-------+---------+-------+------------------+
|      |Item              |Errors |Warnings |Status |Description       |
+------+------------------+-------+---------+-------+------------------+
|1     |multi_driven_nets |      0|        0|Passed |Multi driven nets |
+------+------------------+-------+---------+-------+------------------+
---------------------------------------------------------------------------------
Start Handling Custom Attributes
---------------------------------------------------------------------------------
---------------------------------------------------------------------------------
Finished Handling Custom Attributes : Time (s): cpu = 00:00:05 ; elapsed = 00:00:07 . Memory (MB): peak = 2575.520 ; gain = 61.668 ; free physical = 3392 ; free virtual = 115097
---------------------------------------------------------------------------------
---------------------------------------------------------------------------------
Finished RTL Optimization Phase 1 : Time (s): cpu = 00:00:05 ; elapsed = 00:00:07 . Memory (MB): peak = 2575.520 ; gain = 61.668 ; free physical = 3392 ; free virtual = 115097
---------------------------------------------------------------------------------
Netlist sorting complete. Time (s): cpu = 00:00:00.01 ; elapsed = 00:00:00.01 . Memory (MB): peak = 2587.426 ; gain = 0.000 ; free physical = 3386 ; free virtual = 115091
INFO: [Netlist 29-17] Analyzing 48 Unisim elements for replacement
INFO: [Netlist 29-28] Unisim Transformation completed in 0 CPU seconds
INFO: [Project 1-570] Preparing netlist for logic optimization

Processing XDC Constraints
Initializing timing engine
Parsing XDC File [/home/s1820419/LDPC_MinorResearch/GeneratedDecoders/204.33.486/RTL/symmetry_ib_lut_structure/symmetry_ib_lut_structure.srcs/sources_1/bd/clock_domain/ip/clock_domain_clk_wiz_0_0/clock_domain_clk_wiz_0_0/clock_domain_clk_wiz_0_0_in_context.xdc] for cell 'system_clock/clock_domain_i/clk_wiz_0'
Finished Parsing XDC File [/home/s1820419/LDPC_MinorResearch/GeneratedDecoders/204.33.486/RTL/symmetry_ib_lut_structure/symmetry_ib_lut_structure.srcs/sources_1/bd/clock_domain/ip/clock_domain_clk_wiz_0_0/clock_domain_clk_wiz_0_0/clock_domain_clk_wiz_0_0_in_context.xdc] for cell 'system_clock/clock_domain_i/clk_wiz_0'
Parsing XDC File [/home/s1820419/LDPC_MinorResearch/GeneratedDecoders/204.33.486/RTL/symmetry_ib_lut_structure/symmetry_ib_lut_structure.srcs/constrs_1/new/sym_lut_struct.xdc]
WARNING: [Vivado 12-508] No pins matched 'system_clock/clock_domain_i/clk_wiz_0/inst/mmcme4_adv_inst/CLKOUT0'. [/home/s1820419/LDPC_MinorResearch/GeneratedDecoders/204.33.486/RTL/symmetry_ib_lut_structure/symmetry_ib_lut_structure.srcs/constrs_1/new/sym_lut_struct.xdc:1122]
WARNING: [Vivado 12-508] No pins matched 'system_clock/clock_domain_i/clk_wiz_0/inst/mmcme4_adv_inst/CLKOUT0'. [/home/s1820419/LDPC_MinorResearch/GeneratedDecoders/204.33.486/RTL/symmetry_ib_lut_structure/symmetry_ib_lut_structure.srcs/constrs_1/new/sym_lut_struct.xdc:1123]
WARNING: [Vivado 12-508] No pins matched 'system_clock/clock_domain_i/clk_wiz_0/inst/mmcme4_adv_inst/CLKOUT0'. [/home/s1820419/LDPC_MinorResearch/GeneratedDecoders/204.33.486/RTL/symmetry_ib_lut_structure/symmetry_ib_lut_structure.srcs/constrs_1/new/sym_lut_struct.xdc:1124]
WARNING: [Vivado 12-508] No pins matched 'system_clock/clock_domain_i/clk_wiz_0/inst/mmcme4_adv_inst/CLKOUT0'. [/home/s1820419/LDPC_MinorResearch/GeneratedDecoders/204.33.486/RTL/symmetry_ib_lut_structure/symmetry_ib_lut_structure.srcs/constrs_1/new/sym_lut_struct.xdc:1125]
WARNING: [Vivado 12-508] No pins matched 'system_clock/clock_domain_i/clk_wiz_0/inst/mmcme4_adv_inst/CLKOUT0'. [/home/s1820419/LDPC_MinorResearch/GeneratedDecoders/204.33.486/RTL/symmetry_ib_lut_structure/symmetry_ib_lut_structure.srcs/constrs_1/new/sym_lut_struct.xdc:1126]
WARNING: [Vivado 12-508] No pins matched 'system_clock/clock_domain_i/clk_wiz_0/inst/mmcme4_adv_inst/CLKOUT0'. [/home/s1820419/LDPC_MinorResearch/GeneratedDecoders/204.33.486/RTL/symmetry_ib_lut_structure/symmetry_ib_lut_structure.srcs/constrs_1/new/sym_lut_struct.xdc:1127]
WARNING: [Vivado 12-508] No pins matched 'system_clock/clock_domain_i/clk_wiz_0/inst/mmcme4_adv_inst/CLKOUT0'. [/home/s1820419/LDPC_MinorResearch/GeneratedDecoders/204.33.486/RTL/symmetry_ib_lut_structure/symmetry_ib_lut_structure.srcs/constrs_1/new/sym_lut_struct.xdc:1128]
WARNING: [Vivado 12-508] No pins matched 'system_clock/clock_domain_i/clk_wiz_0/inst/mmcme4_adv_inst/CLKOUT0'. [/home/s1820419/LDPC_MinorResearch/GeneratedDecoders/204.33.486/RTL/symmetry_ib_lut_structure/symmetry_ib_lut_structure.srcs/constrs_1/new/sym_lut_struct.xdc:1129]
WARNING: [Vivado 12-508] No pins matched 'system_clock/clock_domain_i/clk_wiz_0/inst/mmcme4_adv_inst/CLKOUT0'. [/home/s1820419/LDPC_MinorResearch/GeneratedDecoders/204.33.486/RTL/symmetry_ib_lut_structure/symmetry_ib_lut_structure.srcs/constrs_1/new/sym_lut_struct.xdc:1130]
WARNING: [Vivado 12-508] No pins matched 'system_clock/clock_domain_i/clk_wiz_0/inst/mmcme4_adv_inst/CLKOUT0'. [/home/s1820419/LDPC_MinorResearch/GeneratedDecoders/204.33.486/RTL/symmetry_ib_lut_structure/symmetry_ib_lut_structure.srcs/constrs_1/new/sym_lut_struct.xdc:1131]
WARNING: [Vivado 12-508] No pins matched 'system_clock/clock_domain_i/clk_wiz_0/inst/mmcme4_adv_inst/CLKOUT0'. [/home/s1820419/LDPC_MinorResearch/GeneratedDecoders/204.33.486/RTL/symmetry_ib_lut_structure/symmetry_ib_lut_structure.srcs/constrs_1/new/sym_lut_struct.xdc:1132]
WARNING: [Vivado 12-508] No pins matched 'system_clock/clock_domain_i/clk_wiz_0/inst/mmcme4_adv_inst/CLKOUT1'. [/home/s1820419/LDPC_MinorResearch/GeneratedDecoders/204.33.486/RTL/symmetry_ib_lut_structure/symmetry_ib_lut_structure.srcs/constrs_1/new/sym_lut_struct.xdc:1133]
WARNING: [Vivado 12-508] No pins matched 'system_clock/clock_domain_i/clk_wiz_0/inst/mmcme4_adv_inst/CLKOUT1'. [/home/s1820419/LDPC_MinorResearch/GeneratedDecoders/204.33.486/RTL/symmetry_ib_lut_structure/symmetry_ib_lut_structure.srcs/constrs_1/new/sym_lut_struct.xdc:1134]
WARNING: [Vivado 12-508] No pins matched 'system_clock/clock_domain_i/clk_wiz_0/inst/mmcme4_adv_inst/CLKOUT1'. [/home/s1820419/LDPC_MinorResearch/GeneratedDecoders/204.33.486/RTL/symmetry_ib_lut_structure/symmetry_ib_lut_structure.srcs/constrs_1/new/sym_lut_struct.xdc:1135]
WARNING: [Vivado 12-508] No pins matched 'system_clock/clock_domain_i/clk_wiz_0/inst/mmcme4_adv_inst/CLKOUT1'. [/home/s1820419/LDPC_MinorResearch/GeneratedDecoders/204.33.486/RTL/symmetry_ib_lut_structure/symmetry_ib_lut_structure.srcs/constrs_1/new/sym_lut_struct.xdc:1136]
WARNING: [Vivado 12-508] No pins matched 'system_clock/clock_domain_i/clk_wiz_0/inst/mmcme4_adv_inst/CLKOUT1'. [/home/s1820419/LDPC_MinorResearch/GeneratedDecoders/204.33.486/RTL/symmetry_ib_lut_structure/symmetry_ib_lut_structure.srcs/constrs_1/new/sym_lut_struct.xdc:1137]
WARNING: [Vivado 12-508] No pins matched 'system_clock/clock_domain_i/clk_wiz_0/inst/mmcme4_adv_inst/CLKOUT1'. [/home/s1820419/LDPC_MinorResearch/GeneratedDecoders/204.33.486/RTL/symmetry_ib_lut_structure/symmetry_ib_lut_structure.srcs/constrs_1/new/sym_lut_struct.xdc:1138]
WARNING: [Vivado 12-508] No pins matched 'system_clock/clock_domain_i/clk_wiz_0/inst/mmcme4_adv_inst/CLKOUT1'. [/home/s1820419/LDPC_MinorResearch/GeneratedDecoders/204.33.486/RTL/symmetry_ib_lut_structure/symmetry_ib_lut_structure.srcs/constrs_1/new/sym_lut_struct.xdc:1139]
WARNING: [Vivado 12-508] No pins matched 'system_clock/clock_domain_i/clk_wiz_0/inst/mmcme4_adv_inst/CLKOUT1'. [/home/s1820419/LDPC_MinorResearch/GeneratedDecoders/204.33.486/RTL/symmetry_ib_lut_structure/symmetry_ib_lut_structure.srcs/constrs_1/new/sym_lut_struct.xdc:1140]
WARNING: [Vivado 12-508] No pins matched 'system_clock/clock_domain_i/clk_wiz_0/inst/mmcme4_adv_inst/CLKOUT1'. [/home/s1820419/LDPC_MinorResearch/GeneratedDecoders/204.33.486/RTL/symmetry_ib_lut_structure/symmetry_ib_lut_structure.srcs/constrs_1/new/sym_lut_struct.xdc:1141]
WARNING: [Vivado 12-508] No pins matched 'system_clock/clock_domain_i/clk_wiz_0/inst/mmcme4_adv_inst/CLKOUT1'. [/home/s1820419/LDPC_MinorResearch/GeneratedDecoders/204.33.486/RTL/symmetry_ib_lut_structure/symmetry_ib_lut_structure.srcs/constrs_1/new/sym_lut_struct.xdc:1142]
Finished Parsing XDC File [/home/s1820419/LDPC_MinorResearch/GeneratedDecoders/204.33.486/RTL/symmetry_ib_lut_structure/symmetry_ib_lut_structure.srcs/constrs_1/new/sym_lut_struct.xdc]
WARNING: [Project 1-498] One or more constraints failed evaluation while reading constraint file [/home/s1820419/LDPC_MinorResearch/GeneratedDecoders/204.33.486/RTL/symmetry_ib_lut_structure/symmetry_ib_lut_structure.srcs/constrs_1/new/sym_lut_struct.xdc] and the design contains unresolved black boxes. These constraints will be read post-synthesis (as long as their source constraint file is marked as used_in_implementation) and should be applied correctly then. You should review the constraints listed in the file [.Xil/vn_top_propImpl.xdc] and check the run log file to verify that these constraints were correctly applied.
INFO: [Project 1-236] Implementation specific constraints were found while reading constraint file [/home/s1820419/LDPC_MinorResearch/GeneratedDecoders/204.33.486/RTL/symmetry_ib_lut_structure/symmetry_ib_lut_structure.srcs/constrs_1/new/sym_lut_struct.xdc]. These constraints will be ignored for synthesis but will be used in implementation. Impacted constraints are listed in the file [.Xil/vn_top_propImpl.xdc].
Resolution: To avoid this warning, move constraints listed in [.Xil/vn_top_propImpl.xdc] to another XDC file and exclude this new file from synthesis with the used_in_synthesis property (File Properties dialog in GUI) and re-run elaboration/synthesis.
Parsing XDC File [/home/s1820419/LDPC_MinorResearch/GeneratedDecoders/204.33.486/RTL/symmetry_ib_lut_structure/symmetry_ib_lut_structure.srcs/constrs_1/new/vn.xdc]
WARNING: [Vivado 12-508] No pins matched 'system_clock/clock_domain_i/clk_wiz_0/inst/mmcme4_adv_inst/CLKOUT0'. [/home/s1820419/LDPC_MinorResearch/GeneratedDecoders/204.33.486/RTL/symmetry_ib_lut_structure/symmetry_ib_lut_structure.srcs/constrs_1/new/vn.xdc:1122]
WARNING: [Vivado 12-508] No pins matched 'system_clock/clock_domain_i/clk_wiz_0/inst/mmcme4_adv_inst/CLKOUT0'. [/home/s1820419/LDPC_MinorResearch/GeneratedDecoders/204.33.486/RTL/symmetry_ib_lut_structure/symmetry_ib_lut_structure.srcs/constrs_1/new/vn.xdc:1123]
WARNING: [Vivado 12-508] No pins matched 'system_clock/clock_domain_i/clk_wiz_0/inst/mmcme4_adv_inst/CLKOUT0'. [/home/s1820419/LDPC_MinorResearch/GeneratedDecoders/204.33.486/RTL/symmetry_ib_lut_structure/symmetry_ib_lut_structure.srcs/constrs_1/new/vn.xdc:1124]
WARNING: [Vivado 12-508] No pins matched 'system_clock/clock_domain_i/clk_wiz_0/inst/mmcme4_adv_inst/CLKOUT0'. [/home/s1820419/LDPC_MinorResearch/GeneratedDecoders/204.33.486/RTL/symmetry_ib_lut_structure/symmetry_ib_lut_structure.srcs/constrs_1/new/vn.xdc:1125]
WARNING: [Vivado 12-508] No pins matched 'system_clock/clock_domain_i/clk_wiz_0/inst/mmcme4_adv_inst/CLKOUT0'. [/home/s1820419/LDPC_MinorResearch/GeneratedDecoders/204.33.486/RTL/symmetry_ib_lut_structure/symmetry_ib_lut_structure.srcs/constrs_1/new/vn.xdc:1126]
WARNING: [Vivado 12-508] No pins matched 'system_clock/clock_domain_i/clk_wiz_0/inst/mmcme4_adv_inst/CLKOUT0'. [/home/s1820419/LDPC_MinorResearch/GeneratedDecoders/204.33.486/RTL/symmetry_ib_lut_structure/symmetry_ib_lut_structure.srcs/constrs_1/new/vn.xdc:1127]
WARNING: [Vivado 12-508] No pins matched 'system_clock/clock_domain_i/clk_wiz_0/inst/mmcme4_adv_inst/CLKOUT0'. [/home/s1820419/LDPC_MinorResearch/GeneratedDecoders/204.33.486/RTL/symmetry_ib_lut_structure/symmetry_ib_lut_structure.srcs/constrs_1/new/vn.xdc:1128]
WARNING: [Vivado 12-508] No pins matched 'system_clock/clock_domain_i/clk_wiz_0/inst/mmcme4_adv_inst/CLKOUT0'. [/home/s1820419/LDPC_MinorResearch/GeneratedDecoders/204.33.486/RTL/symmetry_ib_lut_structure/symmetry_ib_lut_structure.srcs/constrs_1/new/vn.xdc:1129]
WARNING: [Vivado 12-508] No pins matched 'system_clock/clock_domain_i/clk_wiz_0/inst/mmcme4_adv_inst/CLKOUT0'. [/home/s1820419/LDPC_MinorResearch/GeneratedDecoders/204.33.486/RTL/symmetry_ib_lut_structure/symmetry_ib_lut_structure.srcs/constrs_1/new/vn.xdc:1130]
WARNING: [Vivado 12-508] No pins matched 'system_clock/clock_domain_i/clk_wiz_0/inst/mmcme4_adv_inst/CLKOUT0'. [/home/s1820419/LDPC_MinorResearch/GeneratedDecoders/204.33.486/RTL/symmetry_ib_lut_structure/symmetry_ib_lut_structure.srcs/constrs_1/new/vn.xdc:1131]
WARNING: [Vivado 12-508] No pins matched 'system_clock/clock_domain_i/clk_wiz_0/inst/mmcme4_adv_inst/CLKOUT0'. [/home/s1820419/LDPC_MinorResearch/GeneratedDecoders/204.33.486/RTL/symmetry_ib_lut_structure/symmetry_ib_lut_structure.srcs/constrs_1/new/vn.xdc:1132]
WARNING: [Vivado 12-508] No pins matched 'system_clock/clock_domain_i/clk_wiz_0/inst/mmcme4_adv_inst/CLKOUT1'. [/home/s1820419/LDPC_MinorResearch/GeneratedDecoders/204.33.486/RTL/symmetry_ib_lut_structure/symmetry_ib_lut_structure.srcs/constrs_1/new/vn.xdc:1133]
WARNING: [Vivado 12-508] No pins matched 'system_clock/clock_domain_i/clk_wiz_0/inst/mmcme4_adv_inst/CLKOUT1'. [/home/s1820419/LDPC_MinorResearch/GeneratedDecoders/204.33.486/RTL/symmetry_ib_lut_structure/symmetry_ib_lut_structure.srcs/constrs_1/new/vn.xdc:1134]
WARNING: [Vivado 12-508] No pins matched 'system_clock/clock_domain_i/clk_wiz_0/inst/mmcme4_adv_inst/CLKOUT1'. [/home/s1820419/LDPC_MinorResearch/GeneratedDecoders/204.33.486/RTL/symmetry_ib_lut_structure/symmetry_ib_lut_structure.srcs/constrs_1/new/vn.xdc:1135]
WARNING: [Vivado 12-508] No pins matched 'system_clock/clock_domain_i/clk_wiz_0/inst/mmcme4_adv_inst/CLKOUT1'. [/home/s1820419/LDPC_MinorResearch/GeneratedDecoders/204.33.486/RTL/symmetry_ib_lut_structure/symmetry_ib_lut_structure.srcs/constrs_1/new/vn.xdc:1136]
WARNING: [Vivado 12-508] No pins matched 'system_clock/clock_domain_i/clk_wiz_0/inst/mmcme4_adv_inst/CLKOUT1'. [/home/s1820419/LDPC_MinorResearch/GeneratedDecoders/204.33.486/RTL/symmetry_ib_lut_structure/symmetry_ib_lut_structure.srcs/constrs_1/new/vn.xdc:1137]
WARNING: [Vivado 12-508] No pins matched 'system_clock/clock_domain_i/clk_wiz_0/inst/mmcme4_adv_inst/CLKOUT1'. [/home/s1820419/LDPC_MinorResearch/GeneratedDecoders/204.33.486/RTL/symmetry_ib_lut_structure/symmetry_ib_lut_structure.srcs/constrs_1/new/vn.xdc:1138]
WARNING: [Vivado 12-508] No pins matched 'system_clock/clock_domain_i/clk_wiz_0/inst/mmcme4_adv_inst/CLKOUT1'. [/home/s1820419/LDPC_MinorResearch/GeneratedDecoders/204.33.486/RTL/symmetry_ib_lut_structure/symmetry_ib_lut_structure.srcs/constrs_1/new/vn.xdc:1139]
WARNING: [Vivado 12-508] No pins matched 'system_clock/clock_domain_i/clk_wiz_0/inst/mmcme4_adv_inst/CLKOUT1'. [/home/s1820419/LDPC_MinorResearch/GeneratedDecoders/204.33.486/RTL/symmetry_ib_lut_structure/symmetry_ib_lut_structure.srcs/constrs_1/new/vn.xdc:1140]
WARNING: [Vivado 12-508] No pins matched 'system_clock/clock_domain_i/clk_wiz_0/inst/mmcme4_adv_inst/CLKOUT1'. [/home/s1820419/LDPC_MinorResearch/GeneratedDecoders/204.33.486/RTL/symmetry_ib_lut_structure/symmetry_ib_lut_structure.srcs/constrs_1/new/vn.xdc:1141]
WARNING: [Vivado 12-508] No pins matched 'system_clock/clock_domain_i/clk_wiz_0/inst/mmcme4_adv_inst/CLKOUT1'. [/home/s1820419/LDPC_MinorResearch/GeneratedDecoders/204.33.486/RTL/symmetry_ib_lut_structure/symmetry_ib_lut_structure.srcs/constrs_1/new/vn.xdc:1142]
Finished Parsing XDC File [/home/s1820419/LDPC_MinorResearch/GeneratedDecoders/204.33.486/RTL/symmetry_ib_lut_structure/symmetry_ib_lut_structure.srcs/constrs_1/new/vn.xdc]
WARNING: [Project 1-498] One or more constraints failed evaluation while reading constraint file [/home/s1820419/LDPC_MinorResearch/GeneratedDecoders/204.33.486/RTL/symmetry_ib_lut_structure/symmetry_ib_lut_structure.srcs/constrs_1/new/vn.xdc] and the design contains unresolved black boxes. These constraints will be read post-synthesis (as long as their source constraint file is marked as used_in_implementation) and should be applied correctly then. You should review the constraints listed in the file [.Xil/vn_top_propImpl.xdc] and check the run log file to verify that these constraints were correctly applied.
INFO: [Project 1-236] Implementation specific constraints were found while reading constraint file [/home/s1820419/LDPC_MinorResearch/GeneratedDecoders/204.33.486/RTL/symmetry_ib_lut_structure/symmetry_ib_lut_structure.srcs/constrs_1/new/vn.xdc]. These constraints will be ignored for synthesis but will be used in implementation. Impacted constraints are listed in the file [.Xil/vn_top_propImpl.xdc].
Resolution: To avoid this warning, move constraints listed in [.Xil/vn_top_propImpl.xdc] to another XDC file and exclude this new file from synthesis with the used_in_synthesis property (File Properties dialog in GUI) and re-run elaboration/synthesis.
Parsing XDC File [/home/s1820419/LDPC_MinorResearch/GeneratedDecoders/204.33.486/RTL/symmetry_ib_lut_structure/symmetry_ib_lut_structure.runs/VN/dont_touch.xdc]
Finished Parsing XDC File [/home/s1820419/LDPC_MinorResearch/GeneratedDecoders/204.33.486/RTL/symmetry_ib_lut_structure/symmetry_ib_lut_structure.runs/VN/dont_touch.xdc]
Completed Processing XDC Constraints

Netlist sorting complete. Time (s): cpu = 00:00:00 ; elapsed = 00:00:00 . Memory (MB): peak = 2750.238 ; gain = 0.000 ; free physical = 3230 ; free virtual = 114935
INFO: [Project 1-111] Unisim Transformation Summary:
  A total of 48 instances were transformed.
  RAM128X1D => RAM128X1D (MUXF7(x2), RAMD64E(x4)): 48 instances

Constraint Validation Runtime : Time (s): cpu = 00:00:00 ; elapsed = 00:00:00 . Memory (MB): peak = 2750.238 ; gain = 0.000 ; free physical = 3230 ; free virtual = 114935
---------------------------------------------------------------------------------
Finished Constraint Validation : Time (s): cpu = 00:00:18 ; elapsed = 00:00:24 . Memory (MB): peak = 2750.238 ; gain = 236.387 ; free physical = 3374 ; free virtual = 115080
---------------------------------------------------------------------------------
---------------------------------------------------------------------------------
Start Loading Part and Timing Information
---------------------------------------------------------------------------------
Loading part: xczu7ev-ffvc1156-2-e
INFO: [Synth 8-6742] Reading net delay rules and data
---------------------------------------------------------------------------------
Finished Loading Part and Timing Information : Time (s): cpu = 00:00:18 ; elapsed = 00:00:24 . Memory (MB): peak = 2750.238 ; gain = 236.387 ; free physical = 3374 ; free virtual = 115080
---------------------------------------------------------------------------------
---------------------------------------------------------------------------------
Start Applying 'set_property' XDC Constraints
---------------------------------------------------------------------------------
Applied set_property IO_BUFFER_TYPE = NONE for CLK_300_N. (constraint file  /home/s1820419/LDPC_MinorResearch/GeneratedDecoders/204.33.486/RTL/symmetry_ib_lut_structure/symmetry_ib_lut_structure.srcs/sources_1/bd/clock_domain/ip/clock_domain_clk_wiz_0_0/clock_domain_clk_wiz_0_0/clock_domain_clk_wiz_0_0_in_context.xdc, line 4).
Applied set_property CLOCK_BUFFER_TYPE = NONE for CLK_300_N. (constraint file  /home/s1820419/LDPC_MinorResearch/GeneratedDecoders/204.33.486/RTL/symmetry_ib_lut_structure/symmetry_ib_lut_structure.srcs/sources_1/bd/clock_domain/ip/clock_domain_clk_wiz_0_0/clock_domain_clk_wiz_0_0/clock_domain_clk_wiz_0_0_in_context.xdc, line 5).
Applied set_property IO_BUFFER_TYPE = NONE for CLK_300_P. (constraint file  /home/s1820419/LDPC_MinorResearch/GeneratedDecoders/204.33.486/RTL/symmetry_ib_lut_structure/symmetry_ib_lut_structure.srcs/sources_1/bd/clock_domain/ip/clock_domain_clk_wiz_0_0/clock_domain_clk_wiz_0_0/clock_domain_clk_wiz_0_0_in_context.xdc, line 6).
Applied set_property CLOCK_BUFFER_TYPE = NONE for CLK_300_P. (constraint file  /home/s1820419/LDPC_MinorResearch/GeneratedDecoders/204.33.486/RTL/symmetry_ib_lut_structure/symmetry_ib_lut_structure.srcs/sources_1/bd/clock_domain/ip/clock_domain_clk_wiz_0_0/clock_domain_clk_wiz_0_0/clock_domain_clk_wiz_0_0_in_context.xdc, line 7).
Applied set_property DONT_TOUCH = true for system_clock/clock_domain_i. (constraint file  auto generated constraint, line ).
Applied set_property DONT_TOUCH = true for system_clock/clock_domain_i/clk_wiz_0. (constraint file  auto generated constraint, line ).
---------------------------------------------------------------------------------
Finished applying 'set_property' XDC Constraints : Time (s): cpu = 00:00:18 ; elapsed = 00:00:24 . Memory (MB): peak = 2750.238 ; gain = 236.387 ; free physical = 3374 ; free virtual = 115080
---------------------------------------------------------------------------------
---------------------------------------------------------------------------------
Finished RTL Optimization Phase 2 : Time (s): cpu = 00:00:18 ; elapsed = 00:00:25 . Memory (MB): peak = 2750.238 ; gain = 236.387 ; free physical = 3367 ; free virtual = 115073
---------------------------------------------------------------------------------

Report RTL Partitions: 
+-+--------------+------------+----------+
| |RTL Partition |Replication |Instances |
+-+--------------+------------+----------+
+-+--------------+------------+----------+
---------------------------------------------------------------------------------
Start RTL Component Statistics 
---------------------------------------------------------------------------------
Detailed RTL Component Info : 
+---XORs : 
	   2 Input      1 Bit         XORs := 32    
+---Registers : 
	                4 Bit    Registers := 24    
	                3 Bit    Registers := 12    
	                1 Bit    Registers := 30    
+---Muxes : 
	   2 Input      7 Bit        Muxes := 12    
	   2 Input      4 Bit        Muxes := 28    
	   2 Input      3 Bit        Muxes := 4     
---------------------------------------------------------------------------------
Finished RTL Component Statistics 
---------------------------------------------------------------------------------
---------------------------------------------------------------------------------
Start RTL Hierarchical Component Statistics 
---------------------------------------------------------------------------------
Hierarchical RTL Component report 
Module sym_vn_lut 
Detailed RTL Component Info : 
+---Muxes : 
	   2 Input      7 Bit        Muxes := 2     
Module sym_vn_rank 
Detailed RTL Component Info : 
+---Muxes : 
	   2 Input      4 Bit        Muxes := 4     
Module sym_vn_lut_in 
Detailed RTL Component Info : 
+---Registers : 
	                4 Bit    Registers := 8     
	                3 Bit    Registers := 4     
	                1 Bit    Registers := 10    
+---Muxes : 
	   2 Input      4 Bit        Muxes := 4     
	   2 Input      3 Bit        Muxes := 4     
Module sym_vn_lut_internal 
Detailed RTL Component Info : 
+---XORs : 
	   2 Input      1 Bit         XORs := 16    
+---Registers : 
	                4 Bit    Registers := 8     
	                3 Bit    Registers := 4     
	                1 Bit    Registers := 10    
+---Muxes : 
	   2 Input      4 Bit        Muxes := 4     
Module sym_vn_lut_out 
Detailed RTL Component Info : 
+---XORs : 
	   2 Input      1 Bit         XORs := 16    
+---Registers : 
	                4 Bit    Registers := 8     
	                3 Bit    Registers := 4     
	                1 Bit    Registers := 10    
+---Muxes : 
	   2 Input      4 Bit        Muxes := 8     
---------------------------------------------------------------------------------
Finished RTL Hierarchical Component Statistics
---------------------------------------------------------------------------------
---------------------------------------------------------------------------------
Start Part Resource Summary
---------------------------------------------------------------------------------
Part Resources:
DSPs: 1728 (col length:144)
BRAMs: 624 (col length: RAMB18 144 RAMB36 72)
---------------------------------------------------------------------------------
Finished Part Resource Summary
---------------------------------------------------------------------------------
---------------------------------------------------------------------------------
Start Cross Boundary and Area Optimization
---------------------------------------------------------------------------------
Warning: Parallel synthesis criteria is not met 
INFO: [Synth 8-4471] merging register 'm0/msb_pipe0_B_reg' into 'm0/msb_pipe0_A_reg' [/home/s1820419/LDPC_MinorResearch/GeneratedDecoders/204.33.486/RTL/symmetry_ib_lut_structure/symmetry_ib_lut_structure.srcs/sources_1/new/sym_vn_lut_in.v:98]
INFO: [Synth 8-4471] merging register 'm0/msb_pipe1_B_reg' into 'm0/msb_pipe1_A_reg' [/home/s1820419/LDPC_MinorResearch/GeneratedDecoders/204.33.486/RTL/symmetry_ib_lut_structure/symmetry_ib_lut_structure.srcs/sources_1/new/sym_vn_lut_in.v:161]
INFO: [Synth 8-4471] merging register 'm0/msb_pipe0_C_reg' into 'm0/msb_pipe0_A_reg' [/home/s1820419/LDPC_MinorResearch/GeneratedDecoders/204.33.486/RTL/symmetry_ib_lut_structure/symmetry_ib_lut_structure.srcs/sources_1/new/sym_vn_lut_in.v:99]
INFO: [Synth 8-4471] merging register 'm0/msb_pipe1_C_reg' into 'm0/msb_pipe1_A_reg' [/home/s1820419/LDPC_MinorResearch/GeneratedDecoders/204.33.486/RTL/symmetry_ib_lut_structure/symmetry_ib_lut_structure.srcs/sources_1/new/sym_vn_lut_in.v:162]
INFO: [Synth 8-4471] merging register 'm0/msb_pipe0_D_reg' into 'm0/msb_pipe0_A_reg' [/home/s1820419/LDPC_MinorResearch/GeneratedDecoders/204.33.486/RTL/symmetry_ib_lut_structure/symmetry_ib_lut_structure.srcs/sources_1/new/sym_vn_lut_in.v:100]
INFO: [Synth 8-4471] merging register 'm0/msb_pipe1_D_reg' into 'm0/msb_pipe1_A_reg' [/home/s1820419/LDPC_MinorResearch/GeneratedDecoders/204.33.486/RTL/symmetry_ib_lut_structure/symmetry_ib_lut_structure.srcs/sources_1/new/sym_vn_lut_in.v:163]
WARNING: [Synth 8-3936] Found unconnected internal register 'm0/y1_pipe0_D_reg' and it is trimmed from '4' to '1' bits. [/home/s1820419/LDPC_MinorResearch/GeneratedDecoders/204.33.486/RTL/symmetry_ib_lut_structure/symmetry_ib_lut_structure.srcs/sources_1/new/sym_vn_lut_in.v:94]
WARNING: [Synth 8-3936] Found unconnected internal register 'm1/y1_pipe0_D_reg' and it is trimmed from '4' to '1' bits. [/home/s1820419/LDPC_MinorResearch/GeneratedDecoders/204.33.486/RTL/symmetry_ib_lut_structure/symmetry_ib_lut_structure.srcs/sources_1/new/sym_vn_lut_internal.v:106]
WARNING: [Synth 8-3936] Found unconnected internal register 'm2/y1_pipe0_D_reg' and it is trimmed from '4' to '1' bits. [/home/s1820419/LDPC_MinorResearch/GeneratedDecoders/204.33.486/RTL/symmetry_ib_lut_structure/symmetry_ib_lut_structure.srcs/sources_1/new/sym_vn_lut_out.v:102]
INFO: [Synth 8-3333] propagating constant 0 across sequential element (\m2/read_addr_offset_pipe0_reg )
INFO: [Synth 8-3333] propagating constant 0 across sequential element (\m2/read_addr_offset_pipe1_reg )
INFO: [Synth 8-3886] merging instance 'm0/y1_pipe0_C_reg[1]' (FD) to 'm0/y1_pipe0_A_reg[1]'
INFO: [Synth 8-3886] merging instance 'm0/y1_pipe0_C_reg[2]' (FD) to 'm0/y1_pipe0_A_reg[2]'
INFO: [Synth 8-3886] merging instance 'm0/y1_pipe0_C_reg[3]' (FD) to 'm0/y1_pipe0_A_reg[3]'
INFO: [Synth 8-3886] merging instance 'm0/y0_pipe0_C_reg[0]' (FD) to 'm0/y0_pipe0_A_reg[0]'
INFO: [Synth 8-3886] merging instance 'm0/y0_pipe0_C_reg[1]' (FD) to 'm0/y0_pipe0_A_reg[1]'
INFO: [Synth 8-3886] merging instance 'm0/y0_pipe0_C_reg[2]' (FD) to 'm0/y0_pipe0_A_reg[2]'
INFO: [Synth 8-3886] merging instance 'm0/y1_pipe0_A_reg[1]' (FD) to 'm0/y1_pipe0_B_reg[1]'
INFO: [Synth 8-3886] merging instance 'm0/y1_pipe0_A_reg[2]' (FD) to 'm0/y1_pipe0_B_reg[2]'
INFO: [Synth 8-3886] merging instance 'm0/y1_pipe0_A_reg[3]' (FD) to 'm0/y1_pipe0_B_reg[3]'
INFO: [Synth 8-3886] merging instance 'm0/y0_pipe0_A_reg[0]' (FD) to 'm0/y0_pipe0_B_reg[0]'
INFO: [Synth 8-3886] merging instance 'm0/y0_pipe0_A_reg[1]' (FD) to 'm0/y0_pipe0_B_reg[1]'
INFO: [Synth 8-3886] merging instance 'm0/y0_pipe0_A_reg[2]' (FD) to 'm0/y0_pipe0_B_reg[2]'
INFO: [Synth 8-3886] merging instance 'm0/y1_pipe0_C_reg[0]' (FD) to 'm0/y1_pipe0_B_reg[0]'
INFO: [Synth 8-3886] merging instance 'm0/y1_pipe0_B_reg[0]' (FD) to 'm0/y1_pipe0_A_reg[0]'
---------------------------------------------------------------------------------
Finished Cross Boundary and Area Optimization : Time (s): cpu = 00:00:19 ; elapsed = 00:00:25 . Memory (MB): peak = 2750.238 ; gain = 236.387 ; free physical = 3354 ; free virtual = 115063
---------------------------------------------------------------------------------

Report RTL Partitions: 
+-+--------------+------------+----------+
| |RTL Partition |Replication |Instances |
+-+--------------+------------+----------+
+-+--------------+------------+----------+
---------------------------------------------------------------------------------
Start Applying XDC Timing Constraints
---------------------------------------------------------------------------------
---------------------------------------------------------------------------------
Finished Applying XDC Timing Constraints : Time (s): cpu = 00:00:49 ; elapsed = 00:01:20 . Memory (MB): peak = 3200.855 ; gain = 687.004 ; free physical = 2658 ; free virtual = 114388
---------------------------------------------------------------------------------
---------------------------------------------------------------------------------
Start Timing Optimization
---------------------------------------------------------------------------------
---------------------------------------------------------------------------------
Finished Timing Optimization : Time (s): cpu = 00:00:49 ; elapsed = 00:01:20 . Memory (MB): peak = 3211.879 ; gain = 698.027 ; free physical = 2656 ; free virtual = 114386
---------------------------------------------------------------------------------

Report RTL Partitions: 
+-+--------------+------------+----------+
| |RTL Partition |Replication |Instances |
+-+--------------+------------+----------+
+-+--------------+------------+----------+
---------------------------------------------------------------------------------
Start Technology Mapping
---------------------------------------------------------------------------------
---------------------------------------------------------------------------------
Finished Technology Mapping : Time (s): cpu = 00:00:49 ; elapsed = 00:01:20 . Memory (MB): peak = 3211.879 ; gain = 698.027 ; free physical = 2656 ; free virtual = 114386
---------------------------------------------------------------------------------

Report RTL Partitions: 
+-+--------------+------------+----------+
| |RTL Partition |Replication |Instances |
+-+--------------+------------+----------+
+-+--------------+------------+----------+
---------------------------------------------------------------------------------
Start IO Insertion
---------------------------------------------------------------------------------
---------------------------------------------------------------------------------
Start Flattening Before IO Insertion
---------------------------------------------------------------------------------
---------------------------------------------------------------------------------
Finished Flattening Before IO Insertion
---------------------------------------------------------------------------------
---------------------------------------------------------------------------------
Start Final Netlist Cleanup
---------------------------------------------------------------------------------
---------------------------------------------------------------------------------
Finished Final Netlist Cleanup
---------------------------------------------------------------------------------
---------------------------------------------------------------------------------
Finished IO Insertion : Time (s): cpu = 00:00:53 ; elapsed = 00:01:24 . Memory (MB): peak = 3225.754 ; gain = 711.902 ; free physical = 2655 ; free virtual = 114385
---------------------------------------------------------------------------------
---------------------------------------------------------------------------------
Start Renaming Generated Instances
---------------------------------------------------------------------------------
---------------------------------------------------------------------------------
Finished Renaming Generated Instances : Time (s): cpu = 00:00:53 ; elapsed = 00:01:24 . Memory (MB): peak = 3225.754 ; gain = 711.902 ; free physical = 2655 ; free virtual = 114385
---------------------------------------------------------------------------------

Report RTL Partitions: 
+-+--------------+------------+----------+
| |RTL Partition |Replication |Instances |
+-+--------------+------------+----------+
+-+--------------+------------+----------+

Report Check Netlist: 
+------+------------------+-------+---------+-------+------------------+
|      |Item              |Errors |Warnings |Status |Description       |
+------+------------------+-------+---------+-------+------------------+
|1     |multi_driven_nets |      0|        0|Passed |Multi driven nets |
+------+------------------+-------+---------+-------+------------------+
---------------------------------------------------------------------------------
Start Rebuilding User Hierarchy
---------------------------------------------------------------------------------
---------------------------------------------------------------------------------
Finished Rebuilding User Hierarchy : Time (s): cpu = 00:00:53 ; elapsed = 00:01:24 . Memory (MB): peak = 3225.754 ; gain = 711.902 ; free physical = 2655 ; free virtual = 114385
---------------------------------------------------------------------------------
---------------------------------------------------------------------------------
Start Renaming Generated Ports
---------------------------------------------------------------------------------
---------------------------------------------------------------------------------
Finished Renaming Generated Ports : Time (s): cpu = 00:00:53 ; elapsed = 00:01:24 . Memory (MB): peak = 3225.754 ; gain = 711.902 ; free physical = 2655 ; free virtual = 114385
---------------------------------------------------------------------------------
---------------------------------------------------------------------------------
Start Handling Custom Attributes
---------------------------------------------------------------------------------
---------------------------------------------------------------------------------
Finished Handling Custom Attributes : Time (s): cpu = 00:00:53 ; elapsed = 00:01:24 . Memory (MB): peak = 3225.754 ; gain = 711.902 ; free physical = 2655 ; free virtual = 114385
---------------------------------------------------------------------------------
---------------------------------------------------------------------------------
Start Renaming Generated Nets
---------------------------------------------------------------------------------
---------------------------------------------------------------------------------
Finished Renaming Generated Nets : Time (s): cpu = 00:00:53 ; elapsed = 00:01:24 . Memory (MB): peak = 3225.754 ; gain = 711.902 ; free physical = 2655 ; free virtual = 114385
---------------------------------------------------------------------------------
---------------------------------------------------------------------------------
Start Writing Synthesis Report
---------------------------------------------------------------------------------

Report BlackBoxes: 
+------+-------------------------+----------+
|      |BlackBox name            |Instances |
+------+-------------------------+----------+
|1     |clock_domain_clk_wiz_0_0 |         1|
+------+-------------------------+----------+

Report Cell Usage: 
+------+-------------------------+------+
|      |Cell                     |Count |
+------+-------------------------+------+
|1     |clock_domain_clk_wiz_0_0 |     1|
|2     |BUFG                     |     2|
|3     |LUT1                     |     1|
|4     |LUT2                     |    40|
|5     |LUT3                     |    92|
|6     |RAM128X1D                |    48|
|7     |FDRE                     |   102|
|8     |IBUF                     |    34|
|9     |OBUF                     |    13|
+------+-------------------------+------+

Report Instance Areas: 
+------+-------------------+---------------------+------+
|      |Instance           |Module               |Cells |
+------+-------------------+---------------------+------+
|1     |top                |                     |   335|
|2     |  m0               |sym_vn_lut_in        |    65|
|3     |    rank_m         |sym_vn_rank_4        |    35|
|4     |      bank0        |sym_vn_lut_5         |     8|
|5     |      bank1        |sym_vn_lut_6         |    15|
|6     |  m1               |sym_vn_lut_internal  |   102|
|7     |    rank_m         |sym_vn_rank_1        |    41|
|8     |      bank0        |sym_vn_lut_2         |    20|
|9     |      bank1        |sym_vn_lut_3         |     9|
|10    |  m2               |sym_vn_lut_out       |   113|
|11    |    rank_m         |sym_vn_rank          |    41|
|12    |      bank0        |sym_vn_lut           |    20|
|13    |      bank1        |sym_vn_lut_0         |     9|
|14    |  system_clock     |clock_domain_wrapper |     6|
|15    |    clock_domain_i |clock_domain         |     3|
+------+-------------------+---------------------+------+
---------------------------------------------------------------------------------
Finished Writing Synthesis Report : Time (s): cpu = 00:00:53 ; elapsed = 00:01:24 . Memory (MB): peak = 3225.754 ; gain = 711.902 ; free physical = 2655 ; free virtual = 114385
---------------------------------------------------------------------------------
Synthesis finished with 0 errors, 0 critical warnings and 3 warnings.
Synthesis Optimization Runtime : Time (s): cpu = 00:00:45 ; elapsed = 00:01:12 . Memory (MB): peak = 3225.754 ; gain = 537.184 ; free physical = 2697 ; free virtual = 114427
Synthesis Optimization Complete : Time (s): cpu = 00:00:53 ; elapsed = 00:01:24 . Memory (MB): peak = 3225.762 ; gain = 711.902 ; free physical = 2697 ; free virtual = 114427
INFO: [Project 1-571] Translating synthesized netlist
Netlist sorting complete. Time (s): cpu = 00:00:00 ; elapsed = 00:00:00 . Memory (MB): peak = 3231.691 ; gain = 0.000 ; free physical = 2778 ; free virtual = 114508
INFO: [Netlist 29-17] Analyzing 84 Unisim elements for replacement
INFO: [Netlist 29-28] Unisim Transformation completed in 3 CPU seconds
INFO: [Project 1-570] Preparing netlist for logic optimization
INFO: [Opt 31-138] Pushed 0 inverter(s) to 0 load pin(s).
Netlist sorting complete. Time (s): cpu = 00:00:00 ; elapsed = 00:00:00 . Memory (MB): peak = 3291.426 ; gain = 0.000 ; free physical = 2712 ; free virtual = 114442
INFO: [Project 1-111] Unisim Transformation Summary:
  A total of 84 instances were transformed.
  BUFG => BUFGCE: 2 instances
  IBUF => IBUF (IBUFCTRL, INBUF): 34 instances
  RAM128X1D => RAM128X1D (MUXF7(x2), RAMD64E(x4)): 48 instances

INFO: [Common 17-83] Releasing license: Synthesis
61 Infos, 56 Warnings, 0 Critical Warnings and 0 Errors encountered.
synth_design completed successfully
synth_design: Time (s): cpu = 00:01:09 ; elapsed = 00:01:45 . Memory (MB): peak = 3291.426 ; gain = 1769.344 ; free physical = 2842 ; free virtual = 114572
Netlist sorting complete. Time (s): cpu = 00:00:00 ; elapsed = 00:00:00 . Memory (MB): peak = 3291.426 ; gain = 0.000 ; free physical = 2842 ; free virtual = 114572
WARNING: [Constraints 18-5210] No constraints selected for write.
Resolution: This message can indicate that there are no constraints for the design, or it can indicate that the used_in flags are set such that the constraints are ignored. This later case is used when running synth_design to not write synthesis constraints to the resulting checkpoint. Instead, project constraints are read when the synthesized design is opened.
INFO: [Common 17-1381] The checkpoint '/home/s1820419/LDPC_MinorResearch/GeneratedDecoders/204.33.486/RTL/symmetry_ib_lut_structure/symmetry_ib_lut_structure.runs/VN/vn_top.dcp' has been generated.
INFO: [runtcl-4] Executing : report_utilization -file vn_top_utilization_synth.rpt -pb vn_top_utilization_synth.pb
INFO: [Common 17-206] Exiting Vivado at Tue Aug  4 01:39:52 2020...
